<?xml version="1.0" encoding="UTF-8"?>
<?mso-application progid="Excel.Sheet"?><Workbook xmlns="urn:schemas-microsoft-com:office:spreadsheet" xmlns:c="urn:schemas-microsoft-com:office:component:spreadsheet" xmlns:html="http://www.w3.org/TR/REC-html40" xmlns:o="urn:schemas-microsoft-com:office:office" xmlns:ss="urn:schemas-microsoft-com:office:spreadsheet" xmlns:x2="http://schemas.microsoft.com/office/excel/2003/xml" xmlns:x="urn:schemas-microsoft-com:office:excel" xmlns:xsi="http://www.w3.org/2001/XMLSchema-instance"><OfficeDocumentSettings xmlns="urn:schemas-microsoft-com:office:office"><Colors><Color><Index>3</Index><RGB>#c0c0c0</RGB></Color><Color><Index>4</Index><RGB>#ff0000</RGB></Color></Colors></OfficeDocumentSettings><ExcelWorkbook xmlns="urn:schemas-microsoft-com:office:excel"><WindowHeight>9000</WindowHeight><WindowWidth>13860</WindowWidth><WindowTopX>240</WindowTopX><WindowTopY>75</WindowTopY><ProtectStructure>False</ProtectStructure><ProtectWindows>False</ProtectWindows></ExcelWorkbook><Styles><Style ss:ID="Default" ss:Name="Default"/><Style ss:ID="Result" ss:Name="Result"><Font ss:Bold="1" ss:Italic="1" ss:Underline="Single"/></Style><Style ss:ID="Result2" ss:Name="Result2"><Font ss:Bold="1" ss:Italic="1" ss:Underline="Single"/><NumberFormat ss:Format="Currency"/></Style><Style ss:ID="Heading" ss:Name="Heading"><Font ss:Bold="1" ss:Italic="1" ss:Size="16"/></Style><Style ss:ID="Heading1" ss:Name="Heading1"><Font ss:Bold="1" ss:Italic="1" ss:Size="16"/></Style><Style ss:ID="co1"/><Style ss:ID="co2"/><Style ss:ID="co3"/><Style ss:ID="co4"/><Style ss:ID="ta1"/><Style ss:ID="ce1"/><Style ss:ID="ce2"><Alignment ss:Horizontal="Center" ss:Vertical="Center" ss:Indent="0"/><Borders><Border ss:Position="Bottom" ss:LineStyle="Continuous" ss:Weight="1" ss:Color="#000000"/><Border ss:Position="Left" ss:LineStyle="Continuous" ss:Weight="1" ss:Color="#000000"/><Border ss:Position="Right" ss:LineStyle="Continuous" ss:Weight="1" ss:Color="#000000"/><Border ss:Position="Top" ss:LineStyle="Continuous" ss:Weight="1" ss:Color="#000000"/></Borders></Style><Style ss:ID="ce3"><Alignment ss:Horizontal="Center" ss:Vertical="Center"/><Borders><Border ss:Position="Bottom" ss:LineStyle="Continuous" ss:Weight="1" ss:Color="#000000"/><Border ss:Position="Left" ss:LineStyle="Continuous" ss:Weight="1" ss:Color="#000000"/><Border ss:Position="Right" ss:LineStyle="Continuous" ss:Weight="1" ss:Color="#000000"/><Border ss:Position="Top" ss:LineStyle="Continuous" ss:Weight="1" ss:Color="#000000"/></Borders></Style><Style ss:ID="ce4"><Borders><Border ss:Position="Bottom" ss:LineStyle="Continuous" ss:Weight="1" ss:Color="#000000"/><Border ss:Position="Left" ss:LineStyle="Continuous" ss:Weight="1" ss:Color="#000000"/><Border ss:Position="Right" ss:LineStyle="Continuous" ss:Weight="1" ss:Color="#000000"/><Border ss:Position="Top" ss:LineStyle="Continuous" ss:Weight="1" ss:Color="#000000"/></Borders></Style><Style ss:ID="ce5"><Alignment ss:Horizontal="Left" ss:Vertical="Center" ss:Indent="0"/><Borders><Border ss:Position="Bottom" ss:LineStyle="Continuous" ss:Weight="1" ss:Color="#000000"/><Border ss:Position="Left" ss:LineStyle="Continuous" ss:Weight="1" ss:Color="#000000"/><Border ss:Position="Right" ss:LineStyle="Continuous" ss:Weight="1" ss:Color="#000000"/><Border ss:Position="Top" ss:LineStyle="Continuous" ss:Weight="1" ss:Color="#000000"/></Borders></Style><Style ss:ID="ce6"><Borders><Border ss:Position="Bottom" ss:LineStyle="Continuous" ss:Weight="1" ss:Color="#000000"/><Border ss:Position="Left" ss:LineStyle="Continuous" ss:Weight="1" ss:Color="#000000"/><Border ss:Position="Right" ss:LineStyle="Continuous" ss:Weight="1" ss:Color="#000000"/><Border ss:Position="Top" ss:LineStyle="Continuous" ss:Weight="1" ss:Color="#000000"/></Borders></Style></Styles><ss:Worksheet ss:Name="Sheet1"><Table ss:StyleID="ta1"><Column ss:Width="64.008"/><Column ss:Width="93.3984"/><Column ss:Width="384.66"/><Column ss:Width="413.2656"/><Column ss:Span="1019" ss:Width="64.008"/><Row ss:Height="17.3448"><Cell ss:Index="1024" ss:StyleID="ce1"/></Row><Row ss:Index="3" ss:AutoFitHeight="0" ss:Height="38.808"><Cell ss:Index="2" ss:StyleID="ce2"><Data ss:Type="Number">1</Data></Cell><Cell ss:MergeAcross="1" ss:StyleID="ce5"><Data ss:Type="String">Создание заявки с главной страницы</Data></Cell><Cell ss:Index="1024" ss:StyleID="ce1"/></Row><Row ss:Height="17.3448"><Cell ss:Index="2" ss:MergeDown="2" ss:StyleID="ce3"><Data ss:Type="String">Шаг 1</Data></Cell><Cell ss:StyleID="ce6"><Data ss:Type="String">заполнить поля валидными значениями</Data></Cell><Cell ss:StyleID="ce6"><Data ss:Type="String">Ок</Data></Cell><Cell ss:StyleID="ce1"><Data ss:Type="String">Ок означает, что все хорошо и мы увидели ожидаемое сообщение</Data></Cell><Cell ss:Index="1024" ss:StyleID="ce1"/></Row><Row ss:Height="17.3448"><Cell ss:Index="2" ss:StyleID="ce4"/><Cell ss:StyleID="ce4"/><Cell ss:Index="1023" ss:StyleID="ce1"/></Row><Row ss:Height="17.3448"><Cell ss:Index="2" ss:StyleID="ce4"/><Cell ss:StyleID="ce4"/><Cell ss:Index="1023" ss:StyleID="ce1"/></Row><Row ss:Height="17.3448"><Cell ss:Index="2" ss:MergeDown="2" ss:StyleID="ce3"><Data ss:Type="String">Шаг 2</Data></Cell><Cell ss:StyleID="ce6"><Data ss:Type="String">действия</Data></Cell><Cell ss:StyleID="ce6"><Data ss:Type="String">ожидаемый результат</Data></Cell><Cell ss:Index="1024" ss:StyleID="ce1"/></Row><Row ss:Index="8" ss:Height="17.3448"><Cell ss:Index="2" ss:StyleID="ce4"/><Cell ss:StyleID="ce4"/><Cell ss:Index="1023" ss:StyleID="ce1"/></Row><Row ss:Height="17.3448"><Cell ss:Index="2" ss:StyleID="ce4"/><Cell ss:StyleID="ce4"/><Cell ss:Index="1023" ss:StyleID="ce1"/></Row><Row ss:Height="17.3448"><Cell ss:Index="2" ss:MergeDown="2" ss:StyleID="ce3"><Data ss:Type="String">Шаг 3</Data></Cell><Cell ss:StyleID="ce6"><Data ss:Type="String">действия</Data></Cell><Cell ss:StyleID="ce6"><Data ss:Type="String">ожидаемый результат</Data></Cell><Cell ss:Index="1024" ss:StyleID="ce1"/></Row><Row ss:Height="17.3448"><Cell ss:Index="2" ss:StyleID="ce4"/><Cell ss:StyleID="ce4"/><Cell ss:Index="1023" ss:StyleID="ce1"/></Row><Row ss:Height="17.3448"><Cell ss:Index="2" ss:StyleID="ce4"/><Cell ss:StyleID="ce4"/><Cell ss:Index="1023" ss:StyleID="ce1"/></Row><Row ss:Height="17.3448"><Cell ss:Index="2" ss:MergeDown="2" ss:StyleID="ce3"><Data ss:Type="String">Шаг 4</Data></Cell><Cell ss:StyleID="ce6"><Data ss:Type="String">действия</Data></Cell><Cell ss:StyleID="ce6"><Data ss:Type="String">ожидаемый результат</Data></Cell><Cell ss:Index="1024" ss:StyleID="ce1"/></Row><Row ss:Index="14" ss:Height="17.3448"><Cell ss:Index="2" ss:StyleID="ce4"/><Cell ss:StyleID="ce4"/><Cell ss:Index="1023" ss:StyleID="ce1"/></Row><Row ss:Height="17.3448"><Cell ss:Index="2" ss:StyleID="ce4"/><Cell ss:StyleID="ce4"/><Cell ss:Index="1023" ss:StyleID="ce1"/></Row><Row ss:Height="17.3448"><Cell ss:Index="2" ss:MergeDown="2" ss:StyleID="ce3"><Data ss:Type="String">Шаг 5</Data></Cell><Cell ss:StyleID="ce6"><Data ss:Type="String">действия</Data></Cell><Cell ss:StyleID="ce6"><Data ss:Type="String">ожидаемый результат</Data></Cell><Cell ss:Index="1024" ss:StyleID="ce1"/></Row><Row ss:Height="17.3448"><Cell ss:Index="2" ss:StyleID="ce4"/><Cell ss:StyleID="ce4"/><Cell ss:Index="1023" ss:StyleID="ce1"/></Row><Row ss:Height="17.3448"><Cell ss:Index="2" ss:StyleID="ce4"/><Cell ss:StyleID="ce4"/><Cell ss:Index="1023" ss:StyleID="ce1"/></Row><Row ss:Height="17.3448"><Cell ss:Index="1024" ss:StyleID="ce1"/></Row><Row ss:Index="21" ss:Height="17.3448"><Cell ss:Index="2" ss:StyleID="ce1"><Data ss:Type="Number">1</Data></Cell><Cell ss:StyleID="ce1"><Data ss:Type="String">заполнить поля валидными значениями</Data></Cell><Cell ss:StyleID="ce1"><Data ss:Type="String">Ок</Data></Cell><Cell ss:Index="1024" ss:StyleID="ce1"/></Row><Row ss:Height="17.3448"><Cell ss:Index="2" ss:StyleID="ce1"><Data ss:Type="Number">2</Data></Cell><Cell ss:StyleID="ce1"><Data ss:Type="String">зайти админом</Data></Cell><Cell ss:StyleID="ce1"><Data ss:Type="String">Заявка должна появиться в разделе Заявки админки.</Data></Cell><Cell ss:Index="1024" ss:StyleID="ce1"/></Row><Row ss:Height="17.3448"><Cell ss:Index="2" ss:StyleID="ce1"><Data ss:Type="Number">3</Data></Cell><Cell ss:StyleID="ce1"><Data ss:Type="String">принять заявку</Data></Cell><Cell ss:StyleID="ce1"><Data ss:Type="String">Заявка перешла из раздела заявки в раздел Мероприятия.</Data></Cell><Cell ss:Index="1024" ss:StyleID="ce1"/></Row><Row ss:Height="17.3448"><Cell ss:Index="2" ss:StyleID="ce1"><Data ss:Type="Number">4</Data></Cell><Cell ss:StyleID="ce1"><Data ss:Type="String">На главной странице должно  появиться мероприятие</Data></Cell><Cell ss:Index="1024" ss:StyleID="ce1"/></Row><Row ss:Height="17.3448"><Cell ss:Index="2" ss:StyleID="ce1"><Data ss:Type="Number">5</Data></Cell><Cell ss:StyleID="ce1"><Data ss:Type="String">удалить мероприятие</Data></Cell><Cell ss:StyleID="ce1"><Data ss:Type="String">Мероприятие исчезло из списка на главной странице</Data></Cell><Cell ss:Index="1024" ss:StyleID="ce1"/></Row><Row ss:Height="17.3448"><Cell ss:Index="1024" ss:StyleID="ce1"/></Row><Row ss:Height="17.3448"><Cell ss:Index="1024" ss:StyleID="ce1"/></Row><Row ss:Height="17.3448"><Cell ss:Index="1024" ss:StyleID="ce1"/></Row><Row ss:Height="17.3448"><Cell ss:Index="1024" ss:StyleID="ce1"/></Row><Row ss:Height="17.3448"><Cell ss:Index="1024" ss:StyleID="ce1"/></Row><Row ss:Height="17.3448"><Cell ss:Index="1024" ss:StyleID="ce1"/></Row><Row ss:Height="17.3448"><Cell ss:Index="1024" ss:StyleID="ce1"/></Row><Row ss:Height="17.3448"><Cell ss:Index="1024" ss:StyleID="ce1"/></Row><Row ss:Height="17.3448"><Cell ss:Index="1024" ss:StyleID="ce1"/></Row><Row ss:Height="17.3448"><Cell ss:Index="1024" ss:StyleID="ce1"/></Row><Row ss:Height="17.3448"><Cell ss:Index="1024" ss:StyleID="ce1"/></Row><Row ss:Height="17.3448"><Cell ss:Index="1024" ss:StyleID="ce1"/></Row><Row ss:Height="17.3448"><Cell ss:Index="1024" ss:StyleID="ce1"/></Row><Row ss:Height="17.3448"><Cell ss:Index="1024" ss:StyleID="ce1"/></Row><Row ss:Height="17.3448"><Cell ss:Index="1024" ss:StyleID="ce1"/></Row><Row ss:Height="17.3448"><Cell ss:Index="1024" ss:StyleID="ce1"/></Row><Row ss:Height="17.3448"><Cell ss:Index="1024" ss:StyleID="ce1"/></Row><Row ss:Height="17.3448"><Cell ss:Index="1024" ss:StyleID="ce1"/></Row><Row ss:Height="17.3448"><Cell ss:Index="1024" ss:StyleID="ce1"/></Row><Row ss:Height="17.3448"><Cell ss:Index="1024" ss:StyleID="ce1"/></Row><Row ss:Height="17.3448"><Cell ss:Index="1024" ss:StyleID="ce1"/></Row><Row ss:Height="17.3448"><Cell ss:Index="1024" ss:StyleID="ce1"/></Row><Row ss:Height="17.3448"><Cell ss:Index="1024" ss:StyleID="ce1"/></Row><Row ss:Height="17.3448"><Cell ss:Index="1024" ss:StyleID="ce1"/></Row><Row ss:Height="17.3448"><Cell ss:Index="1024" ss:StyleID="ce1"/></Row><Row ss:Height="17.3448"><Cell ss:Index="1024" ss:StyleID="ce1"/></Row><Row ss:Height="17.3448"><Cell ss:Index="1024" ss:StyleID="ce1"/></Row><Row ss:Height="17.3448"><Cell ss:Index="1024" ss:StyleID="ce1"/></Row><Row ss:Height="17.3448"><Cell ss:Index="1024" ss:StyleID="ce1"/></Row><Row ss:Height="17.3448"><Cell ss:Index="1024" ss:StyleID="ce1"/></Row><Row ss:Height="17.3448"><Cell ss:Index="1024" ss:StyleID="ce1"/></Row><Row ss:Height="17.3448"><Cell ss:Index="1024" ss:StyleID="ce1"/></Row><Row ss:Height="17.3448"><Cell ss:Index="1024" ss:StyleID="ce1"/></Row><Row ss:Height="17.3448"><Cell ss:Index="1024" ss:StyleID="ce1"/></Row><Row ss:Height="17.3448"><Cell ss:Index="1024" ss:StyleID="ce1"/></Row><Row ss:Height="17.3448"><Cell ss:Index="1024" ss:StyleID="ce1"/></Row><Row ss:Height="17.3448"><Cell ss:Index="1024" ss:StyleID="ce1"/></Row><Row ss:Height="17.3448"><Cell ss:Index="1024" ss:StyleID="ce1"/></Row><Row ss:Height="17.3448"><Cell ss:Index="1024" ss:StyleID="ce1"/></Row><Row ss:Height="17.3448"><Cell ss:Index="1024" ss:StyleID="ce1"/></Row><Row ss:Height="17.3448"><Cell ss:Index="1024" ss:StyleID="ce1"/></Row><Row ss:Height="17.3448"><Cell ss:Index="1024" ss:StyleID="ce1"/></Row><Row ss:Height="17.3448"><Cell ss:Index="1024" ss:StyleID="ce1"/></Row><Row ss:Height="17.3448"><Cell ss:Index="1024" ss:StyleID="ce1"/></Row><Row ss:Height="17.3448"><Cell ss:Index="1024" ss:StyleID="ce1"/></Row><Row ss:Height="17.3448"><Cell ss:Index="1024" ss:StyleID="ce1"/></Row><Row ss:Height="17.3448"><Cell ss:Index="1024" ss:StyleID="ce1"/></Row><Row ss:Height="17.3448"><Cell ss:Index="1024" ss:StyleID="ce1"/></Row><Row ss:Height="17.3448"><Cell ss:Index="1024" ss:StyleID="ce1"/></Row><Row ss:Height="17.3448"><Cell ss:Index="1024" ss:StyleID="ce1"/></Row><Row ss:Height="17.3448"><Cell ss:Index="1024" ss:StyleID="ce1"/></Row><Row ss:Height="17.3448"><Cell ss:Index="1024" ss:StyleID="ce1"/></Row><Row ss:Height="17.3448"><Cell ss:Index="1024" ss:StyleID="ce1"/></Row><Row ss:Height="17.3448"><Cell ss:Index="1024" ss:StyleID="ce1"/></Row><Row ss:Height="17.3448"><Cell ss:Index="1024" ss:StyleID="ce1"/></Row><Row ss:Height="17.3448"><Cell ss:Index="1024" ss:StyleID="ce1"/></Row><Row ss:Height="17.3448"><Cell ss:Index="1024" ss:StyleID="ce1"/></Row><Row ss:Height="17.3448"><Cell ss:Index="1024" ss:StyleID="ce1"/></Row><Row ss:Height="17.3448"><Cell ss:Index="1024" ss:StyleID="ce1"/></Row><Row ss:Height="17.3448"><Cell ss:Index="1024" ss:StyleID="ce1"/></Row><Row ss:Height="17.3448"><Cell ss:Index="1024" ss:StyleID="ce1"/></Row><Row ss:Height="17.3448"><Cell ss:Index="1024" ss:StyleID="ce1"/></Row><Row ss:Height="17.3448"><Cell ss:Index="1024" ss:StyleID="ce1"/></Row><Row ss:Height="17.3448"><Cell ss:Index="1024" ss:StyleID="ce1"/></Row><Row ss:Height="17.3448"><Cell ss:Index="1024" ss:StyleID="ce1"/></Row><Row ss:Height="17.3448"><Cell ss:Index="1024" ss:StyleID="ce1"/></Row><Row ss:Height="17.3448"><Cell ss:Index="1024" ss:StyleID="ce1"/></Row><Row ss:Height="17.3448"><Cell ss:Index="1024" ss:StyleID="ce1"/></Row><Row ss:Height="17.3448"><Cell ss:Index="1024" ss:StyleID="ce1"/></Row><Row ss:Height="17.3448"><Cell ss:Index="1024" ss:StyleID="ce1"/></Row><Row ss:Height="17.3448"><Cell ss:Index="1024" ss:StyleID="ce1"/></Row><Row ss:Height="17.3448"><Cell ss:Index="1024" ss:StyleID="ce1"/></Row><Row ss:Height="17.3448"><Cell ss:Index="1024" ss:StyleID="ce1"/></Row><Row ss:Height="17.3448"><Cell ss:Index="1024" ss:StyleID="ce1"/></Row><Row ss:Height="17.3448"><Cell ss:Index="1024" ss:StyleID="ce1"/></Row><Row ss:Height="17.3448"><Cell ss:Index="1024" ss:StyleID="ce1"/></Row><Row ss:Height="17.3448"><Cell ss:Index="1024" ss:StyleID="ce1"/></Row><Row ss:Height="17.3448"><Cell ss:Index="1024" ss:StyleID="ce1"/></Row><Row ss:Height="17.3448"><Cell ss:Index="1024" ss:StyleID="ce1"/></Row><Row ss:Height="17.3448"><Cell ss:Index="1024" ss:StyleID="ce1"/></Row><Row ss:Height="17.3448"><Cell ss:Index="1024" ss:StyleID="ce1"/></Row><Row ss:Height="17.3448"><Cell ss:Index="1024" ss:StyleID="ce1"/></Row><Row ss:Height="17.3448"><Cell ss:Index="1024" ss:StyleID="ce1"/></Row><Row ss:Height="17.3448"><Cell ss:Index="1024" ss:StyleID="ce1"/></Row><Row ss:Height="17.3448"><Cell ss:Index="1024" ss:StyleID="ce1"/></Row><Row ss:Height="17.3448"><Cell ss:Index="1024" ss:StyleID="ce1"/></Row><Row ss:Height="17.3448"><Cell ss:Index="1024" ss:StyleID="ce1"/></Row><Row ss:Height="17.3448"><Cell ss:Index="1024" ss:StyleID="ce1"/></Row><Row ss:Height="17.3448"><Cell ss:Index="1024" ss:StyleID="ce1"/></Row><Row ss:Height="17.3448"><Cell ss:Index="1024" ss:StyleID="ce1"/></Row><Row ss:Height="17.3448"><Cell ss:Index="1024" ss:StyleID="ce1"/></Row><Row ss:Height="17.3448"><Cell ss:Index="1024" ss:StyleID="ce1"/></Row><Row ss:Height="17.3448"><Cell ss:Index="1024" ss:StyleID="ce1"/></Row><Row ss:Height="17.3448"><Cell ss:Index="1024" ss:StyleID="ce1"/></Row><Row ss:Height="17.3448"><Cell ss:Index="1024" ss:StyleID="ce1"/></Row><Row ss:Height="17.3448"><Cell ss:Index="1024" ss:StyleID="ce1"/></Row><Row ss:Height="17.3448"><Cell ss:Index="1024" ss:StyleID="ce1"/></Row><Row ss:Height="17.3448"><Cell ss:Index="1024" ss:StyleID="ce1"/></Row><Row ss:Height="17.3448"><Cell ss:Index="1024" ss:StyleID="ce1"/></Row><Row ss:Height="17.3448"><Cell ss:Index="1024" ss:StyleID="ce1"/></Row><Row ss:Height="17.3448"><Cell ss:Index="1024" ss:StyleID="ce1"/></Row><Row ss:Height="17.3448"><Cell ss:Index="1024" ss:StyleID="ce1"/></Row><Row ss:Height="17.3448"><Cell ss:Index="1024" ss:StyleID="ce1"/></Row><Row ss:Height="17.3448"><Cell ss:Index="1024" ss:StyleID="ce1"/></Row><Row ss:Height="17.3448"><Cell ss:Index="1024" ss:StyleID="ce1"/></Row><Row ss:Height="17.3448"><Cell ss:Index="1024" ss:StyleID="ce1"/></Row><Row ss:Height="17.3448"><Cell ss:Index="1024" ss:StyleID="ce1"/></Row><Row ss:Height="17.3448"><Cell ss:Index="1024" ss:StyleID="ce1"/></Row><Row ss:Height="17.3448"><Cell ss:Index="1024" ss:StyleID="ce1"/></Row><Row ss:Height="17.3448"><Cell ss:Index="1024" ss:StyleID="ce1"/></Row><Row ss:Height="17.3448"><Cell ss:Index="1024" ss:StyleID="ce1"/></Row><Row ss:Height="17.3448"><Cell ss:Index="1024" ss:StyleID="ce1"/></Row><Row ss:Height="17.3448"><Cell ss:Index="1024" ss:StyleID="ce1"/></Row><Row ss:Height="17.3448"><Cell ss:Index="1024" ss:StyleID="ce1"/></Row><Row ss:Height="17.3448"><Cell ss:Index="1024" ss:StyleID="ce1"/></Row><Row ss:Height="17.3448"><Cell ss:Index="1024" ss:StyleID="ce1"/></Row><Row ss:Height="17.3448"><Cell ss:Index="1024" ss:StyleID="ce1"/></Row><Row ss:Height="17.3448"><Cell ss:Index="1024" ss:StyleID="ce1"/></Row><Row ss:Height="17.3448"><Cell ss:Index="1024" ss:StyleID="ce1"/></Row><Row ss:Height="17.3448"><Cell ss:Index="1024" ss:StyleID="ce1"/></Row><Row ss:Height="17.3448"><Cell ss:Index="1024" ss:StyleID="ce1"/></Row><Row ss:Height="17.3448"><Cell ss:Index="1024" ss:StyleID="ce1"/></Row><Row ss:Height="17.3448"><Cell ss:Index="1024" ss:StyleID="ce1"/></Row><Row ss:Height="17.3448"><Cell ss:Index="1024" ss:StyleID="ce1"/></Row><Row ss:Height="17.3448"><Cell ss:Index="1024" ss:StyleID="ce1"/></Row><Row ss:Height="17.3448"><Cell ss:Index="1024" ss:StyleID="ce1"/></Row><Row ss:Height="17.3448"><Cell ss:Index="1024" ss:StyleID="ce1"/></Row><Row ss:Height="17.3448"><Cell ss:Index="1024" ss:StyleID="ce1"/></Row><Row ss:Height="17.3448"><Cell ss:Index="1024" ss:StyleID="ce1"/></Row><Row ss:Height="17.3448"><Cell ss:Index="1024" ss:StyleID="ce1"/></Row><Row ss:Height="17.3448"><Cell ss:Index="1024" ss:StyleID="ce1"/></Row><Row ss:Height="17.3448"><Cell ss:Index="1024" ss:StyleID="ce1"/></Row><Row ss:Height="17.3448"><Cell ss:Index="1024" ss:StyleID="ce1"/></Row><Row ss:Height="17.3448"><Cell ss:Index="1024" ss:StyleID="ce1"/></Row><Row ss:Height="17.3448"><Cell ss:Index="1024" ss:StyleID="ce1"/></Row><Row ss:Height="17.3448"><Cell ss:Index="1024" ss:StyleID="ce1"/></Row><Row ss:Height="17.3448"><Cell ss:Index="1024" ss:StyleID="ce1"/></Row><Row ss:Height="17.3448"><Cell ss:Index="1024" ss:StyleID="ce1"/></Row><Row ss:Height="17.3448"><Cell ss:Index="1024" ss:StyleID="ce1"/></Row><Row ss:Height="17.3448"><Cell ss:Index="1024" ss:StyleID="ce1"/></Row><Row ss:Height="17.3448"><Cell ss:Index="1024" ss:StyleID="ce1"/></Row><Row ss:Height="17.3448"><Cell ss:Index="1024" ss:StyleID="ce1"/></Row><Row ss:Height="17.3448"><Cell ss:Index="1024" ss:StyleID="ce1"/></Row><Row ss:Height="17.3448"><Cell ss:Index="1024" ss:StyleID="ce1"/></Row><Row ss:Height="17.3448"><Cell ss:Index="1024" ss:StyleID="ce1"/></Row><Row ss:Height="17.3448"><Cell ss:Index="1024" ss:StyleID="ce1"/></Row><Row ss:Height="17.3448"><Cell ss:Index="1024" ss:StyleID="ce1"/></Row><Row ss:Height="17.3448"><Cell ss:Index="1024" ss:StyleID="ce1"/></Row><Row ss:Height="17.3448"><Cell ss:Index="1024" ss:StyleID="ce1"/></Row><Row ss:Height="17.3448"><Cell ss:Index="1024" ss:StyleID="ce1"/></Row><Row ss:Height="17.3448"><Cell ss:Index="1024" ss:StyleID="ce1"/></Row><Row ss:Height="17.3448"><Cell ss:Index="1024" ss:StyleID="ce1"/></Row><Row ss:Height="17.3448"><Cell ss:Index="1024" ss:StyleID="ce1"/></Row><Row ss:Height="17.3448"><Cell ss:Index="1024" ss:StyleID="ce1"/></Row><Row ss:Height="17.3448"><Cell ss:Index="1024" ss:StyleID="ce1"/></Row><Row ss:Height="17.3448"><Cell ss:Index="1024" ss:StyleID="ce1"/></Row><Row ss:Height="17.3448"><Cell ss:Index="1024" ss:StyleID="ce1"/></Row><Row ss:Height="17.3448"><Cell ss:Index="1024" ss:StyleID="ce1"/></Row><Row ss:Height="17.3448"><Cell ss:Index="1024" ss:StyleID="ce1"/></Row><Row ss:Height="17.3448"><Cell ss:Index="1024" ss:StyleID="ce1"/></Row><Row ss:Height="17.3448"><Cell ss:Index="1024" ss:StyleID="ce1"/></Row><Row ss:Height="17.3448"><Cell ss:Index="1024" ss:StyleID="ce1"/></Row><Row ss:Height="17.3448"><Cell ss:Index="1024" ss:StyleID="ce1"/></Row><Row ss:Height="17.3448"><Cell ss:Index="1024" ss:StyleID="ce1"/></Row><Row ss:Height="17.3448"><Cell ss:Index="1024" ss:StyleID="ce1"/></Row><Row ss:Height="17.3448"><Cell ss:Index="1024" ss:StyleID="ce1"/></Row><Row ss:Height="17.3448"><Cell ss:Index="1024" ss:StyleID="ce1"/></Row><Row ss:Height="17.3448"><Cell ss:Index="1024" ss:StyleID="ce1"/></Row><Row ss:Height="17.3448"><Cell ss:Index="1024" ss:StyleID="ce1"/></Row><Row ss:Height="17.3448"><Cell ss:Index="1024" ss:StyleID="ce1"/></Row><Row ss:Height="17.3448"><Cell ss:Index="1024" ss:StyleID="ce1"/></Row><Row ss:Height="17.3448"><Cell ss:Index="1024" ss:StyleID="ce1"/></Row><Row ss:Height="17.3448"><Cell ss:Index="1024" ss:StyleID="ce1"/></Row><Row ss:Height="17.3448"><Cell ss:Index="1024" ss:StyleID="ce1"/></Row><Row ss:Height="17.3448"><Cell ss:Index="1024" ss:StyleID="ce1"/></Row><Row ss:Height="17.3448"><Cell ss:Index="1024" ss:StyleID="ce1"/></Row><Row ss:Height="17.3448"><Cell ss:Index="1024" ss:StyleID="ce1"/></Row><Row ss:Height="17.3448"><Cell ss:Index="1024" ss:StyleID="ce1"/></Row><Row ss:Height="17.3448"><Cell ss:Index="1024" ss:StyleID="ce1"/></Row><Row ss:Height="17.3448"><Cell ss:Index="1024" ss:StyleID="ce1"/></Row><Row ss:Height="17.3448"><Cell ss:Index="1024" ss:StyleID="ce1"/></Row><Row ss:Height="17.3448"><Cell ss:Index="1024" ss:StyleID="ce1"/></Row><Row ss:Height="17.3448"><Cell ss:Index="1024" ss:StyleID="ce1"/></Row><Row ss:Height="17.3448"><Cell ss:Index="1024" ss:StyleID="ce1"/></Row><Row ss:Height="17.3448"><Cell ss:Index="1024" ss:StyleID="ce1"/></Row><Row ss:Height="17.3448"><Cell ss:Index="1024" ss:StyleID="ce1"/></Row><Row ss:Height="17.3448"><Cell ss:Index="1024" ss:StyleID="ce1"/></Row><Row ss:Height="17.3448"><Cell ss:Index="1024" ss:StyleID="ce1"/></Row><Row ss:Height="17.3448"><Cell ss:Index="1024" ss:StyleID="ce1"/></Row><Row ss:Height="17.3448"><Cell ss:Index="1024" ss:StyleID="ce1"/></Row><Row ss:Height="17.3448"><Cell ss:Index="1024" ss:StyleID="ce1"/></Row><Row ss:Height="17.3448"><Cell ss:Index="1024" ss:StyleID="ce1"/></Row><Row ss:Height="17.3448"><Cell ss:Index="1024" ss:StyleID="ce1"/></Row><Row ss:Height="17.3448"><Cell ss:Index="1024" ss:StyleID="ce1"/></Row><Row ss:Height="17.3448"><Cell ss:Index="1024" ss:StyleID="ce1"/></Row><Row ss:Height="17.3448"><Cell ss:Index="1024" ss:StyleID="ce1"/></Row><Row ss:Height="17.3448"><Cell ss:Index="1024" ss:StyleID="ce1"/></Row><Row ss:Height="17.3448"><Cell ss:Index="1024" ss:StyleID="ce1"/></Row><Row ss:Height="17.3448"><Cell ss:Index="1024" ss:StyleID="ce1"/></Row><Row ss:Height="17.3448"><Cell ss:Index="1024" ss:StyleID="ce1"/></Row><Row ss:Height="17.3448"><Cell ss:Index="1024" ss:StyleID="ce1"/></Row><Row ss:Height="17.3448"><Cell ss:Index="1024" ss:StyleID="ce1"/></Row><Row ss:Height="17.3448"><Cell ss:Index="1024" ss:StyleID="ce1"/></Row><Row ss:Height="17.3448"><Cell ss:Index="1024" ss:StyleID="ce1"/></Row><Row ss:Height="17.3448"><Cell ss:Index="1024" ss:StyleID="ce1"/></Row><Row ss:Height="17.3448"><Cell ss:Index="1024" ss:StyleID="ce1"/></Row><Row ss:Height="17.3448"><Cell ss:Index="1024" ss:StyleID="ce1"/></Row><Row ss:Height="17.3448"><Cell ss:Index="1024" ss:StyleID="ce1"/></Row><Row ss:Height="17.3448"><Cell ss:Index="1024" ss:StyleID="ce1"/></Row><Row ss:Height="17.3448"><Cell ss:Index="1024" ss:StyleID="ce1"/></Row><Row ss:Height="17.3448"><Cell ss:Index="1024" ss:StyleID="ce1"/></Row><Row ss:Height="17.3448"><Cell ss:Index="1024" ss:StyleID="ce1"/></Row><Row ss:Height="17.3448"><Cell ss:Index="1024" ss:StyleID="ce1"/></Row><Row ss:Height="17.3448"><Cell ss:Index="1024" ss:StyleID="ce1"/></Row><Row ss:Height="17.3448"><Cell ss:Index="1024" ss:StyleID="ce1"/></Row><Row ss:Height="17.3448"><Cell ss:Index="1024" ss:StyleID="ce1"/></Row><Row ss:Height="17.3448"><Cell ss:Index="1024" ss:StyleID="ce1"/></Row><Row ss:Height="17.3448"><Cell ss:Index="1024" ss:StyleID="ce1"/></Row><Row ss:Height="17.3448"><Cell ss:Index="1024" ss:StyleID="ce1"/></Row><Row ss:Height="17.3448"><Cell ss:Index="1024" ss:StyleID="ce1"/></Row><Row ss:Height="17.3448"><Cell ss:Index="1024" ss:StyleID="ce1"/></Row><Row ss:Height="17.3448"><Cell ss:Index="1024" ss:StyleID="ce1"/></Row><Row ss:Height="17.3448"><Cell ss:Index="1024" ss:StyleID="ce1"/></Row><Row ss:Height="17.3448"><Cell ss:Index="1024" ss:StyleID="ce1"/></Row><Row ss:Height="17.3448"><Cell ss:Index="1024" ss:StyleID="ce1"/></Row><Row ss:Height="17.3448"><Cell ss:Index="1024" ss:StyleID="ce1"/></Row><Row ss:Height="17.3448"><Cell ss:Index="1024" ss:StyleID="ce1"/></Row><Row ss:Height="17.3448"><Cell ss:Index="1024" ss:StyleID="ce1"/></Row><Row ss:Height="17.3448"><Cell ss:Index="1024" ss:StyleID="ce1"/></Row><Row ss:Height="17.3448"><Cell ss:Index="1024" ss:StyleID="ce1"/></Row><Row ss:Height="17.3448"><Cell ss:Index="1024" ss:StyleID="ce1"/></Row><Row ss:Height="17.3448"><Cell ss:Index="1024" ss:StyleID="ce1"/></Row><Row ss:Height="17.3448"><Cell ss:Index="1024" ss:StyleID="ce1"/></Row><Row ss:Height="17.3448"><Cell ss:Index="1024" ss:StyleID="ce1"/></Row><Row ss:Height="17.3448"><Cell ss:Index="1024" ss:StyleID="ce1"/></Row><Row ss:Height="17.3448"><Cell ss:Index="1024" ss:StyleID="ce1"/></Row><Row ss:Height="17.3448"><Cell ss:Index="1024" ss:StyleID="ce1"/></Row><Row ss:Height="17.3448"><Cell ss:Index="1024" ss:StyleID="ce1"/></Row><Row ss:Height="17.3448"><Cell ss:Index="1024" ss:StyleID="ce1"/></Row><Row ss:Height="17.3448"><Cell ss:Index="1024" ss:StyleID="ce1"/></Row><Row ss:Height="17.3448"><Cell ss:Index="1024" ss:StyleID="ce1"/></Row><Row ss:Height="17.3448"><Cell ss:Index="1024" ss:StyleID="ce1"/></Row><Row ss:Height="17.3448"><Cell ss:Index="1024" ss:StyleID="ce1"/></Row><Row ss:Height="17.3448"><Cell ss:Index="1024" ss:StyleID="ce1"/></Row><Row ss:Height="17.3448"><Cell ss:Index="1024" ss:StyleID="ce1"/></Row><Row ss:Height="17.3448"><Cell ss:Index="1024" ss:StyleID="ce1"/></Row><Row ss:Height="17.3448"><Cell ss:Index="1024" ss:StyleID="ce1"/></Row><Row ss:Height="17.3448"><Cell ss:Index="1024" ss:StyleID="ce1"/></Row><Row ss:Height="17.3448"><Cell ss:Index="1024" ss:StyleID="ce1"/></Row><Row ss:Height="17.3448"><Cell ss:Index="1024" ss:StyleID="ce1"/></Row><Row ss:Height="17.3448"><Cell ss:Index="1024" ss:StyleID="ce1"/></Row><Row ss:Height="17.3448"><Cell ss:Index="1024" ss:StyleID="ce1"/></Row><Row ss:Height="17.3448"><Cell ss:Index="1024" ss:StyleID="ce1"/></Row><Row ss:Height="17.3448"><Cell ss:Index="1024" ss:StyleID="ce1"/></Row><Row ss:Height="17.3448"><Cell ss:Index="1024" ss:StyleID="ce1"/></Row><Row ss:Height="17.3448"><Cell ss:Index="1024" ss:StyleID="ce1"/></Row><Row ss:Height="17.3448"><Cell ss:Index="1024" ss:StyleID="ce1"/></Row><Row ss:Height="17.3448"><Cell ss:Index="1024" ss:StyleID="ce1"/></Row><Row ss:Height="17.3448"><Cell ss:Index="1024" ss:StyleID="ce1"/></Row><Row ss:Height="17.3448"><Cell ss:Index="1024" ss:StyleID="ce1"/></Row><Row ss:Height="17.3448"><Cell ss:Index="1024" ss:StyleID="ce1"/></Row><Row ss:Height="17.3448"><Cell ss:Index="1024" ss:StyleID="ce1"/></Row><Row ss:Height="17.3448"><Cell ss:Index="1024" ss:StyleID="ce1"/></Row><Row ss:Height="17.3448"><Cell ss:Index="1024" ss:StyleID="ce1"/></Row><Row ss:Height="17.3448"><Cell ss:Index="1024" ss:StyleID="ce1"/></Row><Row ss:Height="17.3448"><Cell ss:Index="1024" ss:StyleID="ce1"/></Row><Row ss:Height="17.3448"><Cell ss:Index="1024" ss:StyleID="ce1"/></Row><Row ss:Height="17.3448"><Cell ss:Index="1024" ss:StyleID="ce1"/></Row><Row ss:Height="17.3448"><Cell ss:Index="1024" ss:StyleID="ce1"/></Row><Row ss:Height="17.3448"><Cell ss:Index="1024" ss:StyleID="ce1"/></Row><Row ss:Height="17.3448"><Cell ss:Index="1024" ss:StyleID="ce1"/></Row><Row ss:Height="17.3448"><Cell ss:Index="1024" ss:StyleID="ce1"/></Row><Row ss:Height="17.3448"><Cell ss:Index="1024" ss:StyleID="ce1"/></Row><Row ss:Height="17.3448"><Cell ss:Index="1024" ss:StyleID="ce1"/></Row><Row ss:Height="17.3448"><Cell ss:Index="1024" ss:StyleID="ce1"/></Row><Row ss:Height="17.3448"><Cell ss:Index="1024" ss:StyleID="ce1"/></Row><Row ss:Height="17.3448"><Cell ss:Index="1024" ss:StyleID="ce1"/></Row><Row ss:Height="17.3448"><Cell ss:Index="1024" ss:StyleID="ce1"/></Row><Row ss:Height="17.3448"><Cell ss:Index="1024" ss:StyleID="ce1"/></Row><Row ss:Height="17.3448"><Cell ss:Index="1024" ss:StyleID="ce1"/></Row><Row ss:Height="17.3448"><Cell ss:Index="1024" ss:StyleID="ce1"/></Row><Row ss:Height="17.3448"><Cell ss:Index="1024" ss:StyleID="ce1"/></Row><Row ss:Height="17.3448"><Cell ss:Index="1024" ss:StyleID="ce1"/></Row><Row ss:Height="17.3448"><Cell ss:Index="1024" ss:StyleID="ce1"/></Row><Row ss:Height="17.3448"><Cell ss:Index="1024" ss:StyleID="ce1"/></Row><Row ss:Height="17.3448"><Cell ss:Index="1024" ss:StyleID="ce1"/></Row><Row ss:Height="17.3448"><Cell ss:Index="1024" ss:StyleID="ce1"/></Row><Row ss:Height="17.3448"><Cell ss:Index="1024" ss:StyleID="ce1"/></Row><Row ss:Height="17.3448"><Cell ss:Index="1024" ss:StyleID="ce1"/></Row><Row ss:Height="17.3448"><Cell ss:Index="1024" ss:StyleID="ce1"/></Row><Row ss:Height="17.3448"><Cell ss:Index="1024" ss:StyleID="ce1"/></Row><Row ss:Height="17.3448"><Cell ss:Index="1024" ss:StyleID="ce1"/></Row><Row ss:Height="17.3448"><Cell ss:Index="1024" ss:StyleID="ce1"/></Row><Row ss:Height="17.3448"><Cell ss:Index="1024" ss:StyleID="ce1"/></Row><Row ss:Height="17.3448"><Cell ss:Index="1024" ss:StyleID="ce1"/></Row><Row ss:Height="17.3448"><Cell ss:Index="1024" ss:StyleID="ce1"/></Row><Row ss:Height="17.3448"><Cell ss:Index="1024" ss:StyleID="ce1"/></Row><Row ss:Height="17.3448"><Cell ss:Index="1024" ss:StyleID="ce1"/></Row><Row ss:Height="17.3448"><Cell ss:Index="1024" ss:StyleID="ce1"/></Row><Row ss:Height="17.3448"><Cell ss:Index="1024" ss:StyleID="ce1"/></Row><Row ss:Height="17.3448"><Cell ss:Index="1024" ss:StyleID="ce1"/></Row><Row ss:Height="17.3448"><Cell ss:Index="1024" ss:StyleID="ce1"/></Row><Row ss:Height="17.3448"><Cell ss:Index="1024" ss:StyleID="ce1"/></Row><Row ss:Height="17.3448"><Cell ss:Index="1024" ss:StyleID="ce1"/></Row><Row ss:Height="17.3448"><Cell ss:Index="1024" ss:StyleID="ce1"/></Row><Row ss:Height="17.3448"><Cell ss:Index="1024" ss:StyleID="ce1"/></Row><Row ss:Height="17.3448"><Cell ss:Index="1024" ss:StyleID="ce1"/></Row><Row ss:Height="17.3448"><Cell ss:Index="1024" ss:StyleID="ce1"/></Row><Row ss:Height="17.3448"><Cell ss:Index="1024" ss:StyleID="ce1"/></Row><Row ss:Height="17.3448"><Cell ss:Index="1024" ss:StyleID="ce1"/></Row><Row ss:Height="17.3448"><Cell ss:Index="1024" ss:StyleID="ce1"/></Row><Row ss:Height="17.3448"><Cell ss:Index="1024" ss:StyleID="ce1"/></Row><Row ss:Height="17.3448"><Cell ss:Index="1024" ss:StyleID="ce1"/></Row><Row ss:Height="17.3448"><Cell ss:Index="1024" ss:StyleID="ce1"/></Row><Row ss:Height="17.3448"><Cell ss:Index="1024" ss:StyleID="ce1"/></Row><Row ss:Height="17.3448"><Cell ss:Index="1024" ss:StyleID="ce1"/></Row><Row ss:Height="17.3448"><Cell ss:Index="1024" ss:StyleID="ce1"/></Row><Row ss:Height="17.3448"><Cell ss:Index="1024" ss:StyleID="ce1"/></Row><Row ss:Height="17.3448"><Cell ss:Index="1024" ss:StyleID="ce1"/></Row><Row ss:Height="17.3448"><Cell ss:Index="1024" ss:StyleID="ce1"/></Row><Row ss:Height="17.3448"><Cell ss:Index="1024" ss:StyleID="ce1"/></Row><Row ss:Height="17.3448"><Cell ss:Index="1024" ss:StyleID="ce1"/></Row><Row ss:Height="17.3448"><Cell ss:Index="1024" ss:StyleID="ce1"/></Row><Row ss:Height="17.3448"><Cell ss:Index="1024" ss:StyleID="ce1"/></Row><Row ss:Height="17.3448"><Cell ss:Index="1024" ss:StyleID="ce1"/></Row><Row ss:Height="17.3448"><Cell ss:Index="1024" ss:StyleID="ce1"/></Row><Row ss:Height="17.3448"><Cell ss:Index="1024" ss:StyleID="ce1"/></Row><Row ss:Height="17.3448"><Cell ss:Index="1024" ss:StyleID="ce1"/></Row><Row ss:Height="17.3448"><Cell ss:Index="1024" ss:StyleID="ce1"/></Row><Row ss:Height="17.3448"><Cell ss:Index="1024" ss:StyleID="ce1"/></Row><Row ss:Height="17.3448"><Cell ss:Index="1024" ss:StyleID="ce1"/></Row><Row ss:Height="17.3448"><Cell ss:Index="1024" ss:StyleID="ce1"/></Row><Row ss:Height="17.3448"><Cell ss:Index="1024" ss:StyleID="ce1"/></Row><Row ss:Height="17.3448"><Cell ss:Index="1024" ss:StyleID="ce1"/></Row><Row ss:Height="17.3448"><Cell ss:Index="1024" ss:StyleID="ce1"/></Row><Row ss:Height="17.3448"><Cell ss:Index="1024" ss:StyleID="ce1"/></Row><Row ss:Height="17.3448"><Cell ss:Index="1024" ss:StyleID="ce1"/></Row><Row ss:Height="17.3448"><Cell ss:Index="1024" ss:StyleID="ce1"/></Row><Row ss:Height="17.3448"><Cell ss:Index="1024" ss:StyleID="ce1"/></Row><Row ss:Height="17.3448"><Cell ss:Index="1024" ss:StyleID="ce1"/></Row><Row ss:Height="17.3448"><Cell ss:Index="1024" ss:StyleID="ce1"/></Row><Row ss:Height="17.3448"><Cell ss:Index="1024" ss:StyleID="ce1"/></Row><Row ss:Height="17.3448"><Cell ss:Index="1024" ss:StyleID="ce1"/></Row><Row ss:Height="17.3448"><Cell ss:Index="1024" ss:StyleID="ce1"/></Row><Row ss:Height="17.3448"><Cell ss:Index="1024" ss:StyleID="ce1"/></Row><Row ss:Height="17.3448"><Cell ss:Index="1024" ss:StyleID="ce1"/></Row><Row ss:Height="17.3448"><Cell ss:Index="1024" ss:StyleID="ce1"/></Row><Row ss:Height="17.3448"><Cell ss:Index="1024" ss:StyleID="ce1"/></Row><Row ss:Height="17.3448"><Cell ss:Index="1024" ss:StyleID="ce1"/></Row><Row ss:Height="17.3448"><Cell ss:Index="1024" ss:StyleID="ce1"/></Row><Row ss:Height="17.3448"><Cell ss:Index="1024" ss:StyleID="ce1"/></Row><Row ss:Height="17.3448"><Cell ss:Index="1024" ss:StyleID="ce1"/></Row><Row ss:Height="17.3448"><Cell ss:Index="1024" ss:StyleID="ce1"/></Row><Row ss:Height="17.3448"><Cell ss:Index="1024" ss:StyleID="ce1"/></Row><Row ss:Height="17.3448"><Cell ss:Index="1024" ss:StyleID="ce1"/></Row><Row ss:Height="17.3448"><Cell ss:Index="1024" ss:StyleID="ce1"/></Row><Row ss:Height="17.3448"><Cell ss:Index="1024" ss:StyleID="ce1"/></Row><Row ss:Height="17.3448"><Cell ss:Index="1024" ss:StyleID="ce1"/></Row><Row ss:Height="17.3448"><Cell ss:Index="1024" ss:StyleID="ce1"/></Row><Row ss:Height="17.3448"><Cell ss:Index="1024" ss:StyleID="ce1"/></Row><Row ss:Height="17.3448"><Cell ss:Index="1024" ss:StyleID="ce1"/></Row><Row ss:Height="17.3448"><Cell ss:Index="1024" ss:StyleID="ce1"/></Row><Row ss:Height="17.3448"><Cell ss:Index="1024" ss:StyleID="ce1"/></Row><Row ss:Height="17.3448"><Cell ss:Index="1024" ss:StyleID="ce1"/></Row><Row ss:Height="17.3448"><Cell ss:Index="1024" ss:StyleID="ce1"/></Row><Row ss:Height="17.3448"><Cell ss:Index="1024" ss:StyleID="ce1"/></Row><Row ss:Height="17.3448"><Cell ss:Index="1024" ss:StyleID="ce1"/></Row><Row ss:Height="17.3448"><Cell ss:Index="1024" ss:StyleID="ce1"/></Row><Row ss:Height="17.3448"><Cell ss:Index="1024" ss:StyleID="ce1"/></Row><Row ss:Height="17.3448"><Cell ss:Index="1024" ss:StyleID="ce1"/></Row><Row ss:Height="17.3448"><Cell ss:Index="1024" ss:StyleID="ce1"/></Row><Row ss:Height="17.3448"><Cell ss:Index="1024" ss:StyleID="ce1"/></Row><Row ss:Height="17.3448"><Cell ss:Index="1024" ss:StyleID="ce1"/></Row><Row ss:Height="17.3448"><Cell ss:Index="1024" ss:StyleID="ce1"/></Row><Row ss:Height="17.3448"><Cell ss:Index="1024" ss:StyleID="ce1"/></Row><Row ss:Height="17.3448"><Cell ss:Index="1024" ss:StyleID="ce1"/></Row><Row ss:Height="17.3448"><Cell ss:Index="1024" ss:StyleID="ce1"/></Row><Row ss:Height="17.3448"><Cell ss:Index="1024" ss:StyleID="ce1"/></Row><Row ss:Height="17.3448"><Cell ss:Index="1024" ss:StyleID="ce1"/></Row><Row ss:Height="17.3448"><Cell ss:Index="1024" ss:StyleID="ce1"/></Row><Row ss:Height="17.3448"><Cell ss:Index="1024" ss:StyleID="ce1"/></Row><Row ss:Height="17.3448"><Cell ss:Index="1024" ss:StyleID="ce1"/></Row><Row ss:Height="17.3448"><Cell ss:Index="1024" ss:StyleID="ce1"/></Row><Row ss:Height="17.3448"><Cell ss:Index="1024" ss:StyleID="ce1"/></Row><Row ss:Height="17.3448"><Cell ss:Index="1024" ss:StyleID="ce1"/></Row><Row ss:Height="17.3448"><Cell ss:Index="1024" ss:StyleID="ce1"/></Row><Row ss:Height="17.3448"><Cell ss:Index="1024" ss:StyleID="ce1"/></Row><Row ss:Height="17.3448"><Cell ss:Index="1024" ss:StyleID="ce1"/></Row><Row ss:Height="17.3448"><Cell ss:Index="1024" ss:StyleID="ce1"/></Row><Row ss:Height="17.3448"><Cell ss:Index="1024" ss:StyleID="ce1"/></Row><Row ss:Height="17.3448"><Cell ss:Index="1024" ss:StyleID="ce1"/></Row><Row ss:Height="17.3448"><Cell ss:Index="1024" ss:StyleID="ce1"/></Row><Row ss:Height="17.3448"><Cell ss:Index="1024" ss:StyleID="ce1"/></Row><Row ss:Height="17.3448"><Cell ss:Index="1024" ss:StyleID="ce1"/></Row><Row ss:Height="17.3448"><Cell ss:Index="1024" ss:StyleID="ce1"/></Row><Row ss:Height="17.3448"><Cell ss:Index="1024" ss:StyleID="ce1"/></Row><Row ss:Height="17.3448"><Cell ss:Index="1024" ss:StyleID="ce1"/></Row><Row ss:Height="17.3448"><Cell ss:Index="1024" ss:StyleID="ce1"/></Row><Row ss:Height="17.3448"><Cell ss:Index="1024" ss:StyleID="ce1"/></Row><Row ss:Height="17.3448"><Cell ss:Index="1024" ss:StyleID="ce1"/></Row><Row ss:Height="17.3448"><Cell ss:Index="1024" ss:StyleID="ce1"/></Row><Row ss:Height="17.3448"><Cell ss:Index="1024" ss:StyleID="ce1"/></Row><Row ss:Height="17.3448"><Cell ss:Index="1024" ss:StyleID="ce1"/></Row><Row ss:Height="17.3448"><Cell ss:Index="1024" ss:StyleID="ce1"/></Row><Row ss:Height="17.3448"><Cell ss:Index="1024" ss:StyleID="ce1"/></Row><Row ss:Height="17.3448"><Cell ss:Index="1024" ss:StyleID="ce1"/></Row><Row ss:Height="17.3448"><Cell ss:Index="1024" ss:StyleID="ce1"/></Row><Row ss:Height="17.3448"><Cell ss:Index="1024" ss:StyleID="ce1"/></Row><Row ss:Height="17.3448"><Cell ss:Index="1024" ss:StyleID="ce1"/></Row><Row ss:Height="17.3448"><Cell ss:Index="1024" ss:StyleID="ce1"/></Row><Row ss:Height="17.3448"><Cell ss:Index="1024" ss:StyleID="ce1"/></Row><Row ss:Height="17.3448"><Cell ss:Index="1024" ss:StyleID="ce1"/></Row><Row ss:Height="17.3448"><Cell ss:Index="1024" ss:StyleID="ce1"/></Row><Row ss:Height="17.3448"><Cell ss:Index="1024" ss:StyleID="ce1"/></Row><Row ss:Height="17.3448"><Cell ss:Index="1024" ss:StyleID="ce1"/></Row><Row ss:Height="17.3448"><Cell ss:Index="1024" ss:StyleID="ce1"/></Row><Row ss:Height="17.3448"><Cell ss:Index="1024" ss:StyleID="ce1"/></Row><Row ss:Height="17.3448"><Cell ss:Index="1024" ss:StyleID="ce1"/></Row><Row ss:Height="17.3448"><Cell ss:Index="1024" ss:StyleID="ce1"/></Row><Row ss:Height="17.3448"><Cell ss:Index="1024" ss:StyleID="ce1"/></Row><Row ss:Height="17.3448"><Cell ss:Index="1024" ss:StyleID="ce1"/></Row><Row ss:Height="17.3448"><Cell ss:Index="1024" ss:StyleID="ce1"/></Row><Row ss:Height="17.3448"><Cell ss:Index="1024" ss:StyleID="ce1"/></Row><Row ss:Height="17.3448"><Cell ss:Index="1024" ss:StyleID="ce1"/></Row><Row ss:Height="17.3448"><Cell ss:Index="1024" ss:StyleID="ce1"/></Row><Row ss:Height="17.3448"><Cell ss:Index="1024" ss:StyleID="ce1"/></Row><Row ss:Height="17.3448"><Cell ss:Index="1024" ss:StyleID="ce1"/></Row><Row ss:Height="17.3448"><Cell ss:Index="1024" ss:StyleID="ce1"/></Row><Row ss:Height="17.3448"><Cell ss:Index="1024" ss:StyleID="ce1"/></Row><Row ss:Height="17.3448"><Cell ss:Index="1024" ss:StyleID="ce1"/></Row><Row ss:Height="17.3448"><Cell ss:Index="1024" ss:StyleID="ce1"/></Row><Row ss:Height="17.3448"><Cell ss:Index="1024" ss:StyleID="ce1"/></Row><Row ss:Height="17.3448"><Cell ss:Index="1024" ss:StyleID="ce1"/></Row><Row ss:Height="17.3448"><Cell ss:Index="1024" ss:StyleID="ce1"/></Row><Row ss:Height="17.3448"><Cell ss:Index="1024" ss:StyleID="ce1"/></Row><Row ss:Height="17.3448"><Cell ss:Index="1024" ss:StyleID="ce1"/></Row><Row ss:Height="17.3448"><Cell ss:Index="1024" ss:StyleID="ce1"/></Row><Row ss:Height="17.3448"><Cell ss:Index="1024" ss:StyleID="ce1"/></Row><Row ss:Height="17.3448"><Cell ss:Index="1024" ss:StyleID="ce1"/></Row><Row ss:Height="17.3448"><Cell ss:Index="1024" ss:StyleID="ce1"/></Row><Row ss:Height="17.3448"><Cell ss:Index="1024" ss:StyleID="ce1"/></Row><Row ss:Height="17.3448"><Cell ss:Index="1024" ss:StyleID="ce1"/></Row><Row ss:Height="17.3448"><Cell ss:Index="1024" ss:StyleID="ce1"/></Row><Row ss:Height="17.3448"><Cell ss:Index="1024" ss:StyleID="ce1"/></Row><Row ss:Height="17.3448"><Cell ss:Index="1024" ss:StyleID="ce1"/></Row><Row ss:Height="17.3448"><Cell ss:Index="1024" ss:StyleID="ce1"/></Row><Row ss:Height="17.3448"><Cell ss:Index="1024" ss:StyleID="ce1"/></Row><Row ss:Height="17.3448"><Cell ss:Index="1024" ss:StyleID="ce1"/></Row><Row ss:Height="17.3448"><Cell ss:Index="1024" ss:StyleID="ce1"/></Row><Row ss:Height="17.3448"><Cell ss:Index="1024" ss:StyleID="ce1"/></Row><Row ss:Height="17.3448"><Cell ss:Index="1024" ss:StyleID="ce1"/></Row><Row ss:Height="17.3448"><Cell ss:Index="1024" ss:StyleID="ce1"/></Row><Row ss:Height="17.3448"><Cell ss:Index="1024" ss:StyleID="ce1"/></Row><Row ss:Height="17.3448"><Cell ss:Index="1024" ss:StyleID="ce1"/></Row><Row ss:Height="17.3448"><Cell ss:Index="1024" ss:StyleID="ce1"/></Row><Row ss:Height="17.3448"><Cell ss:Index="1024" ss:StyleID="ce1"/></Row><Row ss:Height="17.3448"><Cell ss:Index="1024" ss:StyleID="ce1"/></Row><Row ss:Height="17.3448"><Cell ss:Index="1024" ss:StyleID="ce1"/></Row><Row ss:Height="17.3448"><Cell ss:Index="1024" ss:StyleID="ce1"/></Row><Row ss:Height="17.3448"><Cell ss:Index="1024" ss:StyleID="ce1"/></Row><Row ss:Height="17.3448"><Cell ss:Index="1024" ss:StyleID="ce1"/></Row><Row ss:Height="17.3448"><Cell ss:Index="1024" ss:StyleID="ce1"/></Row><Row ss:Height="17.3448"><Cell ss:Index="1024" ss:StyleID="ce1"/></Row><Row ss:Height="17.3448"><Cell ss:Index="1024" ss:StyleID="ce1"/></Row><Row ss:Height="17.3448"><Cell ss:Index="1024" ss:StyleID="ce1"/></Row><Row ss:Height="17.3448"><Cell ss:Index="1024" ss:StyleID="ce1"/></Row><Row ss:Height="17.3448"><Cell ss:Index="1024" ss:StyleID="ce1"/></Row><Row ss:Height="17.3448"><Cell ss:Index="1024" ss:StyleID="ce1"/></Row><Row ss:Height="17.3448"><Cell ss:Index="1024" ss:StyleID="ce1"/></Row><Row ss:Height="17.3448"><Cell ss:Index="1024" ss:StyleID="ce1"/></Row><Row ss:Height="17.3448"><Cell ss:Index="1024" ss:StyleID="ce1"/></Row><Row ss:Height="17.3448"><Cell ss:Index="1024" ss:StyleID="ce1"/></Row><Row ss:Height="17.3448"><Cell ss:Index="1024" ss:StyleID="ce1"/></Row><Row ss:Height="17.3448"><Cell ss:Index="1024" ss:StyleID="ce1"/></Row><Row ss:Height="17.3448"><Cell ss:Index="1024" ss:StyleID="ce1"/></Row><Row ss:Height="17.3448"><Cell ss:Index="1024" ss:StyleID="ce1"/></Row><Row ss:Height="17.3448"><Cell ss:Index="1024" ss:StyleID="ce1"/></Row><Row ss:Height="17.3448"><Cell ss:Index="1024" ss:StyleID="ce1"/></Row><Row ss:Height="17.3448"><Cell ss:Index="1024" ss:StyleID="ce1"/></Row><Row ss:Height="17.3448"><Cell ss:Index="1024" ss:StyleID="ce1"/></Row><Row ss:Height="17.3448"><Cell ss:Index="1024" ss:StyleID="ce1"/></Row><Row ss:Height="17.3448"><Cell ss:Index="1024" ss:StyleID="ce1"/></Row><Row ss:Height="17.3448"><Cell ss:Index="1024" ss:StyleID="ce1"/></Row><Row ss:Height="17.3448"><Cell ss:Index="1024" ss:StyleID="ce1"/></Row><Row ss:Height="17.3448"><Cell ss:Index="1024" ss:StyleID="ce1"/></Row><Row ss:Height="17.3448"><Cell ss:Index="1024" ss:StyleID="ce1"/></Row><Row ss:Height="17.3448"><Cell ss:Index="1024" ss:StyleID="ce1"/></Row><Row ss:Height="17.3448"><Cell ss:Index="1024" ss:StyleID="ce1"/></Row><Row ss:Height="17.3448"><Cell ss:Index="1024" ss:StyleID="ce1"/></Row><Row ss:Height="17.3448"><Cell ss:Index="1024" ss:StyleID="ce1"/></Row><Row ss:Height="17.3448"><Cell ss:Index="1024" ss:StyleID="ce1"/></Row><Row ss:Height="17.3448"><Cell ss:Index="1024" ss:StyleID="ce1"/></Row><Row ss:Height="17.3448"><Cell ss:Index="1024" ss:StyleID="ce1"/></Row><Row ss:Height="17.3448"><Cell ss:Index="1024" ss:StyleID="ce1"/></Row><Row ss:Height="17.3448"><Cell ss:Index="1024" ss:StyleID="ce1"/></Row><Row ss:Height="17.3448"><Cell ss:Index="1024" ss:StyleID="ce1"/></Row><Row ss:Height="17.3448"><Cell ss:Index="1024" ss:StyleID="ce1"/></Row><Row ss:Height="17.3448"><Cell ss:Index="1024" ss:StyleID="ce1"/></Row><Row ss:Height="17.3448"><Cell ss:Index="1024" ss:StyleID="ce1"/></Row><Row ss:Height="17.3448"><Cell ss:Index="1024" ss:StyleID="ce1"/></Row><Row ss:Height="17.3448"><Cell ss:Index="1024" ss:StyleID="ce1"/></Row><Row ss:Height="17.3448"><Cell ss:Index="1024" ss:StyleID="ce1"/></Row><Row ss:Height="17.3448"><Cell ss:Index="1024" ss:StyleID="ce1"/></Row><Row ss:Height="17.3448"><Cell ss:Index="1024" ss:StyleID="ce1"/></Row><Row ss:Height="17.3448"><Cell ss:Index="1024" ss:StyleID="ce1"/></Row><Row ss:Height="17.3448"><Cell ss:Index="1024" ss:StyleID="ce1"/></Row><Row ss:Height="17.3448"><Cell ss:Index="1024" ss:StyleID="ce1"/></Row><Row ss:Height="17.3448"><Cell ss:Index="1024" ss:StyleID="ce1"/></Row><Row ss:Height="17.3448"><Cell ss:Index="1024" ss:StyleID="ce1"/></Row><Row ss:Height="17.3448"><Cell ss:Index="1024" ss:StyleID="ce1"/></Row><Row ss:Height="17.3448"><Cell ss:Index="1024" ss:StyleID="ce1"/></Row><Row ss:Height="17.3448"><Cell ss:Index="1024" ss:StyleID="ce1"/></Row><Row ss:Height="17.3448"><Cell ss:Index="1024" ss:StyleID="ce1"/></Row><Row ss:Height="17.3448"><Cell ss:Index="1024" ss:StyleID="ce1"/></Row><Row ss:Height="17.3448"><Cell ss:Index="1024" ss:StyleID="ce1"/></Row><Row ss:Height="17.3448"><Cell ss:Index="1024" ss:StyleID="ce1"/></Row><Row ss:Height="17.3448"><Cell ss:Index="1024" ss:StyleID="ce1"/></Row><Row ss:Height="17.3448"><Cell ss:Index="1024" ss:StyleID="ce1"/></Row><Row ss:Height="17.3448"><Cell ss:Index="1024" ss:StyleID="ce1"/></Row><Row ss:Height="17.3448"><Cell ss:Index="1024" ss:StyleID="ce1"/></Row><Row ss:Height="17.3448"><Cell ss:Index="1024" ss:StyleID="ce1"/></Row><Row ss:Height="17.3448"><Cell ss:Index="1024" ss:StyleID="ce1"/></Row><Row ss:Height="17.3448"><Cell ss:Index="1024" ss:StyleID="ce1"/></Row><Row ss:Height="17.3448"><Cell ss:Index="1024" ss:StyleID="ce1"/></Row><Row ss:Height="17.3448"><Cell ss:Index="1024" ss:StyleID="ce1"/></Row><Row ss:Height="17.3448"><Cell ss:Index="1024" ss:StyleID="ce1"/></Row><Row ss:Height="17.3448"><Cell ss:Index="1024" ss:StyleID="ce1"/></Row><Row ss:Height="17.3448"><Cell ss:Index="1024" ss:StyleID="ce1"/></Row><Row ss:Height="17.3448"><Cell ss:Index="1024" ss:StyleID="ce1"/></Row><Row ss:Height="17.3448"><Cell ss:Index="1024" ss:StyleID="ce1"/></Row><Row ss:Height="17.3448"><Cell ss:Index="1024" ss:StyleID="ce1"/></Row><Row ss:Height="17.3448"><Cell ss:Index="1024" ss:StyleID="ce1"/></Row><Row ss:Height="17.3448"><Cell ss:Index="1024" ss:StyleID="ce1"/></Row><Row ss:Height="17.3448"><Cell ss:Index="1024" ss:StyleID="ce1"/></Row><Row ss:Height="17.3448"><Cell ss:Index="1024" ss:StyleID="ce1"/></Row><Row ss:Height="17.3448"><Cell ss:Index="1024" ss:StyleID="ce1"/></Row><Row ss:Height="17.3448"><Cell ss:Index="1024" ss:StyleID="ce1"/></Row><Row ss:Height="17.3448"><Cell ss:Index="1024" ss:StyleID="ce1"/></Row><Row ss:Height="17.3448"><Cell ss:Index="1024" ss:StyleID="ce1"/></Row><Row ss:Height="17.3448"><Cell ss:Index="1024" ss:StyleID="ce1"/></Row><Row ss:Height="17.3448"><Cell ss:Index="1024" ss:StyleID="ce1"/></Row><Row ss:Height="17.3448"><Cell ss:Index="1024" ss:StyleID="ce1"/></Row><Row ss:Height="17.3448"><Cell ss:Index="1024" ss:StyleID="ce1"/></Row><Row ss:Height="17.3448"><Cell ss:Index="1024" ss:StyleID="ce1"/></Row><Row ss:Height="17.3448"><Cell ss:Index="1024" ss:StyleID="ce1"/></Row><Row ss:Height="17.3448"><Cell ss:Index="1024" ss:StyleID="ce1"/></Row><Row ss:Height="17.3448"><Cell ss:Index="1024" ss:StyleID="ce1"/></Row><Row ss:Height="17.3448"><Cell ss:Index="1024" ss:StyleID="ce1"/></Row><Row ss:Height="17.3448"><Cell ss:Index="1024" ss:StyleID="ce1"/></Row><Row ss:Height="17.3448"><Cell ss:Index="1024" ss:StyleID="ce1"/></Row><Row ss:Height="17.3448"><Cell ss:Index="1024" ss:StyleID="ce1"/></Row><Row ss:Height="17.3448"><Cell ss:Index="1024" ss:StyleID="ce1"/></Row><Row ss:Height="17.3448"><Cell ss:Index="1024" ss:StyleID="ce1"/></Row><Row ss:Height="17.3448"><Cell ss:Index="1024" ss:StyleID="ce1"/></Row><Row ss:Height="17.3448"><Cell ss:Index="1024" ss:StyleID="ce1"/></Row><Row ss:Height="17.3448"><Cell ss:Index="1024" ss:StyleID="ce1"/></Row><Row ss:Height="17.3448"><Cell ss:Index="1024" ss:StyleID="ce1"/></Row><Row ss:Height="17.3448"><Cell ss:Index="1024" ss:StyleID="ce1"/></Row><Row ss:Height="17.3448"><Cell ss:Index="1024" ss:StyleID="ce1"/></Row><Row ss:Height="17.3448"><Cell ss:Index="1024" ss:StyleID="ce1"/></Row><Row ss:Height="17.3448"><Cell ss:Index="1024" ss:StyleID="ce1"/></Row><Row ss:Height="17.3448"><Cell ss:Index="1024" ss:StyleID="ce1"/></Row><Row ss:Height="17.3448"><Cell ss:Index="1024" ss:StyleID="ce1"/></Row><Row ss:Height="17.3448"><Cell ss:Index="1024" ss:StyleID="ce1"/></Row><Row ss:Height="17.3448"><Cell ss:Index="1024" ss:StyleID="ce1"/></Row><Row ss:Height="17.3448"><Cell ss:Index="1024" ss:StyleID="ce1"/></Row><Row ss:Height="17.3448"><Cell ss:Index="1024" ss:StyleID="ce1"/></Row><Row ss:Height="17.3448"><Cell ss:Index="1024" ss:StyleID="ce1"/></Row><Row ss:Height="17.3448"><Cell ss:Index="1024" ss:StyleID="ce1"/></Row><Row ss:Height="17.3448"><Cell ss:Index="1024" ss:StyleID="ce1"/></Row><Row ss:Height="17.3448"><Cell ss:Index="1024" ss:StyleID="ce1"/></Row><Row ss:Height="17.3448"><Cell ss:Index="1024" ss:StyleID="ce1"/></Row><Row ss:Height="17.3448"><Cell ss:Index="1024" ss:StyleID="ce1"/></Row><Row ss:Height="17.3448"><Cell ss:Index="1024" ss:StyleID="ce1"/></Row><Row ss:Height="17.3448"><Cell ss:Index="1024" ss:StyleID="ce1"/></Row><Row ss:Height="17.3448"><Cell ss:Index="1024" ss:StyleID="ce1"/></Row><Row ss:Height="17.3448"><Cell ss:Index="1024" ss:StyleID="ce1"/></Row><Row ss:Height="17.3448"><Cell ss:Index="1024" ss:StyleID="ce1"/></Row><Row ss:Height="17.3448"><Cell ss:Index="1024" ss:StyleID="ce1"/></Row><Row ss:Height="17.3448"><Cell ss:Index="1024" ss:StyleID="ce1"/></Row><Row ss:Height="17.3448"><Cell ss:Index="1024" ss:StyleID="ce1"/></Row><Row ss:Height="17.3448"><Cell ss:Index="1024" ss:StyleID="ce1"/></Row><Row ss:Height="17.3448"><Cell ss:Index="1024" ss:StyleID="ce1"/></Row><Row ss:Height="17.3448"><Cell ss:Index="1024" ss:StyleID="ce1"/></Row><Row ss:Height="17.3448"><Cell ss:Index="1024" ss:StyleID="ce1"/></Row><Row ss:Height="17.3448"><Cell ss:Index="1024" ss:StyleID="ce1"/></Row><Row ss:Height="17.3448"><Cell ss:Index="1024" ss:StyleID="ce1"/></Row><Row ss:Height="17.3448"><Cell ss:Index="1024" ss:StyleID="ce1"/></Row><Row ss:Height="17.3448"><Cell ss:Index="1024" ss:StyleID="ce1"/></Row><Row ss:Height="17.3448"><Cell ss:Index="1024" ss:StyleID="ce1"/></Row><Row ss:Height="17.3448"><Cell ss:Index="1024" ss:StyleID="ce1"/></Row><Row ss:Height="17.3448"><Cell ss:Index="1024" ss:StyleID="ce1"/></Row><Row ss:Height="17.3448"><Cell ss:Index="1024" ss:StyleID="ce1"/></Row><Row ss:Height="17.3448"><Cell ss:Index="1024" ss:StyleID="ce1"/></Row><Row ss:Height="17.3448"><Cell ss:Index="1024" ss:StyleID="ce1"/></Row><Row ss:Height="17.3448"><Cell ss:Index="1024" ss:StyleID="ce1"/></Row><Row ss:Height="17.3448"><Cell ss:Index="1024" ss:StyleID="ce1"/></Row><Row ss:Height="17.3448"><Cell ss:Index="1024" ss:StyleID="ce1"/></Row><Row ss:Height="17.3448"><Cell ss:Index="1024" ss:StyleID="ce1"/></Row><Row ss:Height="17.3448"><Cell ss:Index="1024" ss:StyleID="ce1"/></Row><Row ss:Height="17.3448"><Cell ss:Index="1024" ss:StyleID="ce1"/></Row><Row ss:Height="17.3448"><Cell ss:Index="1024" ss:StyleID="ce1"/></Row><Row ss:Height="17.3448"><Cell ss:Index="1024" ss:StyleID="ce1"/></Row><Row ss:Height="17.3448"><Cell ss:Index="1024" ss:StyleID="ce1"/></Row><Row ss:Height="17.3448"><Cell ss:Index="1024" ss:StyleID="ce1"/></Row><Row ss:Height="17.3448"><Cell ss:Index="1024" ss:StyleID="ce1"/></Row><Row ss:Height="17.3448"><Cell ss:Index="1024" ss:StyleID="ce1"/></Row><Row ss:Height="17.3448"><Cell ss:Index="1024" ss:StyleID="ce1"/></Row><Row ss:Height="17.3448"><Cell ss:Index="1024" ss:StyleID="ce1"/></Row><Row ss:Height="17.3448"><Cell ss:Index="1024" ss:StyleID="ce1"/></Row><Row ss:Height="17.3448"><Cell ss:Index="1024" ss:StyleID="ce1"/></Row><Row ss:Height="17.3448"><Cell ss:Index="1024" ss:StyleID="ce1"/></Row><Row ss:Height="17.3448"><Cell ss:Index="1024" ss:StyleID="ce1"/></Row><Row ss:Height="17.3448"><Cell ss:Index="1024" ss:StyleID="ce1"/></Row><Row ss:Height="17.3448"><Cell ss:Index="1024" ss:StyleID="ce1"/></Row><Row ss:Height="17.3448"><Cell ss:Index="1024" ss:StyleID="ce1"/></Row><Row ss:Height="17.3448"><Cell ss:Index="1024" ss:StyleID="ce1"/></Row><Row ss:Height="17.3448"><Cell ss:Index="1024" ss:StyleID="ce1"/></Row><Row ss:Height="17.3448"><Cell ss:Index="1024" ss:StyleID="ce1"/></Row><Row ss:Height="17.3448"><Cell ss:Index="1024" ss:StyleID="ce1"/></Row><Row ss:Height="17.3448"><Cell ss:Index="1024" ss:StyleID="ce1"/></Row><Row ss:Height="17.3448"><Cell ss:Index="1024" ss:StyleID="ce1"/></Row><Row ss:Height="17.3448"><Cell ss:Index="1024" ss:StyleID="ce1"/></Row><Row ss:Height="17.3448"><Cell ss:Index="1024" ss:StyleID="ce1"/></Row><Row ss:Height="17.3448"><Cell ss:Index="1024" ss:StyleID="ce1"/></Row><Row ss:Height="17.3448"><Cell ss:Index="1024" ss:StyleID="ce1"/></Row><Row ss:Height="17.3448"><Cell ss:Index="1024" ss:StyleID="ce1"/></Row><Row ss:Height="17.3448"><Cell ss:Index="1024" ss:StyleID="ce1"/></Row><Row ss:Height="17.3448"><Cell ss:Index="1024" ss:StyleID="ce1"/></Row><Row ss:Height="17.3448"><Cell ss:Index="1024" ss:StyleID="ce1"/></Row><Row ss:Height="17.3448"><Cell ss:Index="1024" ss:StyleID="ce1"/></Row><Row ss:Height="17.3448"><Cell ss:Index="1024" ss:StyleID="ce1"/></Row><Row ss:Height="17.3448"><Cell ss:Index="1024" ss:StyleID="ce1"/></Row><Row ss:Height="17.3448"><Cell ss:Index="1024" ss:StyleID="ce1"/></Row><Row ss:Height="17.3448"><Cell ss:Index="1024" ss:StyleID="ce1"/></Row><Row ss:Height="17.3448"><Cell ss:Index="1024" ss:StyleID="ce1"/></Row><Row ss:Height="17.3448"><Cell ss:Index="1024" ss:StyleID="ce1"/></Row><Row ss:Height="17.3448"><Cell ss:Index="1024" ss:StyleID="ce1"/></Row><Row ss:Height="17.3448"><Cell ss:Index="1024" ss:StyleID="ce1"/></Row><Row ss:Height="17.3448"><Cell ss:Index="1024" ss:StyleID="ce1"/></Row><Row ss:Height="17.3448"><Cell ss:Index="1024" ss:StyleID="ce1"/></Row><Row ss:Height="17.3448"><Cell ss:Index="1024" ss:StyleID="ce1"/></Row><Row ss:Height="17.3448"><Cell ss:Index="1024" ss:StyleID="ce1"/></Row><Row ss:Height="17.3448"><Cell ss:Index="1024" ss:StyleID="ce1"/></Row><Row ss:Height="17.3448"><Cell ss:Index="1024" ss:StyleID="ce1"/></Row><Row ss:Height="17.3448"><Cell ss:Index="1024" ss:StyleID="ce1"/></Row><Row ss:Height="17.3448"><Cell ss:Index="1024" ss:StyleID="ce1"/></Row><Row ss:Height="17.3448"><Cell ss:Index="1024" ss:StyleID="ce1"/></Row><Row ss:Height="17.3448"><Cell ss:Index="1024" ss:StyleID="ce1"/></Row><Row ss:Height="17.3448"><Cell ss:Index="1024" ss:StyleID="ce1"/></Row><Row ss:Height="17.3448"><Cell ss:Index="1024" ss:StyleID="ce1"/></Row><Row ss:Height="17.3448"><Cell ss:Index="1024" ss:StyleID="ce1"/></Row><Row ss:Height="17.3448"><Cell ss:Index="1024" ss:StyleID="ce1"/></Row><Row ss:Height="17.3448"><Cell ss:Index="1024" ss:StyleID="ce1"/></Row><Row ss:Height="17.3448"><Cell ss:Index="1024" ss:StyleID="ce1"/></Row><Row ss:Height="17.3448"><Cell ss:Index="1024" ss:StyleID="ce1"/></Row><Row ss:Height="17.3448"><Cell ss:Index="1024" ss:StyleID="ce1"/></Row><Row ss:Height="17.3448"><Cell ss:Index="1024" ss:StyleID="ce1"/></Row><Row ss:Height="17.3448"><Cell ss:Index="1024" ss:StyleID="ce1"/></Row><Row ss:Height="17.3448"><Cell ss:Index="1024" ss:StyleID="ce1"/></Row><Row ss:Height="17.3448"><Cell ss:Index="1024" ss:StyleID="ce1"/></Row><Row ss:Height="17.3448"><Cell ss:Index="1024" ss:StyleID="ce1"/></Row><Row ss:Height="17.3448"><Cell ss:Index="1024" ss:StyleID="ce1"/></Row><Row ss:Height="17.3448"><Cell ss:Index="1024" ss:StyleID="ce1"/></Row><Row ss:Height="17.3448"><Cell ss:Index="1024" ss:StyleID="ce1"/></Row><Row ss:Height="17.3448"><Cell ss:Index="1024" ss:StyleID="ce1"/></Row><Row ss:Height="17.3448"><Cell ss:Index="1024" ss:StyleID="ce1"/></Row><Row ss:Height="17.3448"><Cell ss:Index="1024" ss:StyleID="ce1"/></Row><Row ss:Height="17.3448"><Cell ss:Index="1024" ss:StyleID="ce1"/></Row><Row ss:Height="17.3448"><Cell ss:Index="1024" ss:StyleID="ce1"/></Row><Row ss:Height="17.3448"><Cell ss:Index="1024" ss:StyleID="ce1"/></Row><Row ss:Height="17.3448"><Cell ss:Index="1024" ss:StyleID="ce1"/></Row><Row ss:Height="17.3448"><Cell ss:Index="1024" ss:StyleID="ce1"/></Row><Row ss:Height="17.3448"><Cell ss:Index="1024" ss:StyleID="ce1"/></Row><Row ss:Height="17.3448"><Cell ss:Index="1024" ss:StyleID="ce1"/></Row><Row ss:Height="17.3448"><Cell ss:Index="1024" ss:StyleID="ce1"/></Row><Row ss:Height="17.3448"><Cell ss:Index="1024" ss:StyleID="ce1"/></Row><Row ss:Height="17.3448"><Cell ss:Index="1024" ss:StyleID="ce1"/></Row><Row ss:Height="17.3448"><Cell ss:Index="1024" ss:StyleID="ce1"/></Row><Row ss:Height="17.3448"><Cell ss:Index="1024" ss:StyleID="ce1"/></Row><Row ss:Height="17.3448"><Cell ss:Index="1024" ss:StyleID="ce1"/></Row><Row ss:Height="17.3448"><Cell ss:Index="1024" ss:StyleID="ce1"/></Row><Row ss:Height="17.3448"><Cell ss:Index="1024" ss:StyleID="ce1"/></Row><Row ss:Height="17.3448"><Cell ss:Index="1024" ss:StyleID="ce1"/></Row><Row ss:Height="17.3448"><Cell ss:Index="1024" ss:StyleID="ce1"/></Row><Row ss:Height="17.3448"><Cell ss:Index="1024" ss:StyleID="ce1"/></Row><Row ss:Height="17.3448"><Cell ss:Index="1024" ss:StyleID="ce1"/></Row><Row ss:Height="17.3448"><Cell ss:Index="1024" ss:StyleID="ce1"/></Row><Row ss:Height="17.3448"><Cell ss:Index="1024" ss:StyleID="ce1"/></Row><Row ss:Height="17.3448"><Cell ss:Index="1024" ss:StyleID="ce1"/></Row><Row ss:Height="17.3448"><Cell ss:Index="1024" ss:StyleID="ce1"/></Row><Row ss:Height="17.3448"><Cell ss:Index="1024" ss:StyleID="ce1"/></Row><Row ss:Height="17.3448"><Cell ss:Index="1024" ss:StyleID="ce1"/></Row><Row ss:Height="17.3448"><Cell ss:Index="1024" ss:StyleID="ce1"/></Row><Row ss:Height="17.3448"><Cell ss:Index="1024" ss:StyleID="ce1"/></Row><Row ss:Height="17.3448"><Cell ss:Index="1024" ss:StyleID="ce1"/></Row><Row ss:Height="17.3448"><Cell ss:Index="1024" ss:StyleID="ce1"/></Row><Row ss:Height="17.3448"><Cell ss:Index="1024" ss:StyleID="ce1"/></Row><Row ss:Height="17.3448"><Cell ss:Index="1024" ss:StyleID="ce1"/></Row><Row ss:Height="17.3448"><Cell ss:Index="1024" ss:StyleID="ce1"/></Row><Row ss:Height="17.3448"><Cell ss:Index="1024" ss:StyleID="ce1"/></Row><Row ss:Height="17.3448"><Cell ss:Index="1024" ss:StyleID="ce1"/></Row><Row ss:Height="17.3448"><Cell ss:Index="1024" ss:StyleID="ce1"/></Row><Row ss:Height="17.3448"><Cell ss:Index="1024" ss:StyleID="ce1"/></Row><Row ss:Height="17.3448"><Cell ss:Index="1024" ss:StyleID="ce1"/></Row><Row ss:Height="17.3448"><Cell ss:Index="1024" ss:StyleID="ce1"/></Row><Row ss:Height="17.3448"><Cell ss:Index="1024" ss:StyleID="ce1"/></Row><Row ss:Height="17.3448"><Cell ss:Index="1024" ss:StyleID="ce1"/></Row><Row ss:Height="17.3448"><Cell ss:Index="1024" ss:StyleID="ce1"/></Row><Row ss:Height="17.3448"><Cell ss:Index="1024" ss:StyleID="ce1"/></Row><Row ss:Height="17.3448"><Cell ss:Index="1024" ss:StyleID="ce1"/></Row><Row ss:Height="17.3448"><Cell ss:Index="1024" ss:StyleID="ce1"/></Row><Row ss:Height="17.3448"><Cell ss:Index="1024" ss:StyleID="ce1"/></Row><Row ss:Height="17.3448"><Cell ss:Index="1024" ss:StyleID="ce1"/></Row><Row ss:Height="17.3448"><Cell ss:Index="1024" ss:StyleID="ce1"/></Row><Row ss:Height="17.3448"><Cell ss:Index="1024" ss:StyleID="ce1"/></Row><Row ss:Height="17.3448"><Cell ss:Index="1024" ss:StyleID="ce1"/></Row><Row ss:Height="17.3448"><Cell ss:Index="1024" ss:StyleID="ce1"/></Row><Row ss:Height="17.3448"><Cell ss:Index="1024" ss:StyleID="ce1"/></Row><Row ss:Height="17.3448"><Cell ss:Index="1024" ss:StyleID="ce1"/></Row><Row ss:Height="17.3448"><Cell ss:Index="1024" ss:StyleID="ce1"/></Row><Row ss:Height="17.3448"><Cell ss:Index="1024" ss:StyleID="ce1"/></Row><Row ss:Height="17.3448"><Cell ss:Index="1024" ss:StyleID="ce1"/></Row><Row ss:Height="17.3448"><Cell ss:Index="1024" ss:StyleID="ce1"/></Row><Row ss:Height="17.3448"><Cell ss:Index="1024" ss:StyleID="ce1"/></Row><Row ss:Height="17.3448"><Cell ss:Index="1024" ss:StyleID="ce1"/></Row><Row ss:Height="17.3448"><Cell ss:Index="1024" ss:StyleID="ce1"/></Row><Row ss:Height="17.3448"><Cell ss:Index="1024" ss:StyleID="ce1"/></Row><Row ss:Height="17.3448"><Cell ss:Index="1024" ss:StyleID="ce1"/></Row><Row ss:Height="17.3448"><Cell ss:Index="1024" ss:StyleID="ce1"/></Row><Row ss:Height="17.3448"><Cell ss:Index="1024" ss:StyleID="ce1"/></Row><Row ss:Height="17.3448"><Cell ss:Index="1024" ss:StyleID="ce1"/></Row><Row ss:Height="17.3448"><Cell ss:Index="1024" ss:StyleID="ce1"/></Row><Row ss:Height="17.3448"><Cell ss:Index="1024" ss:StyleID="ce1"/></Row><Row ss:Height="17.3448"><Cell ss:Index="1024" ss:StyleID="ce1"/></Row><Row ss:Height="17.3448"><Cell ss:Index="1024" ss:StyleID="ce1"/></Row><Row ss:Height="17.3448"><Cell ss:Index="1024" ss:StyleID="ce1"/></Row><Row ss:Height="17.3448"><Cell ss:Index="1024" ss:StyleID="ce1"/></Row><Row ss:Height="17.3448"><Cell ss:Index="1024" ss:StyleID="ce1"/></Row><Row ss:Height="17.3448"><Cell ss:Index="1024" ss:StyleID="ce1"/></Row><Row ss:Height="17.3448"><Cell ss:Index="1024" ss:StyleID="ce1"/></Row><Row ss:Height="17.3448"><Cell ss:Index="1024" ss:StyleID="ce1"/></Row><Row ss:Height="17.3448"><Cell ss:Index="1024" ss:StyleID="ce1"/></Row><Row ss:Height="17.3448"><Cell ss:Index="1024" ss:StyleID="ce1"/></Row><Row ss:Height="17.3448"><Cell ss:Index="1024" ss:StyleID="ce1"/></Row><Row ss:Height="17.3448"><Cell ss:Index="1024" ss:StyleID="ce1"/></Row><Row ss:Height="17.3448"><Cell ss:Index="1024" ss:StyleID="ce1"/></Row><Row ss:Height="17.3448"><Cell ss:Index="1024" ss:StyleID="ce1"/></Row><Row ss:Height="17.3448"><Cell ss:Index="1024" ss:StyleID="ce1"/></Row><Row ss:Height="17.3448"><Cell ss:Index="1024" ss:StyleID="ce1"/></Row><Row ss:Height="17.3448"><Cell ss:Index="1024" ss:StyleID="ce1"/></Row><Row ss:Height="17.3448"><Cell ss:Index="1024" ss:StyleID="ce1"/></Row><Row ss:Height="17.3448"><Cell ss:Index="1024" ss:StyleID="ce1"/></Row><Row ss:Height="17.3448"><Cell ss:Index="1024" ss:StyleID="ce1"/></Row><Row ss:Height="17.3448"><Cell ss:Index="1024" ss:StyleID="ce1"/></Row><Row ss:Height="17.3448"><Cell ss:Index="1024" ss:StyleID="ce1"/></Row><Row ss:Height="17.3448"><Cell ss:Index="1024" ss:StyleID="ce1"/></Row><Row ss:Height="17.3448"><Cell ss:Index="1024" ss:StyleID="ce1"/></Row><Row ss:Height="17.3448"><Cell ss:Index="1024" ss:StyleID="ce1"/></Row><Row ss:Height="17.3448"><Cell ss:Index="1024" ss:StyleID="ce1"/></Row><Row ss:Height="17.3448"><Cell ss:Index="1024" ss:StyleID="ce1"/></Row><Row ss:Height="17.3448"><Cell ss:Index="1024" ss:StyleID="ce1"/></Row><Row ss:Height="17.3448"><Cell ss:Index="1024" ss:StyleID="ce1"/></Row><Row ss:Height="17.3448"><Cell ss:Index="1024" ss:StyleID="ce1"/></Row><Row ss:Height="17.3448"><Cell ss:Index="1024" ss:StyleID="ce1"/></Row><Row ss:Height="17.3448"><Cell ss:Index="1024" ss:StyleID="ce1"/></Row><Row ss:Height="17.3448"><Cell ss:Index="1024" ss:StyleID="ce1"/></Row><Row ss:Height="17.3448"><Cell ss:Index="1024" ss:StyleID="ce1"/></Row><Row ss:Height="17.3448"><Cell ss:Index="1024" ss:StyleID="ce1"/></Row><Row ss:Height="17.3448"><Cell ss:Index="1024" ss:StyleID="ce1"/></Row><Row ss:Height="17.3448"><Cell ss:Index="1024" ss:StyleID="ce1"/></Row><Row ss:Height="17.3448"><Cell ss:Index="1024" ss:StyleID="ce1"/></Row><Row ss:Height="17.3448"><Cell ss:Index="1024" ss:StyleID="ce1"/></Row><Row ss:Height="17.3448"><Cell ss:Index="1024" ss:StyleID="ce1"/></Row><Row ss:Height="17.3448"><Cell ss:Index="1024" ss:StyleID="ce1"/></Row><Row ss:Height="17.3448"><Cell ss:Index="1024" ss:StyleID="ce1"/></Row><Row ss:Height="17.3448"><Cell ss:Index="1024" ss:StyleID="ce1"/></Row><Row ss:Height="17.3448"><Cell ss:Index="1024" ss:StyleID="ce1"/></Row><Row ss:Height="17.3448"><Cell ss:Index="1024" ss:StyleID="ce1"/></Row><Row ss:Height="17.3448"><Cell ss:Index="1024" ss:StyleID="ce1"/></Row><Row ss:Height="17.3448"><Cell ss:Index="1024" ss:StyleID="ce1"/></Row><Row ss:Height="17.3448"><Cell ss:Index="1024" ss:StyleID="ce1"/></Row><Row ss:Height="17.3448"><Cell ss:Index="1024" ss:StyleID="ce1"/></Row><Row ss:Height="17.3448"><Cell ss:Index="1024" ss:StyleID="ce1"/></Row><Row ss:Height="17.3448"><Cell ss:Index="1024" ss:StyleID="ce1"/></Row><Row ss:Height="17.3448"><Cell ss:Index="1024" ss:StyleID="ce1"/></Row><Row ss:Height="17.3448"><Cell ss:Index="1024" ss:StyleID="ce1"/></Row><Row ss:Height="17.3448"><Cell ss:Index="1024" ss:StyleID="ce1"/></Row><Row ss:Height="17.3448"><Cell ss:Index="1024" ss:StyleID="ce1"/></Row><Row ss:Height="17.3448"><Cell ss:Index="1024" ss:StyleID="ce1"/></Row><Row ss:Height="17.3448"><Cell ss:Index="1024" ss:StyleID="ce1"/></Row><Row ss:Height="17.3448"><Cell ss:Index="1024" ss:StyleID="ce1"/></Row><Row ss:Height="17.3448"><Cell ss:Index="1024" ss:StyleID="ce1"/></Row><Row ss:Height="17.3448"><Cell ss:Index="1024" ss:StyleID="ce1"/></Row><Row ss:Height="17.3448"><Cell ss:Index="1024" ss:StyleID="ce1"/></Row><Row ss:Height="17.3448"><Cell ss:Index="1024" ss:StyleID="ce1"/></Row><Row ss:Height="17.3448"><Cell ss:Index="1024" ss:StyleID="ce1"/></Row><Row ss:Height="17.3448"><Cell ss:Index="1024" ss:StyleID="ce1"/></Row><Row ss:Height="17.3448"><Cell ss:Index="1024" ss:StyleID="ce1"/></Row><Row ss:Height="17.3448"><Cell ss:Index="1024" ss:StyleID="ce1"/></Row><Row ss:Height="17.3448"><Cell ss:Index="1024" ss:StyleID="ce1"/></Row><Row ss:Height="17.3448"><Cell ss:Index="1024" ss:StyleID="ce1"/></Row><Row ss:Height="17.3448"><Cell ss:Index="1024" ss:StyleID="ce1"/></Row><Row ss:Height="17.3448"><Cell ss:Index="1024" ss:StyleID="ce1"/></Row><Row ss:Height="17.3448"><Cell ss:Index="1024" ss:StyleID="ce1"/></Row><Row ss:Height="17.3448"><Cell ss:Index="1024" ss:StyleID="ce1"/></Row><Row ss:Height="17.3448"><Cell ss:Index="1024" ss:StyleID="ce1"/></Row><Row ss:Height="17.3448"><Cell ss:Index="1024" ss:StyleID="ce1"/></Row><Row ss:Height="17.3448"><Cell ss:Index="1024" ss:StyleID="ce1"/></Row><Row ss:Height="17.3448"><Cell ss:Index="1024" ss:StyleID="ce1"/></Row><Row ss:Height="17.3448"><Cell ss:Index="1024" ss:StyleID="ce1"/></Row><Row ss:Height="17.3448"><Cell ss:Index="1024" ss:StyleID="ce1"/></Row><Row ss:Height="17.3448"><Cell ss:Index="1024" ss:StyleID="ce1"/></Row><Row ss:Height="17.3448"><Cell ss:Index="1024" ss:StyleID="ce1"/></Row><Row ss:Height="17.3448"><Cell ss:Index="1024" ss:StyleID="ce1"/></Row><Row ss:Height="17.3448"><Cell ss:Index="1024" ss:StyleID="ce1"/></Row><Row ss:Height="17.3448"><Cell ss:Index="1024" ss:StyleID="ce1"/></Row><Row ss:Height="17.3448"><Cell ss:Index="1024" ss:StyleID="ce1"/></Row><Row ss:Height="17.3448"><Cell ss:Index="1024" ss:StyleID="ce1"/></Row><Row ss:Height="17.3448"><Cell ss:Index="1024" ss:StyleID="ce1"/></Row><Row ss:Height="17.3448"><Cell ss:Index="1024" ss:StyleID="ce1"/></Row><Row ss:Height="17.3448"><Cell ss:Index="1024" ss:StyleID="ce1"/></Row><Row ss:Height="17.3448"><Cell ss:Index="1024" ss:StyleID="ce1"/></Row><Row ss:Height="17.3448"><Cell ss:Index="1024" ss:StyleID="ce1"/></Row><Row ss:Height="17.3448"><Cell ss:Index="1024" ss:StyleID="ce1"/></Row><Row ss:Height="17.3448"><Cell ss:Index="1024" ss:StyleID="ce1"/></Row><Row ss:Height="17.3448"><Cell ss:Index="1024" ss:StyleID="ce1"/></Row><Row ss:Height="17.3448"><Cell ss:Index="1024" ss:StyleID="ce1"/></Row><Row ss:Height="17.3448"><Cell ss:Index="1024" ss:StyleID="ce1"/></Row><Row ss:Height="17.3448"><Cell ss:Index="1024" ss:StyleID="ce1"/></Row><Row ss:Height="17.3448"><Cell ss:Index="1024" ss:StyleID="ce1"/></Row><Row ss:Height="17.3448"><Cell ss:Index="1024" ss:StyleID="ce1"/></Row><Row ss:Height="17.3448"><Cell ss:Index="1024" ss:StyleID="ce1"/></Row><Row ss:Height="17.3448"><Cell ss:Index="1024" ss:StyleID="ce1"/></Row><Row ss:Height="17.3448"><Cell ss:Index="1024" ss:StyleID="ce1"/></Row><Row ss:Height="17.3448"><Cell ss:Index="1024" ss:StyleID="ce1"/></Row><Row ss:Height="17.3448"><Cell ss:Index="1024" ss:StyleID="ce1"/></Row><Row ss:Height="17.3448"><Cell ss:Index="1024" ss:StyleID="ce1"/></Row><Row ss:Height="17.3448"><Cell ss:Index="1024" ss:StyleID="ce1"/></Row><Row ss:Height="17.3448"><Cell ss:Index="1024" ss:StyleID="ce1"/></Row><Row ss:Height="17.3448"><Cell ss:Index="1024" ss:StyleID="ce1"/></Row><Row ss:Height="17.3448"><Cell ss:Index="1024" ss:StyleID="ce1"/></Row><Row ss:Height="17.3448"><Cell ss:Index="1024" ss:StyleID="ce1"/></Row><Row ss:Height="17.3448"><Cell ss:Index="1024" ss:StyleID="ce1"/></Row><Row ss:Height="17.3448"><Cell ss:Index="1024" ss:StyleID="ce1"/></Row><Row ss:Height="17.3448"><Cell ss:Index="1024" ss:StyleID="ce1"/></Row><Row ss:Height="17.3448"><Cell ss:Index="1024" ss:StyleID="ce1"/></Row><Row ss:Height="17.3448"><Cell ss:Index="1024" ss:StyleID="ce1"/></Row><Row ss:Height="17.3448"><Cell ss:Index="1024" ss:StyleID="ce1"/></Row><Row ss:Height="17.3448"><Cell ss:Index="1024" ss:StyleID="ce1"/></Row><Row ss:Height="17.3448"><Cell ss:Index="1024" ss:StyleID="ce1"/></Row><Row ss:Height="17.3448"><Cell ss:Index="1024" ss:StyleID="ce1"/></Row><Row ss:Height="17.3448"><Cell ss:Index="1024" ss:StyleID="ce1"/></Row><Row ss:Height="17.3448"><Cell ss:Index="1024" ss:StyleID="ce1"/></Row><Row ss:Height="17.3448"><Cell ss:Index="1024" ss:StyleID="ce1"/></Row><Row ss:Height="17.3448"><Cell ss:Index="1024" ss:StyleID="ce1"/></Row><Row ss:Height="17.3448"><Cell ss:Index="1024" ss:StyleID="ce1"/></Row><Row ss:Height="17.3448"><Cell ss:Index="1024" ss:StyleID="ce1"/></Row><Row ss:Height="17.3448"><Cell ss:Index="1024" ss:StyleID="ce1"/></Row><Row ss:Height="17.3448"><Cell ss:Index="1024" ss:StyleID="ce1"/></Row><Row ss:Height="17.3448"><Cell ss:Index="1024" ss:StyleID="ce1"/></Row><Row ss:Height="17.3448"><Cell ss:Index="1024" ss:StyleID="ce1"/></Row><Row ss:Height="17.3448"><Cell ss:Index="1024" ss:StyleID="ce1"/></Row><Row ss:Height="17.3448"><Cell ss:Index="1024" ss:StyleID="ce1"/></Row><Row ss:Height="17.3448"><Cell ss:Index="1024" ss:StyleID="ce1"/></Row><Row ss:Height="17.3448"><Cell ss:Index="1024" ss:StyleID="ce1"/></Row><Row ss:Height="17.3448"><Cell ss:Index="1024" ss:StyleID="ce1"/></Row><Row ss:Height="17.3448"><Cell ss:Index="1024" ss:StyleID="ce1"/></Row><Row ss:Height="17.3448"><Cell ss:Index="1024" ss:StyleID="ce1"/></Row><Row ss:Height="17.3448"><Cell ss:Index="1024" ss:StyleID="ce1"/></Row><Row ss:Height="17.3448"><Cell ss:Index="1024" ss:StyleID="ce1"/></Row><Row ss:Height="17.3448"><Cell ss:Index="1024" ss:StyleID="ce1"/></Row><Row ss:Height="17.3448"><Cell ss:Index="1024" ss:StyleID="ce1"/></Row><Row ss:Height="17.3448"><Cell ss:Index="1024" ss:StyleID="ce1"/></Row><Row ss:Height="17.3448"><Cell ss:Index="1024" ss:StyleID="ce1"/></Row><Row ss:Height="17.3448"><Cell ss:Index="1024" ss:StyleID="ce1"/></Row><Row ss:Height="17.3448"><Cell ss:Index="1024" ss:StyleID="ce1"/></Row><Row ss:Height="17.3448"><Cell ss:Index="1024" ss:StyleID="ce1"/></Row><Row ss:Height="17.3448"><Cell ss:Index="1024" ss:StyleID="ce1"/></Row><Row ss:Height="17.3448"><Cell ss:Index="1024" ss:StyleID="ce1"/></Row><Row ss:Height="17.3448"><Cell ss:Index="1024" ss:StyleID="ce1"/></Row><Row ss:Height="17.3448"><Cell ss:Index="1024" ss:StyleID="ce1"/></Row><Row ss:Height="17.3448"><Cell ss:Index="1024" ss:StyleID="ce1"/></Row><Row ss:Height="17.3448"><Cell ss:Index="1024" ss:StyleID="ce1"/></Row><Row ss:Height="17.3448"><Cell ss:Index="1024" ss:StyleID="ce1"/></Row><Row ss:Height="17.3448"><Cell ss:Index="1024" ss:StyleID="ce1"/></Row><Row ss:Height="17.3448"><Cell ss:Index="1024" ss:StyleID="ce1"/></Row><Row ss:Height="17.3448"><Cell ss:Index="1024" ss:StyleID="ce1"/></Row><Row ss:Height="17.3448"><Cell ss:Index="1024" ss:StyleID="ce1"/></Row><Row ss:Height="17.3448"><Cell ss:Index="1024" ss:StyleID="ce1"/></Row><Row ss:Height="17.3448"><Cell ss:Index="1024" ss:StyleID="ce1"/></Row><Row ss:Height="17.3448"><Cell ss:Index="1024" ss:StyleID="ce1"/></Row><Row ss:Height="17.3448"><Cell ss:Index="1024" ss:StyleID="ce1"/></Row><Row ss:Height="17.3448"><Cell ss:Index="1024" ss:StyleID="ce1"/></Row><Row ss:Height="17.3448"><Cell ss:Index="1024" ss:StyleID="ce1"/></Row><Row ss:Height="17.3448"><Cell ss:Index="1024" ss:StyleID="ce1"/></Row><Row ss:Height="17.3448"><Cell ss:Index="1024" ss:StyleID="ce1"/></Row><Row ss:Height="17.3448"><Cell ss:Index="1024" ss:StyleID="ce1"/></Row><Row ss:Height="17.3448"><Cell ss:Index="1024" ss:StyleID="ce1"/></Row><Row ss:Height="17.3448"><Cell ss:Index="1024" ss:StyleID="ce1"/></Row><Row ss:Height="17.3448"><Cell ss:Index="1024" ss:StyleID="ce1"/></Row><Row ss:Height="17.3448"><Cell ss:Index="1024" ss:StyleID="ce1"/></Row><Row ss:Height="17.3448"><Cell ss:Index="1024" ss:StyleID="ce1"/></Row><Row ss:Height="17.3448"><Cell ss:Index="1024" ss:StyleID="ce1"/></Row><Row ss:Height="17.3448"><Cell ss:Index="1024" ss:StyleID="ce1"/></Row><Row ss:Height="17.3448"><Cell ss:Index="1024" ss:StyleID="ce1"/></Row><Row ss:Height="17.3448"><Cell ss:Index="1024" ss:StyleID="ce1"/></Row><Row ss:Height="17.3448"><Cell ss:Index="1024" ss:StyleID="ce1"/></Row><Row ss:Height="17.3448"><Cell ss:Index="1024" ss:StyleID="ce1"/></Row><Row ss:Height="17.3448"><Cell ss:Index="1024" ss:StyleID="ce1"/></Row><Row ss:Height="17.3448"><Cell ss:Index="1024" ss:StyleID="ce1"/></Row><Row ss:Height="17.3448"><Cell ss:Index="1024" ss:StyleID="ce1"/></Row><Row ss:Height="17.3448"><Cell ss:Index="1024" ss:StyleID="ce1"/></Row><Row ss:Height="17.3448"><Cell ss:Index="1024" ss:StyleID="ce1"/></Row><Row ss:Height="17.3448"><Cell ss:Index="1024" ss:StyleID="ce1"/></Row><Row ss:Height="17.3448"><Cell ss:Index="1024" ss:StyleID="ce1"/></Row><Row ss:Height="17.3448"><Cell ss:Index="1024" ss:StyleID="ce1"/></Row><Row ss:Height="17.3448"><Cell ss:Index="1024" ss:StyleID="ce1"/></Row><Row ss:Height="17.3448"><Cell ss:Index="1024" ss:StyleID="ce1"/></Row><Row ss:Height="17.3448"><Cell ss:Index="1024" ss:StyleID="ce1"/></Row><Row ss:Height="17.3448"><Cell ss:Index="1024" ss:StyleID="ce1"/></Row><Row ss:Height="17.3448"><Cell ss:Index="1024" ss:StyleID="ce1"/></Row><Row ss:Height="17.3448"><Cell ss:Index="1024" ss:StyleID="ce1"/></Row><Row ss:Height="17.3448"><Cell ss:Index="1024" ss:StyleID="ce1"/></Row><Row ss:Height="17.3448"><Cell ss:Index="1024" ss:StyleID="ce1"/></Row><Row ss:Height="17.3448"><Cell ss:Index="1024" ss:StyleID="ce1"/></Row><Row ss:Height="17.3448"><Cell ss:Index="1024" ss:StyleID="ce1"/></Row><Row ss:Height="17.3448"><Cell ss:Index="1024" ss:StyleID="ce1"/></Row><Row ss:Height="17.3448"><Cell ss:Index="1024" ss:StyleID="ce1"/></Row><Row ss:Height="17.3448"><Cell ss:Index="1024" ss:StyleID="ce1"/></Row><Row ss:Height="17.3448"><Cell ss:Index="1024" ss:StyleID="ce1"/></Row><Row ss:Height="17.3448"><Cell ss:Index="1024" ss:StyleID="ce1"/></Row><Row ss:Height="17.3448"><Cell ss:Index="1024" ss:StyleID="ce1"/></Row><Row ss:Height="17.3448"><Cell ss:Index="1024" ss:StyleID="ce1"/></Row><Row ss:Height="17.3448"><Cell ss:Index="1024" ss:StyleID="ce1"/></Row><Row ss:Height="17.3448"><Cell ss:Index="1024" ss:StyleID="ce1"/></Row><Row ss:Height="17.3448"><Cell ss:Index="1024" ss:StyleID="ce1"/></Row><Row ss:Height="17.3448"><Cell ss:Index="1024" ss:StyleID="ce1"/></Row><Row ss:Height="17.3448"><Cell ss:Index="1024" ss:StyleID="ce1"/></Row><Row ss:Height="17.3448"><Cell ss:Index="1024" ss:StyleID="ce1"/></Row><Row ss:Height="17.3448"><Cell ss:Index="1024" ss:StyleID="ce1"/></Row><Row ss:Height="17.3448"><Cell ss:Index="1024" ss:StyleID="ce1"/></Row><Row ss:Height="17.3448"><Cell ss:Index="1024" ss:StyleID="ce1"/></Row><Row ss:Height="17.3448"><Cell ss:Index="1024" ss:StyleID="ce1"/></Row><Row ss:Height="17.3448"><Cell ss:Index="1024" ss:StyleID="ce1"/></Row><Row ss:Height="17.3448"><Cell ss:Index="1024" ss:StyleID="ce1"/></Row><Row ss:Height="17.3448"><Cell ss:Index="1024" ss:StyleID="ce1"/></Row><Row ss:Height="17.3448"><Cell ss:Index="1024" ss:StyleID="ce1"/></Row><Row ss:Height="17.3448"><Cell ss:Index="1024" ss:StyleID="ce1"/></Row><Row ss:Height="17.3448"><Cell ss:Index="1024" ss:StyleID="ce1"/></Row><Row ss:Height="17.3448"><Cell ss:Index="1024" ss:StyleID="ce1"/></Row><Row ss:Height="17.3448"><Cell ss:Index="1024" ss:StyleID="ce1"/></Row><Row ss:Height="17.3448"><Cell ss:Index="1024" ss:StyleID="ce1"/></Row><Row ss:Height="17.3448"><Cell ss:Index="1024" ss:StyleID="ce1"/></Row><Row ss:Height="17.3448"><Cell ss:Index="1024" ss:StyleID="ce1"/></Row><Row ss:Height="17.3448"><Cell ss:Index="1024" ss:StyleID="ce1"/></Row><Row ss:Height="17.3448"><Cell ss:Index="1024" ss:StyleID="ce1"/></Row><Row ss:Height="17.3448"><Cell ss:Index="1024" ss:StyleID="ce1"/></Row><Row ss:Height="17.3448"><Cell ss:Index="1024" ss:StyleID="ce1"/></Row><Row ss:Height="17.3448"><Cell ss:Index="1024" ss:StyleID="ce1"/></Row><Row ss:Height="17.3448"><Cell ss:Index="1024" ss:StyleID="ce1"/></Row><Row ss:Height="17.3448"><Cell ss:Index="1024" ss:StyleID="ce1"/></Row><Row ss:Height="17.3448"><Cell ss:Index="1024" ss:StyleID="ce1"/></Row><Row ss:Height="17.3448"><Cell ss:Index="1024" ss:StyleID="ce1"/></Row><Row ss:Height="17.3448"><Cell ss:Index="1024" ss:StyleID="ce1"/></Row><Row ss:Height="17.3448"><Cell ss:Index="1024" ss:StyleID="ce1"/></Row><Row ss:Height="17.3448"><Cell ss:Index="1024" ss:StyleID="ce1"/></Row><Row ss:Height="17.3448"><Cell ss:Index="1024" ss:StyleID="ce1"/></Row><Row ss:Height="17.3448"><Cell ss:Index="1024" ss:StyleID="ce1"/></Row><Row ss:Height="17.3448"><Cell ss:Index="1024" ss:StyleID="ce1"/></Row><Row ss:Height="17.3448"><Cell ss:Index="1024" ss:StyleID="ce1"/></Row><Row ss:Height="17.3448"><Cell ss:Index="1024" ss:StyleID="ce1"/></Row><Row ss:Height="17.3448"><Cell ss:Index="1024" ss:StyleID="ce1"/></Row><Row ss:Height="17.3448"><Cell ss:Index="1024" ss:StyleID="ce1"/></Row><Row ss:Height="17.3448"><Cell ss:Index="1024" ss:StyleID="ce1"/></Row><Row ss:Height="17.3448"><Cell ss:Index="1024" ss:StyleID="ce1"/></Row><Row ss:Height="17.3448"><Cell ss:Index="1024" ss:StyleID="ce1"/></Row><Row ss:Height="17.3448"><Cell ss:Index="1024" ss:StyleID="ce1"/></Row><Row ss:Height="17.3448"><Cell ss:Index="1024" ss:StyleID="ce1"/></Row><Row ss:Height="17.3448"><Cell ss:Index="1024" ss:StyleID="ce1"/></Row><Row ss:Height="17.3448"><Cell ss:Index="1024" ss:StyleID="ce1"/></Row><Row ss:Height="17.3448"><Cell ss:Index="1024" ss:StyleID="ce1"/></Row><Row ss:Height="17.3448"><Cell ss:Index="1024" ss:StyleID="ce1"/></Row><Row ss:Height="17.3448"><Cell ss:Index="1024" ss:StyleID="ce1"/></Row><Row ss:Height="17.3448"><Cell ss:Index="1024" ss:StyleID="ce1"/></Row><Row ss:Height="17.3448"><Cell ss:Index="1024" ss:StyleID="ce1"/></Row><Row ss:Height="17.3448"><Cell ss:Index="1024" ss:StyleID="ce1"/></Row><Row ss:Height="17.3448"><Cell ss:Index="1024" ss:StyleID="ce1"/></Row><Row ss:Height="17.3448"><Cell ss:Index="1024" ss:StyleID="ce1"/></Row><Row ss:Height="17.3448"><Cell ss:Index="1024" ss:StyleID="ce1"/></Row><Row ss:Height="17.3448"><Cell ss:Index="1024" ss:StyleID="ce1"/></Row><Row ss:Height="17.3448"><Cell ss:Index="1024" ss:StyleID="ce1"/></Row><Row ss:Height="17.3448"><Cell ss:Index="1024" ss:StyleID="ce1"/></Row><Row ss:Height="17.3448"><Cell ss:Index="1024" ss:StyleID="ce1"/></Row><Row ss:Height="17.3448"><Cell ss:Index="1024" ss:StyleID="ce1"/></Row><Row ss:Height="17.3448"><Cell ss:Index="1024" ss:StyleID="ce1"/></Row><Row ss:Height="17.3448"><Cell ss:Index="1024" ss:StyleID="ce1"/></Row><Row ss:Height="17.3448"><Cell ss:Index="1024" ss:StyleID="ce1"/></Row><Row ss:Height="17.3448"><Cell ss:Index="1024" ss:StyleID="ce1"/></Row><Row ss:Height="17.3448"><Cell ss:Index="1024" ss:StyleID="ce1"/></Row><Row ss:Height="17.3448"><Cell ss:Index="1024" ss:StyleID="ce1"/></Row><Row ss:Height="17.3448"><Cell ss:Index="1024" ss:StyleID="ce1"/></Row><Row ss:Height="17.3448"><Cell ss:Index="1024" ss:StyleID="ce1"/></Row><Row ss:Height="17.3448"><Cell ss:Index="1024" ss:StyleID="ce1"/></Row><Row ss:Height="17.3448"><Cell ss:Index="1024" ss:StyleID="ce1"/></Row><Row ss:Height="17.3448"><Cell ss:Index="1024" ss:StyleID="ce1"/></Row><Row ss:Height="17.3448"><Cell ss:Index="1024" ss:StyleID="ce1"/></Row><Row ss:Height="17.3448"><Cell ss:Index="1024" ss:StyleID="ce1"/></Row><Row ss:Height="17.3448"><Cell ss:Index="1024" ss:StyleID="ce1"/></Row><Row ss:Height="17.3448"><Cell ss:Index="1024" ss:StyleID="ce1"/></Row><Row ss:Height="17.3448"><Cell ss:Index="1024" ss:StyleID="ce1"/></Row><Row ss:Height="17.3448"><Cell ss:Index="1024" ss:StyleID="ce1"/></Row><Row ss:Height="17.3448"><Cell ss:Index="1024" ss:StyleID="ce1"/></Row><Row ss:Height="17.3448"><Cell ss:Index="1024" ss:StyleID="ce1"/></Row><Row ss:Height="17.3448"><Cell ss:Index="1024" ss:StyleID="ce1"/></Row><Row ss:Height="17.3448"><Cell ss:Index="1024" ss:StyleID="ce1"/></Row><Row ss:Height="17.3448"><Cell ss:Index="1024" ss:StyleID="ce1"/></Row><Row ss:Height="17.3448"><Cell ss:Index="1024" ss:StyleID="ce1"/></Row><Row ss:Height="17.3448"><Cell ss:Index="1024" ss:StyleID="ce1"/></Row><Row ss:Height="17.3448"><Cell ss:Index="1024" ss:StyleID="ce1"/></Row><Row ss:Height="17.3448"><Cell ss:Index="1024" ss:StyleID="ce1"/></Row><Row ss:Height="17.3448"><Cell ss:Index="1024" ss:StyleID="ce1"/></Row><Row ss:Height="17.3448"><Cell ss:Index="1024" ss:StyleID="ce1"/></Row><Row ss:Height="17.3448"><Cell ss:Index="1024" ss:StyleID="ce1"/></Row><Row ss:Height="17.3448"><Cell ss:Index="1024" ss:StyleID="ce1"/></Row><Row ss:Height="17.3448"><Cell ss:Index="1024" ss:StyleID="ce1"/></Row><Row ss:Height="17.3448"><Cell ss:Index="1024" ss:StyleID="ce1"/></Row><Row ss:Height="17.3448"><Cell ss:Index="1024" ss:StyleID="ce1"/></Row><Row ss:Height="17.3448"><Cell ss:Index="1024" ss:StyleID="ce1"/></Row><Row ss:Height="17.3448"><Cell ss:Index="1024" ss:StyleID="ce1"/></Row><Row ss:Height="17.3448"><Cell ss:Index="1024" ss:StyleID="ce1"/></Row><Row ss:Height="17.3448"><Cell ss:Index="1024" ss:StyleID="ce1"/></Row><Row ss:Height="17.3448"><Cell ss:Index="1024" ss:StyleID="ce1"/></Row><Row ss:Height="17.3448"><Cell ss:Index="1024" ss:StyleID="ce1"/></Row><Row ss:Height="17.3448"><Cell ss:Index="1024" ss:StyleID="ce1"/></Row><Row ss:Height="17.3448"><Cell ss:Index="1024" ss:StyleID="ce1"/></Row><Row ss:Height="17.3448"><Cell ss:Index="1024" ss:StyleID="ce1"/></Row><Row ss:Height="17.3448"><Cell ss:Index="1024" ss:StyleID="ce1"/></Row><Row ss:Height="17.3448"><Cell ss:Index="1024" ss:StyleID="ce1"/></Row><Row ss:Height="17.3448"><Cell ss:Index="1024" ss:StyleID="ce1"/></Row><Row ss:Height="17.3448"><Cell ss:Index="1024" ss:StyleID="ce1"/></Row><Row ss:Height="17.3448"><Cell ss:Index="1024" ss:StyleID="ce1"/></Row><Row ss:Height="17.3448"><Cell ss:Index="1024" ss:StyleID="ce1"/></Row><Row ss:Height="17.3448"><Cell ss:Index="1024" ss:StyleID="ce1"/></Row><Row ss:Height="17.3448"><Cell ss:Index="1024" ss:StyleID="ce1"/></Row><Row ss:Height="17.3448"><Cell ss:Index="1024" ss:StyleID="ce1"/></Row><Row ss:Height="17.3448"><Cell ss:Index="1024" ss:StyleID="ce1"/></Row><Row ss:Height="17.3448"><Cell ss:Index="1024" ss:StyleID="ce1"/></Row><Row ss:Height="17.3448"><Cell ss:Index="1024" ss:StyleID="ce1"/></Row><Row ss:Height="17.3448"><Cell ss:Index="1024" ss:StyleID="ce1"/></Row><Row ss:Height="17.3448"><Cell ss:Index="1024" ss:StyleID="ce1"/></Row><Row ss:Height="17.3448"><Cell ss:Index="1024" ss:StyleID="ce1"/></Row><Row ss:Height="17.3448"><Cell ss:Index="1024" ss:StyleID="ce1"/></Row><Row ss:Height="17.3448"><Cell ss:Index="1024" ss:StyleID="ce1"/></Row><Row ss:Height="17.3448"><Cell ss:Index="1024" ss:StyleID="ce1"/></Row><Row ss:Height="17.3448"><Cell ss:Index="1024" ss:StyleID="ce1"/></Row><Row ss:Height="17.3448"><Cell ss:Index="1024" ss:StyleID="ce1"/></Row><Row ss:Height="17.3448"><Cell ss:Index="1024" ss:StyleID="ce1"/></Row><Row ss:Height="17.3448"><Cell ss:Index="1024" ss:StyleID="ce1"/></Row><Row ss:Height="17.3448"><Cell ss:Index="1024" ss:StyleID="ce1"/></Row><Row ss:Height="17.3448"><Cell ss:Index="1024" ss:StyleID="ce1"/></Row><Row ss:Height="17.3448"><Cell ss:Index="1024" ss:StyleID="ce1"/></Row><Row ss:Height="17.3448"><Cell ss:Index="1024" ss:StyleID="ce1"/></Row><Row ss:Height="17.3448"><Cell ss:Index="1024" ss:StyleID="ce1"/></Row><Row ss:Height="17.3448"><Cell ss:Index="1024" ss:StyleID="ce1"/></Row><Row ss:Height="17.3448"><Cell ss:Index="1024" ss:StyleID="ce1"/></Row><Row ss:Height="17.3448"><Cell ss:Index="1024" ss:StyleID="ce1"/></Row><Row ss:Height="17.3448"><Cell ss:Index="1024" ss:StyleID="ce1"/></Row><Row ss:Height="17.3448"><Cell ss:Index="1024" ss:StyleID="ce1"/></Row><Row ss:Height="17.3448"><Cell ss:Index="1024" ss:StyleID="ce1"/></Row><Row ss:Height="17.3448"><Cell ss:Index="1024" ss:StyleID="ce1"/></Row><Row ss:Height="17.3448"><Cell ss:Index="1024" ss:StyleID="ce1"/></Row><Row ss:Height="17.3448"><Cell ss:Index="1024" ss:StyleID="ce1"/></Row><Row ss:Height="17.3448"><Cell ss:Index="1024" ss:StyleID="ce1"/></Row><Row ss:Height="17.3448"><Cell ss:Index="1024" ss:StyleID="ce1"/></Row><Row ss:Height="17.3448"><Cell ss:Index="1024" ss:StyleID="ce1"/></Row><Row ss:Height="17.3448"><Cell ss:Index="1024" ss:StyleID="ce1"/></Row><Row ss:Height="17.3448"><Cell ss:Index="1024" ss:StyleID="ce1"/></Row><Row ss:Height="17.3448"><Cell ss:Index="1024" ss:StyleID="ce1"/></Row><Row ss:Height="17.3448"><Cell ss:Index="1024" ss:StyleID="ce1"/></Row><Row ss:Height="17.3448"><Cell ss:Index="1024" ss:StyleID="ce1"/></Row><Row ss:Height="17.3448"><Cell ss:Index="1024" ss:StyleID="ce1"/></Row><Row ss:Height="17.3448"><Cell ss:Index="1024" ss:StyleID="ce1"/></Row><Row ss:Height="17.3448"><Cell ss:Index="1024" ss:StyleID="ce1"/></Row><Row ss:Height="17.3448"><Cell ss:Index="1024" ss:StyleID="ce1"/></Row><Row ss:Height="17.3448"><Cell ss:Index="1024" ss:StyleID="ce1"/></Row><Row ss:Height="17.3448"><Cell ss:Index="1024" ss:StyleID="ce1"/></Row><Row ss:Height="17.3448"><Cell ss:Index="1024" ss:StyleID="ce1"/></Row><Row ss:Height="17.3448"><Cell ss:Index="1024" ss:StyleID="ce1"/></Row><Row ss:Height="17.3448"><Cell ss:Index="1024" ss:StyleID="ce1"/></Row><Row ss:Height="17.3448"><Cell ss:Index="1024" ss:StyleID="ce1"/></Row><Row ss:Height="17.3448"><Cell ss:Index="1024" ss:StyleID="ce1"/></Row><Row ss:Height="17.3448"><Cell ss:Index="1024" ss:StyleID="ce1"/></Row><Row ss:Height="17.3448"><Cell ss:Index="1024" ss:StyleID="ce1"/></Row><Row ss:Height="17.3448"><Cell ss:Index="1024" ss:StyleID="ce1"/></Row><Row ss:Height="17.3448"><Cell ss:Index="1024" ss:StyleID="ce1"/></Row><Row ss:Height="17.3448"><Cell ss:Index="1024" ss:StyleID="ce1"/></Row><Row ss:Height="17.3448"><Cell ss:Index="1024" ss:StyleID="ce1"/></Row><Row ss:Height="17.3448"><Cell ss:Index="1024" ss:StyleID="ce1"/></Row><Row ss:Height="17.3448"><Cell ss:Index="1024" ss:StyleID="ce1"/></Row><Row ss:Height="17.3448"><Cell ss:Index="1024" ss:StyleID="ce1"/></Row><Row ss:Height="17.3448"><Cell ss:Index="1024" ss:StyleID="ce1"/></Row><Row ss:Height="17.3448"><Cell ss:Index="1024" ss:StyleID="ce1"/></Row><Row ss:Height="17.3448"><Cell ss:Index="1024" ss:StyleID="ce1"/></Row><Row ss:Height="17.3448"><Cell ss:Index="1024" ss:StyleID="ce1"/></Row><Row ss:Height="17.3448"><Cell ss:Index="1024" ss:StyleID="ce1"/></Row><Row ss:Height="17.3448"><Cell ss:Index="1024" ss:StyleID="ce1"/></Row><Row ss:Height="17.3448"><Cell ss:Index="1024" ss:StyleID="ce1"/></Row><Row ss:Height="17.3448"><Cell ss:Index="1024" ss:StyleID="ce1"/></Row><Row ss:Height="17.3448"><Cell ss:Index="1024" ss:StyleID="ce1"/></Row><Row ss:Height="17.3448"><Cell ss:Index="1024" ss:StyleID="ce1"/></Row><Row ss:Height="17.3448"><Cell ss:Index="1024" ss:StyleID="ce1"/></Row><Row ss:Height="17.3448"><Cell ss:Index="1024" ss:StyleID="ce1"/></Row><Row ss:Height="17.3448"><Cell ss:Index="1024" ss:StyleID="ce1"/></Row><Row ss:Height="17.3448"><Cell ss:Index="1024" ss:StyleID="ce1"/></Row><Row ss:Height="17.3448"><Cell ss:Index="1024" ss:StyleID="ce1"/></Row><Row ss:Height="17.3448"><Cell ss:Index="1024" ss:StyleID="ce1"/></Row><Row ss:Height="17.3448"><Cell ss:Index="1024" ss:StyleID="ce1"/></Row><Row ss:Height="17.3448"><Cell ss:Index="1024" ss:StyleID="ce1"/></Row><Row ss:Height="17.3448"><Cell ss:Index="1024" ss:StyleID="ce1"/></Row><Row ss:Height="17.3448"><Cell ss:Index="1024" ss:StyleID="ce1"/></Row><Row ss:Height="17.3448"><Cell ss:Index="1024" ss:StyleID="ce1"/></Row><Row ss:Height="17.3448"><Cell ss:Index="1024" ss:StyleID="ce1"/></Row><Row ss:Height="17.3448"><Cell ss:Index="1024" ss:StyleID="ce1"/></Row><Row ss:Height="17.3448"><Cell ss:Index="1024" ss:StyleID="ce1"/></Row><Row ss:Height="17.3448"><Cell ss:Index="1024" ss:StyleID="ce1"/></Row><Row ss:Height="17.3448"><Cell ss:Index="1024" ss:StyleID="ce1"/></Row><Row ss:Height="17.3448"><Cell ss:Index="1024" ss:StyleID="ce1"/></Row><Row ss:Height="17.3448"><Cell ss:Index="1024" ss:StyleID="ce1"/></Row><Row ss:Height="17.3448"><Cell ss:Index="1024" ss:StyleID="ce1"/></Row><Row ss:Height="17.3448"><Cell ss:Index="1024" ss:StyleID="ce1"/></Row><Row ss:Height="17.3448"><Cell ss:Index="1024" ss:StyleID="ce1"/></Row><Row ss:Height="17.3448"><Cell ss:Index="1024" ss:StyleID="ce1"/></Row><Row ss:Height="17.3448"><Cell ss:Index="1024" ss:StyleID="ce1"/></Row><Row ss:Height="17.3448"><Cell ss:Index="1024" ss:StyleID="ce1"/></Row><Row ss:Height="17.3448"><Cell ss:Index="1024" ss:StyleID="ce1"/></Row><Row ss:Height="17.3448"><Cell ss:Index="1024" ss:StyleID="ce1"/></Row><Row ss:Height="17.3448"><Cell ss:Index="1024" ss:StyleID="ce1"/></Row><Row ss:Height="17.3448"><Cell ss:Index="1024" ss:StyleID="ce1"/></Row><Row ss:Height="17.3448"><Cell ss:Index="1024" ss:StyleID="ce1"/></Row><Row ss:Height="17.3448"><Cell ss:Index="1024" ss:StyleID="ce1"/></Row><Row ss:Height="17.3448"><Cell ss:Index="1024" ss:StyleID="ce1"/></Row><Row ss:Height="17.3448"><Cell ss:Index="1024" ss:StyleID="ce1"/></Row><Row ss:Height="17.3448"><Cell ss:Index="1024" ss:StyleID="ce1"/></Row><Row ss:Height="17.3448"><Cell ss:Index="1024" ss:StyleID="ce1"/></Row><Row ss:Height="17.3448"><Cell ss:Index="1024" ss:StyleID="ce1"/></Row><Row ss:Height="17.3448"><Cell ss:Index="1024" ss:StyleID="ce1"/></Row><Row ss:Height="17.3448"><Cell ss:Index="1024" ss:StyleID="ce1"/></Row><Row ss:Height="17.3448"><Cell ss:Index="1024" ss:StyleID="ce1"/></Row><Row ss:Height="17.3448"><Cell ss:Index="1024" ss:StyleID="ce1"/></Row><Row ss:Height="17.3448"><Cell ss:Index="1024" ss:StyleID="ce1"/></Row><Row ss:Height="17.3448"><Cell ss:Index="1024" ss:StyleID="ce1"/></Row><Row ss:Height="17.3448"><Cell ss:Index="1024" ss:StyleID="ce1"/></Row><Row ss:Height="17.3448"><Cell ss:Index="1024" ss:StyleID="ce1"/></Row><Row ss:Height="17.3448"><Cell ss:Index="1024" ss:StyleID="ce1"/></Row><Row ss:Height="17.3448"><Cell ss:Index="1024" ss:StyleID="ce1"/></Row><Row ss:Height="17.3448"><Cell ss:Index="1024" ss:StyleID="ce1"/></Row><Row ss:Height="17.3448"><Cell ss:Index="1024" ss:StyleID="ce1"/></Row><Row ss:Height="17.3448"><Cell ss:Index="1024" ss:StyleID="ce1"/></Row><Row ss:Height="17.3448"><Cell ss:Index="1024" ss:StyleID="ce1"/></Row><Row ss:Height="17.3448"><Cell ss:Index="1024" ss:StyleID="ce1"/></Row><Row ss:Height="17.3448"><Cell ss:Index="1024" ss:StyleID="ce1"/></Row><Row ss:Height="17.3448"><Cell ss:Index="1024" ss:StyleID="ce1"/></Row><Row ss:Height="17.3448"><Cell ss:Index="1024" ss:StyleID="ce1"/></Row><Row ss:Height="17.3448"><Cell ss:Index="1024" ss:StyleID="ce1"/></Row><Row ss:Height="17.3448"><Cell ss:Index="1024" ss:StyleID="ce1"/></Row><Row ss:Height="17.3448"><Cell ss:Index="1024" ss:StyleID="ce1"/></Row><Row ss:Height="17.3448"><Cell ss:Index="1024" ss:StyleID="ce1"/></Row><Row ss:Height="17.3448"><Cell ss:Index="1024" ss:StyleID="ce1"/></Row><Row ss:Height="17.3448"><Cell ss:Index="1024" ss:StyleID="ce1"/></Row><Row ss:Height="17.3448"><Cell ss:Index="1024" ss:StyleID="ce1"/></Row><Row ss:Height="17.3448"><Cell ss:Index="1024" ss:StyleID="ce1"/></Row><Row ss:Height="17.3448"><Cell ss:Index="1024" ss:StyleID="ce1"/></Row><Row ss:Height="17.3448"><Cell ss:Index="1024" ss:StyleID="ce1"/></Row><Row ss:Height="17.3448"><Cell ss:Index="1024" ss:StyleID="ce1"/></Row><Row ss:Height="17.3448"><Cell ss:Index="1024" ss:StyleID="ce1"/></Row><Row ss:Height="17.3448"><Cell ss:Index="1024" ss:StyleID="ce1"/></Row><Row ss:Height="17.3448"><Cell ss:Index="1024" ss:StyleID="ce1"/></Row><Row ss:Height="17.3448"><Cell ss:Index="1024" ss:StyleID="ce1"/></Row><Row ss:Height="17.3448"><Cell ss:Index="1024" ss:StyleID="ce1"/></Row><Row ss:Height="17.3448"><Cell ss:Index="1024" ss:StyleID="ce1"/></Row><Row ss:Height="17.3448"><Cell ss:Index="1024" ss:StyleID="ce1"/></Row><Row ss:Height="17.3448"><Cell ss:Index="1024" ss:StyleID="ce1"/></Row><Row ss:Height="17.3448"><Cell ss:Index="1024" ss:StyleID="ce1"/></Row><Row ss:Height="17.3448"><Cell ss:Index="1024" ss:StyleID="ce1"/></Row><Row ss:Height="17.3448"><Cell ss:Index="1024" ss:StyleID="ce1"/></Row><Row ss:Height="17.3448"><Cell ss:Index="1024" ss:StyleID="ce1"/></Row><Row ss:Height="17.3448"><Cell ss:Index="1024" ss:StyleID="ce1"/></Row><Row ss:Height="17.3448"><Cell ss:Index="1024" ss:StyleID="ce1"/></Row><Row ss:Height="17.3448"><Cell ss:Index="1024" ss:StyleID="ce1"/></Row><Row ss:Height="17.3448"><Cell ss:Index="1024" ss:StyleID="ce1"/></Row><Row ss:Height="17.3448"><Cell ss:Index="1024" ss:StyleID="ce1"/></Row><Row ss:Height="17.3448"><Cell ss:Index="1024" ss:StyleID="ce1"/></Row><Row ss:Height="17.3448"><Cell ss:Index="1024" ss:StyleID="ce1"/></Row><Row ss:Height="17.3448"><Cell ss:Index="1024" ss:StyleID="ce1"/></Row><Row ss:Height="17.3448"><Cell ss:Index="1024" ss:StyleID="ce1"/></Row><Row ss:Height="17.3448"><Cell ss:Index="1024" ss:StyleID="ce1"/></Row><Row ss:Height="17.3448"><Cell ss:Index="1024" ss:StyleID="ce1"/></Row><Row ss:Height="17.3448"><Cell ss:Index="1024" ss:StyleID="ce1"/></Row><Row ss:Height="17.3448"><Cell ss:Index="1024" ss:StyleID="ce1"/></Row><Row ss:Height="17.3448"><Cell ss:Index="1024" ss:StyleID="ce1"/></Row><Row ss:Height="17.3448"><Cell ss:Index="1024" ss:StyleID="ce1"/></Row><Row ss:Height="17.3448"><Cell ss:Index="1024" ss:StyleID="ce1"/></Row><Row ss:Height="17.3448"><Cell ss:Index="1024" ss:StyleID="ce1"/></Row><Row ss:Height="17.3448"><Cell ss:Index="1024" ss:StyleID="ce1"/></Row><Row ss:Height="17.3448"><Cell ss:Index="1024" ss:StyleID="ce1"/></Row><Row ss:Height="17.3448"><Cell ss:Index="1024" ss:StyleID="ce1"/></Row><Row ss:Height="17.3448"><Cell ss:Index="1024" ss:StyleID="ce1"/></Row><Row ss:Height="17.3448"><Cell ss:Index="1024" ss:StyleID="ce1"/></Row><Row ss:Height="17.3448"><Cell ss:Index="1024" ss:StyleID="ce1"/></Row><Row ss:Height="17.3448"><Cell ss:Index="1024" ss:StyleID="ce1"/></Row><Row ss:Height="17.3448"><Cell ss:Index="1024" ss:StyleID="ce1"/></Row><Row ss:Height="17.3448"><Cell ss:Index="1024" ss:StyleID="ce1"/></Row><Row ss:Height="17.3448"><Cell ss:Index="1024" ss:StyleID="ce1"/></Row><Row ss:Height="17.3448"><Cell ss:Index="1024" ss:StyleID="ce1"/></Row><Row ss:Height="17.3448"><Cell ss:Index="1024" ss:StyleID="ce1"/></Row><Row ss:Height="17.3448"><Cell ss:Index="1024" ss:StyleID="ce1"/></Row><Row ss:Height="17.3448"><Cell ss:Index="1024" ss:StyleID="ce1"/></Row><Row ss:Height="17.3448"><Cell ss:Index="1024" ss:StyleID="ce1"/></Row><Row ss:Height="17.3448"><Cell ss:Index="1024" ss:StyleID="ce1"/></Row><Row ss:Height="17.3448"><Cell ss:Index="1024" ss:StyleID="ce1"/></Row><Row ss:Height="17.3448"><Cell ss:Index="1024" ss:StyleID="ce1"/></Row><Row ss:Height="17.3448"><Cell ss:Index="1024" ss:StyleID="ce1"/></Row><Row ss:Height="17.3448"><Cell ss:Index="1024" ss:StyleID="ce1"/></Row><Row ss:Height="17.3448"><Cell ss:Index="1024" ss:StyleID="ce1"/></Row><Row ss:Height="17.3448"><Cell ss:Index="1024" ss:StyleID="ce1"/></Row><Row ss:Height="17.3448"><Cell ss:Index="1024" ss:StyleID="ce1"/></Row><Row ss:Height="17.3448"><Cell ss:Index="1024" ss:StyleID="ce1"/></Row><Row ss:Height="17.3448"><Cell ss:Index="1024" ss:StyleID="ce1"/></Row><Row ss:Height="17.3448"><Cell ss:Index="1024" ss:StyleID="ce1"/></Row><Row ss:Height="17.3448"><Cell ss:Index="1024" ss:StyleID="ce1"/></Row><Row ss:Height="17.3448"><Cell ss:Index="1024" ss:StyleID="ce1"/></Row><Row ss:Height="17.3448"><Cell ss:Index="1024" ss:StyleID="ce1"/></Row><Row ss:Height="17.3448"><Cell ss:Index="1024" ss:StyleID="ce1"/></Row><Row ss:Height="17.3448"><Cell ss:Index="1024" ss:StyleID="ce1"/></Row><Row ss:Height="17.3448"><Cell ss:Index="1024" ss:StyleID="ce1"/></Row><Row ss:Height="17.3448"><Cell ss:Index="1024" ss:StyleID="ce1"/></Row><Row ss:Height="17.3448"><Cell ss:Index="1024" ss:StyleID="ce1"/></Row><Row ss:Height="17.3448"><Cell ss:Index="1024" ss:StyleID="ce1"/></Row><Row ss:Height="17.3448"><Cell ss:Index="1024" ss:StyleID="ce1"/></Row><Row ss:Height="17.3448"><Cell ss:Index="1024" ss:StyleID="ce1"/></Row><Row ss:Height="17.3448"><Cell ss:Index="1024" ss:StyleID="ce1"/></Row><Row ss:Height="17.3448"><Cell ss:Index="1024" ss:StyleID="ce1"/></Row><Row ss:Height="17.3448"><Cell ss:Index="1024" ss:StyleID="ce1"/></Row><Row ss:Height="17.3448"><Cell ss:Index="1024" ss:StyleID="ce1"/></Row><Row ss:Height="17.3448"><Cell ss:Index="1024" ss:StyleID="ce1"/></Row><Row ss:Height="17.3448"><Cell ss:Index="1024" ss:StyleID="ce1"/></Row><Row ss:Height="17.3448"><Cell ss:Index="1024" ss:StyleID="ce1"/></Row><Row ss:Height="17.3448"><Cell ss:Index="1024" ss:StyleID="ce1"/></Row><Row ss:Height="17.3448"><Cell ss:Index="1024" ss:StyleID="ce1"/></Row><Row ss:Height="17.3448"><Cell ss:Index="1024" ss:StyleID="ce1"/></Row><Row ss:Height="17.3448"><Cell ss:Index="1024" ss:StyleID="ce1"/></Row><Row ss:Height="17.3448"><Cell ss:Index="1024" ss:StyleID="ce1"/></Row><Row ss:Height="17.3448"><Cell ss:Index="1024" ss:StyleID="ce1"/></Row><Row ss:Height="17.3448"><Cell ss:Index="1024" ss:StyleID="ce1"/></Row><Row ss:Height="17.3448"><Cell ss:Index="1024" ss:StyleID="ce1"/></Row><Row ss:Height="17.3448"><Cell ss:Index="1024" ss:StyleID="ce1"/></Row><Row ss:Height="17.3448"><Cell ss:Index="1024" ss:StyleID="ce1"/></Row><Row ss:Height="17.3448"><Cell ss:Index="1024" ss:StyleID="ce1"/></Row><Row ss:Height="17.3448"><Cell ss:Index="1024" ss:StyleID="ce1"/></Row><Row ss:Height="17.3448"><Cell ss:Index="1024" ss:StyleID="ce1"/></Row><Row ss:Height="17.3448"><Cell ss:Index="1024" ss:StyleID="ce1"/></Row><Row ss:Height="17.3448"><Cell ss:Index="1024" ss:StyleID="ce1"/></Row><Row ss:Height="17.3448"><Cell ss:Index="1024" ss:StyleID="ce1"/></Row><Row ss:Height="17.3448"><Cell ss:Index="1024" ss:StyleID="ce1"/></Row><Row ss:Height="17.3448"><Cell ss:Index="1024" ss:StyleID="ce1"/></Row><Row ss:Height="17.3448"><Cell ss:Index="1024" ss:StyleID="ce1"/></Row><Row ss:Height="17.3448"><Cell ss:Index="1024" ss:StyleID="ce1"/></Row><Row ss:Height="17.3448"><Cell ss:Index="1024" ss:StyleID="ce1"/></Row><Row ss:Height="17.3448"><Cell ss:Index="1024" ss:StyleID="ce1"/></Row><Row ss:Height="17.3448"><Cell ss:Index="1024" ss:StyleID="ce1"/></Row><Row ss:Height="17.3448"><Cell ss:Index="1024" ss:StyleID="ce1"/></Row><Row ss:Height="17.3448"><Cell ss:Index="1024" ss:StyleID="ce1"/></Row><Row ss:Height="17.3448"><Cell ss:Index="1024" ss:StyleID="ce1"/></Row><Row ss:Height="17.3448"><Cell ss:Index="1024" ss:StyleID="ce1"/></Row><Row ss:Height="17.3448"><Cell ss:Index="1024" ss:StyleID="ce1"/></Row><Row ss:Height="17.3448"><Cell ss:Index="1024" ss:StyleID="ce1"/></Row><Row ss:Height="17.3448"><Cell ss:Index="1024" ss:StyleID="ce1"/></Row><Row ss:Height="17.3448"><Cell ss:Index="1024" ss:StyleID="ce1"/></Row><Row ss:Height="17.3448"><Cell ss:Index="1024" ss:StyleID="ce1"/></Row><Row ss:Height="17.3448"><Cell ss:Index="1024" ss:StyleID="ce1"/></Row><Row ss:Height="17.3448"><Cell ss:Index="1024" ss:StyleID="ce1"/></Row><Row ss:Height="17.3448"><Cell ss:Index="1024" ss:StyleID="ce1"/></Row><Row ss:Height="17.3448"><Cell ss:Index="1024" ss:StyleID="ce1"/></Row><Row ss:Height="17.3448"><Cell ss:Index="1024" ss:StyleID="ce1"/></Row><Row ss:Height="17.3448"><Cell ss:Index="1024" ss:StyleID="ce1"/></Row><Row ss:Height="17.3448"><Cell ss:Index="1024" ss:StyleID="ce1"/></Row><Row ss:Height="17.3448"><Cell ss:Index="1024" ss:StyleID="ce1"/></Row><Row ss:Height="17.3448"><Cell ss:Index="1024" ss:StyleID="ce1"/></Row><Row ss:Height="17.3448"><Cell ss:Index="1024" ss:StyleID="ce1"/></Row><Row ss:Height="17.3448"><Cell ss:Index="1024" ss:StyleID="ce1"/></Row><Row ss:Height="17.3448"><Cell ss:Index="1024" ss:StyleID="ce1"/></Row><Row ss:Height="17.3448"><Cell ss:Index="1024" ss:StyleID="ce1"/></Row><Row ss:Height="17.3448"><Cell ss:Index="1024" ss:StyleID="ce1"/></Row><Row ss:Height="17.3448"><Cell ss:Index="1024" ss:StyleID="ce1"/></Row><Row ss:Height="17.3448"><Cell ss:Index="1024" ss:StyleID="ce1"/></Row><Row ss:Height="17.3448"><Cell ss:Index="1024" ss:StyleID="ce1"/></Row><Row ss:Height="17.3448"><Cell ss:Index="1024" ss:StyleID="ce1"/></Row><Row ss:Height="17.3448"><Cell ss:Index="1024" ss:StyleID="ce1"/></Row><Row ss:Height="17.3448"><Cell ss:Index="1024" ss:StyleID="ce1"/></Row><Row ss:Height="17.3448"><Cell ss:Index="1024" ss:StyleID="ce1"/></Row><Row ss:Height="17.3448"><Cell ss:Index="1024" ss:StyleID="ce1"/></Row><Row ss:Height="17.3448"><Cell ss:Index="1024" ss:StyleID="ce1"/></Row><Row ss:Height="17.3448"><Cell ss:Index="1024" ss:StyleID="ce1"/></Row><Row ss:Height="17.3448"><Cell ss:Index="1024" ss:StyleID="ce1"/></Row><Row ss:Height="17.3448"><Cell ss:Index="1024" ss:StyleID="ce1"/></Row><Row ss:Height="17.3448"><Cell ss:Index="1024" ss:StyleID="ce1"/></Row><Row ss:Height="17.3448"><Cell ss:Index="1024" ss:StyleID="ce1"/></Row><Row ss:Height="17.3448"><Cell ss:Index="1024" ss:StyleID="ce1"/></Row><Row ss:Height="17.3448"><Cell ss:Index="1024" ss:StyleID="ce1"/></Row><Row ss:Height="17.3448"><Cell ss:Index="1024" ss:StyleID="ce1"/></Row><Row ss:Height="17.3448"><Cell ss:Index="1024" ss:StyleID="ce1"/></Row><Row ss:Height="17.3448"><Cell ss:Index="1024" ss:StyleID="ce1"/></Row><Row ss:Height="17.3448"><Cell ss:Index="1024" ss:StyleID="ce1"/></Row><Row ss:Height="17.3448"><Cell ss:Index="1024" ss:StyleID="ce1"/></Row><Row ss:Height="17.3448"><Cell ss:Index="1024" ss:StyleID="ce1"/></Row><Row ss:Height="17.3448"><Cell ss:Index="1024" ss:StyleID="ce1"/></Row><Row ss:Height="17.3448"><Cell ss:Index="1024" ss:StyleID="ce1"/></Row><Row ss:Height="17.3448"><Cell ss:Index="1024" ss:StyleID="ce1"/></Row><Row ss:Height="17.3448"><Cell ss:Index="1024" ss:StyleID="ce1"/></Row><Row ss:Height="17.3448"><Cell ss:Index="1024" ss:StyleID="ce1"/></Row><Row ss:Height="17.3448"><Cell ss:Index="1024" ss:StyleID="ce1"/></Row><Row ss:Height="17.3448"><Cell ss:Index="1024" ss:StyleID="ce1"/></Row><Row ss:Height="17.3448"><Cell ss:Index="1024" ss:StyleID="ce1"/></Row><Row ss:Height="17.3448"><Cell ss:Index="1024" ss:StyleID="ce1"/></Row><Row ss:Height="17.3448"><Cell ss:Index="1024" ss:StyleID="ce1"/></Row><Row ss:Height="17.3448"><Cell ss:Index="1024" ss:StyleID="ce1"/></Row><Row ss:Height="17.3448"><Cell ss:Index="1024" ss:StyleID="ce1"/></Row><Row ss:Height="17.3448"><Cell ss:Index="1024" ss:StyleID="ce1"/></Row><Row ss:Height="17.3448"><Cell ss:Index="1024" ss:StyleID="ce1"/></Row><Row ss:Height="17.3448"><Cell ss:Index="1024" ss:StyleID="ce1"/></Row><Row ss:Height="17.3448"><Cell ss:Index="1024" ss:StyleID="ce1"/></Row><Row ss:Height="17.3448"><Cell ss:Index="1024" ss:StyleID="ce1"/></Row><Row ss:Height="17.3448"><Cell ss:Index="1024" ss:StyleID="ce1"/></Row><Row ss:Height="17.3448"><Cell ss:Index="1024" ss:StyleID="ce1"/></Row><Row ss:Height="17.3448"><Cell ss:Index="1024" ss:StyleID="ce1"/></Row><Row ss:Height="17.3448"><Cell ss:Index="1024" ss:StyleID="ce1"/></Row><Row ss:Height="17.3448"><Cell ss:Index="1024" ss:StyleID="ce1"/></Row><Row ss:Height="17.3448"><Cell ss:Index="1024" ss:StyleID="ce1"/></Row><Row ss:Height="17.3448"><Cell ss:Index="1024" ss:StyleID="ce1"/></Row><Row ss:Height="17.3448"><Cell ss:Index="1024" ss:StyleID="ce1"/></Row><Row ss:Height="17.3448"><Cell ss:Index="1024" ss:StyleID="ce1"/></Row><Row ss:Height="17.3448"><Cell ss:Index="1024" ss:StyleID="ce1"/></Row><Row ss:Height="17.3448"><Cell ss:Index="1024" ss:StyleID="ce1"/></Row><Row ss:Height="17.3448"><Cell ss:Index="1024" ss:StyleID="ce1"/></Row><Row ss:Height="17.3448"><Cell ss:Index="1024" ss:StyleID="ce1"/></Row><Row ss:Height="17.3448"><Cell ss:Index="1024" ss:StyleID="ce1"/></Row><Row ss:Height="17.3448"><Cell ss:Index="1024" ss:StyleID="ce1"/></Row><Row ss:Height="17.3448"><Cell ss:Index="1024" ss:StyleID="ce1"/></Row><Row ss:Height="17.3448"><Cell ss:Index="1024" ss:StyleID="ce1"/></Row><Row ss:Height="17.3448"><Cell ss:Index="1024" ss:StyleID="ce1"/></Row><Row ss:Height="17.3448"><Cell ss:Index="1024" ss:StyleID="ce1"/></Row><Row ss:Height="17.3448"><Cell ss:Index="1024" ss:StyleID="ce1"/></Row><Row ss:Height="17.3448"><Cell ss:Index="1024" ss:StyleID="ce1"/></Row><Row ss:Height="17.3448"><Cell ss:Index="1024" ss:StyleID="ce1"/></Row><Row ss:Height="17.3448"><Cell ss:Index="1024" ss:StyleID="ce1"/></Row><Row ss:Height="17.3448"><Cell ss:Index="1024" ss:StyleID="ce1"/></Row><Row ss:Height="17.3448"><Cell ss:Index="1024" ss:StyleID="ce1"/></Row><Row ss:Height="17.3448"><Cell ss:Index="1024" ss:StyleID="ce1"/></Row><Row ss:Height="17.3448"><Cell ss:Index="1024" ss:StyleID="ce1"/></Row><Row ss:Height="17.3448"><Cell ss:Index="1024" ss:StyleID="ce1"/></Row><Row ss:Height="17.3448"><Cell ss:Index="1024" ss:StyleID="ce1"/></Row><Row ss:Height="17.3448"><Cell ss:Index="1024" ss:StyleID="ce1"/></Row><Row ss:Height="17.3448"><Cell ss:Index="1024" ss:StyleID="ce1"/></Row><Row ss:Height="17.3448"><Cell ss:Index="1024" ss:StyleID="ce1"/></Row><Row ss:Height="17.3448"><Cell ss:Index="1024" ss:StyleID="ce1"/></Row><Row ss:Height="17.3448"><Cell ss:Index="1024" ss:StyleID="ce1"/></Row><Row ss:Height="17.3448"><Cell ss:Index="1024" ss:StyleID="ce1"/></Row><Row ss:Height="17.3448"><Cell ss:Index="1024" ss:StyleID="ce1"/></Row><Row ss:Height="17.3448"><Cell ss:Index="1024" ss:StyleID="ce1"/></Row><Row ss:Height="17.3448"><Cell ss:Index="1024" ss:StyleID="ce1"/></Row><Row ss:Height="17.3448"><Cell ss:Index="1024" ss:StyleID="ce1"/></Row><Row ss:Height="17.3448"><Cell ss:Index="1024" ss:StyleID="ce1"/></Row><Row ss:Height="17.3448"><Cell ss:Index="1024" ss:StyleID="ce1"/></Row><Row ss:Height="17.3448"><Cell ss:Index="1024" ss:StyleID="ce1"/></Row><Row ss:Height="17.3448"><Cell ss:Index="1024" ss:StyleID="ce1"/></Row><Row ss:Height="17.3448"><Cell ss:Index="1024" ss:StyleID="ce1"/></Row><Row ss:Height="17.3448"><Cell ss:Index="1024" ss:StyleID="ce1"/></Row><Row ss:Height="17.3448"><Cell ss:Index="1024" ss:StyleID="ce1"/></Row><Row ss:Height="17.3448"><Cell ss:Index="1024" ss:StyleID="ce1"/></Row><Row ss:Height="17.3448"><Cell ss:Index="1024" ss:StyleID="ce1"/></Row><Row ss:Height="17.3448"><Cell ss:Index="1024" ss:StyleID="ce1"/></Row><Row ss:Height="17.3448"><Cell ss:Index="1024" ss:StyleID="ce1"/></Row><Row ss:Height="17.3448"><Cell ss:Index="1024" ss:StyleID="ce1"/></Row><Row ss:Height="17.3448"><Cell ss:Index="1024" ss:StyleID="ce1"/></Row><Row ss:Height="17.3448"><Cell ss:Index="1024" ss:StyleID="ce1"/></Row><Row ss:Height="17.3448"><Cell ss:Index="1024" ss:StyleID="ce1"/></Row><Row ss:Height="17.3448"><Cell ss:Index="1024" ss:StyleID="ce1"/></Row><Row ss:Height="17.3448"><Cell ss:Index="1024" ss:StyleID="ce1"/></Row><Row ss:Height="17.3448"><Cell ss:Index="1024" ss:StyleID="ce1"/></Row><Row ss:Height="17.3448"><Cell ss:Index="1024" ss:StyleID="ce1"/></Row><Row ss:Height="17.3448"><Cell ss:Index="1024" ss:StyleID="ce1"/></Row><Row ss:Height="17.3448"><Cell ss:Index="1024" ss:StyleID="ce1"/></Row><Row ss:Height="17.3448"><Cell ss:Index="1024" ss:StyleID="ce1"/></Row><Row ss:Height="17.3448"><Cell ss:Index="1024" ss:StyleID="ce1"/></Row><Row ss:Height="17.3448"><Cell ss:Index="1024" ss:StyleID="ce1"/></Row><Row ss:Height="17.3448"><Cell ss:Index="1024" ss:StyleID="ce1"/></Row><Row ss:Height="17.3448"><Cell ss:Index="1024" ss:StyleID="ce1"/></Row><Row ss:Height="17.3448"><Cell ss:Index="1024" ss:StyleID="ce1"/></Row><Row ss:Height="17.3448"><Cell ss:Index="1024" ss:StyleID="ce1"/></Row><Row ss:Height="17.3448"><Cell ss:Index="1024" ss:StyleID="ce1"/></Row><Row ss:Height="17.3448"><Cell ss:Index="1024" ss:StyleID="ce1"/></Row><Row ss:Height="17.3448"><Cell ss:Index="1024" ss:StyleID="ce1"/></Row><Row ss:Height="17.3448"><Cell ss:Index="1024" ss:StyleID="ce1"/></Row><Row ss:Height="17.3448"><Cell ss:Index="1024" ss:StyleID="ce1"/></Row><Row ss:Height="17.3448"><Cell ss:Index="1024" ss:StyleID="ce1"/></Row><Row ss:Height="17.3448"><Cell ss:Index="1024" ss:StyleID="ce1"/></Row><Row ss:Height="17.3448"><Cell ss:Index="1024" ss:StyleID="ce1"/></Row><Row ss:Height="17.3448"><Cell ss:Index="1024" ss:StyleID="ce1"/></Row><Row ss:Height="17.3448"><Cell ss:Index="1024" ss:StyleID="ce1"/></Row><Row ss:Height="17.3448"><Cell ss:Index="1024" ss:StyleID="ce1"/></Row><Row ss:Height="17.3448"><Cell ss:Index="1024" ss:StyleID="ce1"/></Row><Row ss:Height="17.3448"><Cell ss:Index="1024" ss:StyleID="ce1"/></Row><Row ss:Height="17.3448"><Cell ss:Index="1024" ss:StyleID="ce1"/></Row><Row ss:Height="17.3448"><Cell ss:Index="1024" ss:StyleID="ce1"/></Row><Row ss:Height="17.3448"><Cell ss:Index="1024" ss:StyleID="ce1"/></Row><Row ss:Height="17.3448"><Cell ss:Index="1024" ss:StyleID="ce1"/></Row><Row ss:Height="17.3448"><Cell ss:Index="1024" ss:StyleID="ce1"/></Row><Row ss:Height="17.3448"><Cell ss:Index="1024" ss:StyleID="ce1"/></Row><Row ss:Height="17.3448"><Cell ss:Index="1024" ss:StyleID="ce1"/></Row><Row ss:Height="17.3448"><Cell ss:Index="1024" ss:StyleID="ce1"/></Row><Row ss:Height="17.3448"><Cell ss:Index="1024" ss:StyleID="ce1"/></Row><Row ss:Height="17.3448"><Cell ss:Index="1024" ss:StyleID="ce1"/></Row><Row ss:Height="17.3448"><Cell ss:Index="1024" ss:StyleID="ce1"/></Row><Row ss:Height="17.3448"><Cell ss:Index="1024" ss:StyleID="ce1"/></Row><Row ss:Height="17.3448"><Cell ss:Index="1024" ss:StyleID="ce1"/></Row><Row ss:Height="17.3448"><Cell ss:Index="1024" ss:StyleID="ce1"/></Row><Row ss:Height="17.3448"><Cell ss:Index="1024" ss:StyleID="ce1"/></Row><Row ss:Height="17.3448"><Cell ss:Index="1024" ss:StyleID="ce1"/></Row><Row ss:Height="17.3448"><Cell ss:Index="1024" ss:StyleID="ce1"/></Row><Row ss:Height="17.3448"><Cell ss:Index="1024" ss:StyleID="ce1"/></Row><Row ss:Height="17.3448"><Cell ss:Index="1024" ss:StyleID="ce1"/></Row><Row ss:Height="17.3448"><Cell ss:Index="1024" ss:StyleID="ce1"/></Row><Row ss:Height="17.3448"><Cell ss:Index="1024" ss:StyleID="ce1"/></Row><Row ss:Height="17.3448"><Cell ss:Index="1024" ss:StyleID="ce1"/></Row><Row ss:Height="17.3448"><Cell ss:Index="1024" ss:StyleID="ce1"/></Row><Row ss:Height="17.3448"><Cell ss:Index="1024" ss:StyleID="ce1"/></Row><Row ss:Height="17.3448"><Cell ss:Index="1024" ss:StyleID="ce1"/></Row><Row ss:Height="17.3448"><Cell ss:Index="1024" ss:StyleID="ce1"/></Row><Row ss:Height="17.3448"><Cell ss:Index="1024" ss:StyleID="ce1"/></Row><Row ss:Height="17.3448"><Cell ss:Index="1024" ss:StyleID="ce1"/></Row><Row ss:Height="17.3448"><Cell ss:Index="1024" ss:StyleID="ce1"/></Row><Row ss:Height="17.3448"><Cell ss:Index="1024" ss:StyleID="ce1"/></Row><Row ss:Height="17.3448"><Cell ss:Index="1024" ss:StyleID="ce1"/></Row><Row ss:Height="17.3448"><Cell ss:Index="1024" ss:StyleID="ce1"/></Row><Row ss:Height="17.3448"><Cell ss:Index="1024" ss:StyleID="ce1"/></Row><Row ss:Height="17.3448"><Cell ss:Index="1024" ss:StyleID="ce1"/></Row><Row ss:Height="17.3448"><Cell ss:Index="1024" ss:StyleID="ce1"/></Row><Row ss:Height="17.3448"><Cell ss:Index="1024" ss:StyleID="ce1"/></Row><Row ss:Height="17.3448"><Cell ss:Index="1024" ss:StyleID="ce1"/></Row><Row ss:Height="17.3448"><Cell ss:Index="1024" ss:StyleID="ce1"/></Row><Row ss:Height="17.3448"><Cell ss:Index="1024" ss:StyleID="ce1"/></Row><Row ss:Height="17.3448"><Cell ss:Index="1024" ss:StyleID="ce1"/></Row><Row ss:Height="17.3448"><Cell ss:Index="1024" ss:StyleID="ce1"/></Row><Row ss:Height="17.3448"><Cell ss:Index="1024" ss:StyleID="ce1"/></Row><Row ss:Height="17.3448"><Cell ss:Index="1024" ss:StyleID="ce1"/></Row><Row ss:Height="17.3448"><Cell ss:Index="1024" ss:StyleID="ce1"/></Row><Row ss:Height="17.3448"><Cell ss:Index="1024" ss:StyleID="ce1"/></Row><Row ss:Height="17.3448"><Cell ss:Index="1024" ss:StyleID="ce1"/></Row><Row ss:Height="17.3448"><Cell ss:Index="1024" ss:StyleID="ce1"/></Row><Row ss:Height="17.3448"><Cell ss:Index="1024" ss:StyleID="ce1"/></Row><Row ss:Height="17.3448"><Cell ss:Index="1024" ss:StyleID="ce1"/></Row><Row ss:Height="17.3448"><Cell ss:Index="1024" ss:StyleID="ce1"/></Row><Row ss:Height="17.3448"><Cell ss:Index="1024" ss:StyleID="ce1"/></Row><Row ss:Height="17.3448"><Cell ss:Index="1024" ss:StyleID="ce1"/></Row><Row ss:Height="17.3448"><Cell ss:Index="1024" ss:StyleID="ce1"/></Row><Row ss:Height="17.3448"><Cell ss:Index="1024" ss:StyleID="ce1"/></Row><Row ss:Height="17.3448"><Cell ss:Index="1024" ss:StyleID="ce1"/></Row><Row ss:Height="17.3448"><Cell ss:Index="1024" ss:StyleID="ce1"/></Row><Row ss:Height="17.3448"><Cell ss:Index="1024" ss:StyleID="ce1"/></Row><Row ss:Height="17.3448"><Cell ss:Index="1024" ss:StyleID="ce1"/></Row><Row ss:Height="17.3448"><Cell ss:Index="1024" ss:StyleID="ce1"/></Row><Row ss:Height="17.3448"><Cell ss:Index="1024" ss:StyleID="ce1"/></Row><Row ss:Height="17.3448"><Cell ss:Index="1024" ss:StyleID="ce1"/></Row><Row ss:Height="17.3448"><Cell ss:Index="1024" ss:StyleID="ce1"/></Row><Row ss:Height="17.3448"><Cell ss:Index="1024" ss:StyleID="ce1"/></Row><Row ss:Height="17.3448"><Cell ss:Index="1024" ss:StyleID="ce1"/></Row><Row ss:Height="17.3448"><Cell ss:Index="1024" ss:StyleID="ce1"/></Row><Row ss:Height="17.3448"><Cell ss:Index="1024" ss:StyleID="ce1"/></Row><Row ss:Height="17.3448"><Cell ss:Index="1024" ss:StyleID="ce1"/></Row><Row ss:Height="17.3448"><Cell ss:Index="1024" ss:StyleID="ce1"/></Row><Row ss:Height="17.3448"><Cell ss:Index="1024" ss:StyleID="ce1"/></Row><Row ss:Height="17.3448"><Cell ss:Index="1024" ss:StyleID="ce1"/></Row><Row ss:Height="17.3448"><Cell ss:Index="1024" ss:StyleID="ce1"/></Row><Row ss:Height="17.3448"><Cell ss:Index="1024" ss:StyleID="ce1"/></Row><Row ss:Height="17.3448"><Cell ss:Index="1024" ss:StyleID="ce1"/></Row><Row ss:Height="17.3448"><Cell ss:Index="1024" ss:StyleID="ce1"/></Row><Row ss:Height="17.3448"><Cell ss:Index="1024" ss:StyleID="ce1"/></Row><Row ss:Height="17.3448"><Cell ss:Index="1024" ss:StyleID="ce1"/></Row><Row ss:Height="17.3448"><Cell ss:Index="1024" ss:StyleID="ce1"/></Row><Row ss:Height="17.3448"><Cell ss:Index="1024" ss:StyleID="ce1"/></Row><Row ss:Height="17.3448"><Cell ss:Index="1024" ss:StyleID="ce1"/></Row><Row ss:Height="17.3448"><Cell ss:Index="1024" ss:StyleID="ce1"/></Row><Row ss:Height="17.3448"><Cell ss:Index="1024" ss:StyleID="ce1"/></Row><Row ss:Height="17.3448"><Cell ss:Index="1024" ss:StyleID="ce1"/></Row><Row ss:Height="17.3448"><Cell ss:Index="1024" ss:StyleID="ce1"/></Row><Row ss:Height="17.3448"><Cell ss:Index="1024" ss:StyleID="ce1"/></Row><Row ss:Height="17.3448"><Cell ss:Index="1024" ss:StyleID="ce1"/></Row><Row ss:Height="17.3448"><Cell ss:Index="1024" ss:StyleID="ce1"/></Row><Row ss:Height="17.3448"><Cell ss:Index="1024" ss:StyleID="ce1"/></Row><Row ss:Height="17.3448"><Cell ss:Index="1024" ss:StyleID="ce1"/></Row><Row ss:Height="17.3448"><Cell ss:Index="1024" ss:StyleID="ce1"/></Row><Row ss:Height="17.3448"><Cell ss:Index="1024" ss:StyleID="ce1"/></Row><Row ss:Height="17.3448"><Cell ss:Index="1024" ss:StyleID="ce1"/></Row><Row ss:Height="17.3448"><Cell ss:Index="1024" ss:StyleID="ce1"/></Row><Row ss:Height="17.3448"><Cell ss:Index="1024" ss:StyleID="ce1"/></Row><Row ss:Height="17.3448"><Cell ss:Index="1024" ss:StyleID="ce1"/></Row><Row ss:Height="17.3448"><Cell ss:Index="1024" ss:StyleID="ce1"/></Row><Row ss:Height="17.3448"><Cell ss:Index="1024" ss:StyleID="ce1"/></Row><Row ss:Height="17.3448"><Cell ss:Index="1024" ss:StyleID="ce1"/></Row><Row ss:Height="17.3448"><Cell ss:Index="1024" ss:StyleID="ce1"/></Row><Row ss:Height="17.3448"><Cell ss:Index="1024" ss:StyleID="ce1"/></Row><Row ss:Height="17.3448"><Cell ss:Index="1024" ss:StyleID="ce1"/></Row><Row ss:Height="17.3448"><Cell ss:Index="1024" ss:StyleID="ce1"/></Row><Row ss:Height="17.3448"><Cell ss:Index="1024" ss:StyleID="ce1"/></Row><Row ss:Height="17.3448"><Cell ss:Index="1024" ss:StyleID="ce1"/></Row><Row ss:Height="17.3448"><Cell ss:Index="1024" ss:StyleID="ce1"/></Row><Row ss:Height="17.3448"><Cell ss:Index="1024" ss:StyleID="ce1"/></Row><Row ss:Height="17.3448"><Cell ss:Index="1024" ss:StyleID="ce1"/></Row><Row ss:Height="17.3448"><Cell ss:Index="1024" ss:StyleID="ce1"/></Row><Row ss:Height="17.3448"><Cell ss:Index="1024" ss:StyleID="ce1"/></Row><Row ss:Height="17.3448"><Cell ss:Index="1024" ss:StyleID="ce1"/></Row><Row ss:Height="17.3448"><Cell ss:Index="1024" ss:StyleID="ce1"/></Row><Row ss:Height="17.3448"><Cell ss:Index="1024" ss:StyleID="ce1"/></Row><Row ss:Height="17.3448"><Cell ss:Index="1024" ss:StyleID="ce1"/></Row><Row ss:Height="17.3448"><Cell ss:Index="1024" ss:StyleID="ce1"/></Row><Row ss:Height="17.3448"><Cell ss:Index="1024" ss:StyleID="ce1"/></Row><Row ss:Height="17.3448"><Cell ss:Index="1024" ss:StyleID="ce1"/></Row><Row ss:Height="17.3448"><Cell ss:Index="1024" ss:StyleID="ce1"/></Row><Row ss:Height="17.3448"><Cell ss:Index="1024" ss:StyleID="ce1"/></Row><Row ss:Height="17.3448"><Cell ss:Index="1024" ss:StyleID="ce1"/></Row><Row ss:Height="17.3448"><Cell ss:Index="1024" ss:StyleID="ce1"/></Row><Row ss:Height="17.3448"><Cell ss:Index="1024" ss:StyleID="ce1"/></Row><Row ss:Height="17.3448"><Cell ss:Index="1024" ss:StyleID="ce1"/></Row><Row ss:Height="17.3448"><Cell ss:Index="1024" ss:StyleID="ce1"/></Row><Row ss:Height="17.3448"><Cell ss:Index="1024" ss:StyleID="ce1"/></Row><Row ss:Height="17.3448"><Cell ss:Index="1024" ss:StyleID="ce1"/></Row><Row ss:Height="17.3448"><Cell ss:Index="1024" ss:StyleID="ce1"/></Row><Row ss:Height="17.3448"><Cell ss:Index="1024" ss:StyleID="ce1"/></Row><Row ss:Height="17.3448"><Cell ss:Index="1024" ss:StyleID="ce1"/></Row><Row ss:Height="17.3448"><Cell ss:Index="1024" ss:StyleID="ce1"/></Row><Row ss:Height="17.3448"><Cell ss:Index="1024" ss:StyleID="ce1"/></Row><Row ss:Height="17.3448"><Cell ss:Index="1024" ss:StyleID="ce1"/></Row><Row ss:Height="17.3448"><Cell ss:Index="1024" ss:StyleID="ce1"/></Row><Row ss:Height="17.3448"><Cell ss:Index="1024" ss:StyleID="ce1"/></Row><Row ss:Height="17.3448"><Cell ss:Index="1024" ss:StyleID="ce1"/></Row><Row ss:Height="17.3448"><Cell ss:Index="1024" ss:StyleID="ce1"/></Row><Row ss:Height="17.3448"><Cell ss:Index="1024" ss:StyleID="ce1"/></Row><Row ss:Height="17.3448"><Cell ss:Index="1024" ss:StyleID="ce1"/></Row><Row ss:Height="17.3448"><Cell ss:Index="1024" ss:StyleID="ce1"/></Row><Row ss:Height="17.3448"><Cell ss:Index="1024" ss:StyleID="ce1"/></Row><Row ss:Height="17.3448"><Cell ss:Index="1024" ss:StyleID="ce1"/></Row><Row ss:Height="17.3448"><Cell ss:Index="1024" ss:StyleID="ce1"/></Row><Row ss:Height="17.3448"><Cell ss:Index="1024" ss:StyleID="ce1"/></Row><Row ss:Height="17.3448"><Cell ss:Index="1024" ss:StyleID="ce1"/></Row><Row ss:Height="17.3448"><Cell ss:Index="1024" ss:StyleID="ce1"/></Row><Row ss:Height="17.3448"><Cell ss:Index="1024" ss:StyleID="ce1"/></Row><Row ss:Height="17.3448"><Cell ss:Index="1024" ss:StyleID="ce1"/></Row><Row ss:Height="17.3448"><Cell ss:Index="1024" ss:StyleID="ce1"/></Row><Row ss:Height="17.3448"><Cell ss:Index="1024" ss:StyleID="ce1"/></Row><Row ss:Height="17.3448"><Cell ss:Index="1024" ss:StyleID="ce1"/></Row><Row ss:Height="17.3448"><Cell ss:Index="1024" ss:StyleID="ce1"/></Row><Row ss:Height="17.3448"><Cell ss:Index="1024" ss:StyleID="ce1"/></Row><Row ss:Height="17.3448"><Cell ss:Index="1024" ss:StyleID="ce1"/></Row><Row ss:Height="17.3448"><Cell ss:Index="1024" ss:StyleID="ce1"/></Row><Row ss:Height="17.3448"><Cell ss:Index="1024" ss:StyleID="ce1"/></Row><Row ss:Height="17.3448"><Cell ss:Index="1024" ss:StyleID="ce1"/></Row><Row ss:Height="17.3448"><Cell ss:Index="1024" ss:StyleID="ce1"/></Row><Row ss:Height="17.3448"><Cell ss:Index="1024" ss:StyleID="ce1"/></Row><Row ss:Height="17.3448"><Cell ss:Index="1024" ss:StyleID="ce1"/></Row><Row ss:Height="17.3448"><Cell ss:Index="1024" ss:StyleID="ce1"/></Row><Row ss:Height="17.3448"><Cell ss:Index="1024" ss:StyleID="ce1"/></Row><Row ss:Height="17.3448"><Cell ss:Index="1024" ss:StyleID="ce1"/></Row><Row ss:Height="17.3448"><Cell ss:Index="1024" ss:StyleID="ce1"/></Row><Row ss:Height="17.3448"><Cell ss:Index="1024" ss:StyleID="ce1"/></Row><Row ss:Height="17.3448"><Cell ss:Index="1024" ss:StyleID="ce1"/></Row><Row ss:Height="17.3448"><Cell ss:Index="1024" ss:StyleID="ce1"/></Row><Row ss:Height="17.3448"><Cell ss:Index="1024" ss:StyleID="ce1"/></Row><Row ss:Height="17.3448"><Cell ss:Index="1024" ss:StyleID="ce1"/></Row><Row ss:Height="17.3448"><Cell ss:Index="1024" ss:StyleID="ce1"/></Row><Row ss:Height="17.3448"><Cell ss:Index="1024" ss:StyleID="ce1"/></Row><Row ss:Height="17.3448"><Cell ss:Index="1024" ss:StyleID="ce1"/></Row><Row ss:Height="17.3448"><Cell ss:Index="1024" ss:StyleID="ce1"/></Row><Row ss:Height="17.3448"><Cell ss:Index="1024" ss:StyleID="ce1"/></Row><Row ss:Height="17.3448"><Cell ss:Index="1024" ss:StyleID="ce1"/></Row><Row ss:Height="17.3448"><Cell ss:Index="1024" ss:StyleID="ce1"/></Row><Row ss:Height="17.3448"><Cell ss:Index="1024" ss:StyleID="ce1"/></Row><Row ss:Height="17.3448"><Cell ss:Index="1024" ss:StyleID="ce1"/></Row><Row ss:Height="17.3448"><Cell ss:Index="1024" ss:StyleID="ce1"/></Row><Row ss:Height="17.3448"><Cell ss:Index="1024" ss:StyleID="ce1"/></Row><Row ss:Height="17.3448"><Cell ss:Index="1024" ss:StyleID="ce1"/></Row><Row ss:Height="17.3448"><Cell ss:Index="1024" ss:StyleID="ce1"/></Row><Row ss:Height="17.3448"><Cell ss:Index="1024" ss:StyleID="ce1"/></Row><Row ss:Height="17.3448"><Cell ss:Index="1024" ss:StyleID="ce1"/></Row><Row ss:Height="17.3448"><Cell ss:Index="1024" ss:StyleID="ce1"/></Row><Row ss:Height="17.3448"><Cell ss:Index="1024" ss:StyleID="ce1"/></Row><Row ss:Height="17.3448"><Cell ss:Index="1024" ss:StyleID="ce1"/></Row><Row ss:Height="17.3448"><Cell ss:Index="1024" ss:StyleID="ce1"/></Row><Row ss:Height="17.3448"><Cell ss:Index="1024" ss:StyleID="ce1"/></Row><Row ss:Height="17.3448"><Cell ss:Index="1024" ss:StyleID="ce1"/></Row><Row ss:Height="17.3448"><Cell ss:Index="1024" ss:StyleID="ce1"/></Row><Row ss:Height="17.3448"><Cell ss:Index="1024" ss:StyleID="ce1"/></Row><Row ss:Height="17.3448"><Cell ss:Index="1024" ss:StyleID="ce1"/></Row><Row ss:Height="17.3448"><Cell ss:Index="1024" ss:StyleID="ce1"/></Row><Row ss:Height="17.3448"><Cell ss:Index="1024" ss:StyleID="ce1"/></Row><Row ss:Height="17.3448"><Cell ss:Index="1024" ss:StyleID="ce1"/></Row><Row ss:Height="17.3448"><Cell ss:Index="1024" ss:StyleID="ce1"/></Row><Row ss:Height="17.3448"><Cell ss:Index="1024" ss:StyleID="ce1"/></Row><Row ss:Height="17.3448"><Cell ss:Index="1024" ss:StyleID="ce1"/></Row><Row ss:Height="17.3448"><Cell ss:Index="1024" ss:StyleID="ce1"/></Row><Row ss:Height="17.3448"><Cell ss:Index="1024" ss:StyleID="ce1"/></Row><Row ss:Height="17.3448"><Cell ss:Index="1024" ss:StyleID="ce1"/></Row><Row ss:Height="17.3448"><Cell ss:Index="1024" ss:StyleID="ce1"/></Row><Row ss:Height="17.3448"><Cell ss:Index="1024" ss:StyleID="ce1"/></Row><Row ss:Height="17.3448"><Cell ss:Index="1024" ss:StyleID="ce1"/></Row><Row ss:Height="17.3448"><Cell ss:Index="1024" ss:StyleID="ce1"/></Row><Row ss:Height="17.3448"><Cell ss:Index="1024" ss:StyleID="ce1"/></Row><Row ss:Height="17.3448"><Cell ss:Index="1024" ss:StyleID="ce1"/></Row><Row ss:Height="17.3448"><Cell ss:Index="1024" ss:StyleID="ce1"/></Row><Row ss:Height="17.3448"><Cell ss:Index="1024" ss:StyleID="ce1"/></Row><Row ss:Height="17.3448"><Cell ss:Index="1024" ss:StyleID="ce1"/></Row><Row ss:Height="17.3448"><Cell ss:Index="1024" ss:StyleID="ce1"/></Row><Row ss:Height="17.3448"><Cell ss:Index="1024" ss:StyleID="ce1"/></Row><Row ss:Height="17.3448"><Cell ss:Index="1024" ss:StyleID="ce1"/></Row><Row ss:Height="17.3448"><Cell ss:Index="1024" ss:StyleID="ce1"/></Row><Row ss:Height="17.3448"><Cell ss:Index="1024" ss:StyleID="ce1"/></Row><Row ss:Height="17.3448"><Cell ss:Index="1024" ss:StyleID="ce1"/></Row><Row ss:Height="17.3448"><Cell ss:Index="1024" ss:StyleID="ce1"/></Row><Row ss:Height="17.3448"><Cell ss:Index="1024" ss:StyleID="ce1"/></Row><Row ss:Height="17.3448"><Cell ss:Index="1024" ss:StyleID="ce1"/></Row><Row ss:Height="17.3448"><Cell ss:Index="1024" ss:StyleID="ce1"/></Row><Row ss:Height="17.3448"><Cell ss:Index="1024" ss:StyleID="ce1"/></Row><Row ss:Height="17.3448"><Cell ss:Index="1024" ss:StyleID="ce1"/></Row><Row ss:Height="17.3448"><Cell ss:Index="1024" ss:StyleID="ce1"/></Row><Row ss:Height="17.3448"><Cell ss:Index="1024" ss:StyleID="ce1"/></Row><Row ss:Height="17.3448"><Cell ss:Index="1024" ss:StyleID="ce1"/></Row><Row ss:Height="17.3448"><Cell ss:Index="1024" ss:StyleID="ce1"/></Row><Row ss:Height="17.3448"><Cell ss:Index="1024" ss:StyleID="ce1"/></Row><Row ss:Height="17.3448"><Cell ss:Index="1024" ss:StyleID="ce1"/></Row><Row ss:Height="17.3448"><Cell ss:Index="1024" ss:StyleID="ce1"/></Row><Row ss:Height="17.3448"><Cell ss:Index="1024" ss:StyleID="ce1"/></Row><Row ss:Height="17.3448"><Cell ss:Index="1024" ss:StyleID="ce1"/></Row><Row ss:Height="17.3448"><Cell ss:Index="1024" ss:StyleID="ce1"/></Row><Row ss:Height="17.3448"><Cell ss:Index="1024" ss:StyleID="ce1"/></Row><Row ss:Height="17.3448"><Cell ss:Index="1024" ss:StyleID="ce1"/></Row><Row ss:Height="17.3448"><Cell ss:Index="1024" ss:StyleID="ce1"/></Row><Row ss:Height="17.3448"><Cell ss:Index="1024" ss:StyleID="ce1"/></Row><Row ss:Height="17.3448"><Cell ss:Index="1024" ss:StyleID="ce1"/></Row><Row ss:Height="17.3448"><Cell ss:Index="1024" ss:StyleID="ce1"/></Row><Row ss:Height="17.3448"><Cell ss:Index="1024" ss:StyleID="ce1"/></Row><Row ss:Height="17.3448"><Cell ss:Index="1024" ss:StyleID="ce1"/></Row><Row ss:Height="17.3448"><Cell ss:Index="1024" ss:StyleID="ce1"/></Row><Row ss:Height="17.3448"><Cell ss:Index="1024" ss:StyleID="ce1"/></Row><Row ss:Height="17.3448"><Cell ss:Index="1024" ss:StyleID="ce1"/></Row><Row ss:Height="17.3448"><Cell ss:Index="1024" ss:StyleID="ce1"/></Row><Row ss:Height="17.3448"><Cell ss:Index="1024" ss:StyleID="ce1"/></Row><Row ss:Height="17.3448"><Cell ss:Index="1024" ss:StyleID="ce1"/></Row><Row ss:Height="17.3448"><Cell ss:Index="1024" ss:StyleID="ce1"/></Row><Row ss:Height="17.3448"><Cell ss:Index="1024" ss:StyleID="ce1"/></Row><Row ss:Height="17.3448"><Cell ss:Index="1024" ss:StyleID="ce1"/></Row><Row ss:Height="17.3448"><Cell ss:Index="1024" ss:StyleID="ce1"/></Row><Row ss:Height="17.3448"><Cell ss:Index="1024" ss:StyleID="ce1"/></Row><Row ss:Height="17.3448"><Cell ss:Index="1024" ss:StyleID="ce1"/></Row><Row ss:Height="17.3448"><Cell ss:Index="1024" ss:StyleID="ce1"/></Row><Row ss:Height="17.3448"><Cell ss:Index="1024" ss:StyleID="ce1"/></Row><Row ss:Height="17.3448"><Cell ss:Index="1024" ss:StyleID="ce1"/></Row><Row ss:Height="17.3448"><Cell ss:Index="1024" ss:StyleID="ce1"/></Row><Row ss:Height="17.3448"><Cell ss:Index="1024" ss:StyleID="ce1"/></Row><Row ss:Height="17.3448"><Cell ss:Index="1024" ss:StyleID="ce1"/></Row><Row ss:Height="17.3448"><Cell ss:Index="1024" ss:StyleID="ce1"/></Row><Row ss:Height="17.3448"><Cell ss:Index="1024" ss:StyleID="ce1"/></Row><Row ss:Height="17.3448"><Cell ss:Index="1024" ss:StyleID="ce1"/></Row><Row ss:Height="17.3448"><Cell ss:Index="1024" ss:StyleID="ce1"/></Row><Row ss:Height="17.3448"><Cell ss:Index="1024" ss:StyleID="ce1"/></Row><Row ss:Height="17.3448"><Cell ss:Index="1024" ss:StyleID="ce1"/></Row><Row ss:Height="17.3448"><Cell ss:Index="1024" ss:StyleID="ce1"/></Row><Row ss:Height="17.3448"><Cell ss:Index="1024" ss:StyleID="ce1"/></Row><Row ss:Height="17.3448"><Cell ss:Index="1024" ss:StyleID="ce1"/></Row><Row ss:Height="17.3448"><Cell ss:Index="1024" ss:StyleID="ce1"/></Row><Row ss:Height="17.3448"><Cell ss:Index="1024" ss:StyleID="ce1"/></Row><Row ss:Height="17.3448"><Cell ss:Index="1024" ss:StyleID="ce1"/></Row><Row ss:Height="17.3448"><Cell ss:Index="1024" ss:StyleID="ce1"/></Row><Row ss:Height="17.3448"><Cell ss:Index="1024" ss:StyleID="ce1"/></Row><Row ss:Height="17.3448"><Cell ss:Index="1024" ss:StyleID="ce1"/></Row><Row ss:Height="17.3448"><Cell ss:Index="1024" ss:StyleID="ce1"/></Row><Row ss:Height="17.3448"><Cell ss:Index="1024" ss:StyleID="ce1"/></Row><Row ss:Height="17.3448"><Cell ss:Index="1024" ss:StyleID="ce1"/></Row><Row ss:Height="17.3448"><Cell ss:Index="1024" ss:StyleID="ce1"/></Row><Row ss:Height="17.3448"><Cell ss:Index="1024" ss:StyleID="ce1"/></Row><Row ss:Height="17.3448"><Cell ss:Index="1024" ss:StyleID="ce1"/></Row><Row ss:Height="17.3448"><Cell ss:Index="1024" ss:StyleID="ce1"/></Row><Row ss:Height="17.3448"><Cell ss:Index="1024" ss:StyleID="ce1"/></Row><Row ss:Height="17.3448"><Cell ss:Index="1024" ss:StyleID="ce1"/></Row><Row ss:Height="17.3448"><Cell ss:Index="1024" ss:StyleID="ce1"/></Row><Row ss:Height="17.3448"><Cell ss:Index="1024" ss:StyleID="ce1"/></Row><Row ss:Height="17.3448"><Cell ss:Index="1024" ss:StyleID="ce1"/></Row><Row ss:Height="17.3448"><Cell ss:Index="1024" ss:StyleID="ce1"/></Row><Row ss:Height="17.3448"><Cell ss:Index="1024" ss:StyleID="ce1"/></Row><Row ss:Height="17.3448"><Cell ss:Index="1024" ss:StyleID="ce1"/></Row><Row ss:Height="17.3448"><Cell ss:Index="1024" ss:StyleID="ce1"/></Row><Row ss:Height="17.3448"><Cell ss:Index="1024" ss:StyleID="ce1"/></Row><Row ss:Height="17.3448"><Cell ss:Index="1024" ss:StyleID="ce1"/></Row><Row ss:Height="17.3448"><Cell ss:Index="1024" ss:StyleID="ce1"/></Row><Row ss:Height="17.3448"><Cell ss:Index="1024" ss:StyleID="ce1"/></Row><Row ss:Height="17.3448"><Cell ss:Index="1024" ss:StyleID="ce1"/></Row><Row ss:Height="17.3448"><Cell ss:Index="1024" ss:StyleID="ce1"/></Row><Row ss:Height="17.3448"><Cell ss:Index="1024" ss:StyleID="ce1"/></Row><Row ss:Height="17.3448"><Cell ss:Index="1024" ss:StyleID="ce1"/></Row><Row ss:Height="17.3448"><Cell ss:Index="1024" ss:StyleID="ce1"/></Row><Row ss:Height="17.3448"><Cell ss:Index="1024" ss:StyleID="ce1"/></Row><Row ss:Height="17.3448"><Cell ss:Index="1024" ss:StyleID="ce1"/></Row><Row ss:Height="17.3448"><Cell ss:Index="1024" ss:StyleID="ce1"/></Row><Row ss:Height="17.3448"><Cell ss:Index="1024" ss:StyleID="ce1"/></Row><Row ss:Height="17.3448"><Cell ss:Index="1024" ss:StyleID="ce1"/></Row><Row ss:Height="17.3448"><Cell ss:Index="1024" ss:StyleID="ce1"/></Row><Row ss:Height="17.3448"><Cell ss:Index="1024" ss:StyleID="ce1"/></Row><Row ss:Height="17.3448"><Cell ss:Index="1024" ss:StyleID="ce1"/></Row><Row ss:Height="17.3448"><Cell ss:Index="1024" ss:StyleID="ce1"/></Row><Row ss:Height="17.3448"><Cell ss:Index="1024" ss:StyleID="ce1"/></Row><Row ss:Height="17.3448"><Cell ss:Index="1024" ss:StyleID="ce1"/></Row><Row ss:Height="17.3448"><Cell ss:Index="1024" ss:StyleID="ce1"/></Row><Row ss:Height="17.3448"><Cell ss:Index="1024" ss:StyleID="ce1"/></Row><Row ss:Height="17.3448"><Cell ss:Index="1024" ss:StyleID="ce1"/></Row><Row ss:Height="17.3448"><Cell ss:Index="1024" ss:StyleID="ce1"/></Row><Row ss:Height="17.3448"><Cell ss:Index="1024" ss:StyleID="ce1"/></Row><Row ss:Height="17.3448"><Cell ss:Index="1024" ss:StyleID="ce1"/></Row><Row ss:Height="17.3448"><Cell ss:Index="1024" ss:StyleID="ce1"/></Row><Row ss:Height="17.3448"><Cell ss:Index="1024" ss:StyleID="ce1"/></Row><Row ss:Height="17.3448"><Cell ss:Index="1024" ss:StyleID="ce1"/></Row><Row ss:Height="17.3448"><Cell ss:Index="1024" ss:StyleID="ce1"/></Row><Row ss:Height="17.3448"><Cell ss:Index="1024" ss:StyleID="ce1"/></Row><Row ss:Height="17.3448"><Cell ss:Index="1024" ss:StyleID="ce1"/></Row><Row ss:Height="17.3448"><Cell ss:Index="1024" ss:StyleID="ce1"/></Row><Row ss:Height="17.3448"><Cell ss:Index="1024" ss:StyleID="ce1"/></Row><Row ss:Height="17.3448"><Cell ss:Index="1024" ss:StyleID="ce1"/></Row><Row ss:Height="17.3448"><Cell ss:Index="1024" ss:StyleID="ce1"/></Row><Row ss:Height="17.3448"><Cell ss:Index="1024" ss:StyleID="ce1"/></Row><Row ss:Height="17.3448"><Cell ss:Index="1024" ss:StyleID="ce1"/></Row><Row ss:Height="17.3448"><Cell ss:Index="1024" ss:StyleID="ce1"/></Row><Row ss:Height="17.3448"><Cell ss:Index="1024" ss:StyleID="ce1"/></Row><Row ss:Height="17.3448"><Cell ss:Index="1024" ss:StyleID="ce1"/></Row><Row ss:Height="17.3448"><Cell ss:Index="1024" ss:StyleID="ce1"/></Row><Row ss:Height="17.3448"><Cell ss:Index="1024" ss:StyleID="ce1"/></Row><Row ss:Height="17.3448"><Cell ss:Index="1024" ss:StyleID="ce1"/></Row><Row ss:Height="17.3448"><Cell ss:Index="1024" ss:StyleID="ce1"/></Row><Row ss:Height="17.3448"><Cell ss:Index="1024" ss:StyleID="ce1"/></Row><Row ss:Height="17.3448"><Cell ss:Index="1024" ss:StyleID="ce1"/></Row><Row ss:Height="17.3448"><Cell ss:Index="1024" ss:StyleID="ce1"/></Row><Row ss:Height="17.3448"><Cell ss:Index="1024" ss:StyleID="ce1"/></Row><Row ss:Height="17.3448"><Cell ss:Index="1024" ss:StyleID="ce1"/></Row><Row ss:Height="17.3448"><Cell ss:Index="1024" ss:StyleID="ce1"/></Row><Row ss:Height="17.3448"><Cell ss:Index="1024" ss:StyleID="ce1"/></Row><Row ss:Height="17.3448"><Cell ss:Index="1024" ss:StyleID="ce1"/></Row><Row ss:Height="17.3448"><Cell ss:Index="1024" ss:StyleID="ce1"/></Row><Row ss:Height="17.3448"><Cell ss:Index="1024" ss:StyleID="ce1"/></Row><Row ss:Height="17.3448"><Cell ss:Index="1024" ss:StyleID="ce1"/></Row><Row ss:Height="17.3448"><Cell ss:Index="1024" ss:StyleID="ce1"/></Row><Row ss:Height="17.3448"><Cell ss:Index="1024" ss:StyleID="ce1"/></Row><Row ss:Height="17.3448"><Cell ss:Index="1024" ss:StyleID="ce1"/></Row><Row ss:Height="17.3448"><Cell ss:Index="1024" ss:StyleID="ce1"/></Row><Row ss:Height="17.3448"><Cell ss:Index="1024" ss:StyleID="ce1"/></Row><Row ss:Height="17.3448"><Cell ss:Index="1024" ss:StyleID="ce1"/></Row><Row ss:Height="17.3448"><Cell ss:Index="1024" ss:StyleID="ce1"/></Row><Row ss:Height="17.3448"><Cell ss:Index="1024" ss:StyleID="ce1"/></Row><Row ss:Height="17.3448"><Cell ss:Index="1024" ss:StyleID="ce1"/></Row><Row ss:Height="17.3448"><Cell ss:Index="1024" ss:StyleID="ce1"/></Row><Row ss:Height="17.3448"><Cell ss:Index="1024" ss:StyleID="ce1"/></Row><Row ss:Height="17.3448"><Cell ss:Index="1024" ss:StyleID="ce1"/></Row><Row ss:Height="17.3448"><Cell ss:Index="1024" ss:StyleID="ce1"/></Row><Row ss:Height="17.3448"><Cell ss:Index="1024" ss:StyleID="ce1"/></Row><Row ss:Height="17.3448"><Cell ss:Index="1024" ss:StyleID="ce1"/></Row><Row ss:Height="17.3448"><Cell ss:Index="1024" ss:StyleID="ce1"/></Row><Row ss:Height="17.3448"><Cell ss:Index="1024" ss:StyleID="ce1"/></Row><Row ss:Height="17.3448"><Cell ss:Index="1024" ss:StyleID="ce1"/></Row><Row ss:Height="17.3448"><Cell ss:Index="1024" ss:StyleID="ce1"/></Row><Row ss:Height="17.3448"><Cell ss:Index="1024" ss:StyleID="ce1"/></Row><Row ss:Height="17.3448"><Cell ss:Index="1024" ss:StyleID="ce1"/></Row><Row ss:Height="17.3448"><Cell ss:Index="1024" ss:StyleID="ce1"/></Row><Row ss:Height="17.3448"><Cell ss:Index="1024" ss:StyleID="ce1"/></Row><Row ss:Height="17.3448"><Cell ss:Index="1024" ss:StyleID="ce1"/></Row><Row ss:Height="17.3448"><Cell ss:Index="1024" ss:StyleID="ce1"/></Row><Row ss:Height="17.3448"><Cell ss:Index="1024" ss:StyleID="ce1"/></Row><Row ss:Height="17.3448"><Cell ss:Index="1024" ss:StyleID="ce1"/></Row><Row ss:Height="17.3448"><Cell ss:Index="1024" ss:StyleID="ce1"/></Row><Row ss:Height="17.3448"><Cell ss:Index="1024" ss:StyleID="ce1"/></Row><Row ss:Height="17.3448"><Cell ss:Index="1024" ss:StyleID="ce1"/></Row><Row ss:Height="17.3448"><Cell ss:Index="1024" ss:StyleID="ce1"/></Row><Row ss:Height="17.3448"><Cell ss:Index="1024" ss:StyleID="ce1"/></Row><Row ss:Height="17.3448"><Cell ss:Index="1024" ss:StyleID="ce1"/></Row><Row ss:Height="17.3448"><Cell ss:Index="1024" ss:StyleID="ce1"/></Row><Row ss:Height="17.3448"><Cell ss:Index="1024" ss:StyleID="ce1"/></Row><Row ss:Height="17.3448"><Cell ss:Index="1024" ss:StyleID="ce1"/></Row><Row ss:Height="17.3448"><Cell ss:Index="1024" ss:StyleID="ce1"/></Row><Row ss:Height="17.3448"><Cell ss:Index="1024" ss:StyleID="ce1"/></Row><Row ss:Height="17.3448"><Cell ss:Index="1024" ss:StyleID="ce1"/></Row><Row ss:Height="17.3448"><Cell ss:Index="1024" ss:StyleID="ce1"/></Row><Row ss:Height="17.3448"><Cell ss:Index="1024" ss:StyleID="ce1"/></Row><Row ss:Height="17.3448"><Cell ss:Index="1024" ss:StyleID="ce1"/></Row><Row ss:Height="17.3448"><Cell ss:Index="1024" ss:StyleID="ce1"/></Row><Row ss:Height="17.3448"><Cell ss:Index="1024" ss:StyleID="ce1"/></Row><Row ss:Height="17.3448"><Cell ss:Index="1024" ss:StyleID="ce1"/></Row><Row ss:Height="17.3448"><Cell ss:Index="1024" ss:StyleID="ce1"/></Row><Row ss:Height="17.3448"><Cell ss:Index="1024" ss:StyleID="ce1"/></Row><Row ss:Height="17.3448"><Cell ss:Index="1024" ss:StyleID="ce1"/></Row><Row ss:Height="17.3448"><Cell ss:Index="1024" ss:StyleID="ce1"/></Row><Row ss:Height="17.3448"><Cell ss:Index="1024" ss:StyleID="ce1"/></Row><Row ss:Height="17.3448"><Cell ss:Index="1024" ss:StyleID="ce1"/></Row><Row ss:Height="17.3448"><Cell ss:Index="1024" ss:StyleID="ce1"/></Row><Row ss:Height="17.3448"><Cell ss:Index="1024" ss:StyleID="ce1"/></Row><Row ss:Height="17.3448"><Cell ss:Index="1024" ss:StyleID="ce1"/></Row><Row ss:Height="17.3448"><Cell ss:Index="1024" ss:StyleID="ce1"/></Row><Row ss:Height="17.3448"><Cell ss:Index="1024" ss:StyleID="ce1"/></Row><Row ss:Height="17.3448"><Cell ss:Index="1024" ss:StyleID="ce1"/></Row><Row ss:Height="17.3448"><Cell ss:Index="1024" ss:StyleID="ce1"/></Row><Row ss:Height="17.3448"><Cell ss:Index="1024" ss:StyleID="ce1"/></Row><Row ss:Height="17.3448"><Cell ss:Index="1024" ss:StyleID="ce1"/></Row><Row ss:Height="17.3448"><Cell ss:Index="1024" ss:StyleID="ce1"/></Row><Row ss:Height="17.3448"><Cell ss:Index="1024" ss:StyleID="ce1"/></Row><Row ss:Height="17.3448"><Cell ss:Index="1024" ss:StyleID="ce1"/></Row><Row ss:Height="17.3448"><Cell ss:Index="1024" ss:StyleID="ce1"/></Row><Row ss:Height="17.3448"><Cell ss:Index="1024" ss:StyleID="ce1"/></Row><Row ss:Height="17.3448"><Cell ss:Index="1024" ss:StyleID="ce1"/></Row><Row ss:Height="17.3448"><Cell ss:Index="1024" ss:StyleID="ce1"/></Row><Row ss:Height="17.3448"><Cell ss:Index="1024" ss:StyleID="ce1"/></Row><Row ss:Height="17.3448"><Cell ss:Index="1024" ss:StyleID="ce1"/></Row><Row ss:Height="17.3448"><Cell ss:Index="1024" ss:StyleID="ce1"/></Row><Row ss:Height="17.3448"><Cell ss:Index="1024" ss:StyleID="ce1"/></Row><Row ss:Height="17.3448"><Cell ss:Index="1024" ss:StyleID="ce1"/></Row><Row ss:Height="17.3448"><Cell ss:Index="1024" ss:StyleID="ce1"/></Row><Row ss:Height="17.3448"><Cell ss:Index="1024" ss:StyleID="ce1"/></Row><Row ss:Height="17.3448"><Cell ss:Index="1024" ss:StyleID="ce1"/></Row><Row ss:Height="17.3448"><Cell ss:Index="1024" ss:StyleID="ce1"/></Row><Row ss:Height="17.3448"><Cell ss:Index="1024" ss:StyleID="ce1"/></Row><Row ss:Height="17.3448"><Cell ss:Index="1024" ss:StyleID="ce1"/></Row><Row ss:Height="17.3448"><Cell ss:Index="1024" ss:StyleID="ce1"/></Row><Row ss:Height="17.3448"><Cell ss:Index="1024" ss:StyleID="ce1"/></Row><Row ss:Height="17.3448"><Cell ss:Index="1024" ss:StyleID="ce1"/></Row><Row ss:Height="17.3448"><Cell ss:Index="1024" ss:StyleID="ce1"/></Row><Row ss:Height="17.3448"><Cell ss:Index="1024" ss:StyleID="ce1"/></Row><Row ss:Height="17.3448"><Cell ss:Index="1024" ss:StyleID="ce1"/></Row><Row ss:Height="17.3448"><Cell ss:Index="1024" ss:StyleID="ce1"/></Row><Row ss:Height="17.3448"><Cell ss:Index="1024" ss:StyleID="ce1"/></Row><Row ss:Height="17.3448"><Cell ss:Index="1024" ss:StyleID="ce1"/></Row><Row ss:Height="17.3448"><Cell ss:Index="1024" ss:StyleID="ce1"/></Row><Row ss:Height="17.3448"><Cell ss:Index="1024" ss:StyleID="ce1"/></Row><Row ss:Height="17.3448"><Cell ss:Index="1024" ss:StyleID="ce1"/></Row><Row ss:Height="17.3448"><Cell ss:Index="1024" ss:StyleID="ce1"/></Row><Row ss:Height="17.3448"><Cell ss:Index="1024" ss:StyleID="ce1"/></Row><Row ss:Height="17.3448"><Cell ss:Index="1024" ss:StyleID="ce1"/></Row><Row ss:Height="17.3448"><Cell ss:Index="1024" ss:StyleID="ce1"/></Row><Row ss:Height="17.3448"><Cell ss:Index="1024" ss:StyleID="ce1"/></Row><Row ss:Height="17.3448"><Cell ss:Index="1024" ss:StyleID="ce1"/></Row><Row ss:Height="17.3448"><Cell ss:Index="1024" ss:StyleID="ce1"/></Row><Row ss:Height="17.3448"><Cell ss:Index="1024" ss:StyleID="ce1"/></Row><Row ss:Height="17.3448"><Cell ss:Index="1024" ss:StyleID="ce1"/></Row><Row ss:Height="17.3448"><Cell ss:Index="1024" ss:StyleID="ce1"/></Row><Row ss:Height="17.3448"><Cell ss:Index="1024" ss:StyleID="ce1"/></Row><Row ss:Height="17.3448"><Cell ss:Index="1024" ss:StyleID="ce1"/></Row><Row ss:Height="17.3448"><Cell ss:Index="1024" ss:StyleID="ce1"/></Row><Row ss:Height="17.3448"><Cell ss:Index="1024" ss:StyleID="ce1"/></Row><Row ss:Height="17.3448"><Cell ss:Index="1024" ss:StyleID="ce1"/></Row><Row ss:Height="17.3448"><Cell ss:Index="1024" ss:StyleID="ce1"/></Row><Row ss:Height="17.3448"><Cell ss:Index="1024" ss:StyleID="ce1"/></Row><Row ss:Height="17.3448"><Cell ss:Index="1024" ss:StyleID="ce1"/></Row><Row ss:Height="17.3448"><Cell ss:Index="1024" ss:StyleID="ce1"/></Row><Row ss:Height="17.3448"><Cell ss:Index="1024" ss:StyleID="ce1"/></Row><Row ss:Height="17.3448"><Cell ss:Index="1024" ss:StyleID="ce1"/></Row><Row ss:Height="17.3448"><Cell ss:Index="1024" ss:StyleID="ce1"/></Row><Row ss:Height="17.3448"><Cell ss:Index="1024" ss:StyleID="ce1"/></Row><Row ss:Height="17.3448"><Cell ss:Index="1024" ss:StyleID="ce1"/></Row><Row ss:Height="17.3448"><Cell ss:Index="1024" ss:StyleID="ce1"/></Row><Row ss:Height="17.3448"><Cell ss:Index="1024" ss:StyleID="ce1"/></Row><Row ss:Height="17.3448"><Cell ss:Index="1024" ss:StyleID="ce1"/></Row><Row ss:Height="17.3448"><Cell ss:Index="1024" ss:StyleID="ce1"/></Row><Row ss:Height="17.3448"><Cell ss:Index="1024" ss:StyleID="ce1"/></Row><Row ss:Height="17.3448"><Cell ss:Index="1024" ss:StyleID="ce1"/></Row><Row ss:Height="17.3448"><Cell ss:Index="1024" ss:StyleID="ce1"/></Row><Row ss:Height="17.3448"><Cell ss:Index="1024" ss:StyleID="ce1"/></Row><Row ss:Height="17.3448"><Cell ss:Index="1024" ss:StyleID="ce1"/></Row><Row ss:Height="17.3448"><Cell ss:Index="1024" ss:StyleID="ce1"/></Row><Row ss:Height="17.3448"><Cell ss:Index="1024" ss:StyleID="ce1"/></Row><Row ss:Height="17.3448"><Cell ss:Index="1024" ss:StyleID="ce1"/></Row><Row ss:Height="17.3448"><Cell ss:Index="1024" ss:StyleID="ce1"/></Row><Row ss:Height="17.3448"><Cell ss:Index="1024" ss:StyleID="ce1"/></Row><Row ss:Height="17.3448"><Cell ss:Index="1024" ss:StyleID="ce1"/></Row><Row ss:Height="17.3448"><Cell ss:Index="1024" ss:StyleID="ce1"/></Row><Row ss:Height="17.3448"><Cell ss:Index="1024" ss:StyleID="ce1"/></Row><Row ss:Height="17.3448"><Cell ss:Index="1024" ss:StyleID="ce1"/></Row><Row ss:Height="17.3448"><Cell ss:Index="1024" ss:StyleID="ce1"/></Row><Row ss:Height="17.3448"><Cell ss:Index="1024" ss:StyleID="ce1"/></Row><Row ss:Height="17.3448"><Cell ss:Index="1024" ss:StyleID="ce1"/></Row><Row ss:Height="17.3448"><Cell ss:Index="1024" ss:StyleID="ce1"/></Row><Row ss:Height="17.3448"><Cell ss:Index="1024" ss:StyleID="ce1"/></Row><Row ss:Height="17.3448"><Cell ss:Index="1024" ss:StyleID="ce1"/></Row><Row ss:Height="17.3448"><Cell ss:Index="1024" ss:StyleID="ce1"/></Row><Row ss:Height="17.3448"><Cell ss:Index="1024" ss:StyleID="ce1"/></Row><Row ss:Height="17.3448"><Cell ss:Index="1024" ss:StyleID="ce1"/></Row><Row ss:Height="17.3448"><Cell ss:Index="1024" ss:StyleID="ce1"/></Row><Row ss:Height="17.3448"><Cell ss:Index="1024" ss:StyleID="ce1"/></Row><Row ss:Height="17.3448"><Cell ss:Index="1024" ss:StyleID="ce1"/></Row><Row ss:Height="17.3448"><Cell ss:Index="1024" ss:StyleID="ce1"/></Row><Row ss:Height="17.3448"><Cell ss:Index="1024" ss:StyleID="ce1"/></Row><Row ss:Height="17.3448"><Cell ss:Index="1024" ss:StyleID="ce1"/></Row><Row ss:Height="17.3448"><Cell ss:Index="1024" ss:StyleID="ce1"/></Row><Row ss:Height="17.3448"><Cell ss:Index="1024" ss:StyleID="ce1"/></Row><Row ss:Height="17.3448"><Cell ss:Index="1024" ss:StyleID="ce1"/></Row><Row ss:Height="17.3448"><Cell ss:Index="1024" ss:StyleID="ce1"/></Row><Row ss:Height="17.3448"><Cell ss:Index="1024" ss:StyleID="ce1"/></Row><Row ss:Height="17.3448"><Cell ss:Index="1024" ss:StyleID="ce1"/></Row><Row ss:Height="17.3448"><Cell ss:Index="1024" ss:StyleID="ce1"/></Row><Row ss:Height="17.3448"><Cell ss:Index="1024" ss:StyleID="ce1"/></Row><Row ss:Height="17.3448"><Cell ss:Index="1024" ss:StyleID="ce1"/></Row><Row ss:Height="17.3448"><Cell ss:Index="1024" ss:StyleID="ce1"/></Row><Row ss:Height="17.3448"><Cell ss:Index="1024" ss:StyleID="ce1"/></Row><Row ss:Height="17.3448"><Cell ss:Index="1024" ss:StyleID="ce1"/></Row><Row ss:Height="17.3448"><Cell ss:Index="1024" ss:StyleID="ce1"/></Row><Row ss:Height="17.3448"><Cell ss:Index="1024" ss:StyleID="ce1"/></Row><Row ss:Height="17.3448"><Cell ss:Index="1024" ss:StyleID="ce1"/></Row><Row ss:Height="17.3448"><Cell ss:Index="1024" ss:StyleID="ce1"/></Row><Row ss:Height="17.3448"><Cell ss:Index="1024" ss:StyleID="ce1"/></Row><Row ss:Height="17.3448"><Cell ss:Index="1024" ss:StyleID="ce1"/></Row><Row ss:Height="17.3448"><Cell ss:Index="1024" ss:StyleID="ce1"/></Row><Row ss:Height="17.3448"><Cell ss:Index="1024" ss:StyleID="ce1"/></Row><Row ss:Height="17.3448"><Cell ss:Index="1024" ss:StyleID="ce1"/></Row><Row ss:Height="17.3448"><Cell ss:Index="1024" ss:StyleID="ce1"/></Row><Row ss:Height="17.3448"><Cell ss:Index="1024" ss:StyleID="ce1"/></Row><Row ss:Height="17.3448"><Cell ss:Index="1024" ss:StyleID="ce1"/></Row><Row ss:Height="17.3448"><Cell ss:Index="1024" ss:StyleID="ce1"/></Row><Row ss:Height="17.3448"><Cell ss:Index="1024" ss:StyleID="ce1"/></Row><Row ss:Height="17.3448"><Cell ss:Index="1024" ss:StyleID="ce1"/></Row><Row ss:Height="17.3448"><Cell ss:Index="1024" ss:StyleID="ce1"/></Row><Row ss:Height="17.3448"><Cell ss:Index="1024" ss:StyleID="ce1"/></Row><Row ss:Height="17.3448"><Cell ss:Index="1024" ss:StyleID="ce1"/></Row><Row ss:Height="17.3448"><Cell ss:Index="1024" ss:StyleID="ce1"/></Row><Row ss:Height="17.3448"><Cell ss:Index="1024" ss:StyleID="ce1"/></Row><Row ss:Height="17.3448"><Cell ss:Index="1024" ss:StyleID="ce1"/></Row><Row ss:Height="17.3448"><Cell ss:Index="1024" ss:StyleID="ce1"/></Row><Row ss:Height="17.3448"><Cell ss:Index="1024" ss:StyleID="ce1"/></Row><Row ss:Height="17.3448"><Cell ss:Index="1024" ss:StyleID="ce1"/></Row><Row ss:Height="17.3448"><Cell ss:Index="1024" ss:StyleID="ce1"/></Row><Row ss:Height="17.3448"><Cell ss:Index="1024" ss:StyleID="ce1"/></Row><Row ss:Height="17.3448"><Cell ss:Index="1024" ss:StyleID="ce1"/></Row><Row ss:Height="17.3448"><Cell ss:Index="1024" ss:StyleID="ce1"/></Row><Row ss:Height="17.3448"><Cell ss:Index="1024" ss:StyleID="ce1"/></Row><Row ss:Height="17.3448"><Cell ss:Index="1024" ss:StyleID="ce1"/></Row><Row ss:Height="17.3448"><Cell ss:Index="1024" ss:StyleID="ce1"/></Row><Row ss:Height="17.3448"><Cell ss:Index="1024" ss:StyleID="ce1"/></Row><Row ss:Height="17.3448"><Cell ss:Index="1024" ss:StyleID="ce1"/></Row><Row ss:Height="17.3448"><Cell ss:Index="1024" ss:StyleID="ce1"/></Row><Row ss:Height="17.3448"><Cell ss:Index="1024" ss:StyleID="ce1"/></Row><Row ss:Height="17.3448"><Cell ss:Index="1024" ss:StyleID="ce1"/></Row><Row ss:Height="17.3448"><Cell ss:Index="1024" ss:StyleID="ce1"/></Row><Row ss:Height="17.3448"><Cell ss:Index="1024" ss:StyleID="ce1"/></Row><Row ss:Height="17.3448"><Cell ss:Index="1024" ss:StyleID="ce1"/></Row><Row ss:Height="17.3448"><Cell ss:Index="1024" ss:StyleID="ce1"/></Row><Row ss:Height="17.3448"><Cell ss:Index="1024" ss:StyleID="ce1"/></Row><Row ss:Height="17.3448"><Cell ss:Index="1024" ss:StyleID="ce1"/></Row><Row ss:Height="17.3448"><Cell ss:Index="1024" ss:StyleID="ce1"/></Row><Row ss:Height="17.3448"><Cell ss:Index="1024" ss:StyleID="ce1"/></Row><Row ss:Height="17.3448"><Cell ss:Index="1024" ss:StyleID="ce1"/></Row><Row ss:Height="17.3448"><Cell ss:Index="1024" ss:StyleID="ce1"/></Row><Row ss:Height="17.3448"><Cell ss:Index="1024" ss:StyleID="ce1"/></Row><Row ss:Height="17.3448"><Cell ss:Index="1024" ss:StyleID="ce1"/></Row><Row ss:Height="17.3448"><Cell ss:Index="1024" ss:StyleID="ce1"/></Row><Row ss:Height="17.3448"><Cell ss:Index="1024" ss:StyleID="ce1"/></Row><Row ss:Height="17.3448"><Cell ss:Index="1024" ss:StyleID="ce1"/></Row><Row ss:Height="17.3448"><Cell ss:Index="1024" ss:StyleID="ce1"/></Row><Row ss:Height="17.3448"><Cell ss:Index="1024" ss:StyleID="ce1"/></Row><Row ss:Height="17.3448"><Cell ss:Index="1024" ss:StyleID="ce1"/></Row><Row ss:Height="17.3448"><Cell ss:Index="1024" ss:StyleID="ce1"/></Row><Row ss:Height="17.3448"><Cell ss:Index="1024" ss:StyleID="ce1"/></Row><Row ss:Height="17.3448"><Cell ss:Index="1024" ss:StyleID="ce1"/></Row><Row ss:Height="17.3448"><Cell ss:Index="1024" ss:StyleID="ce1"/></Row><Row ss:Height="17.3448"><Cell ss:Index="1024" ss:StyleID="ce1"/></Row><Row ss:Height="17.3448"><Cell ss:Index="1024" ss:StyleID="ce1"/></Row><Row ss:Height="17.3448"><Cell ss:Index="1024" ss:StyleID="ce1"/></Row><Row ss:Height="17.3448"><Cell ss:Index="1024" ss:StyleID="ce1"/></Row><Row ss:Height="17.3448"><Cell ss:Index="1024" ss:StyleID="ce1"/></Row><Row ss:Height="17.3448"><Cell ss:Index="1024" ss:StyleID="ce1"/></Row><Row ss:Height="17.3448"><Cell ss:Index="1024" ss:StyleID="ce1"/></Row><Row ss:Height="17.3448"><Cell ss:Index="1024" ss:StyleID="ce1"/></Row><Row ss:Height="17.3448"><Cell ss:Index="1024" ss:StyleID="ce1"/></Row><Row ss:Height="17.3448"><Cell ss:Index="1024" ss:StyleID="ce1"/></Row><Row ss:Height="17.3448"><Cell ss:Index="1024" ss:StyleID="ce1"/></Row><Row ss:Height="17.3448"><Cell ss:Index="1024" ss:StyleID="ce1"/></Row><Row ss:Height="17.3448"><Cell ss:Index="1024" ss:StyleID="ce1"/></Row><Row ss:Height="17.3448"><Cell ss:Index="1024" ss:StyleID="ce1"/></Row><Row ss:Height="17.3448"><Cell ss:Index="1024" ss:StyleID="ce1"/></Row><Row ss:Height="17.3448"><Cell ss:Index="1024" ss:StyleID="ce1"/></Row><Row ss:Height="17.3448"><Cell ss:Index="1024" ss:StyleID="ce1"/></Row><Row ss:Height="17.3448"><Cell ss:Index="1024" ss:StyleID="ce1"/></Row><Row ss:Height="17.3448"><Cell ss:Index="1024" ss:StyleID="ce1"/></Row><Row ss:Height="17.3448"><Cell ss:Index="1024" ss:StyleID="ce1"/></Row><Row ss:Height="17.3448"><Cell ss:Index="1024" ss:StyleID="ce1"/></Row><Row ss:Height="17.3448"><Cell ss:Index="1024" ss:StyleID="ce1"/></Row><Row ss:Height="17.3448"><Cell ss:Index="1024" ss:StyleID="ce1"/></Row><Row ss:Height="17.3448"><Cell ss:Index="1024" ss:StyleID="ce1"/></Row><Row ss:Height="17.3448"><Cell ss:Index="1024" ss:StyleID="ce1"/></Row><Row ss:Height="17.3448"><Cell ss:Index="1024" ss:StyleID="ce1"/></Row><Row ss:Height="17.3448"><Cell ss:Index="1024" ss:StyleID="ce1"/></Row><Row ss:Height="17.3448"><Cell ss:Index="1024" ss:StyleID="ce1"/></Row><Row ss:Height="17.3448"><Cell ss:Index="1024" ss:StyleID="ce1"/></Row><Row ss:Height="17.3448"><Cell ss:Index="1024" ss:StyleID="ce1"/></Row><Row ss:Height="17.3448"><Cell ss:Index="1024" ss:StyleID="ce1"/></Row><Row ss:Height="17.3448"><Cell ss:Index="1024" ss:StyleID="ce1"/></Row><Row ss:Height="17.3448"><Cell ss:Index="1024" ss:StyleID="ce1"/></Row><Row ss:Height="17.3448"><Cell ss:Index="1024" ss:StyleID="ce1"/></Row><Row ss:Height="17.3448"><Cell ss:Index="1024" ss:StyleID="ce1"/></Row><Row ss:Height="17.3448"><Cell ss:Index="1024" ss:StyleID="ce1"/></Row><Row ss:Height="17.3448"><Cell ss:Index="1024" ss:StyleID="ce1"/></Row><Row ss:Height="17.3448"><Cell ss:Index="1024" ss:StyleID="ce1"/></Row><Row ss:Height="17.3448"><Cell ss:Index="1024" ss:StyleID="ce1"/></Row><Row ss:Height="17.3448"><Cell ss:Index="1024" ss:StyleID="ce1"/></Row><Row ss:Height="17.3448"><Cell ss:Index="1024" ss:StyleID="ce1"/></Row><Row ss:Height="17.3448"><Cell ss:Index="1024" ss:StyleID="ce1"/></Row><Row ss:Height="17.3448"><Cell ss:Index="1024" ss:StyleID="ce1"/></Row><Row ss:Height="17.3448"><Cell ss:Index="1024" ss:StyleID="ce1"/></Row><Row ss:Height="17.3448"><Cell ss:Index="1024" ss:StyleID="ce1"/></Row><Row ss:Height="17.3448"><Cell ss:Index="1024" ss:StyleID="ce1"/></Row><Row ss:Height="17.3448"><Cell ss:Index="1024" ss:StyleID="ce1"/></Row><Row ss:Height="17.3448"><Cell ss:Index="1024" ss:StyleID="ce1"/></Row><Row ss:Height="17.3448"><Cell ss:Index="1024" ss:StyleID="ce1"/></Row><Row ss:Height="17.3448"><Cell ss:Index="1024" ss:StyleID="ce1"/></Row><Row ss:Height="17.3448"><Cell ss:Index="1024" ss:StyleID="ce1"/></Row><Row ss:Height="17.3448"><Cell ss:Index="1024" ss:StyleID="ce1"/></Row><Row ss:Height="17.3448"><Cell ss:Index="1024" ss:StyleID="ce1"/></Row><Row ss:Height="17.3448"><Cell ss:Index="1024" ss:StyleID="ce1"/></Row><Row ss:Height="17.3448"><Cell ss:Index="1024" ss:StyleID="ce1"/></Row><Row ss:Height="17.3448"><Cell ss:Index="1024" ss:StyleID="ce1"/></Row><Row ss:Height="17.3448"><Cell ss:Index="1024" ss:StyleID="ce1"/></Row><Row ss:Height="17.3448"><Cell ss:Index="1024" ss:StyleID="ce1"/></Row><Row ss:Height="17.3448"><Cell ss:Index="1024" ss:StyleID="ce1"/></Row><Row ss:Height="17.3448"><Cell ss:Index="1024" ss:StyleID="ce1"/></Row><Row ss:Height="17.3448"><Cell ss:Index="1024" ss:StyleID="ce1"/></Row><Row ss:Height="17.3448"><Cell ss:Index="1024" ss:StyleID="ce1"/></Row><Row ss:Height="17.3448"><Cell ss:Index="1024" ss:StyleID="ce1"/></Row><Row ss:Height="17.3448"><Cell ss:Index="1024" ss:StyleID="ce1"/></Row><Row ss:Height="17.3448"><Cell ss:Index="1024" ss:StyleID="ce1"/></Row><Row ss:Height="17.3448"><Cell ss:Index="1024" ss:StyleID="ce1"/></Row><Row ss:Height="17.3448"><Cell ss:Index="1024" ss:StyleID="ce1"/></Row><Row ss:Height="17.3448"><Cell ss:Index="1024" ss:StyleID="ce1"/></Row><Row ss:Height="17.3448"><Cell ss:Index="1024" ss:StyleID="ce1"/></Row><Row ss:Height="17.3448"><Cell ss:Index="1024" ss:StyleID="ce1"/></Row><Row ss:Height="17.3448"><Cell ss:Index="1024" ss:StyleID="ce1"/></Row><Row ss:Height="17.3448"><Cell ss:Index="1024" ss:StyleID="ce1"/></Row><Row ss:Height="17.3448"><Cell ss:Index="1024" ss:StyleID="ce1"/></Row><Row ss:Height="17.3448"><Cell ss:Index="1024" ss:StyleID="ce1"/></Row><Row ss:Height="17.3448"><Cell ss:Index="1024" ss:StyleID="ce1"/></Row><Row ss:Height="17.3448"><Cell ss:Index="1024" ss:StyleID="ce1"/></Row><Row ss:Height="17.3448"><Cell ss:Index="1024" ss:StyleID="ce1"/></Row><Row ss:Height="17.3448"><Cell ss:Index="1024" ss:StyleID="ce1"/></Row><Row ss:Height="17.3448"><Cell ss:Index="1024" ss:StyleID="ce1"/></Row><Row ss:Height="17.3448"><Cell ss:Index="1024" ss:StyleID="ce1"/></Row><Row ss:Height="17.3448"><Cell ss:Index="1024" ss:StyleID="ce1"/></Row><Row ss:Height="17.3448"><Cell ss:Index="1024" ss:StyleID="ce1"/></Row><Row ss:Height="17.3448"><Cell ss:Index="1024" ss:StyleID="ce1"/></Row><Row ss:Height="17.3448"><Cell ss:Index="1024" ss:StyleID="ce1"/></Row><Row ss:Height="17.3448"><Cell ss:Index="1024" ss:StyleID="ce1"/></Row><Row ss:Height="17.3448"><Cell ss:Index="1024" ss:StyleID="ce1"/></Row><Row ss:Height="17.3448"><Cell ss:Index="1024" ss:StyleID="ce1"/></Row><Row ss:Height="17.3448"><Cell ss:Index="1024" ss:StyleID="ce1"/></Row><Row ss:Height="17.3448"><Cell ss:Index="1024" ss:StyleID="ce1"/></Row><Row ss:Height="17.3448"><Cell ss:Index="1024" ss:StyleID="ce1"/></Row><Row ss:Height="17.3448"><Cell ss:Index="1024" ss:StyleID="ce1"/></Row><Row ss:Height="17.3448"><Cell ss:Index="1024" ss:StyleID="ce1"/></Row><Row ss:Height="17.3448"><Cell ss:Index="1024" ss:StyleID="ce1"/></Row><Row ss:Height="17.3448"><Cell ss:Index="1024" ss:StyleID="ce1"/></Row><Row ss:Height="17.3448"><Cell ss:Index="1024" ss:StyleID="ce1"/></Row><Row ss:Height="17.3448"><Cell ss:Index="1024" ss:StyleID="ce1"/></Row><Row ss:Height="17.3448"><Cell ss:Index="1024" ss:StyleID="ce1"/></Row><Row ss:Height="17.3448"><Cell ss:Index="1024" ss:StyleID="ce1"/></Row><Row ss:Height="17.3448"><Cell ss:Index="1024" ss:StyleID="ce1"/></Row><Row ss:Height="17.3448"><Cell ss:Index="1024" ss:StyleID="ce1"/></Row><Row ss:Height="17.3448"><Cell ss:Index="1024" ss:StyleID="ce1"/></Row><Row ss:Height="17.3448"><Cell ss:Index="1024" ss:StyleID="ce1"/></Row><Row ss:Height="17.3448"><Cell ss:Index="1024" ss:StyleID="ce1"/></Row><Row ss:Height="17.3448"><Cell ss:Index="1024" ss:StyleID="ce1"/></Row><Row ss:Height="17.3448"><Cell ss:Index="1024" ss:StyleID="ce1"/></Row><Row ss:Height="17.3448"><Cell ss:Index="1024" ss:StyleID="ce1"/></Row><Row ss:Height="17.3448"><Cell ss:Index="1024" ss:StyleID="ce1"/></Row><Row ss:Height="17.3448"><Cell ss:Index="1024" ss:StyleID="ce1"/></Row><Row ss:Height="17.3448"><Cell ss:Index="1024" ss:StyleID="ce1"/></Row><Row ss:Height="17.3448"><Cell ss:Index="1024" ss:StyleID="ce1"/></Row><Row ss:Height="17.3448"><Cell ss:Index="1024" ss:StyleID="ce1"/></Row><Row ss:Height="17.3448"><Cell ss:Index="1024" ss:StyleID="ce1"/></Row><Row ss:Height="17.3448"><Cell ss:Index="1024" ss:StyleID="ce1"/></Row><Row ss:Height="17.3448"><Cell ss:Index="1024" ss:StyleID="ce1"/></Row><Row ss:Height="17.3448"><Cell ss:Index="1024" ss:StyleID="ce1"/></Row><Row ss:Height="17.3448"><Cell ss:Index="1024" ss:StyleID="ce1"/></Row><Row ss:Height="17.3448"><Cell ss:Index="1024" ss:StyleID="ce1"/></Row><Row ss:Height="17.3448"><Cell ss:Index="1024" ss:StyleID="ce1"/></Row><Row ss:Height="17.3448"><Cell ss:Index="1024" ss:StyleID="ce1"/></Row><Row ss:Height="17.3448"><Cell ss:Index="1024" ss:StyleID="ce1"/></Row><Row ss:Height="17.3448"><Cell ss:Index="1024" ss:StyleID="ce1"/></Row><Row ss:Height="17.3448"><Cell ss:Index="1024" ss:StyleID="ce1"/></Row><Row ss:Height="17.3448"><Cell ss:Index="1024" ss:StyleID="ce1"/></Row><Row ss:Height="17.3448"><Cell ss:Index="1024" ss:StyleID="ce1"/></Row><Row ss:Height="17.3448"><Cell ss:Index="1024" ss:StyleID="ce1"/></Row><Row ss:Height="17.3448"><Cell ss:Index="1024" ss:StyleID="ce1"/></Row><Row ss:Height="17.3448"><Cell ss:Index="1024" ss:StyleID="ce1"/></Row><Row ss:Height="17.3448"><Cell ss:Index="1024" ss:StyleID="ce1"/></Row><Row ss:Height="17.3448"><Cell ss:Index="1024" ss:StyleID="ce1"/></Row><Row ss:Height="17.3448"><Cell ss:Index="1024" ss:StyleID="ce1"/></Row><Row ss:Height="17.3448"><Cell ss:Index="1024" ss:StyleID="ce1"/></Row><Row ss:Height="17.3448"><Cell ss:Index="1024" ss:StyleID="ce1"/></Row><Row ss:Height="17.3448"><Cell ss:Index="1024" ss:StyleID="ce1"/></Row><Row ss:Height="17.3448"><Cell ss:Index="1024" ss:StyleID="ce1"/></Row><Row ss:Height="17.3448"><Cell ss:Index="1024" ss:StyleID="ce1"/></Row><Row ss:Height="17.3448"><Cell ss:Index="1024" ss:StyleID="ce1"/></Row><Row ss:Height="17.3448"><Cell ss:Index="1024" ss:StyleID="ce1"/></Row><Row ss:Height="17.3448"><Cell ss:Index="1024" ss:StyleID="ce1"/></Row><Row ss:Height="17.3448"><Cell ss:Index="1024" ss:StyleID="ce1"/></Row><Row ss:Height="17.3448"><Cell ss:Index="1024" ss:StyleID="ce1"/></Row><Row ss:Height="17.3448"><Cell ss:Index="1024" ss:StyleID="ce1"/></Row><Row ss:Height="17.3448"><Cell ss:Index="1024" ss:StyleID="ce1"/></Row><Row ss:Height="17.3448"><Cell ss:Index="1024" ss:StyleID="ce1"/></Row><Row ss:Height="17.3448"><Cell ss:Index="1024" ss:StyleID="ce1"/></Row><Row ss:Height="17.3448"><Cell ss:Index="1024" ss:StyleID="ce1"/></Row><Row ss:Height="17.3448"><Cell ss:Index="1024" ss:StyleID="ce1"/></Row><Row ss:Height="17.3448"><Cell ss:Index="1024" ss:StyleID="ce1"/></Row><Row ss:Height="17.3448"><Cell ss:Index="1024" ss:StyleID="ce1"/></Row><Row ss:Height="17.3448"><Cell ss:Index="1024" ss:StyleID="ce1"/></Row><Row ss:Height="17.3448"><Cell ss:Index="1024" ss:StyleID="ce1"/></Row><Row ss:Height="17.3448"><Cell ss:Index="1024" ss:StyleID="ce1"/></Row><Row ss:Height="17.3448"><Cell ss:Index="1024" ss:StyleID="ce1"/></Row><Row ss:Height="17.3448"><Cell ss:Index="1024" ss:StyleID="ce1"/></Row><Row ss:Height="17.3448"><Cell ss:Index="1024" ss:StyleID="ce1"/></Row><Row ss:Height="17.3448"><Cell ss:Index="1024" ss:StyleID="ce1"/></Row><Row ss:Height="17.3448"><Cell ss:Index="1024" ss:StyleID="ce1"/></Row><Row ss:Height="17.3448"><Cell ss:Index="1024" ss:StyleID="ce1"/></Row><Row ss:Height="17.3448"><Cell ss:Index="1024" ss:StyleID="ce1"/></Row><Row ss:Height="17.3448"><Cell ss:Index="1024" ss:StyleID="ce1"/></Row><Row ss:Height="17.3448"><Cell ss:Index="1024" ss:StyleID="ce1"/></Row><Row ss:Height="17.3448"><Cell ss:Index="1024" ss:StyleID="ce1"/></Row><Row ss:Height="17.3448"><Cell ss:Index="1024" ss:StyleID="ce1"/></Row><Row ss:Height="17.3448"><Cell ss:Index="1024" ss:StyleID="ce1"/></Row><Row ss:Height="17.3448"><Cell ss:Index="1024" ss:StyleID="ce1"/></Row><Row ss:Height="17.3448"><Cell ss:Index="1024" ss:StyleID="ce1"/></Row><Row ss:Height="17.3448"><Cell ss:Index="1024" ss:StyleID="ce1"/></Row><Row ss:Height="17.3448"><Cell ss:Index="1024" ss:StyleID="ce1"/></Row><Row ss:Height="17.3448"><Cell ss:Index="1024" ss:StyleID="ce1"/></Row><Row ss:Height="17.3448"><Cell ss:Index="1024" ss:StyleID="ce1"/></Row><Row ss:Height="17.3448"><Cell ss:Index="1024" ss:StyleID="ce1"/></Row><Row ss:Height="17.3448"><Cell ss:Index="1024" ss:StyleID="ce1"/></Row><Row ss:Height="17.3448"><Cell ss:Index="1024" ss:StyleID="ce1"/></Row><Row ss:Height="17.3448"><Cell ss:Index="1024" ss:StyleID="ce1"/></Row><Row ss:Height="17.3448"><Cell ss:Index="1024" ss:StyleID="ce1"/></Row><Row ss:Height="17.3448"><Cell ss:Index="1024" ss:StyleID="ce1"/></Row><Row ss:Height="17.3448"><Cell ss:Index="1024" ss:StyleID="ce1"/></Row><Row ss:Height="17.3448"><Cell ss:Index="1024" ss:StyleID="ce1"/></Row><Row ss:Height="17.3448"><Cell ss:Index="1024" ss:StyleID="ce1"/></Row><Row ss:Height="17.3448"><Cell ss:Index="1024" ss:StyleID="ce1"/></Row><Row ss:Height="17.3448"><Cell ss:Index="1024" ss:StyleID="ce1"/></Row><Row ss:Height="17.3448"><Cell ss:Index="1024" ss:StyleID="ce1"/></Row><Row ss:Height="17.3448"><Cell ss:Index="1024" ss:StyleID="ce1"/></Row><Row ss:Height="17.3448"><Cell ss:Index="1024" ss:StyleID="ce1"/></Row><Row ss:Height="17.3448"><Cell ss:Index="1024" ss:StyleID="ce1"/></Row><Row ss:Height="17.3448"><Cell ss:Index="1024" ss:StyleID="ce1"/></Row><Row ss:Height="17.3448"><Cell ss:Index="1024" ss:StyleID="ce1"/></Row><Row ss:Height="17.3448"><Cell ss:Index="1024" ss:StyleID="ce1"/></Row><Row ss:Height="17.3448"><Cell ss:Index="1024" ss:StyleID="ce1"/></Row><Row ss:Height="17.3448"><Cell ss:Index="1024" ss:StyleID="ce1"/></Row><Row ss:Height="17.3448"><Cell ss:Index="1024" ss:StyleID="ce1"/></Row><Row ss:Height="17.3448"><Cell ss:Index="1024" ss:StyleID="ce1"/></Row><Row ss:Height="17.3448"><Cell ss:Index="1024" ss:StyleID="ce1"/></Row><Row ss:Height="17.3448"><Cell ss:Index="1024" ss:StyleID="ce1"/></Row><Row ss:Height="17.3448"><Cell ss:Index="1024" ss:StyleID="ce1"/></Row><Row ss:Height="17.3448"><Cell ss:Index="1024" ss:StyleID="ce1"/></Row><Row ss:Height="17.3448"><Cell ss:Index="1024" ss:StyleID="ce1"/></Row><Row ss:Height="17.3448"><Cell ss:Index="1024" ss:StyleID="ce1"/></Row><Row ss:Height="17.3448"><Cell ss:Index="1024" ss:StyleID="ce1"/></Row><Row ss:Height="17.3448"><Cell ss:Index="1024" ss:StyleID="ce1"/></Row><Row ss:Height="17.3448"><Cell ss:Index="1024" ss:StyleID="ce1"/></Row><Row ss:Height="17.3448"><Cell ss:Index="1024" ss:StyleID="ce1"/></Row><Row ss:Height="17.3448"><Cell ss:Index="1024" ss:StyleID="ce1"/></Row><Row ss:Height="17.3448"><Cell ss:Index="1024" ss:StyleID="ce1"/></Row><Row ss:Height="17.3448"><Cell ss:Index="1024" ss:StyleID="ce1"/></Row><Row ss:Height="17.3448"><Cell ss:Index="1024" ss:StyleID="ce1"/></Row><Row ss:Height="17.3448"><Cell ss:Index="1024" ss:StyleID="ce1"/></Row><Row ss:Height="17.3448"><Cell ss:Index="1024" ss:StyleID="ce1"/></Row><Row ss:Height="17.3448"><Cell ss:Index="1024" ss:StyleID="ce1"/></Row><Row ss:Height="17.3448"><Cell ss:Index="1024" ss:StyleID="ce1"/></Row><Row ss:Height="17.3448"><Cell ss:Index="1024" ss:StyleID="ce1"/></Row><Row ss:Height="17.3448"><Cell ss:Index="1024" ss:StyleID="ce1"/></Row><Row ss:Height="17.3448"><Cell ss:Index="1024" ss:StyleID="ce1"/></Row><Row ss:Height="17.3448"><Cell ss:Index="1024" ss:StyleID="ce1"/></Row><Row ss:Height="17.3448"><Cell ss:Index="1024" ss:StyleID="ce1"/></Row><Row ss:Height="17.3448"><Cell ss:Index="1024" ss:StyleID="ce1"/></Row><Row ss:Height="17.3448"><Cell ss:Index="1024" ss:StyleID="ce1"/></Row><Row ss:Height="17.3448"><Cell ss:Index="1024" ss:StyleID="ce1"/></Row><Row ss:Height="17.3448"><Cell ss:Index="1024" ss:StyleID="ce1"/></Row><Row ss:Height="17.3448"><Cell ss:Index="1024" ss:StyleID="ce1"/></Row><Row ss:Height="17.3448"><Cell ss:Index="1024" ss:StyleID="ce1"/></Row><Row ss:Height="17.3448"><Cell ss:Index="1024" ss:StyleID="ce1"/></Row><Row ss:Height="17.3448"><Cell ss:Index="1024" ss:StyleID="ce1"/></Row><Row ss:Height="17.3448"><Cell ss:Index="1024" ss:StyleID="ce1"/></Row><Row ss:Height="17.3448"><Cell ss:Index="1024" ss:StyleID="ce1"/></Row><Row ss:Height="17.3448"><Cell ss:Index="1024" ss:StyleID="ce1"/></Row><Row ss:Height="17.3448"><Cell ss:Index="1024" ss:StyleID="ce1"/></Row><Row ss:Height="17.3448"><Cell ss:Index="1024" ss:StyleID="ce1"/></Row><Row ss:Height="17.3448"><Cell ss:Index="1024" ss:StyleID="ce1"/></Row><Row ss:Height="17.3448"><Cell ss:Index="1024" ss:StyleID="ce1"/></Row><Row ss:Height="17.3448"><Cell ss:Index="1024" ss:StyleID="ce1"/></Row><Row ss:Height="17.3448"><Cell ss:Index="1024" ss:StyleID="ce1"/></Row><Row ss:Height="17.3448"><Cell ss:Index="1024" ss:StyleID="ce1"/></Row><Row ss:Height="17.3448"><Cell ss:Index="1024" ss:StyleID="ce1"/></Row><Row ss:Height="17.3448"><Cell ss:Index="1024" ss:StyleID="ce1"/></Row><Row ss:Height="17.3448"><Cell ss:Index="1024" ss:StyleID="ce1"/></Row><Row ss:Height="17.3448"><Cell ss:Index="1024" ss:StyleID="ce1"/></Row><Row ss:Height="17.3448"><Cell ss:Index="1024" ss:StyleID="ce1"/></Row><Row ss:Height="17.3448"><Cell ss:Index="1024" ss:StyleID="ce1"/></Row><Row ss:Height="17.3448"><Cell ss:Index="1024" ss:StyleID="ce1"/></Row><Row ss:Height="17.3448"><Cell ss:Index="1024" ss:StyleID="ce1"/></Row><Row ss:Height="17.3448"><Cell ss:Index="1024" ss:StyleID="ce1"/></Row><Row ss:Height="17.3448"><Cell ss:Index="1024" ss:StyleID="ce1"/></Row><Row ss:Height="17.3448"><Cell ss:Index="1024" ss:StyleID="ce1"/></Row><Row ss:Height="17.3448"><Cell ss:Index="1024" ss:StyleID="ce1"/></Row><Row ss:Height="17.3448"><Cell ss:Index="1024" ss:StyleID="ce1"/></Row><Row ss:Height="17.3448"><Cell ss:Index="1024" ss:StyleID="ce1"/></Row><Row ss:Height="17.3448"><Cell ss:Index="1024" ss:StyleID="ce1"/></Row><Row ss:Height="17.3448"><Cell ss:Index="1024" ss:StyleID="ce1"/></Row><Row ss:Height="17.3448"><Cell ss:Index="1024" ss:StyleID="ce1"/></Row><Row ss:Height="17.3448"><Cell ss:Index="1024" ss:StyleID="ce1"/></Row><Row ss:Height="17.3448"><Cell ss:Index="1024" ss:StyleID="ce1"/></Row><Row ss:Height="17.3448"><Cell ss:Index="1024" ss:StyleID="ce1"/></Row><Row ss:Height="17.3448"><Cell ss:Index="1024" ss:StyleID="ce1"/></Row><Row ss:Height="17.3448"><Cell ss:Index="1024" ss:StyleID="ce1"/></Row><Row ss:Height="17.3448"><Cell ss:Index="1024" ss:StyleID="ce1"/></Row><Row ss:Height="17.3448"><Cell ss:Index="1024" ss:StyleID="ce1"/></Row><Row ss:Height="17.3448"><Cell ss:Index="1024" ss:StyleID="ce1"/></Row><Row ss:Height="17.3448"><Cell ss:Index="1024" ss:StyleID="ce1"/></Row><Row ss:Height="17.3448"><Cell ss:Index="1024" ss:StyleID="ce1"/></Row><Row ss:Height="17.3448"><Cell ss:Index="1024" ss:StyleID="ce1"/></Row><Row ss:Height="17.3448"><Cell ss:Index="1024" ss:StyleID="ce1"/></Row><Row ss:Height="17.3448"><Cell ss:Index="1024" ss:StyleID="ce1"/></Row><Row ss:Height="17.3448"><Cell ss:Index="1024" ss:StyleID="ce1"/></Row><Row ss:Height="17.3448"><Cell ss:Index="1024" ss:StyleID="ce1"/></Row><Row ss:Height="17.3448"><Cell ss:Index="1024" ss:StyleID="ce1"/></Row><Row ss:Height="17.3448"><Cell ss:Index="1024" ss:StyleID="ce1"/></Row><Row ss:Height="17.3448"><Cell ss:Index="1024" ss:StyleID="ce1"/></Row><Row ss:Height="17.3448"><Cell ss:Index="1024" ss:StyleID="ce1"/></Row><Row ss:Height="17.3448"><Cell ss:Index="1024" ss:StyleID="ce1"/></Row><Row ss:Height="17.3448"><Cell ss:Index="1024" ss:StyleID="ce1"/></Row><Row ss:Height="17.3448"><Cell ss:Index="1024" ss:StyleID="ce1"/></Row><Row ss:Height="17.3448"><Cell ss:Index="1024" ss:StyleID="ce1"/></Row><Row ss:Height="17.3448"><Cell ss:Index="1024" ss:StyleID="ce1"/></Row><Row ss:Height="17.3448"><Cell ss:Index="1024" ss:StyleID="ce1"/></Row><Row ss:Height="17.3448"><Cell ss:Index="1024" ss:StyleID="ce1"/></Row><Row ss:Height="17.3448"><Cell ss:Index="1024" ss:StyleID="ce1"/></Row><Row ss:Height="17.3448"><Cell ss:Index="1024" ss:StyleID="ce1"/></Row><Row ss:Height="17.3448"><Cell ss:Index="1024" ss:StyleID="ce1"/></Row><Row ss:Height="17.3448"><Cell ss:Index="1024" ss:StyleID="ce1"/></Row><Row ss:Height="17.3448"><Cell ss:Index="1024" ss:StyleID="ce1"/></Row><Row ss:Height="17.3448"><Cell ss:Index="1024" ss:StyleID="ce1"/></Row><Row ss:Height="17.3448"><Cell ss:Index="1024" ss:StyleID="ce1"/></Row><Row ss:Height="17.3448"><Cell ss:Index="1024" ss:StyleID="ce1"/></Row><Row ss:Height="17.3448"><Cell ss:Index="1024" ss:StyleID="ce1"/></Row><Row ss:Height="17.3448"><Cell ss:Index="1024" ss:StyleID="ce1"/></Row><Row ss:Height="17.3448"><Cell ss:Index="1024" ss:StyleID="ce1"/></Row><Row ss:Height="17.3448"><Cell ss:Index="1024" ss:StyleID="ce1"/></Row><Row ss:Height="17.3448"><Cell ss:Index="1024" ss:StyleID="ce1"/></Row><Row ss:Height="17.3448"><Cell ss:Index="1024" ss:StyleID="ce1"/></Row><Row ss:Height="17.3448"><Cell ss:Index="1024" ss:StyleID="ce1"/></Row><Row ss:Height="17.3448"><Cell ss:Index="1024" ss:StyleID="ce1"/></Row><Row ss:Height="17.3448"><Cell ss:Index="1024" ss:StyleID="ce1"/></Row><Row ss:Height="17.3448"><Cell ss:Index="1024" ss:StyleID="ce1"/></Row><Row ss:Height="17.3448"><Cell ss:Index="1024" ss:StyleID="ce1"/></Row><Row ss:Height="17.3448"><Cell ss:Index="1024" ss:StyleID="ce1"/></Row><Row ss:Height="17.3448"><Cell ss:Index="1024" ss:StyleID="ce1"/></Row><Row ss:Height="17.3448"><Cell ss:Index="1024" ss:StyleID="ce1"/></Row><Row ss:Height="17.3448"><Cell ss:Index="1024" ss:StyleID="ce1"/></Row><Row ss:Height="17.3448"><Cell ss:Index="1024" ss:StyleID="ce1"/></Row><Row ss:Height="17.3448"><Cell ss:Index="1024" ss:StyleID="ce1"/></Row><Row ss:Height="17.3448"><Cell ss:Index="1024" ss:StyleID="ce1"/></Row><Row ss:Height="17.3448"><Cell ss:Index="1024" ss:StyleID="ce1"/></Row><Row ss:Height="17.3448"><Cell ss:Index="1024" ss:StyleID="ce1"/></Row><Row ss:Height="17.3448"><Cell ss:Index="1024" ss:StyleID="ce1"/></Row><Row ss:Height="17.3448"><Cell ss:Index="1024" ss:StyleID="ce1"/></Row><Row ss:Height="17.3448"><Cell ss:Index="1024" ss:StyleID="ce1"/></Row><Row ss:Height="17.3448"><Cell ss:Index="1024" ss:StyleID="ce1"/></Row><Row ss:Height="17.3448"><Cell ss:Index="1024" ss:StyleID="ce1"/></Row><Row ss:Height="17.3448"><Cell ss:Index="1024" ss:StyleID="ce1"/></Row><Row ss:Height="17.3448"><Cell ss:Index="1024" ss:StyleID="ce1"/></Row><Row ss:Height="17.3448"><Cell ss:Index="1024" ss:StyleID="ce1"/></Row><Row ss:Height="17.3448"><Cell ss:Index="1024" ss:StyleID="ce1"/></Row><Row ss:Height="17.3448"><Cell ss:Index="1024" ss:StyleID="ce1"/></Row><Row ss:Height="17.3448"><Cell ss:Index="1024" ss:StyleID="ce1"/></Row><Row ss:Height="17.3448"><Cell ss:Index="1024" ss:StyleID="ce1"/></Row><Row ss:Height="17.3448"><Cell ss:Index="1024" ss:StyleID="ce1"/></Row><Row ss:Height="17.3448"><Cell ss:Index="1024" ss:StyleID="ce1"/></Row><Row ss:Height="17.3448"><Cell ss:Index="1024" ss:StyleID="ce1"/></Row><Row ss:Height="17.3448"><Cell ss:Index="1024" ss:StyleID="ce1"/></Row><Row ss:Height="17.3448"><Cell ss:Index="1024" ss:StyleID="ce1"/></Row><Row ss:Height="17.3448"><Cell ss:Index="1024" ss:StyleID="ce1"/></Row><Row ss:Height="17.3448"><Cell ss:Index="1024" ss:StyleID="ce1"/></Row><Row ss:Height="17.3448"><Cell ss:Index="1024" ss:StyleID="ce1"/></Row><Row ss:Height="17.3448"><Cell ss:Index="1024" ss:StyleID="ce1"/></Row><Row ss:Height="17.3448"><Cell ss:Index="1024" ss:StyleID="ce1"/></Row><Row ss:Height="17.3448"><Cell ss:Index="1024" ss:StyleID="ce1"/></Row><Row ss:Height="17.3448"><Cell ss:Index="1024" ss:StyleID="ce1"/></Row><Row ss:Height="17.3448"><Cell ss:Index="1024" ss:StyleID="ce1"/></Row><Row ss:Height="17.3448"><Cell ss:Index="1024" ss:StyleID="ce1"/></Row><Row ss:Height="17.3448"><Cell ss:Index="1024" ss:StyleID="ce1"/></Row><Row ss:Height="17.3448"><Cell ss:Index="1024" ss:StyleID="ce1"/></Row><Row ss:Height="17.3448"><Cell ss:Index="1024" ss:StyleID="ce1"/></Row><Row ss:Height="17.3448"><Cell ss:Index="1024" ss:StyleID="ce1"/></Row><Row ss:Height="17.3448"><Cell ss:Index="1024" ss:StyleID="ce1"/></Row><Row ss:Height="17.3448"><Cell ss:Index="1024" ss:StyleID="ce1"/></Row><Row ss:Height="17.3448"><Cell ss:Index="1024" ss:StyleID="ce1"/></Row><Row ss:Height="17.3448"><Cell ss:Index="1024" ss:StyleID="ce1"/></Row><Row ss:Height="17.3448"><Cell ss:Index="1024" ss:StyleID="ce1"/></Row><Row ss:Height="17.3448"><Cell ss:Index="1024" ss:StyleID="ce1"/></Row><Row ss:Height="17.3448"><Cell ss:Index="1024" ss:StyleID="ce1"/></Row><Row ss:Height="17.3448"><Cell ss:Index="1024" ss:StyleID="ce1"/></Row><Row ss:Height="17.3448"><Cell ss:Index="1024" ss:StyleID="ce1"/></Row><Row ss:Height="17.3448"><Cell ss:Index="1024" ss:StyleID="ce1"/></Row><Row ss:Height="17.3448"><Cell ss:Index="1024" ss:StyleID="ce1"/></Row><Row ss:Height="17.3448"><Cell ss:Index="1024" ss:StyleID="ce1"/></Row><Row ss:Height="17.3448"><Cell ss:Index="1024" ss:StyleID="ce1"/></Row><Row ss:Height="17.3448"><Cell ss:Index="1024" ss:StyleID="ce1"/></Row><Row ss:Height="17.3448"><Cell ss:Index="1024" ss:StyleID="ce1"/></Row><Row ss:Height="17.3448"><Cell ss:Index="1024" ss:StyleID="ce1"/></Row><Row ss:Height="17.3448"><Cell ss:Index="1024" ss:StyleID="ce1"/></Row><Row ss:Height="17.3448"><Cell ss:Index="1024" ss:StyleID="ce1"/></Row><Row ss:Height="17.3448"><Cell ss:Index="1024" ss:StyleID="ce1"/></Row><Row ss:Height="17.3448"><Cell ss:Index="1024" ss:StyleID="ce1"/></Row><Row ss:Height="17.3448"><Cell ss:Index="1024" ss:StyleID="ce1"/></Row><Row ss:Height="17.3448"><Cell ss:Index="1024" ss:StyleID="ce1"/></Row><Row ss:Height="17.3448"><Cell ss:Index="1024" ss:StyleID="ce1"/></Row><Row ss:Height="17.3448"><Cell ss:Index="1024" ss:StyleID="ce1"/></Row><Row ss:Height="17.3448"><Cell ss:Index="1024" ss:StyleID="ce1"/></Row><Row ss:Height="17.3448"><Cell ss:Index="1024" ss:StyleID="ce1"/></Row><Row ss:Height="17.3448"><Cell ss:Index="1024" ss:StyleID="ce1"/></Row><Row ss:Height="17.3448"><Cell ss:Index="1024" ss:StyleID="ce1"/></Row><Row ss:Height="17.3448"><Cell ss:Index="1024" ss:StyleID="ce1"/></Row><Row ss:Height="17.3448"><Cell ss:Index="1024" ss:StyleID="ce1"/></Row><Row ss:Height="17.3448"><Cell ss:Index="1024" ss:StyleID="ce1"/></Row><Row ss:Height="17.3448"><Cell ss:Index="1024" ss:StyleID="ce1"/></Row><Row ss:Height="17.3448"><Cell ss:Index="1024" ss:StyleID="ce1"/></Row><Row ss:Height="17.3448"><Cell ss:Index="1024" ss:StyleID="ce1"/></Row><Row ss:Height="17.3448"><Cell ss:Index="1024" ss:StyleID="ce1"/></Row><Row ss:Height="17.3448"><Cell ss:Index="1024" ss:StyleID="ce1"/></Row><Row ss:Height="17.3448"><Cell ss:Index="1024" ss:StyleID="ce1"/></Row><Row ss:Height="17.3448"><Cell ss:Index="1024" ss:StyleID="ce1"/></Row><Row ss:Height="17.3448"><Cell ss:Index="1024" ss:StyleID="ce1"/></Row><Row ss:Height="17.3448"><Cell ss:Index="1024" ss:StyleID="ce1"/></Row><Row ss:Height="17.3448"><Cell ss:Index="1024" ss:StyleID="ce1"/></Row><Row ss:Height="17.3448"><Cell ss:Index="1024" ss:StyleID="ce1"/></Row><Row ss:Height="17.3448"><Cell ss:Index="1024" ss:StyleID="ce1"/></Row><Row ss:Height="17.3448"><Cell ss:Index="1024" ss:StyleID="ce1"/></Row><Row ss:Height="17.3448"><Cell ss:Index="1024" ss:StyleID="ce1"/></Row><Row ss:Height="17.3448"><Cell ss:Index="1024" ss:StyleID="ce1"/></Row><Row ss:Height="17.3448"><Cell ss:Index="1024" ss:StyleID="ce1"/></Row><Row ss:Height="17.3448"><Cell ss:Index="1024" ss:StyleID="ce1"/></Row><Row ss:Height="17.3448"><Cell ss:Index="1024" ss:StyleID="ce1"/></Row><Row ss:Height="17.3448"><Cell ss:Index="1024" ss:StyleID="ce1"/></Row><Row ss:Height="17.3448"><Cell ss:Index="1024" ss:StyleID="ce1"/></Row><Row ss:Height="17.3448"><Cell ss:Index="1024" ss:StyleID="ce1"/></Row><Row ss:Height="17.3448"><Cell ss:Index="1024" ss:StyleID="ce1"/></Row><Row ss:Height="17.3448"><Cell ss:Index="1024" ss:StyleID="ce1"/></Row><Row ss:Height="17.3448"><Cell ss:Index="1024" ss:StyleID="ce1"/></Row><Row ss:Height="17.3448"><Cell ss:Index="1024" ss:StyleID="ce1"/></Row><Row ss:Height="17.3448"><Cell ss:Index="1024" ss:StyleID="ce1"/></Row><Row ss:Height="17.3448"><Cell ss:Index="1024" ss:StyleID="ce1"/></Row><Row ss:Height="17.3448"><Cell ss:Index="1024" ss:StyleID="ce1"/></Row><Row ss:Height="17.3448"><Cell ss:Index="1024" ss:StyleID="ce1"/></Row><Row ss:Height="17.3448"><Cell ss:Index="1024" ss:StyleID="ce1"/></Row><Row ss:Height="17.3448"><Cell ss:Index="1024" ss:StyleID="ce1"/></Row><Row ss:Height="17.3448"><Cell ss:Index="1024" ss:StyleID="ce1"/></Row><Row ss:Height="17.3448"><Cell ss:Index="1024" ss:StyleID="ce1"/></Row><Row ss:Height="17.3448"><Cell ss:Index="1024" ss:StyleID="ce1"/></Row><Row ss:Height="17.3448"><Cell ss:Index="1024" ss:StyleID="ce1"/></Row><Row ss:Height="17.3448"><Cell ss:Index="1024" ss:StyleID="ce1"/></Row><Row ss:Height="17.3448"><Cell ss:Index="1024" ss:StyleID="ce1"/></Row><Row ss:Height="17.3448"><Cell ss:Index="1024" ss:StyleID="ce1"/></Row><Row ss:Height="17.3448"><Cell ss:Index="1024" ss:StyleID="ce1"/></Row><Row ss:Height="17.3448"><Cell ss:Index="1024" ss:StyleID="ce1"/></Row><Row ss:Height="17.3448"><Cell ss:Index="1024" ss:StyleID="ce1"/></Row><Row ss:Height="17.3448"><Cell ss:Index="1024" ss:StyleID="ce1"/></Row><Row ss:Height="17.3448"><Cell ss:Index="1024" ss:StyleID="ce1"/></Row><Row ss:Height="17.3448"><Cell ss:Index="1024" ss:StyleID="ce1"/></Row><Row ss:Height="17.3448"><Cell ss:Index="1024" ss:StyleID="ce1"/></Row><Row ss:Height="17.3448"><Cell ss:Index="1024" ss:StyleID="ce1"/></Row><Row ss:Height="17.3448"><Cell ss:Index="1024" ss:StyleID="ce1"/></Row><Row ss:Height="17.3448"><Cell ss:Index="1024" ss:StyleID="ce1"/></Row><Row ss:Height="17.3448"><Cell ss:Index="1024" ss:StyleID="ce1"/></Row><Row ss:Height="17.3448"><Cell ss:Index="1024" ss:StyleID="ce1"/></Row><Row ss:Height="17.3448"><Cell ss:Index="1024" ss:StyleID="ce1"/></Row><Row ss:Height="17.3448"><Cell ss:Index="1024" ss:StyleID="ce1"/></Row><Row ss:Height="17.3448"><Cell ss:Index="1024" ss:StyleID="ce1"/></Row><Row ss:Height="17.3448"><Cell ss:Index="1024" ss:StyleID="ce1"/></Row><Row ss:Height="17.3448"><Cell ss:Index="1024" ss:StyleID="ce1"/></Row><Row ss:Height="17.3448"><Cell ss:Index="1024" ss:StyleID="ce1"/></Row><Row ss:Height="17.3448"><Cell ss:Index="1024" ss:StyleID="ce1"/></Row><Row ss:Height="17.3448"><Cell ss:Index="1024" ss:StyleID="ce1"/></Row><Row ss:Height="17.3448"><Cell ss:Index="1024" ss:StyleID="ce1"/></Row><Row ss:Height="17.3448"><Cell ss:Index="1024" ss:StyleID="ce1"/></Row><Row ss:Height="17.3448"><Cell ss:Index="1024" ss:StyleID="ce1"/></Row><Row ss:Height="17.3448"><Cell ss:Index="1024" ss:StyleID="ce1"/></Row><Row ss:Height="17.3448"><Cell ss:Index="1024" ss:StyleID="ce1"/></Row><Row ss:Height="17.3448"><Cell ss:Index="1024" ss:StyleID="ce1"/></Row><Row ss:Height="17.3448"><Cell ss:Index="1024" ss:StyleID="ce1"/></Row><Row ss:Height="17.3448"><Cell ss:Index="1024" ss:StyleID="ce1"/></Row><Row ss:Height="17.3448"><Cell ss:Index="1024" ss:StyleID="ce1"/></Row><Row ss:Height="17.3448"><Cell ss:Index="1024" ss:StyleID="ce1"/></Row><Row ss:Height="17.3448"><Cell ss:Index="1024" ss:StyleID="ce1"/></Row><Row ss:Height="17.3448"><Cell ss:Index="1024" ss:StyleID="ce1"/></Row><Row ss:Height="17.3448"><Cell ss:Index="1024" ss:StyleID="ce1"/></Row><Row ss:Height="17.3448"><Cell ss:Index="1024" ss:StyleID="ce1"/></Row><Row ss:Height="17.3448"><Cell ss:Index="1024" ss:StyleID="ce1"/></Row><Row ss:Height="17.3448"><Cell ss:Index="1024" ss:StyleID="ce1"/></Row><Row ss:Height="17.3448"><Cell ss:Index="1024" ss:StyleID="ce1"/></Row><Row ss:Height="17.3448"><Cell ss:Index="1024" ss:StyleID="ce1"/></Row><Row ss:Height="17.3448"><Cell ss:Index="1024" ss:StyleID="ce1"/></Row><Row ss:Height="17.3448"><Cell ss:Index="1024" ss:StyleID="ce1"/></Row><Row ss:Height="17.3448"><Cell ss:Index="1024" ss:StyleID="ce1"/></Row><Row ss:Height="17.3448"><Cell ss:Index="1024" ss:StyleID="ce1"/></Row><Row ss:Height="17.3448"><Cell ss:Index="1024" ss:StyleID="ce1"/></Row><Row ss:Height="17.3448"><Cell ss:Index="1024" ss:StyleID="ce1"/></Row><Row ss:Height="17.3448"><Cell ss:Index="1024" ss:StyleID="ce1"/></Row><Row ss:Height="17.3448"><Cell ss:Index="1024" ss:StyleID="ce1"/></Row><Row ss:Height="17.3448"><Cell ss:Index="1024" ss:StyleID="ce1"/></Row><Row ss:Height="17.3448"><Cell ss:Index="1024" ss:StyleID="ce1"/></Row><Row ss:Height="17.3448"><Cell ss:Index="1024" ss:StyleID="ce1"/></Row><Row ss:Height="17.3448"><Cell ss:Index="1024" ss:StyleID="ce1"/></Row><Row ss:Height="17.3448"><Cell ss:Index="1024" ss:StyleID="ce1"/></Row><Row ss:Height="17.3448"><Cell ss:Index="1024" ss:StyleID="ce1"/></Row><Row ss:Height="17.3448"><Cell ss:Index="1024" ss:StyleID="ce1"/></Row><Row ss:Height="17.3448"><Cell ss:Index="1024" ss:StyleID="ce1"/></Row><Row ss:Height="17.3448"><Cell ss:Index="1024" ss:StyleID="ce1"/></Row><Row ss:Height="17.3448"><Cell ss:Index="1024" ss:StyleID="ce1"/></Row><Row ss:Height="17.3448"><Cell ss:Index="1024" ss:StyleID="ce1"/></Row><Row ss:Height="17.3448"><Cell ss:Index="1024" ss:StyleID="ce1"/></Row><Row ss:Height="17.3448"><Cell ss:Index="1024" ss:StyleID="ce1"/></Row><Row ss:Height="17.3448"><Cell ss:Index="1024" ss:StyleID="ce1"/></Row><Row ss:Height="17.3448"><Cell ss:Index="1024" ss:StyleID="ce1"/></Row><Row ss:Height="17.3448"><Cell ss:Index="1024" ss:StyleID="ce1"/></Row><Row ss:Height="17.3448"><Cell ss:Index="1024" ss:StyleID="ce1"/></Row><Row ss:Height="17.3448"><Cell ss:Index="1024" ss:StyleID="ce1"/></Row><Row ss:Height="17.3448"><Cell ss:Index="1024" ss:StyleID="ce1"/></Row><Row ss:Height="17.3448"><Cell ss:Index="1024" ss:StyleID="ce1"/></Row><Row ss:Height="17.3448"><Cell ss:Index="1024" ss:StyleID="ce1"/></Row><Row ss:Height="17.3448"><Cell ss:Index="1024" ss:StyleID="ce1"/></Row><Row ss:Height="17.3448"><Cell ss:Index="1024" ss:StyleID="ce1"/></Row><Row ss:Height="17.3448"><Cell ss:Index="1024" ss:StyleID="ce1"/></Row><Row ss:Height="17.3448"><Cell ss:Index="1024" ss:StyleID="ce1"/></Row><Row ss:Height="17.3448"><Cell ss:Index="1024" ss:StyleID="ce1"/></Row><Row ss:Height="17.3448"><Cell ss:Index="1024" ss:StyleID="ce1"/></Row><Row ss:Height="17.3448"><Cell ss:Index="1024" ss:StyleID="ce1"/></Row><Row ss:Height="17.3448"><Cell ss:Index="1024" ss:StyleID="ce1"/></Row><Row ss:Height="17.3448"><Cell ss:Index="1024" ss:StyleID="ce1"/></Row><Row ss:Height="17.3448"><Cell ss:Index="1024" ss:StyleID="ce1"/></Row><Row ss:Height="17.3448"><Cell ss:Index="1024" ss:StyleID="ce1"/></Row><Row ss:Height="17.3448"><Cell ss:Index="1024" ss:StyleID="ce1"/></Row><Row ss:Height="17.3448"><Cell ss:Index="1024" ss:StyleID="ce1"/></Row><Row ss:Height="17.3448"><Cell ss:Index="1024" ss:StyleID="ce1"/></Row><Row ss:Height="17.3448"><Cell ss:Index="1024" ss:StyleID="ce1"/></Row><Row ss:Height="17.3448"><Cell ss:Index="1024" ss:StyleID="ce1"/></Row><Row ss:Height="17.3448"><Cell ss:Index="1024" ss:StyleID="ce1"/></Row><Row ss:Height="17.3448"><Cell ss:Index="1024" ss:StyleID="ce1"/></Row><Row ss:Height="17.3448"><Cell ss:Index="1024" ss:StyleID="ce1"/></Row><Row ss:Height="17.3448"><Cell ss:Index="1024" ss:StyleID="ce1"/></Row><Row ss:Height="17.3448"><Cell ss:Index="1024" ss:StyleID="ce1"/></Row><Row ss:Height="17.3448"><Cell ss:Index="1024" ss:StyleID="ce1"/></Row><Row ss:Height="17.3448"><Cell ss:Index="1024" ss:StyleID="ce1"/></Row><Row ss:Height="17.3448"><Cell ss:Index="1024" ss:StyleID="ce1"/></Row><Row ss:Height="17.3448"><Cell ss:Index="1024" ss:StyleID="ce1"/></Row><Row ss:Height="17.3448"><Cell ss:Index="1024" ss:StyleID="ce1"/></Row><Row ss:Height="17.3448"><Cell ss:Index="1024" ss:StyleID="ce1"/></Row><Row ss:Height="17.3448"><Cell ss:Index="1024" ss:StyleID="ce1"/></Row><Row ss:Height="17.3448"><Cell ss:Index="1024" ss:StyleID="ce1"/></Row><Row ss:Height="17.3448"><Cell ss:Index="1024" ss:StyleID="ce1"/></Row><Row ss:Height="17.3448"><Cell ss:Index="1024" ss:StyleID="ce1"/></Row><Row ss:Height="17.3448"><Cell ss:Index="1024" ss:StyleID="ce1"/></Row><Row ss:Height="17.3448"><Cell ss:Index="1024" ss:StyleID="ce1"/></Row><Row ss:Height="17.3448"><Cell ss:Index="1024" ss:StyleID="ce1"/></Row><Row ss:Height="17.3448"><Cell ss:Index="1024" ss:StyleID="ce1"/></Row><Row ss:Height="17.3448"><Cell ss:Index="1024" ss:StyleID="ce1"/></Row><Row ss:Height="17.3448"><Cell ss:Index="1024" ss:StyleID="ce1"/></Row><Row ss:Height="17.3448"><Cell ss:Index="1024" ss:StyleID="ce1"/></Row><Row ss:Height="17.3448"><Cell ss:Index="1024" ss:StyleID="ce1"/></Row><Row ss:Height="17.3448"><Cell ss:Index="1024" ss:StyleID="ce1"/></Row><Row ss:Height="17.3448"><Cell ss:Index="1024" ss:StyleID="ce1"/></Row><Row ss:Height="17.3448"><Cell ss:Index="1024" ss:StyleID="ce1"/></Row><Row ss:Height="17.3448"><Cell ss:Index="1024" ss:StyleID="ce1"/></Row><Row ss:Height="17.3448"><Cell ss:Index="1024" ss:StyleID="ce1"/></Row><Row ss:Height="17.3448"><Cell ss:Index="1024" ss:StyleID="ce1"/></Row><Row ss:Height="17.3448"><Cell ss:Index="1024" ss:StyleID="ce1"/></Row><Row ss:Height="17.3448"><Cell ss:Index="1024" ss:StyleID="ce1"/></Row><Row ss:Height="17.3448"><Cell ss:Index="1024" ss:StyleID="ce1"/></Row><Row ss:Height="17.3448"><Cell ss:Index="1024" ss:StyleID="ce1"/></Row><Row ss:Height="17.3448"><Cell ss:Index="1024" ss:StyleID="ce1"/></Row><Row ss:Height="17.3448"><Cell ss:Index="1024" ss:StyleID="ce1"/></Row><Row ss:Height="17.3448"><Cell ss:Index="1024" ss:StyleID="ce1"/></Row><Row ss:Height="17.3448"><Cell ss:Index="1024" ss:StyleID="ce1"/></Row><Row ss:Height="17.3448"><Cell ss:Index="1024" ss:StyleID="ce1"/></Row><Row ss:Height="17.3448"><Cell ss:Index="1024" ss:StyleID="ce1"/></Row><Row ss:Height="17.3448"><Cell ss:Index="1024" ss:StyleID="ce1"/></Row><Row ss:Height="17.3448"><Cell ss:Index="1024" ss:StyleID="ce1"/></Row><Row ss:Height="17.3448"><Cell ss:Index="1024" ss:StyleID="ce1"/></Row><Row ss:Height="17.3448"><Cell ss:Index="1024" ss:StyleID="ce1"/></Row><Row ss:Height="17.3448"><Cell ss:Index="1024" ss:StyleID="ce1"/></Row><Row ss:Height="17.3448"><Cell ss:Index="1024" ss:StyleID="ce1"/></Row><Row ss:Height="17.3448"><Cell ss:Index="1024" ss:StyleID="ce1"/></Row><Row ss:Height="17.3448"><Cell ss:Index="1024" ss:StyleID="ce1"/></Row><Row ss:Height="17.3448"><Cell ss:Index="1024" ss:StyleID="ce1"/></Row><Row ss:Height="17.3448"><Cell ss:Index="1024" ss:StyleID="ce1"/></Row><Row ss:Height="17.3448"><Cell ss:Index="1024" ss:StyleID="ce1"/></Row><Row ss:Height="17.3448"><Cell ss:Index="1024" ss:StyleID="ce1"/></Row><Row ss:Height="17.3448"><Cell ss:Index="1024" ss:StyleID="ce1"/></Row><Row ss:Height="17.3448"><Cell ss:Index="1024" ss:StyleID="ce1"/></Row><Row ss:Height="17.3448"><Cell ss:Index="1024" ss:StyleID="ce1"/></Row><Row ss:Height="17.3448"><Cell ss:Index="1024" ss:StyleID="ce1"/></Row><Row ss:Height="17.3448"><Cell ss:Index="1024" ss:StyleID="ce1"/></Row><Row ss:Height="17.3448"><Cell ss:Index="1024" ss:StyleID="ce1"/></Row><Row ss:Height="17.3448"><Cell ss:Index="1024" ss:StyleID="ce1"/></Row><Row ss:Height="17.3448"><Cell ss:Index="1024" ss:StyleID="ce1"/></Row><Row ss:Height="17.3448"><Cell ss:Index="1024" ss:StyleID="ce1"/></Row><Row ss:Height="17.3448"><Cell ss:Index="1024" ss:StyleID="ce1"/></Row><Row ss:Height="17.3448"><Cell ss:Index="1024" ss:StyleID="ce1"/></Row><Row ss:Height="17.3448"><Cell ss:Index="1024" ss:StyleID="ce1"/></Row><Row ss:Height="17.3448"><Cell ss:Index="1024" ss:StyleID="ce1"/></Row><Row ss:Height="17.3448"><Cell ss:Index="1024" ss:StyleID="ce1"/></Row><Row ss:Height="17.3448"><Cell ss:Index="1024" ss:StyleID="ce1"/></Row><Row ss:Height="17.3448"><Cell ss:Index="1024" ss:StyleID="ce1"/></Row><Row ss:Height="17.3448"><Cell ss:Index="1024" ss:StyleID="ce1"/></Row><Row ss:Height="17.3448"><Cell ss:Index="1024" ss:StyleID="ce1"/></Row><Row ss:Height="17.3448"><Cell ss:Index="1024" ss:StyleID="ce1"/></Row><Row ss:Height="17.3448"><Cell ss:Index="1024" ss:StyleID="ce1"/></Row><Row ss:Height="17.3448"><Cell ss:Index="1024" ss:StyleID="ce1"/></Row><Row ss:Height="17.3448"><Cell ss:Index="1024" ss:StyleID="ce1"/></Row><Row ss:Height="17.3448"><Cell ss:Index="1024" ss:StyleID="ce1"/></Row><Row ss:Height="17.3448"><Cell ss:Index="1024" ss:StyleID="ce1"/></Row><Row ss:Height="17.3448"><Cell ss:Index="1024" ss:StyleID="ce1"/></Row><Row ss:Height="17.3448"><Cell ss:Index="1024" ss:StyleID="ce1"/></Row><Row ss:Height="17.3448"><Cell ss:Index="1024" ss:StyleID="ce1"/></Row><Row ss:Height="17.3448"><Cell ss:Index="1024" ss:StyleID="ce1"/></Row><Row ss:Height="17.3448"><Cell ss:Index="1024" ss:StyleID="ce1"/></Row><Row ss:Height="17.3448"><Cell ss:Index="1024" ss:StyleID="ce1"/></Row><Row ss:Height="17.3448"><Cell ss:Index="1024" ss:StyleID="ce1"/></Row><Row ss:Height="17.3448"><Cell ss:Index="1024" ss:StyleID="ce1"/></Row><Row ss:Height="17.3448"><Cell ss:Index="1024" ss:StyleID="ce1"/></Row><Row ss:Height="17.3448"><Cell ss:Index="1024" ss:StyleID="ce1"/></Row><Row ss:Height="17.3448"><Cell ss:Index="1024" ss:StyleID="ce1"/></Row><Row ss:Height="17.3448"><Cell ss:Index="1024" ss:StyleID="ce1"/></Row><Row ss:Height="17.3448"><Cell ss:Index="1024" ss:StyleID="ce1"/></Row><Row ss:Height="17.3448"><Cell ss:Index="1024" ss:StyleID="ce1"/></Row><Row ss:Height="17.3448"><Cell ss:Index="1024" ss:StyleID="ce1"/></Row><Row ss:Height="17.3448"><Cell ss:Index="1024" ss:StyleID="ce1"/></Row><Row ss:Height="17.3448"><Cell ss:Index="1024" ss:StyleID="ce1"/></Row><Row ss:Height="17.3448"><Cell ss:Index="1024" ss:StyleID="ce1"/></Row><Row ss:Height="17.3448"><Cell ss:Index="1024" ss:StyleID="ce1"/></Row><Row ss:Height="17.3448"><Cell ss:Index="1024" ss:StyleID="ce1"/></Row><Row ss:Height="17.3448"><Cell ss:Index="1024" ss:StyleID="ce1"/></Row><Row ss:Height="17.3448"><Cell ss:Index="1024" ss:StyleID="ce1"/></Row><Row ss:Height="17.3448"><Cell ss:Index="1024" ss:StyleID="ce1"/></Row><Row ss:Height="17.3448"><Cell ss:Index="1024" ss:StyleID="ce1"/></Row><Row ss:Height="17.3448"><Cell ss:Index="1024" ss:StyleID="ce1"/></Row><Row ss:Height="17.3448"><Cell ss:Index="1024" ss:StyleID="ce1"/></Row><Row ss:Height="17.3448"><Cell ss:Index="1024" ss:StyleID="ce1"/></Row><Row ss:Height="17.3448"><Cell ss:Index="1024" ss:StyleID="ce1"/></Row><Row ss:Height="17.3448"><Cell ss:Index="1024" ss:StyleID="ce1"/></Row><Row ss:Height="17.3448"><Cell ss:Index="1024" ss:StyleID="ce1"/></Row><Row ss:Height="17.3448"><Cell ss:Index="1024" ss:StyleID="ce1"/></Row><Row ss:Height="17.3448"><Cell ss:Index="1024" ss:StyleID="ce1"/></Row><Row ss:Height="17.3448"><Cell ss:Index="1024" ss:StyleID="ce1"/></Row><Row ss:Height="17.3448"><Cell ss:Index="1024" ss:StyleID="ce1"/></Row><Row ss:Height="17.3448"><Cell ss:Index="1024" ss:StyleID="ce1"/></Row><Row ss:Height="17.3448"><Cell ss:Index="1024" ss:StyleID="ce1"/></Row><Row ss:Height="17.3448"><Cell ss:Index="1024" ss:StyleID="ce1"/></Row><Row ss:Height="17.3448"><Cell ss:Index="1024" ss:StyleID="ce1"/></Row><Row ss:Height="17.3448"><Cell ss:Index="1024" ss:StyleID="ce1"/></Row><Row ss:Height="17.3448"><Cell ss:Index="1024" ss:StyleID="ce1"/></Row><Row ss:Height="17.3448"><Cell ss:Index="1024" ss:StyleID="ce1"/></Row><Row ss:Height="17.3448"><Cell ss:Index="1024" ss:StyleID="ce1"/></Row><Row ss:Height="17.3448"><Cell ss:Index="1024" ss:StyleID="ce1"/></Row><Row ss:Height="17.3448"><Cell ss:Index="1024" ss:StyleID="ce1"/></Row><Row ss:Height="17.3448"><Cell ss:Index="1024" ss:StyleID="ce1"/></Row><Row ss:Height="17.3448"><Cell ss:Index="1024" ss:StyleID="ce1"/></Row><Row ss:Height="17.3448"><Cell ss:Index="1024" ss:StyleID="ce1"/></Row><Row ss:Height="17.3448"><Cell ss:Index="1024" ss:StyleID="ce1"/></Row><Row ss:Height="17.3448"><Cell ss:Index="1024" ss:StyleID="ce1"/></Row><Row ss:Height="17.3448"><Cell ss:Index="1024" ss:StyleID="ce1"/></Row><Row ss:Height="17.3448"><Cell ss:Index="1024" ss:StyleID="ce1"/></Row><Row ss:Height="17.3448"><Cell ss:Index="1024" ss:StyleID="ce1"/></Row><Row ss:Height="17.3448"><Cell ss:Index="1024" ss:StyleID="ce1"/></Row><Row ss:Height="17.3448"><Cell ss:Index="1024" ss:StyleID="ce1"/></Row><Row ss:Height="17.3448"><Cell ss:Index="1024" ss:StyleID="ce1"/></Row><Row ss:Height="17.3448"><Cell ss:Index="1024" ss:StyleID="ce1"/></Row><Row ss:Height="17.3448"><Cell ss:Index="1024" ss:StyleID="ce1"/></Row><Row ss:Height="17.3448"><Cell ss:Index="1024" ss:StyleID="ce1"/></Row><Row ss:Height="17.3448"><Cell ss:Index="1024" ss:StyleID="ce1"/></Row><Row ss:Height="17.3448"><Cell ss:Index="1024" ss:StyleID="ce1"/></Row><Row ss:Height="17.3448"><Cell ss:Index="1024" ss:StyleID="ce1"/></Row><Row ss:Height="17.3448"><Cell ss:Index="1024" ss:StyleID="ce1"/></Row><Row ss:Height="17.3448"><Cell ss:Index="1024" ss:StyleID="ce1"/></Row><Row ss:Height="17.3448"><Cell ss:Index="1024" ss:StyleID="ce1"/></Row><Row ss:Height="17.3448"><Cell ss:Index="1024" ss:StyleID="ce1"/></Row><Row ss:Height="17.3448"><Cell ss:Index="1024" ss:StyleID="ce1"/></Row><Row ss:Height="17.3448"><Cell ss:Index="1024" ss:StyleID="ce1"/></Row><Row ss:Height="17.3448"><Cell ss:Index="1024" ss:StyleID="ce1"/></Row><Row ss:Height="17.3448"><Cell ss:Index="1024" ss:StyleID="ce1"/></Row><Row ss:Height="17.3448"><Cell ss:Index="1024" ss:StyleID="ce1"/></Row><Row ss:Height="17.3448"><Cell ss:Index="1024" ss:StyleID="ce1"/></Row><Row ss:Height="17.3448"><Cell ss:Index="1024" ss:StyleID="ce1"/></Row><Row ss:Height="17.3448"><Cell ss:Index="1024" ss:StyleID="ce1"/></Row><Row ss:Height="17.3448"><Cell ss:Index="1024" ss:StyleID="ce1"/></Row><Row ss:Height="17.3448"><Cell ss:Index="1024" ss:StyleID="ce1"/></Row><Row ss:Height="17.3448"><Cell ss:Index="1024" ss:StyleID="ce1"/></Row><Row ss:Height="17.3448"><Cell ss:Index="1024" ss:StyleID="ce1"/></Row><Row ss:Height="17.3448"><Cell ss:Index="1024" ss:StyleID="ce1"/></Row><Row ss:Height="17.3448"><Cell ss:Index="1024" ss:StyleID="ce1"/></Row><Row ss:Height="17.3448"><Cell ss:Index="1024" ss:StyleID="ce1"/></Row><Row ss:Height="17.3448"><Cell ss:Index="1024" ss:StyleID="ce1"/></Row><Row ss:Height="17.3448"><Cell ss:Index="1024" ss:StyleID="ce1"/></Row><Row ss:Height="17.3448"><Cell ss:Index="1024" ss:StyleID="ce1"/></Row><Row ss:Height="17.3448"><Cell ss:Index="1024" ss:StyleID="ce1"/></Row><Row ss:Height="17.3448"><Cell ss:Index="1024" ss:StyleID="ce1"/></Row><Row ss:Height="17.3448"><Cell ss:Index="1024" ss:StyleID="ce1"/></Row><Row ss:Height="17.3448"><Cell ss:Index="1024" ss:StyleID="ce1"/></Row><Row ss:Height="17.3448"><Cell ss:Index="1024" ss:StyleID="ce1"/></Row><Row ss:Height="17.3448"><Cell ss:Index="1024" ss:StyleID="ce1"/></Row><Row ss:Height="17.3448"><Cell ss:Index="1024" ss:StyleID="ce1"/></Row><Row ss:Height="17.3448"><Cell ss:Index="1024" ss:StyleID="ce1"/></Row><Row ss:Height="17.3448"><Cell ss:Index="1024" ss:StyleID="ce1"/></Row><Row ss:Height="17.3448"><Cell ss:Index="1024" ss:StyleID="ce1"/></Row><Row ss:Height="17.3448"><Cell ss:Index="1024" ss:StyleID="ce1"/></Row><Row ss:Height="17.3448"><Cell ss:Index="1024" ss:StyleID="ce1"/></Row><Row ss:Height="17.3448"><Cell ss:Index="1024" ss:StyleID="ce1"/></Row><Row ss:Height="17.3448"><Cell ss:Index="1024" ss:StyleID="ce1"/></Row><Row ss:Height="17.3448"><Cell ss:Index="1024" ss:StyleID="ce1"/></Row><Row ss:Height="17.3448"><Cell ss:Index="1024" ss:StyleID="ce1"/></Row><Row ss:Height="17.3448"><Cell ss:Index="1024" ss:StyleID="ce1"/></Row><Row ss:Height="17.3448"><Cell ss:Index="1024" ss:StyleID="ce1"/></Row><Row ss:Height="17.3448"><Cell ss:Index="1024" ss:StyleID="ce1"/></Row><Row ss:Height="17.3448"><Cell ss:Index="1024" ss:StyleID="ce1"/></Row><Row ss:Height="17.3448"><Cell ss:Index="1024" ss:StyleID="ce1"/></Row><Row ss:Height="17.3448"><Cell ss:Index="1024" ss:StyleID="ce1"/></Row><Row ss:Height="17.3448"><Cell ss:Index="1024" ss:StyleID="ce1"/></Row><Row ss:Height="17.3448"><Cell ss:Index="1024" ss:StyleID="ce1"/></Row><Row ss:Height="17.3448"><Cell ss:Index="1024" ss:StyleID="ce1"/></Row><Row ss:Height="17.3448"><Cell ss:Index="1024" ss:StyleID="ce1"/></Row><Row ss:Height="17.3448"><Cell ss:Index="1024" ss:StyleID="ce1"/></Row><Row ss:Height="17.3448"><Cell ss:Index="1024" ss:StyleID="ce1"/></Row><Row ss:Height="17.3448"><Cell ss:Index="1024" ss:StyleID="ce1"/></Row><Row ss:Height="17.3448"><Cell ss:Index="1024" ss:StyleID="ce1"/></Row><Row ss:Height="17.3448"><Cell ss:Index="1024" ss:StyleID="ce1"/></Row><Row ss:Height="17.3448"><Cell ss:Index="1024" ss:StyleID="ce1"/></Row><Row ss:Height="17.3448"><Cell ss:Index="1024" ss:StyleID="ce1"/></Row><Row ss:Height="17.3448"><Cell ss:Index="1024" ss:StyleID="ce1"/></Row><Row ss:Height="17.3448"><Cell ss:Index="1024" ss:StyleID="ce1"/></Row><Row ss:Height="17.3448"><Cell ss:Index="1024" ss:StyleID="ce1"/></Row><Row ss:Height="17.3448"><Cell ss:Index="1024" ss:StyleID="ce1"/></Row><Row ss:Height="17.3448"><Cell ss:Index="1024" ss:StyleID="ce1"/></Row><Row ss:Height="17.3448"><Cell ss:Index="1024" ss:StyleID="ce1"/></Row><Row ss:Height="17.3448"><Cell ss:Index="1024" ss:StyleID="ce1"/></Row><Row ss:Height="17.3448"><Cell ss:Index="1024" ss:StyleID="ce1"/></Row><Row ss:Height="17.3448"><Cell ss:Index="1024" ss:StyleID="ce1"/></Row><Row ss:Height="17.3448"><Cell ss:Index="1024" ss:StyleID="ce1"/></Row><Row ss:Height="17.3448"><Cell ss:Index="1024" ss:StyleID="ce1"/></Row><Row ss:Height="17.3448"><Cell ss:Index="1024" ss:StyleID="ce1"/></Row><Row ss:Height="17.3448"><Cell ss:Index="1024" ss:StyleID="ce1"/></Row><Row ss:Height="17.3448"><Cell ss:Index="1024" ss:StyleID="ce1"/></Row><Row ss:Height="17.3448"><Cell ss:Index="1024" ss:StyleID="ce1"/></Row><Row ss:Height="17.3448"><Cell ss:Index="1024" ss:StyleID="ce1"/></Row><Row ss:Height="17.3448"><Cell ss:Index="1024" ss:StyleID="ce1"/></Row><Row ss:Height="17.3448"><Cell ss:Index="1024" ss:StyleID="ce1"/></Row><Row ss:Height="17.3448"><Cell ss:Index="1024" ss:StyleID="ce1"/></Row><Row ss:Height="17.3448"><Cell ss:Index="1024" ss:StyleID="ce1"/></Row><Row ss:Height="17.3448"><Cell ss:Index="1024" ss:StyleID="ce1"/></Row><Row ss:Height="17.3448"><Cell ss:Index="1024" ss:StyleID="ce1"/></Row><Row ss:Height="17.3448"><Cell ss:Index="1024" ss:StyleID="ce1"/></Row><Row ss:Height="17.3448"><Cell ss:Index="1024" ss:StyleID="ce1"/></Row><Row ss:Height="17.3448"><Cell ss:Index="1024" ss:StyleID="ce1"/></Row><Row ss:Height="17.3448"><Cell ss:Index="1024" ss:StyleID="ce1"/></Row><Row ss:Height="17.3448"><Cell ss:Index="1024" ss:StyleID="ce1"/></Row><Row ss:Height="17.3448"><Cell ss:Index="1024" ss:StyleID="ce1"/></Row><Row ss:Height="17.3448"><Cell ss:Index="1024" ss:StyleID="ce1"/></Row><Row ss:Height="17.3448"><Cell ss:Index="1024" ss:StyleID="ce1"/></Row><Row ss:Height="17.3448"><Cell ss:Index="1024" ss:StyleID="ce1"/></Row><Row ss:Height="17.3448"><Cell ss:Index="1024" ss:StyleID="ce1"/></Row><Row ss:Height="17.3448"><Cell ss:Index="1024" ss:StyleID="ce1"/></Row><Row ss:Height="17.3448"><Cell ss:Index="1024" ss:StyleID="ce1"/></Row><Row ss:Height="17.3448"><Cell ss:Index="1024" ss:StyleID="ce1"/></Row><Row ss:Height="17.3448"><Cell ss:Index="1024" ss:StyleID="ce1"/></Row><Row ss:Height="17.3448"><Cell ss:Index="1024" ss:StyleID="ce1"/></Row><Row ss:Height="17.3448"><Cell ss:Index="1024" ss:StyleID="ce1"/></Row><Row ss:Height="17.3448"><Cell ss:Index="1024" ss:StyleID="ce1"/></Row><Row ss:Height="17.3448"><Cell ss:Index="1024" ss:StyleID="ce1"/></Row><Row ss:Height="17.3448"><Cell ss:Index="1024" ss:StyleID="ce1"/></Row><Row ss:Height="17.3448"><Cell ss:Index="1024" ss:StyleID="ce1"/></Row><Row ss:Height="17.3448"><Cell ss:Index="1024" ss:StyleID="ce1"/></Row><Row ss:Height="17.3448"><Cell ss:Index="1024" ss:StyleID="ce1"/></Row><Row ss:Height="17.3448"><Cell ss:Index="1024" ss:StyleID="ce1"/></Row><Row ss:Height="17.3448"><Cell ss:Index="1024" ss:StyleID="ce1"/></Row><Row ss:Height="17.3448"><Cell ss:Index="1024" ss:StyleID="ce1"/></Row><Row ss:Height="17.3448"><Cell ss:Index="1024" ss:StyleID="ce1"/></Row><Row ss:Height="17.3448"><Cell ss:Index="1024" ss:StyleID="ce1"/></Row><Row ss:Height="17.3448"><Cell ss:Index="1024" ss:StyleID="ce1"/></Row><Row ss:Height="17.3448"><Cell ss:Index="1024" ss:StyleID="ce1"/></Row><Row ss:Height="17.3448"><Cell ss:Index="1024" ss:StyleID="ce1"/></Row><Row ss:Height="17.3448"><Cell ss:Index="1024" ss:StyleID="ce1"/></Row><Row ss:Height="17.3448"><Cell ss:Index="1024" ss:StyleID="ce1"/></Row><Row ss:Height="17.3448"><Cell ss:Index="1024" ss:StyleID="ce1"/></Row><Row ss:Height="17.3448"><Cell ss:Index="1024" ss:StyleID="ce1"/></Row><Row ss:Height="17.3448"><Cell ss:Index="1024" ss:StyleID="ce1"/></Row><Row ss:Height="17.3448"><Cell ss:Index="1024" ss:StyleID="ce1"/></Row><Row ss:Height="17.3448"><Cell ss:Index="1024" ss:StyleID="ce1"/></Row><Row ss:Height="17.3448"><Cell ss:Index="1024" ss:StyleID="ce1"/></Row><Row ss:Height="17.3448"><Cell ss:Index="1024" ss:StyleID="ce1"/></Row><Row ss:Height="17.3448"><Cell ss:Index="1024" ss:StyleID="ce1"/></Row><Row ss:Height="17.3448"><Cell ss:Index="1024" ss:StyleID="ce1"/></Row><Row ss:Height="17.3448"><Cell ss:Index="1024" ss:StyleID="ce1"/></Row><Row ss:Height="17.3448"><Cell ss:Index="1024" ss:StyleID="ce1"/></Row><Row ss:Height="17.3448"><Cell ss:Index="1024" ss:StyleID="ce1"/></Row><Row ss:Height="17.3448"><Cell ss:Index="1024" ss:StyleID="ce1"/></Row><Row ss:Height="17.3448"><Cell ss:Index="1024" ss:StyleID="ce1"/></Row><Row ss:Height="17.3448"><Cell ss:Index="1024" ss:StyleID="ce1"/></Row><Row ss:Height="17.3448"><Cell ss:Index="1024" ss:StyleID="ce1"/></Row><Row ss:Height="17.3448"><Cell ss:Index="1024" ss:StyleID="ce1"/></Row><Row ss:Height="17.3448"><Cell ss:Index="1024" ss:StyleID="ce1"/></Row><Row ss:Height="17.3448"><Cell ss:Index="1024" ss:StyleID="ce1"/></Row><Row ss:Height="17.3448"><Cell ss:Index="1024" ss:StyleID="ce1"/></Row><Row ss:Height="17.3448"><Cell ss:Index="1024" ss:StyleID="ce1"/></Row><Row ss:Height="17.3448"><Cell ss:Index="1024" ss:StyleID="ce1"/></Row><Row ss:Height="17.3448"><Cell ss:Index="1024" ss:StyleID="ce1"/></Row><Row ss:Height="17.3448"><Cell ss:Index="1024" ss:StyleID="ce1"/></Row><Row ss:Height="17.3448"><Cell ss:Index="1024" ss:StyleID="ce1"/></Row><Row ss:Height="17.3448"><Cell ss:Index="1024" ss:StyleID="ce1"/></Row><Row ss:Height="17.3448"><Cell ss:Index="1024" ss:StyleID="ce1"/></Row><Row ss:Height="17.3448"><Cell ss:Index="1024" ss:StyleID="ce1"/></Row><Row ss:Height="17.3448"><Cell ss:Index="1024" ss:StyleID="ce1"/></Row><Row ss:Height="17.3448"><Cell ss:Index="1024" ss:StyleID="ce1"/></Row><Row ss:Height="17.3448"><Cell ss:Index="1024" ss:StyleID="ce1"/></Row><Row ss:Height="17.3448"><Cell ss:Index="1024" ss:StyleID="ce1"/></Row><Row ss:Height="17.3448"><Cell ss:Index="1024" ss:StyleID="ce1"/></Row><Row ss:Height="17.3448"><Cell ss:Index="1024" ss:StyleID="ce1"/></Row><Row ss:Height="17.3448"><Cell ss:Index="1024" ss:StyleID="ce1"/></Row><Row ss:Height="17.3448"><Cell ss:Index="1024" ss:StyleID="ce1"/></Row><Row ss:Height="17.3448"><Cell ss:Index="1024" ss:StyleID="ce1"/></Row><Row ss:Height="17.3448"><Cell ss:Index="1024" ss:StyleID="ce1"/></Row><Row ss:Height="17.3448"><Cell ss:Index="1024" ss:StyleID="ce1"/></Row><Row ss:Height="17.3448"><Cell ss:Index="1024" ss:StyleID="ce1"/></Row><Row ss:Height="17.3448"><Cell ss:Index="1024" ss:StyleID="ce1"/></Row><Row ss:Height="17.3448"><Cell ss:Index="1024" ss:StyleID="ce1"/></Row><Row ss:Height="17.3448"><Cell ss:Index="1024" ss:StyleID="ce1"/></Row><Row ss:Height="17.3448"><Cell ss:Index="1024" ss:StyleID="ce1"/></Row><Row ss:Height="17.3448"><Cell ss:Index="1024" ss:StyleID="ce1"/></Row><Row ss:Height="17.3448"><Cell ss:Index="1024" ss:StyleID="ce1"/></Row><Row ss:Height="17.3448"><Cell ss:Index="1024" ss:StyleID="ce1"/></Row><Row ss:Height="17.3448"><Cell ss:Index="1024" ss:StyleID="ce1"/></Row><Row ss:Height="17.3448"><Cell ss:Index="1024" ss:StyleID="ce1"/></Row><Row ss:Height="17.3448"><Cell ss:Index="1024" ss:StyleID="ce1"/></Row><Row ss:Height="17.3448"><Cell ss:Index="1024" ss:StyleID="ce1"/></Row><Row ss:Height="17.3448"><Cell ss:Index="1024" ss:StyleID="ce1"/></Row><Row ss:Height="17.3448"><Cell ss:Index="1024" ss:StyleID="ce1"/></Row><Row ss:Height="17.3448"><Cell ss:Index="1024" ss:StyleID="ce1"/></Row><Row ss:Height="17.3448"><Cell ss:Index="1024" ss:StyleID="ce1"/></Row><Row ss:Height="17.3448"><Cell ss:Index="1024" ss:StyleID="ce1"/></Row><Row ss:Height="17.3448"><Cell ss:Index="1024" ss:StyleID="ce1"/></Row><Row ss:Height="17.3448"><Cell ss:Index="1024" ss:StyleID="ce1"/></Row><Row ss:Height="17.3448"><Cell ss:Index="1024" ss:StyleID="ce1"/></Row><Row ss:Height="17.3448"><Cell ss:Index="1024" ss:StyleID="ce1"/></Row><Row ss:Height="17.3448"><Cell ss:Index="1024" ss:StyleID="ce1"/></Row><Row ss:Height="17.3448"><Cell ss:Index="1024" ss:StyleID="ce1"/></Row><Row ss:Height="17.3448"><Cell ss:Index="1024" ss:StyleID="ce1"/></Row><Row ss:Height="17.3448"><Cell ss:Index="1024" ss:StyleID="ce1"/></Row><Row ss:Height="17.3448"><Cell ss:Index="1024" ss:StyleID="ce1"/></Row><Row ss:Height="17.3448"><Cell ss:Index="1024" ss:StyleID="ce1"/></Row><Row ss:Height="17.3448"><Cell ss:Index="1024" ss:StyleID="ce1"/></Row><Row ss:Height="17.3448"><Cell ss:Index="1024" ss:StyleID="ce1"/></Row><Row ss:Height="17.3448"><Cell ss:Index="1024" ss:StyleID="ce1"/></Row><Row ss:Height="17.3448"><Cell ss:Index="1024" ss:StyleID="ce1"/></Row><Row ss:Height="17.3448"><Cell ss:Index="1024" ss:StyleID="ce1"/></Row><Row ss:Height="17.3448"><Cell ss:Index="1024" ss:StyleID="ce1"/></Row><Row ss:Height="17.3448"><Cell ss:Index="1024" ss:StyleID="ce1"/></Row><Row ss:Height="17.3448"><Cell ss:Index="1024" ss:StyleID="ce1"/></Row><Row ss:Height="17.3448"><Cell ss:Index="1024" ss:StyleID="ce1"/></Row><Row ss:Height="17.3448"><Cell ss:Index="1024" ss:StyleID="ce1"/></Row><Row ss:Height="17.3448"><Cell ss:Index="1024" ss:StyleID="ce1"/></Row><Row ss:Height="17.3448"><Cell ss:Index="1024" ss:StyleID="ce1"/></Row><Row ss:Height="17.3448"><Cell ss:Index="1024" ss:StyleID="ce1"/></Row><Row ss:Height="17.3448"><Cell ss:Index="1024" ss:StyleID="ce1"/></Row><Row ss:Height="17.3448"><Cell ss:Index="1024" ss:StyleID="ce1"/></Row><Row ss:Height="17.3448"><Cell ss:Index="1024" ss:StyleID="ce1"/></Row><Row ss:Height="17.3448"><Cell ss:Index="1024" ss:StyleID="ce1"/></Row><Row ss:Height="17.3448"><Cell ss:Index="1024" ss:StyleID="ce1"/></Row><Row ss:Height="17.3448"><Cell ss:Index="1024" ss:StyleID="ce1"/></Row><Row ss:Height="17.3448"><Cell ss:Index="1024" ss:StyleID="ce1"/></Row><Row ss:Height="17.3448"><Cell ss:Index="1024" ss:StyleID="ce1"/></Row><Row ss:Height="17.3448"><Cell ss:Index="1024" ss:StyleID="ce1"/></Row><Row ss:Height="17.3448"><Cell ss:Index="1024" ss:StyleID="ce1"/></Row><Row ss:Height="17.3448"><Cell ss:Index="1024" ss:StyleID="ce1"/></Row><Row ss:Height="17.3448"><Cell ss:Index="1024" ss:StyleID="ce1"/></Row><Row ss:Height="17.3448"><Cell ss:Index="1024" ss:StyleID="ce1"/></Row><Row ss:Height="17.3448"><Cell ss:Index="1024" ss:StyleID="ce1"/></Row><Row ss:Height="17.3448"><Cell ss:Index="1024" ss:StyleID="ce1"/></Row><Row ss:Height="17.3448"><Cell ss:Index="1024" ss:StyleID="ce1"/></Row><Row ss:Height="17.3448"><Cell ss:Index="1024" ss:StyleID="ce1"/></Row><Row ss:Height="17.3448"><Cell ss:Index="1024" ss:StyleID="ce1"/></Row><Row ss:Height="17.3448"><Cell ss:Index="1024" ss:StyleID="ce1"/></Row><Row ss:Height="17.3448"><Cell ss:Index="1024" ss:StyleID="ce1"/></Row><Row ss:Height="17.3448"><Cell ss:Index="1024" ss:StyleID="ce1"/></Row><Row ss:Height="17.3448"><Cell ss:Index="1024" ss:StyleID="ce1"/></Row><Row ss:Height="17.3448"><Cell ss:Index="1024" ss:StyleID="ce1"/></Row><Row ss:Height="17.3448"><Cell ss:Index="1024" ss:StyleID="ce1"/></Row><Row ss:Height="17.3448"><Cell ss:Index="1024" ss:StyleID="ce1"/></Row><Row ss:Height="17.3448"><Cell ss:Index="1024" ss:StyleID="ce1"/></Row><Row ss:Height="17.3448"><Cell ss:Index="1024" ss:StyleID="ce1"/></Row><Row ss:Height="17.3448"><Cell ss:Index="1024" ss:StyleID="ce1"/></Row><Row ss:Height="17.3448"><Cell ss:Index="1024" ss:StyleID="ce1"/></Row><Row ss:Height="17.3448"><Cell ss:Index="1024" ss:StyleID="ce1"/></Row><Row ss:Height="17.3448"><Cell ss:Index="1024" ss:StyleID="ce1"/></Row><Row ss:Height="17.3448"><Cell ss:Index="1024" ss:StyleID="ce1"/></Row><Row ss:Height="17.3448"><Cell ss:Index="1024" ss:StyleID="ce1"/></Row><Row ss:Height="17.3448"><Cell ss:Index="1024" ss:StyleID="ce1"/></Row><Row ss:Height="17.3448"><Cell ss:Index="1024" ss:StyleID="ce1"/></Row><Row ss:Height="17.3448"><Cell ss:Index="1024" ss:StyleID="ce1"/></Row><Row ss:Height="17.3448"><Cell ss:Index="1024" ss:StyleID="ce1"/></Row><Row ss:Height="17.3448"><Cell ss:Index="1024" ss:StyleID="ce1"/></Row><Row ss:Height="17.3448"><Cell ss:Index="1024" ss:StyleID="ce1"/></Row><Row ss:Height="17.3448"><Cell ss:Index="1024" ss:StyleID="ce1"/></Row><Row ss:Height="17.3448"><Cell ss:Index="1024" ss:StyleID="ce1"/></Row><Row ss:Height="17.3448"><Cell ss:Index="1024" ss:StyleID="ce1"/></Row><Row ss:Height="17.3448"><Cell ss:Index="1024" ss:StyleID="ce1"/></Row><Row ss:Height="17.3448"><Cell ss:Index="1024" ss:StyleID="ce1"/></Row><Row ss:Height="17.3448"><Cell ss:Index="1024" ss:StyleID="ce1"/></Row><Row ss:Height="17.3448"><Cell ss:Index="1024" ss:StyleID="ce1"/></Row><Row ss:Height="17.3448"><Cell ss:Index="1024" ss:StyleID="ce1"/></Row><Row ss:Height="17.3448"><Cell ss:Index="1024" ss:StyleID="ce1"/></Row><Row ss:Height="17.3448"><Cell ss:Index="1024" ss:StyleID="ce1"/></Row><Row ss:Height="17.3448"><Cell ss:Index="1024" ss:StyleID="ce1"/></Row><Row ss:Height="17.3448"><Cell ss:Index="1024" ss:StyleID="ce1"/></Row><Row ss:Height="17.3448"><Cell ss:Index="1024" ss:StyleID="ce1"/></Row><Row ss:Height="17.3448"><Cell ss:Index="1024" ss:StyleID="ce1"/></Row><Row ss:Height="17.3448"><Cell ss:Index="1024" ss:StyleID="ce1"/></Row><Row ss:Height="17.3448"><Cell ss:Index="1024" ss:StyleID="ce1"/></Row><Row ss:Height="17.3448"><Cell ss:Index="1024" ss:StyleID="ce1"/></Row><Row ss:Height="17.3448"><Cell ss:Index="1024" ss:StyleID="ce1"/></Row><Row ss:Height="17.3448"><Cell ss:Index="1024" ss:StyleID="ce1"/></Row><Row ss:Height="17.3448"><Cell ss:Index="1024" ss:StyleID="ce1"/></Row><Row ss:Height="17.3448"><Cell ss:Index="1024" ss:StyleID="ce1"/></Row><Row ss:Height="17.3448"><Cell ss:Index="1024" ss:StyleID="ce1"/></Row><Row ss:Height="17.3448"><Cell ss:Index="1024" ss:StyleID="ce1"/></Row><Row ss:Height="17.3448"><Cell ss:Index="1024" ss:StyleID="ce1"/></Row><Row ss:Height="17.3448"><Cell ss:Index="1024" ss:StyleID="ce1"/></Row><Row ss:Height="17.3448"><Cell ss:Index="1024" ss:StyleID="ce1"/></Row><Row ss:Height="17.3448"><Cell ss:Index="1024" ss:StyleID="ce1"/></Row><Row ss:Height="17.3448"><Cell ss:Index="1024" ss:StyleID="ce1"/></Row><Row ss:Height="17.3448"><Cell ss:Index="1024" ss:StyleID="ce1"/></Row><Row ss:Height="17.3448"><Cell ss:Index="1024" ss:StyleID="ce1"/></Row><Row ss:Height="17.3448"><Cell ss:Index="1024" ss:StyleID="ce1"/></Row><Row ss:Height="17.3448"><Cell ss:Index="1024" ss:StyleID="ce1"/></Row><Row ss:Height="17.3448"><Cell ss:Index="1024" ss:StyleID="ce1"/></Row><Row ss:Height="17.3448"><Cell ss:Index="1024" ss:StyleID="ce1"/></Row><Row ss:Height="17.3448"><Cell ss:Index="1024" ss:StyleID="ce1"/></Row><Row ss:Height="17.3448"><Cell ss:Index="1024" ss:StyleID="ce1"/></Row><Row ss:Height="17.3448"><Cell ss:Index="1024" ss:StyleID="ce1"/></Row><Row ss:Height="17.3448"><Cell ss:Index="1024" ss:StyleID="ce1"/></Row><Row ss:Height="17.3448"><Cell ss:Index="1024" ss:StyleID="ce1"/></Row><Row ss:Height="17.3448"><Cell ss:Index="1024" ss:StyleID="ce1"/></Row><Row ss:Height="17.3448"><Cell ss:Index="1024" ss:StyleID="ce1"/></Row><Row ss:Height="17.3448"><Cell ss:Index="1024" ss:StyleID="ce1"/></Row><Row ss:Height="17.3448"><Cell ss:Index="1024" ss:StyleID="ce1"/></Row><Row ss:Height="17.3448"><Cell ss:Index="1024" ss:StyleID="ce1"/></Row><Row ss:Height="17.3448"><Cell ss:Index="1024" ss:StyleID="ce1"/></Row><Row ss:Height="17.3448"><Cell ss:Index="1024" ss:StyleID="ce1"/></Row><Row ss:Height="17.3448"><Cell ss:Index="1024" ss:StyleID="ce1"/></Row><Row ss:Height="17.3448"><Cell ss:Index="1024" ss:StyleID="ce1"/></Row><Row ss:Height="17.3448"><Cell ss:Index="1024" ss:StyleID="ce1"/></Row><Row ss:Height="17.3448"><Cell ss:Index="1024" ss:StyleID="ce1"/></Row><Row ss:Height="17.3448"><Cell ss:Index="1024" ss:StyleID="ce1"/></Row><Row ss:Height="17.3448"><Cell ss:Index="1024" ss:StyleID="ce1"/></Row><Row ss:Height="17.3448"><Cell ss:Index="1024" ss:StyleID="ce1"/></Row><Row ss:Height="17.3448"><Cell ss:Index="1024" ss:StyleID="ce1"/></Row><Row ss:Height="17.3448"><Cell ss:Index="1024" ss:StyleID="ce1"/></Row><Row ss:Height="17.3448"><Cell ss:Index="1024" ss:StyleID="ce1"/></Row><Row ss:Height="17.3448"><Cell ss:Index="1024" ss:StyleID="ce1"/></Row><Row ss:Height="17.3448"><Cell ss:Index="1024" ss:StyleID="ce1"/></Row><Row ss:Height="17.3448"><Cell ss:Index="1024" ss:StyleID="ce1"/></Row><Row ss:Height="17.3448"><Cell ss:Index="1024" ss:StyleID="ce1"/></Row><Row ss:Height="17.3448"><Cell ss:Index="1024" ss:StyleID="ce1"/></Row><Row ss:Height="17.3448"><Cell ss:Index="1024" ss:StyleID="ce1"/></Row><Row ss:Height="17.3448"><Cell ss:Index="1024" ss:StyleID="ce1"/></Row><Row ss:Height="17.3448"><Cell ss:Index="1024" ss:StyleID="ce1"/></Row><Row ss:Height="17.3448"><Cell ss:Index="1024" ss:StyleID="ce1"/></Row><Row ss:Height="17.3448"><Cell ss:Index="1024" ss:StyleID="ce1"/></Row><Row ss:Height="17.3448"><Cell ss:Index="1024" ss:StyleID="ce1"/></Row><Row ss:Height="17.3448"><Cell ss:Index="1024" ss:StyleID="ce1"/></Row><Row ss:Height="17.3448"><Cell ss:Index="1024" ss:StyleID="ce1"/></Row><Row ss:Height="17.3448"><Cell ss:Index="1024" ss:StyleID="ce1"/></Row><Row ss:Height="17.3448"><Cell ss:Index="1024" ss:StyleID="ce1"/></Row><Row ss:Height="17.3448"><Cell ss:Index="1024" ss:StyleID="ce1"/></Row><Row ss:Height="17.3448"><Cell ss:Index="1024" ss:StyleID="ce1"/></Row><Row ss:Height="17.3448"><Cell ss:Index="1024" ss:StyleID="ce1"/></Row><Row ss:Height="17.3448"><Cell ss:Index="1024" ss:StyleID="ce1"/></Row><Row ss:Height="17.3448"><Cell ss:Index="1024" ss:StyleID="ce1"/></Row><Row ss:Height="17.3448"><Cell ss:Index="1024" ss:StyleID="ce1"/></Row><Row ss:Height="17.3448"><Cell ss:Index="1024" ss:StyleID="ce1"/></Row><Row ss:Height="17.3448"><Cell ss:Index="1024" ss:StyleID="ce1"/></Row><Row ss:Height="17.3448"><Cell ss:Index="1024" ss:StyleID="ce1"/></Row><Row ss:Height="17.3448"><Cell ss:Index="1024" ss:StyleID="ce1"/></Row><Row ss:Height="17.3448"><Cell ss:Index="1024" ss:StyleID="ce1"/></Row><Row ss:Height="17.3448"><Cell ss:Index="1024" ss:StyleID="ce1"/></Row><Row ss:Height="17.3448"><Cell ss:Index="1024" ss:StyleID="ce1"/></Row><Row ss:Height="17.3448"><Cell ss:Index="1024" ss:StyleID="ce1"/></Row><Row ss:Height="17.3448"><Cell ss:Index="1024" ss:StyleID="ce1"/></Row><Row ss:Height="17.3448"><Cell ss:Index="1024" ss:StyleID="ce1"/></Row><Row ss:Height="17.3448"><Cell ss:Index="1024" ss:StyleID="ce1"/></Row><Row ss:Height="17.3448"><Cell ss:Index="1024" ss:StyleID="ce1"/></Row><Row ss:Height="17.3448"><Cell ss:Index="1024" ss:StyleID="ce1"/></Row><Row ss:Height="17.3448"><Cell ss:Index="1024" ss:StyleID="ce1"/></Row><Row ss:Height="17.3448"><Cell ss:Index="1024" ss:StyleID="ce1"/></Row><Row ss:Height="17.3448"><Cell ss:Index="1024" ss:StyleID="ce1"/></Row><Row ss:Height="17.3448"><Cell ss:Index="1024" ss:StyleID="ce1"/></Row><Row ss:Height="17.3448"><Cell ss:Index="1024" ss:StyleID="ce1"/></Row><Row ss:Height="17.3448"><Cell ss:Index="1024" ss:StyleID="ce1"/></Row><Row ss:Height="17.3448"><Cell ss:Index="1024" ss:StyleID="ce1"/></Row><Row ss:Height="17.3448"><Cell ss:Index="1024" ss:StyleID="ce1"/></Row><Row ss:Height="17.3448"><Cell ss:Index="1024" ss:StyleID="ce1"/></Row><Row ss:Height="17.3448"><Cell ss:Index="1024" ss:StyleID="ce1"/></Row><Row ss:Height="17.3448"><Cell ss:Index="1024" ss:StyleID="ce1"/></Row><Row ss:Height="17.3448"><Cell ss:Index="1024" ss:StyleID="ce1"/></Row><Row ss:Height="17.3448"><Cell ss:Index="1024" ss:StyleID="ce1"/></Row><Row ss:Height="17.3448"><Cell ss:Index="1024" ss:StyleID="ce1"/></Row><Row ss:Height="17.3448"><Cell ss:Index="1024" ss:StyleID="ce1"/></Row><Row ss:Height="17.3448"><Cell ss:Index="1024" ss:StyleID="ce1"/></Row><Row ss:Height="17.3448"><Cell ss:Index="1024" ss:StyleID="ce1"/></Row><Row ss:Height="17.3448"><Cell ss:Index="1024" ss:StyleID="ce1"/></Row><Row ss:Height="17.3448"><Cell ss:Index="1024" ss:StyleID="ce1"/></Row><Row ss:Height="17.3448"><Cell ss:Index="1024" ss:StyleID="ce1"/></Row><Row ss:Height="17.3448"><Cell ss:Index="1024" ss:StyleID="ce1"/></Row><Row ss:Height="17.3448"><Cell ss:Index="1024" ss:StyleID="ce1"/></Row><Row ss:Height="17.3448"><Cell ss:Index="1024" ss:StyleID="ce1"/></Row><Row ss:Height="17.3448"><Cell ss:Index="1024" ss:StyleID="ce1"/></Row><Row ss:Height="17.3448"><Cell ss:Index="1024" ss:StyleID="ce1"/></Row><Row ss:Height="17.3448"><Cell ss:Index="1024" ss:StyleID="ce1"/></Row><Row ss:Height="17.3448"><Cell ss:Index="1024" ss:StyleID="ce1"/></Row><Row ss:Height="17.3448"><Cell ss:Index="1024" ss:StyleID="ce1"/></Row><Row ss:Height="17.3448"><Cell ss:Index="1024" ss:StyleID="ce1"/></Row><Row ss:Height="17.3448"><Cell ss:Index="1024" ss:StyleID="ce1"/></Row><Row ss:Height="17.3448"><Cell ss:Index="1024" ss:StyleID="ce1"/></Row><Row ss:Height="17.3448"><Cell ss:Index="1024" ss:StyleID="ce1"/></Row><Row ss:Height="17.3448"><Cell ss:Index="1024" ss:StyleID="ce1"/></Row><Row ss:Height="17.3448"><Cell ss:Index="1024" ss:StyleID="ce1"/></Row><Row ss:Height="17.3448"><Cell ss:Index="1024" ss:StyleID="ce1"/></Row><Row ss:Height="17.3448"><Cell ss:Index="1024" ss:StyleID="ce1"/></Row><Row ss:Height="17.3448"><Cell ss:Index="1024" ss:StyleID="ce1"/></Row><Row ss:Height="17.3448"><Cell ss:Index="1024" ss:StyleID="ce1"/></Row><Row ss:Height="17.3448"><Cell ss:Index="1024" ss:StyleID="ce1"/></Row><Row ss:Height="17.3448"><Cell ss:Index="1024" ss:StyleID="ce1"/></Row><Row ss:Height="17.3448"><Cell ss:Index="1024" ss:StyleID="ce1"/></Row><Row ss:Height="17.3448"><Cell ss:Index="1024" ss:StyleID="ce1"/></Row><Row ss:Height="17.3448"><Cell ss:Index="1024" ss:StyleID="ce1"/></Row><Row ss:Height="17.3448"><Cell ss:Index="1024" ss:StyleID="ce1"/></Row><Row ss:Height="17.3448"><Cell ss:Index="1024" ss:StyleID="ce1"/></Row><Row ss:Height="17.3448"><Cell ss:Index="1024" ss:StyleID="ce1"/></Row><Row ss:Height="17.3448"><Cell ss:Index="1024" ss:StyleID="ce1"/></Row><Row ss:Height="17.3448"><Cell ss:Index="1024" ss:StyleID="ce1"/></Row><Row ss:Height="17.3448"><Cell ss:Index="1024" ss:StyleID="ce1"/></Row><Row ss:Height="17.3448"><Cell ss:Index="1024" ss:StyleID="ce1"/></Row><Row ss:Height="17.3448"><Cell ss:Index="1024" ss:StyleID="ce1"/></Row><Row ss:Height="17.3448"><Cell ss:Index="1024" ss:StyleID="ce1"/></Row><Row ss:Height="17.3448"><Cell ss:Index="1024" ss:StyleID="ce1"/></Row><Row ss:Height="17.3448"><Cell ss:Index="1024" ss:StyleID="ce1"/></Row><Row ss:Height="17.3448"><Cell ss:Index="1024" ss:StyleID="ce1"/></Row><Row ss:Height="17.3448"><Cell ss:Index="1024" ss:StyleID="ce1"/></Row><Row ss:Height="17.3448"><Cell ss:Index="1024" ss:StyleID="ce1"/></Row><Row ss:Height="17.3448"><Cell ss:Index="1024" ss:StyleID="ce1"/></Row><Row ss:Height="17.3448"><Cell ss:Index="1024" ss:StyleID="ce1"/></Row><Row ss:Height="17.3448"><Cell ss:Index="1024" ss:StyleID="ce1"/></Row><Row ss:Height="17.3448"><Cell ss:Index="1024" ss:StyleID="ce1"/></Row><Row ss:Height="17.3448"><Cell ss:Index="1024" ss:StyleID="ce1"/></Row><Row ss:Height="17.3448"><Cell ss:Index="1024" ss:StyleID="ce1"/></Row><Row ss:Height="17.3448"><Cell ss:Index="1024" ss:StyleID="ce1"/></Row><Row ss:Height="17.3448"><Cell ss:Index="1024" ss:StyleID="ce1"/></Row><Row ss:Height="17.3448"><Cell ss:Index="1024" ss:StyleID="ce1"/></Row><Row ss:Height="17.3448"><Cell ss:Index="1024" ss:StyleID="ce1"/></Row><Row ss:Height="17.3448"><Cell ss:Index="1024" ss:StyleID="ce1"/></Row><Row ss:Height="17.3448"><Cell ss:Index="1024" ss:StyleID="ce1"/></Row><Row ss:Height="17.3448"><Cell ss:Index="1024" ss:StyleID="ce1"/></Row><Row ss:Height="17.3448"><Cell ss:Index="1024" ss:StyleID="ce1"/></Row><Row ss:Height="17.3448"><Cell ss:Index="1024" ss:StyleID="ce1"/></Row><Row ss:Height="17.3448"><Cell ss:Index="1024" ss:StyleID="ce1"/></Row><Row ss:Height="17.3448"><Cell ss:Index="1024" ss:StyleID="ce1"/></Row><Row ss:Height="17.3448"><Cell ss:Index="1024" ss:StyleID="ce1"/></Row><Row ss:Height="17.3448"><Cell ss:Index="1024" ss:StyleID="ce1"/></Row><Row ss:Height="17.3448"><Cell ss:Index="1024" ss:StyleID="ce1"/></Row><Row ss:Height="17.3448"><Cell ss:Index="1024" ss:StyleID="ce1"/></Row><Row ss:Height="17.3448"><Cell ss:Index="1024" ss:StyleID="ce1"/></Row><Row ss:Height="17.3448"><Cell ss:Index="1024" ss:StyleID="ce1"/></Row><Row ss:Height="17.3448"><Cell ss:Index="1024" ss:StyleID="ce1"/></Row><Row ss:Height="17.3448"><Cell ss:Index="1024" ss:StyleID="ce1"/></Row><Row ss:Height="17.3448"><Cell ss:Index="1024" ss:StyleID="ce1"/></Row><Row ss:Height="17.3448"><Cell ss:Index="1024" ss:StyleID="ce1"/></Row><Row ss:Height="17.3448"><Cell ss:Index="1024" ss:StyleID="ce1"/></Row><Row ss:Height="17.3448"><Cell ss:Index="1024" ss:StyleID="ce1"/></Row><Row ss:Height="17.3448"><Cell ss:Index="1024" ss:StyleID="ce1"/></Row><Row ss:Height="17.3448"><Cell ss:Index="1024" ss:StyleID="ce1"/></Row><Row ss:Height="17.3448"><Cell ss:Index="1024" ss:StyleID="ce1"/></Row><Row ss:Height="17.3448"><Cell ss:Index="1024" ss:StyleID="ce1"/></Row><Row ss:Height="17.3448"><Cell ss:Index="1024" ss:StyleID="ce1"/></Row><Row ss:Height="17.3448"><Cell ss:Index="1024" ss:StyleID="ce1"/></Row><Row ss:Height="17.3448"><Cell ss:Index="1024" ss:StyleID="ce1"/></Row><Row ss:Height="17.3448"><Cell ss:Index="1024" ss:StyleID="ce1"/></Row><Row ss:Height="17.3448"><Cell ss:Index="1024" ss:StyleID="ce1"/></Row><Row ss:Height="17.3448"><Cell ss:Index="1024" ss:StyleID="ce1"/></Row><Row ss:Height="17.3448"><Cell ss:Index="1024" ss:StyleID="ce1"/></Row><Row ss:Height="17.3448"><Cell ss:Index="1024" ss:StyleID="ce1"/></Row><Row ss:Height="17.3448"><Cell ss:Index="1024" ss:StyleID="ce1"/></Row><Row ss:Height="17.3448"><Cell ss:Index="1024" ss:StyleID="ce1"/></Row><Row ss:Height="17.3448"><Cell ss:Index="1024" ss:StyleID="ce1"/></Row><Row ss:Height="17.3448"><Cell ss:Index="1024" ss:StyleID="ce1"/></Row><Row ss:Height="17.3448"><Cell ss:Index="1024" ss:StyleID="ce1"/></Row><Row ss:Height="17.3448"><Cell ss:Index="1024" ss:StyleID="ce1"/></Row><Row ss:Height="17.3448"><Cell ss:Index="1024" ss:StyleID="ce1"/></Row><Row ss:Height="17.3448"><Cell ss:Index="1024" ss:StyleID="ce1"/></Row><Row ss:Height="17.3448"><Cell ss:Index="1024" ss:StyleID="ce1"/></Row><Row ss:Height="17.3448"><Cell ss:Index="1024" ss:StyleID="ce1"/></Row><Row ss:Height="17.3448"><Cell ss:Index="1024" ss:StyleID="ce1"/></Row><Row ss:Height="17.3448"><Cell ss:Index="1024" ss:StyleID="ce1"/></Row><Row ss:Height="17.3448"><Cell ss:Index="1024" ss:StyleID="ce1"/></Row><Row ss:Height="17.3448"><Cell ss:Index="1024" ss:StyleID="ce1"/></Row><Row ss:Height="17.3448"><Cell ss:Index="1024" ss:StyleID="ce1"/></Row><Row ss:Height="17.3448"><Cell ss:Index="1024" ss:StyleID="ce1"/></Row><Row ss:Height="17.3448"><Cell ss:Index="1024" ss:StyleID="ce1"/></Row><Row ss:Height="17.3448"><Cell ss:Index="1024" ss:StyleID="ce1"/></Row><Row ss:Height="17.3448"><Cell ss:Index="1024" ss:StyleID="ce1"/></Row><Row ss:Height="17.3448"><Cell ss:Index="1024" ss:StyleID="ce1"/></Row><Row ss:Height="17.3448"><Cell ss:Index="1024" ss:StyleID="ce1"/></Row><Row ss:Height="17.3448"><Cell ss:Index="1024" ss:StyleID="ce1"/></Row><Row ss:Height="17.3448"><Cell ss:Index="1024" ss:StyleID="ce1"/></Row><Row ss:Height="17.3448"><Cell ss:Index="1024" ss:StyleID="ce1"/></Row><Row ss:Height="17.3448"><Cell ss:Index="1024" ss:StyleID="ce1"/></Row><Row ss:Height="17.3448"><Cell ss:Index="1024" ss:StyleID="ce1"/></Row><Row ss:Height="17.3448"><Cell ss:Index="1024" ss:StyleID="ce1"/></Row><Row ss:Height="17.3448"><Cell ss:Index="1024" ss:StyleID="ce1"/></Row><Row ss:Height="17.3448"><Cell ss:Index="1024" ss:StyleID="ce1"/></Row><Row ss:Height="17.3448"><Cell ss:Index="1024" ss:StyleID="ce1"/></Row><Row ss:Height="17.3448"><Cell ss:Index="1024" ss:StyleID="ce1"/></Row><Row ss:Height="17.3448"><Cell ss:Index="1024" ss:StyleID="ce1"/></Row><Row ss:Height="17.3448"><Cell ss:Index="1024" ss:StyleID="ce1"/></Row><Row ss:Height="17.3448"><Cell ss:Index="1024" ss:StyleID="ce1"/></Row><Row ss:Height="17.3448"><Cell ss:Index="1024" ss:StyleID="ce1"/></Row><Row ss:Height="17.3448"><Cell ss:Index="1024" ss:StyleID="ce1"/></Row><Row ss:Height="17.3448"><Cell ss:Index="1024" ss:StyleID="ce1"/></Row><Row ss:Height="17.3448"><Cell ss:Index="1024" ss:StyleID="ce1"/></Row><Row ss:Height="17.3448"><Cell ss:Index="1024" ss:StyleID="ce1"/></Row><Row ss:Height="17.3448"><Cell ss:Index="1024" ss:StyleID="ce1"/></Row><Row ss:Height="17.3448"><Cell ss:Index="1024" ss:StyleID="ce1"/></Row><Row ss:Height="17.3448"><Cell ss:Index="1024" ss:StyleID="ce1"/></Row><Row ss:Height="17.3448"><Cell ss:Index="1024" ss:StyleID="ce1"/></Row><Row ss:Height="17.3448"><Cell ss:Index="1024" ss:StyleID="ce1"/></Row><Row ss:Height="17.3448"><Cell ss:Index="1024" ss:StyleID="ce1"/></Row><Row ss:Height="17.3448"><Cell ss:Index="1024" ss:StyleID="ce1"/></Row><Row ss:Height="17.3448"><Cell ss:Index="1024" ss:StyleID="ce1"/></Row><Row ss:Height="17.3448"><Cell ss:Index="1024" ss:StyleID="ce1"/></Row><Row ss:Height="17.3448"><Cell ss:Index="1024" ss:StyleID="ce1"/></Row><Row ss:Height="17.3448"><Cell ss:Index="1024" ss:StyleID="ce1"/></Row><Row ss:Height="17.3448"><Cell ss:Index="1024" ss:StyleID="ce1"/></Row><Row ss:Height="17.3448"><Cell ss:Index="1024" ss:StyleID="ce1"/></Row><Row ss:Height="17.3448"><Cell ss:Index="1024" ss:StyleID="ce1"/></Row><Row ss:Height="17.3448"><Cell ss:Index="1024" ss:StyleID="ce1"/></Row><Row ss:Height="17.3448"><Cell ss:Index="1024" ss:StyleID="ce1"/></Row><Row ss:Height="17.3448"><Cell ss:Index="1024" ss:StyleID="ce1"/></Row><Row ss:Height="17.3448"><Cell ss:Index="1024" ss:StyleID="ce1"/></Row><Row ss:Height="17.3448"><Cell ss:Index="1024" ss:StyleID="ce1"/></Row><Row ss:Height="17.3448"><Cell ss:Index="1024" ss:StyleID="ce1"/></Row><Row ss:Height="17.3448"><Cell ss:Index="1024" ss:StyleID="ce1"/></Row><Row ss:Height="17.3448"><Cell ss:Index="1024" ss:StyleID="ce1"/></Row><Row ss:Height="17.3448"><Cell ss:Index="1024" ss:StyleID="ce1"/></Row><Row ss:Height="17.3448"><Cell ss:Index="1024" ss:StyleID="ce1"/></Row><Row ss:Height="17.3448"><Cell ss:Index="1024" ss:StyleID="ce1"/></Row><Row ss:Height="17.3448"><Cell ss:Index="1024" ss:StyleID="ce1"/></Row><Row ss:Height="17.3448"><Cell ss:Index="1024" ss:StyleID="ce1"/></Row><Row ss:Height="17.3448"><Cell ss:Index="1024" ss:StyleID="ce1"/></Row><Row ss:Height="17.3448"><Cell ss:Index="1024" ss:StyleID="ce1"/></Row><Row ss:Height="17.3448"><Cell ss:Index="1024" ss:StyleID="ce1"/></Row><Row ss:Height="17.3448"><Cell ss:Index="1024" ss:StyleID="ce1"/></Row><Row ss:Height="17.3448"><Cell ss:Index="1024" ss:StyleID="ce1"/></Row><Row ss:Height="17.3448"><Cell ss:Index="1024" ss:StyleID="ce1"/></Row><Row ss:Height="17.3448"><Cell ss:Index="1024" ss:StyleID="ce1"/></Row><Row ss:Height="17.3448"><Cell ss:Index="1024" ss:StyleID="ce1"/></Row><Row ss:Height="17.3448"><Cell ss:Index="1024" ss:StyleID="ce1"/></Row><Row ss:Height="17.3448"><Cell ss:Index="1024" ss:StyleID="ce1"/></Row><Row ss:Height="17.3448"><Cell ss:Index="1024" ss:StyleID="ce1"/></Row><Row ss:Height="17.3448"><Cell ss:Index="1024" ss:StyleID="ce1"/></Row><Row ss:Height="17.3448"><Cell ss:Index="1024" ss:StyleID="ce1"/></Row><Row ss:Height="17.3448"><Cell ss:Index="1024" ss:StyleID="ce1"/></Row><Row ss:Height="17.3448"><Cell ss:Index="1024" ss:StyleID="ce1"/></Row><Row ss:Height="17.3448"><Cell ss:Index="1024" ss:StyleID="ce1"/></Row><Row ss:Height="17.3448"><Cell ss:Index="1024" ss:StyleID="ce1"/></Row><Row ss:Height="17.3448"><Cell ss:Index="1024" ss:StyleID="ce1"/></Row><Row ss:Height="17.3448"><Cell ss:Index="1024" ss:StyleID="ce1"/></Row><Row ss:Height="17.3448"><Cell ss:Index="1024" ss:StyleID="ce1"/></Row><Row ss:Height="17.3448"><Cell ss:Index="1024" ss:StyleID="ce1"/></Row><Row ss:Height="17.3448"><Cell ss:Index="1024" ss:StyleID="ce1"/></Row><Row ss:Height="17.3448"><Cell ss:Index="1024" ss:StyleID="ce1"/></Row><Row ss:Height="17.3448"><Cell ss:Index="1024" ss:StyleID="ce1"/></Row><Row ss:Height="17.3448"><Cell ss:Index="1024" ss:StyleID="ce1"/></Row><Row ss:Height="17.3448"><Cell ss:Index="1024" ss:StyleID="ce1"/></Row><Row ss:Height="17.3448"><Cell ss:Index="1024" ss:StyleID="ce1"/></Row><Row ss:Height="17.3448"><Cell ss:Index="1024" ss:StyleID="ce1"/></Row><Row ss:Height="17.3448"><Cell ss:Index="1024" ss:StyleID="ce1"/></Row><Row ss:Height="17.3448"><Cell ss:Index="1024" ss:StyleID="ce1"/></Row><Row ss:Height="17.3448"><Cell ss:Index="1024" ss:StyleID="ce1"/></Row><Row ss:Height="17.3448"><Cell ss:Index="1024" ss:StyleID="ce1"/></Row><Row ss:Height="17.3448"><Cell ss:Index="1024" ss:StyleID="ce1"/></Row><Row ss:Height="17.3448"><Cell ss:Index="1024" ss:StyleID="ce1"/></Row><Row ss:Height="17.3448"><Cell ss:Index="1024" ss:StyleID="ce1"/></Row><Row ss:Height="17.3448"><Cell ss:Index="1024" ss:StyleID="ce1"/></Row><Row ss:Height="17.3448"><Cell ss:Index="1024" ss:StyleID="ce1"/></Row><Row ss:Height="17.3448"><Cell ss:Index="1024" ss:StyleID="ce1"/></Row><Row ss:Height="17.3448"><Cell ss:Index="1024" ss:StyleID="ce1"/></Row><Row ss:Height="17.3448"><Cell ss:Index="1024" ss:StyleID="ce1"/></Row><Row ss:Height="17.3448"><Cell ss:Index="1024" ss:StyleID="ce1"/></Row><Row ss:Height="17.3448"><Cell ss:Index="1024" ss:StyleID="ce1"/></Row><Row ss:Height="17.3448"><Cell ss:Index="1024" ss:StyleID="ce1"/></Row><Row ss:Height="17.3448"><Cell ss:Index="1024" ss:StyleID="ce1"/></Row><Row ss:Height="17.3448"><Cell ss:Index="1024" ss:StyleID="ce1"/></Row><Row ss:Height="17.3448"><Cell ss:Index="1024" ss:StyleID="ce1"/></Row><Row ss:Height="17.3448"><Cell ss:Index="1024" ss:StyleID="ce1"/></Row><Row ss:Height="17.3448"><Cell ss:Index="1024" ss:StyleID="ce1"/></Row><Row ss:Height="17.3448"><Cell ss:Index="1024" ss:StyleID="ce1"/></Row><Row ss:Height="17.3448"><Cell ss:Index="1024" ss:StyleID="ce1"/></Row><Row ss:Height="17.3448"><Cell ss:Index="1024" ss:StyleID="ce1"/></Row><Row ss:Height="17.3448"><Cell ss:Index="1024" ss:StyleID="ce1"/></Row><Row ss:Height="17.3448"><Cell ss:Index="1024" ss:StyleID="ce1"/></Row><Row ss:Height="17.3448"><Cell ss:Index="1024" ss:StyleID="ce1"/></Row><Row ss:Height="17.3448"><Cell ss:Index="1024" ss:StyleID="ce1"/></Row><Row ss:Height="17.3448"><Cell ss:Index="1024" ss:StyleID="ce1"/></Row><Row ss:Height="17.3448"><Cell ss:Index="1024" ss:StyleID="ce1"/></Row><Row ss:Height="17.3448"><Cell ss:Index="1024" ss:StyleID="ce1"/></Row><Row ss:Height="17.3448"><Cell ss:Index="1024" ss:StyleID="ce1"/></Row><Row ss:Height="17.3448"><Cell ss:Index="1024" ss:StyleID="ce1"/></Row><Row ss:Height="17.3448"><Cell ss:Index="1024" ss:StyleID="ce1"/></Row><Row ss:Height="17.3448"><Cell ss:Index="1024" ss:StyleID="ce1"/></Row><Row ss:Height="17.3448"><Cell ss:Index="1024" ss:StyleID="ce1"/></Row><Row ss:Height="17.3448"><Cell ss:Index="1024" ss:StyleID="ce1"/></Row><Row ss:Height="17.3448"><Cell ss:Index="1024" ss:StyleID="ce1"/></Row><Row ss:Height="17.3448"><Cell ss:Index="1024" ss:StyleID="ce1"/></Row><Row ss:Height="17.3448"><Cell ss:Index="1024" ss:StyleID="ce1"/></Row><Row ss:Height="17.3448"><Cell ss:Index="1024" ss:StyleID="ce1"/></Row><Row ss:Height="17.3448"><Cell ss:Index="1024" ss:StyleID="ce1"/></Row><Row ss:Height="17.3448"><Cell ss:Index="1024" ss:StyleID="ce1"/></Row><Row ss:Height="17.3448"><Cell ss:Index="1024" ss:StyleID="ce1"/></Row><Row ss:Height="17.3448"><Cell ss:Index="1024" ss:StyleID="ce1"/></Row><Row ss:Height="17.3448"><Cell ss:Index="1024" ss:StyleID="ce1"/></Row><Row ss:Height="17.3448"><Cell ss:Index="1024" ss:StyleID="ce1"/></Row><Row ss:Height="17.3448"><Cell ss:Index="1024" ss:StyleID="ce1"/></Row><Row ss:Height="17.3448"><Cell ss:Index="1024" ss:StyleID="ce1"/></Row><Row ss:Height="17.3448"><Cell ss:Index="1024" ss:StyleID="ce1"/></Row><Row ss:Height="17.3448"><Cell ss:Index="1024" ss:StyleID="ce1"/></Row><Row ss:Height="17.3448"><Cell ss:Index="1024" ss:StyleID="ce1"/></Row><Row ss:Height="17.3448"><Cell ss:Index="1024" ss:StyleID="ce1"/></Row><Row ss:Height="17.3448"><Cell ss:Index="1024" ss:StyleID="ce1"/></Row><Row ss:Height="17.3448"><Cell ss:Index="1024" ss:StyleID="ce1"/></Row><Row ss:Height="17.3448"><Cell ss:Index="1024" ss:StyleID="ce1"/></Row><Row ss:Height="17.3448"><Cell ss:Index="1024" ss:StyleID="ce1"/></Row><Row ss:Height="17.3448"><Cell ss:Index="1024" ss:StyleID="ce1"/></Row><Row ss:Height="17.3448"><Cell ss:Index="1024" ss:StyleID="ce1"/></Row><Row ss:Height="17.3448"><Cell ss:Index="1024" ss:StyleID="ce1"/></Row><Row ss:Height="17.3448"><Cell ss:Index="1024" ss:StyleID="ce1"/></Row><Row ss:Height="17.3448"><Cell ss:Index="1024" ss:StyleID="ce1"/></Row><Row ss:Height="17.3448"><Cell ss:Index="1024" ss:StyleID="ce1"/></Row><Row ss:Height="17.3448"><Cell ss:Index="1024" ss:StyleID="ce1"/></Row><Row ss:Height="17.3448"><Cell ss:Index="1024" ss:StyleID="ce1"/></Row><Row ss:Height="17.3448"><Cell ss:Index="1024" ss:StyleID="ce1"/></Row><Row ss:Height="17.3448"><Cell ss:Index="1024" ss:StyleID="ce1"/></Row><Row ss:Height="17.3448"><Cell ss:Index="1024" ss:StyleID="ce1"/></Row><Row ss:Height="17.3448"><Cell ss:Index="1024" ss:StyleID="ce1"/></Row><Row ss:Height="17.3448"><Cell ss:Index="1024" ss:StyleID="ce1"/></Row><Row ss:Height="17.3448"><Cell ss:Index="1024" ss:StyleID="ce1"/></Row><Row ss:Height="17.3448"><Cell ss:Index="1024" ss:StyleID="ce1"/></Row><Row ss:Height="17.3448"><Cell ss:Index="1024" ss:StyleID="ce1"/></Row><Row ss:Height="17.3448"><Cell ss:Index="1024" ss:StyleID="ce1"/></Row><Row ss:Height="17.3448"><Cell ss:Index="1024" ss:StyleID="ce1"/></Row><Row ss:Height="17.3448"><Cell ss:Index="1024" ss:StyleID="ce1"/></Row><Row ss:Height="17.3448"><Cell ss:Index="1024" ss:StyleID="ce1"/></Row><Row ss:Height="17.3448"><Cell ss:Index="1024" ss:StyleID="ce1"/></Row><Row ss:Height="17.3448"><Cell ss:Index="1024" ss:StyleID="ce1"/></Row><Row ss:Height="17.3448"><Cell ss:Index="1024" ss:StyleID="ce1"/></Row><Row ss:Height="17.3448"><Cell ss:Index="1024" ss:StyleID="ce1"/></Row><Row ss:Height="17.3448"><Cell ss:Index="1024" ss:StyleID="ce1"/></Row><Row ss:Height="17.3448"><Cell ss:Index="1024" ss:StyleID="ce1"/></Row><Row ss:Height="17.3448"><Cell ss:Index="1024" ss:StyleID="ce1"/></Row><Row ss:Height="17.3448"><Cell ss:Index="1024" ss:StyleID="ce1"/></Row><Row ss:Height="17.3448"><Cell ss:Index="1024" ss:StyleID="ce1"/></Row><Row ss:Height="17.3448"><Cell ss:Index="1024" ss:StyleID="ce1"/></Row><Row ss:Height="17.3448"><Cell ss:Index="1024" ss:StyleID="ce1"/></Row><Row ss:Height="17.3448"><Cell ss:Index="1024" ss:StyleID="ce1"/></Row><Row ss:Height="17.3448"><Cell ss:Index="1024" ss:StyleID="ce1"/></Row><Row ss:Height="17.3448"><Cell ss:Index="1024" ss:StyleID="ce1"/></Row><Row ss:Height="17.3448"><Cell ss:Index="1024" ss:StyleID="ce1"/></Row><Row ss:Height="17.3448"><Cell ss:Index="1024" ss:StyleID="ce1"/></Row><Row ss:Height="17.3448"><Cell ss:Index="1024" ss:StyleID="ce1"/></Row><Row ss:Height="17.3448"><Cell ss:Index="1024" ss:StyleID="ce1"/></Row><Row ss:Height="17.3448"><Cell ss:Index="1024" ss:StyleID="ce1"/></Row><Row ss:Height="17.3448"><Cell ss:Index="1024" ss:StyleID="ce1"/></Row><Row ss:Height="17.3448"><Cell ss:Index="1024" ss:StyleID="ce1"/></Row><Row ss:Height="17.3448"><Cell ss:Index="1024" ss:StyleID="ce1"/></Row><Row ss:Height="17.3448"><Cell ss:Index="1024" ss:StyleID="ce1"/></Row><Row ss:Height="17.3448"><Cell ss:Index="1024" ss:StyleID="ce1"/></Row><Row ss:Height="17.3448"><Cell ss:Index="1024" ss:StyleID="ce1"/></Row><Row ss:Height="17.3448"><Cell ss:Index="1024" ss:StyleID="ce1"/></Row><Row ss:Height="17.3448"><Cell ss:Index="1024" ss:StyleID="ce1"/></Row><Row ss:Height="17.3448"><Cell ss:Index="1024" ss:StyleID="ce1"/></Row><Row ss:Height="17.3448"><Cell ss:Index="1024" ss:StyleID="ce1"/></Row><Row ss:Height="17.3448"><Cell ss:Index="1024" ss:StyleID="ce1"/></Row><Row ss:Height="17.3448"><Cell ss:Index="1024" ss:StyleID="ce1"/></Row><Row ss:Height="17.3448"><Cell ss:Index="1024" ss:StyleID="ce1"/></Row><Row ss:Height="17.3448"><Cell ss:Index="1024" ss:StyleID="ce1"/></Row><Row ss:Height="17.3448"><Cell ss:Index="1024" ss:StyleID="ce1"/></Row><Row ss:Height="17.3448"><Cell ss:Index="1024" ss:StyleID="ce1"/></Row><Row ss:Height="17.3448"><Cell ss:Index="1024" ss:StyleID="ce1"/></Row><Row ss:Height="17.3448"><Cell ss:Index="1024" ss:StyleID="ce1"/></Row><Row ss:Height="17.3448"><Cell ss:Index="1024" ss:StyleID="ce1"/></Row><Row ss:Height="17.3448"><Cell ss:Index="1024" ss:StyleID="ce1"/></Row><Row ss:Height="17.3448"><Cell ss:Index="1024" ss:StyleID="ce1"/></Row><Row ss:Height="17.3448"><Cell ss:Index="1024" ss:StyleID="ce1"/></Row><Row ss:Height="17.3448"><Cell ss:Index="1024" ss:StyleID="ce1"/></Row><Row ss:Height="17.3448"><Cell ss:Index="1024" ss:StyleID="ce1"/></Row><Row ss:Height="17.3448"><Cell ss:Index="1024" ss:StyleID="ce1"/></Row><Row ss:Height="17.3448"><Cell ss:Index="1024" ss:StyleID="ce1"/></Row><Row ss:Height="17.3448"><Cell ss:Index="1024" ss:StyleID="ce1"/></Row><Row ss:Height="17.3448"><Cell ss:Index="1024" ss:StyleID="ce1"/></Row><Row ss:Height="17.3448"><Cell ss:Index="1024" ss:StyleID="ce1"/></Row><Row ss:Height="17.3448"><Cell ss:Index="1024" ss:StyleID="ce1"/></Row><Row ss:Height="17.3448"><Cell ss:Index="1024" ss:StyleID="ce1"/></Row><Row ss:Height="17.3448"><Cell ss:Index="1024" ss:StyleID="ce1"/></Row><Row ss:Height="17.3448"><Cell ss:Index="1024" ss:StyleID="ce1"/></Row><Row ss:Height="17.3448"><Cell ss:Index="1024" ss:StyleID="ce1"/></Row><Row ss:Height="17.3448"><Cell ss:Index="1024" ss:StyleID="ce1"/></Row><Row ss:Height="17.3448"><Cell ss:Index="1024" ss:StyleID="ce1"/></Row><Row ss:Height="17.3448"><Cell ss:Index="1024" ss:StyleID="ce1"/></Row><Row ss:Height="17.3448"><Cell ss:Index="1024" ss:StyleID="ce1"/></Row><Row ss:Height="17.3448"><Cell ss:Index="1024" ss:StyleID="ce1"/></Row><Row ss:Height="17.3448"><Cell ss:Index="1024" ss:StyleID="ce1"/></Row><Row ss:Height="17.3448"><Cell ss:Index="1024" ss:StyleID="ce1"/></Row><Row ss:Height="17.3448"><Cell ss:Index="1024" ss:StyleID="ce1"/></Row><Row ss:Height="17.3448"><Cell ss:Index="1024" ss:StyleID="ce1"/></Row><Row ss:Height="17.3448"><Cell ss:Index="1024" ss:StyleID="ce1"/></Row><Row ss:Height="17.3448"><Cell ss:Index="1024" ss:StyleID="ce1"/></Row><Row ss:Height="17.3448"><Cell ss:Index="1024" ss:StyleID="ce1"/></Row><Row ss:Height="17.3448"><Cell ss:Index="1024" ss:StyleID="ce1"/></Row><Row ss:Height="17.3448"><Cell ss:Index="1024" ss:StyleID="ce1"/></Row><Row ss:Height="17.3448"><Cell ss:Index="1024" ss:StyleID="ce1"/></Row><Row ss:Height="17.3448"><Cell ss:Index="1024" ss:StyleID="ce1"/></Row><Row ss:Height="17.3448"><Cell ss:Index="1024" ss:StyleID="ce1"/></Row><Row ss:Height="17.3448"><Cell ss:Index="1024" ss:StyleID="ce1"/></Row><Row ss:Height="17.3448"><Cell ss:Index="1024" ss:StyleID="ce1"/></Row><Row ss:Height="17.3448"><Cell ss:Index="1024" ss:StyleID="ce1"/></Row><Row ss:Height="17.3448"><Cell ss:Index="1024" ss:StyleID="ce1"/></Row><Row ss:Height="17.3448"><Cell ss:Index="1024" ss:StyleID="ce1"/></Row><Row ss:Height="17.3448"><Cell ss:Index="1024" ss:StyleID="ce1"/></Row><Row ss:Height="17.3448"><Cell ss:Index="1024" ss:StyleID="ce1"/></Row><Row ss:Height="17.3448"><Cell ss:Index="1024" ss:StyleID="ce1"/></Row><Row ss:Height="17.3448"><Cell ss:Index="1024" ss:StyleID="ce1"/></Row><Row ss:Height="17.3448"><Cell ss:Index="1024" ss:StyleID="ce1"/></Row><Row ss:Height="17.3448"><Cell ss:Index="1024" ss:StyleID="ce1"/></Row><Row ss:Height="17.3448"><Cell ss:Index="1024" ss:StyleID="ce1"/></Row><Row ss:Height="17.3448"><Cell ss:Index="1024" ss:StyleID="ce1"/></Row><Row ss:Height="17.3448"><Cell ss:Index="1024" ss:StyleID="ce1"/></Row><Row ss:Height="17.3448"><Cell ss:Index="1024" ss:StyleID="ce1"/></Row><Row ss:Height="17.3448"><Cell ss:Index="1024" ss:StyleID="ce1"/></Row><Row ss:Height="17.3448"><Cell ss:Index="1024" ss:StyleID="ce1"/></Row><Row ss:Height="17.3448"><Cell ss:Index="1024" ss:StyleID="ce1"/></Row><Row ss:Height="17.3448"><Cell ss:Index="1024" ss:StyleID="ce1"/></Row><Row ss:Height="17.3448"><Cell ss:Index="1024" ss:StyleID="ce1"/></Row><Row ss:Height="17.3448"><Cell ss:Index="1024" ss:StyleID="ce1"/></Row><Row ss:Height="17.3448"><Cell ss:Index="1024" ss:StyleID="ce1"/></Row><Row ss:Height="17.3448"><Cell ss:Index="1024" ss:StyleID="ce1"/></Row><Row ss:Height="17.3448"><Cell ss:Index="1024" ss:StyleID="ce1"/></Row><Row ss:Height="17.3448"><Cell ss:Index="1024" ss:StyleID="ce1"/></Row><Row ss:Height="17.3448"><Cell ss:Index="1024" ss:StyleID="ce1"/></Row><Row ss:Height="17.3448"><Cell ss:Index="1024" ss:StyleID="ce1"/></Row><Row ss:Height="17.3448"><Cell ss:Index="1024" ss:StyleID="ce1"/></Row><Row ss:Height="17.3448"><Cell ss:Index="1024" ss:StyleID="ce1"/></Row><Row ss:Height="17.3448"><Cell ss:Index="1024" ss:StyleID="ce1"/></Row><Row ss:Height="17.3448"><Cell ss:Index="1024" ss:StyleID="ce1"/></Row><Row ss:Height="17.3448"><Cell ss:Index="1024" ss:StyleID="ce1"/></Row><Row ss:Height="17.3448"><Cell ss:Index="1024" ss:StyleID="ce1"/></Row><Row ss:Height="17.3448"><Cell ss:Index="1024" ss:StyleID="ce1"/></Row><Row ss:Height="17.3448"><Cell ss:Index="1024" ss:StyleID="ce1"/></Row><Row ss:Height="17.3448"><Cell ss:Index="1024" ss:StyleID="ce1"/></Row><Row ss:Height="17.3448"><Cell ss:Index="1024" ss:StyleID="ce1"/></Row><Row ss:Height="17.3448"><Cell ss:Index="1024" ss:StyleID="ce1"/></Row><Row ss:Height="17.3448"><Cell ss:Index="1024" ss:StyleID="ce1"/></Row><Row ss:Height="17.3448"><Cell ss:Index="1024" ss:StyleID="ce1"/></Row><Row ss:Height="17.3448"><Cell ss:Index="1024" ss:StyleID="ce1"/></Row><Row ss:Height="17.3448"><Cell ss:Index="1024" ss:StyleID="ce1"/></Row><Row ss:Height="17.3448"><Cell ss:Index="1024" ss:StyleID="ce1"/></Row><Row ss:Height="17.3448"><Cell ss:Index="1024" ss:StyleID="ce1"/></Row><Row ss:Height="17.3448"><Cell ss:Index="1024" ss:StyleID="ce1"/></Row><Row ss:Height="17.3448"><Cell ss:Index="1024" ss:StyleID="ce1"/></Row><Row ss:Height="17.3448"><Cell ss:Index="1024" ss:StyleID="ce1"/></Row><Row ss:Height="17.3448"><Cell ss:Index="1024" ss:StyleID="ce1"/></Row><Row ss:Height="17.3448"><Cell ss:Index="1024" ss:StyleID="ce1"/></Row><Row ss:Height="17.3448"><Cell ss:Index="1024" ss:StyleID="ce1"/></Row><Row ss:Height="17.3448"><Cell ss:Index="1024" ss:StyleID="ce1"/></Row><Row ss:Height="17.3448"><Cell ss:Index="1024" ss:StyleID="ce1"/></Row><Row ss:Height="17.3448"><Cell ss:Index="1024" ss:StyleID="ce1"/></Row><Row ss:Height="17.3448"><Cell ss:Index="1024" ss:StyleID="ce1"/></Row><Row ss:Height="17.3448"><Cell ss:Index="1024" ss:StyleID="ce1"/></Row><Row ss:Height="17.3448"><Cell ss:Index="1024" ss:StyleID="ce1"/></Row><Row ss:Height="17.3448"><Cell ss:Index="1024" ss:StyleID="ce1"/></Row><Row ss:Height="17.3448"><Cell ss:Index="1024" ss:StyleID="ce1"/></Row><Row ss:Height="17.3448"><Cell ss:Index="1024" ss:StyleID="ce1"/></Row><Row ss:Height="17.3448"><Cell ss:Index="1024" ss:StyleID="ce1"/></Row><Row ss:Height="17.3448"><Cell ss:Index="1024" ss:StyleID="ce1"/></Row><Row ss:Height="17.3448"><Cell ss:Index="1024" ss:StyleID="ce1"/></Row><Row ss:Height="17.3448"><Cell ss:Index="1024" ss:StyleID="ce1"/></Row><Row ss:Height="17.3448"><Cell ss:Index="1024" ss:StyleID="ce1"/></Row><Row ss:Height="17.3448"><Cell ss:Index="1024" ss:StyleID="ce1"/></Row><Row ss:Height="17.3448"><Cell ss:Index="1024" ss:StyleID="ce1"/></Row><Row ss:Height="17.3448"><Cell ss:Index="1024" ss:StyleID="ce1"/></Row><Row ss:Height="17.3448"><Cell ss:Index="1024" ss:StyleID="ce1"/></Row><Row ss:Height="17.3448"><Cell ss:Index="1024" ss:StyleID="ce1"/></Row><Row ss:Height="17.3448"><Cell ss:Index="1024" ss:StyleID="ce1"/></Row><Row ss:Height="17.3448"><Cell ss:Index="1024" ss:StyleID="ce1"/></Row><Row ss:Height="17.3448"><Cell ss:Index="1024" ss:StyleID="ce1"/></Row><Row ss:Height="17.3448"><Cell ss:Index="1024" ss:StyleID="ce1"/></Row><Row ss:Height="17.3448"><Cell ss:Index="1024" ss:StyleID="ce1"/></Row><Row ss:Height="17.3448"><Cell ss:Index="1024" ss:StyleID="ce1"/></Row><Row ss:Height="17.3448"><Cell ss:Index="1024" ss:StyleID="ce1"/></Row><Row ss:Height="17.3448"><Cell ss:Index="1024" ss:StyleID="ce1"/></Row><Row ss:Height="17.3448"><Cell ss:Index="1024" ss:StyleID="ce1"/></Row><Row ss:Height="17.3448"><Cell ss:Index="1024" ss:StyleID="ce1"/></Row><Row ss:Height="17.3448"><Cell ss:Index="1024" ss:StyleID="ce1"/></Row><Row ss:Height="17.3448"><Cell ss:Index="1024" ss:StyleID="ce1"/></Row><Row ss:Height="17.3448"><Cell ss:Index="1024" ss:StyleID="ce1"/></Row><Row ss:Height="17.3448"><Cell ss:Index="1024" ss:StyleID="ce1"/></Row><Row ss:Height="17.3448"><Cell ss:Index="1024" ss:StyleID="ce1"/></Row><Row ss:Height="17.3448"><Cell ss:Index="1024" ss:StyleID="ce1"/></Row><Row ss:Height="17.3448"><Cell ss:Index="1024" ss:StyleID="ce1"/></Row><Row ss:Height="17.3448"><Cell ss:Index="1024" ss:StyleID="ce1"/></Row><Row ss:Height="17.3448"><Cell ss:Index="1024" ss:StyleID="ce1"/></Row><Row ss:Height="17.3448"><Cell ss:Index="1024" ss:StyleID="ce1"/></Row><Row ss:Height="17.3448"><Cell ss:Index="1024" ss:StyleID="ce1"/></Row><Row ss:Height="17.3448"><Cell ss:Index="1024" ss:StyleID="ce1"/></Row><Row ss:Height="17.3448"><Cell ss:Index="1024" ss:StyleID="ce1"/></Row><Row ss:Height="17.3448"><Cell ss:Index="1024" ss:StyleID="ce1"/></Row><Row ss:Height="17.3448"><Cell ss:Index="1024" ss:StyleID="ce1"/></Row><Row ss:Height="17.3448"><Cell ss:Index="1024" ss:StyleID="ce1"/></Row><Row ss:Height="17.3448"><Cell ss:Index="1024" ss:StyleID="ce1"/></Row><Row ss:Height="17.3448"><Cell ss:Index="1024" ss:StyleID="ce1"/></Row><Row ss:Height="17.3448"><Cell ss:Index="1024" ss:StyleID="ce1"/></Row><Row ss:Height="17.3448"><Cell ss:Index="1024" ss:StyleID="ce1"/></Row><Row ss:Height="17.3448"><Cell ss:Index="1024" ss:StyleID="ce1"/></Row><Row ss:Height="17.3448"><Cell ss:Index="1024" ss:StyleID="ce1"/></Row><Row ss:Height="17.3448"><Cell ss:Index="1024" ss:StyleID="ce1"/></Row><Row ss:Height="17.3448"><Cell ss:Index="1024" ss:StyleID="ce1"/></Row><Row ss:Height="17.3448"><Cell ss:Index="1024" ss:StyleID="ce1"/></Row><Row ss:Height="17.3448"><Cell ss:Index="1024" ss:StyleID="ce1"/></Row><Row ss:Height="17.3448"><Cell ss:Index="1024" ss:StyleID="ce1"/></Row><Row ss:Height="17.3448"><Cell ss:Index="1024" ss:StyleID="ce1"/></Row><Row ss:Height="17.3448"><Cell ss:Index="1024" ss:StyleID="ce1"/></Row><Row ss:Height="17.3448"><Cell ss:Index="1024" ss:StyleID="ce1"/></Row><Row ss:Height="17.3448"><Cell ss:Index="1024" ss:StyleID="ce1"/></Row><Row ss:Height="17.3448"><Cell ss:Index="1024" ss:StyleID="ce1"/></Row><Row ss:Height="17.3448"><Cell ss:Index="1024" ss:StyleID="ce1"/></Row><Row ss:Height="17.3448"><Cell ss:Index="1024" ss:StyleID="ce1"/></Row><Row ss:Height="17.3448"><Cell ss:Index="1024" ss:StyleID="ce1"/></Row><Row ss:Height="17.3448"><Cell ss:Index="1024" ss:StyleID="ce1"/></Row><Row ss:Height="17.3448"><Cell ss:Index="1024" ss:StyleID="ce1"/></Row><Row ss:Height="17.3448"><Cell ss:Index="1024" ss:StyleID="ce1"/></Row><Row ss:Height="17.3448"><Cell ss:Index="1024" ss:StyleID="ce1"/></Row><Row ss:Height="17.3448"><Cell ss:Index="1024" ss:StyleID="ce1"/></Row><Row ss:Height="17.3448"><Cell ss:Index="1024" ss:StyleID="ce1"/></Row><Row ss:Height="17.3448"><Cell ss:Index="1024" ss:StyleID="ce1"/></Row><Row ss:Height="17.3448"><Cell ss:Index="1024" ss:StyleID="ce1"/></Row><Row ss:Height="17.3448"><Cell ss:Index="1024" ss:StyleID="ce1"/></Row><Row ss:Height="17.3448"><Cell ss:Index="1024" ss:StyleID="ce1"/></Row><Row ss:Height="17.3448"><Cell ss:Index="1024" ss:StyleID="ce1"/></Row><Row ss:Height="17.3448"><Cell ss:Index="1024" ss:StyleID="ce1"/></Row><Row ss:Height="17.3448"><Cell ss:Index="1024" ss:StyleID="ce1"/></Row><Row ss:Height="17.3448"><Cell ss:Index="1024" ss:StyleID="ce1"/></Row><Row ss:Height="17.3448"><Cell ss:Index="1024" ss:StyleID="ce1"/></Row><Row ss:Height="17.3448"><Cell ss:Index="1024" ss:StyleID="ce1"/></Row><Row ss:Height="17.3448"><Cell ss:Index="1024" ss:StyleID="ce1"/></Row><Row ss:Height="17.3448"><Cell ss:Index="1024" ss:StyleID="ce1"/></Row><Row ss:Height="17.3448"><Cell ss:Index="1024" ss:StyleID="ce1"/></Row><Row ss:Height="17.3448"><Cell ss:Index="1024" ss:StyleID="ce1"/></Row><Row ss:Height="17.3448"><Cell ss:Index="1024" ss:StyleID="ce1"/></Row><Row ss:Height="17.3448"><Cell ss:Index="1024" ss:StyleID="ce1"/></Row><Row ss:Height="17.3448"><Cell ss:Index="1024" ss:StyleID="ce1"/></Row><Row ss:Height="17.3448"><Cell ss:Index="1024" ss:StyleID="ce1"/></Row><Row ss:Height="17.3448"><Cell ss:Index="1024" ss:StyleID="ce1"/></Row><Row ss:Height="17.3448"><Cell ss:Index="1024" ss:StyleID="ce1"/></Row><Row ss:Height="17.3448"><Cell ss:Index="1024" ss:StyleID="ce1"/></Row><Row ss:Height="17.3448"><Cell ss:Index="1024" ss:StyleID="ce1"/></Row><Row ss:Height="17.3448"><Cell ss:Index="1024" ss:StyleID="ce1"/></Row><Row ss:Height="17.3448"><Cell ss:Index="1024" ss:StyleID="ce1"/></Row><Row ss:Height="17.3448"><Cell ss:Index="1024" ss:StyleID="ce1"/></Row><Row ss:Height="17.3448"><Cell ss:Index="1024" ss:StyleID="ce1"/></Row><Row ss:Height="17.3448"><Cell ss:Index="1024" ss:StyleID="ce1"/></Row><Row ss:Height="17.3448"><Cell ss:Index="1024" ss:StyleID="ce1"/></Row><Row ss:Height="17.3448"><Cell ss:Index="1024" ss:StyleID="ce1"/></Row><Row ss:Height="17.3448"><Cell ss:Index="1024" ss:StyleID="ce1"/></Row><Row ss:Height="17.3448"><Cell ss:Index="1024" ss:StyleID="ce1"/></Row><Row ss:Height="17.3448"><Cell ss:Index="1024" ss:StyleID="ce1"/></Row><Row ss:Height="17.3448"><Cell ss:Index="1024" ss:StyleID="ce1"/></Row><Row ss:Height="17.3448"><Cell ss:Index="1024" ss:StyleID="ce1"/></Row><Row ss:Height="17.3448"><Cell ss:Index="1024" ss:StyleID="ce1"/></Row><Row ss:Height="17.3448"><Cell ss:Index="1024" ss:StyleID="ce1"/></Row><Row ss:Height="17.3448"><Cell ss:Index="1024" ss:StyleID="ce1"/></Row><Row ss:Height="17.3448"><Cell ss:Index="1024" ss:StyleID="ce1"/></Row><Row ss:Height="17.3448"><Cell ss:Index="1024" ss:StyleID="ce1"/></Row><Row ss:Height="17.3448"><Cell ss:Index="1024" ss:StyleID="ce1"/></Row><Row ss:Height="17.3448"><Cell ss:Index="1024" ss:StyleID="ce1"/></Row><Row ss:Height="17.3448"><Cell ss:Index="1024" ss:StyleID="ce1"/></Row><Row ss:Height="17.3448"><Cell ss:Index="1024" ss:StyleID="ce1"/></Row><Row ss:Height="17.3448"><Cell ss:Index="1024" ss:StyleID="ce1"/></Row><Row ss:Height="17.3448"><Cell ss:Index="1024" ss:StyleID="ce1"/></Row><Row ss:Height="17.3448"><Cell ss:Index="1024" ss:StyleID="ce1"/></Row><Row ss:Height="17.3448"><Cell ss:Index="1024" ss:StyleID="ce1"/></Row><Row ss:Height="17.3448"><Cell ss:Index="1024" ss:StyleID="ce1"/></Row><Row ss:Height="17.3448"><Cell ss:Index="1024" ss:StyleID="ce1"/></Row><Row ss:Height="17.3448"><Cell ss:Index="1024" ss:StyleID="ce1"/></Row><Row ss:Height="17.3448"><Cell ss:Index="1024" ss:StyleID="ce1"/></Row><Row ss:Height="17.3448"><Cell ss:Index="1024" ss:StyleID="ce1"/></Row><Row ss:Height="17.3448"><Cell ss:Index="1024" ss:StyleID="ce1"/></Row><Row ss:Height="17.3448"><Cell ss:Index="1024" ss:StyleID="ce1"/></Row><Row ss:Height="17.3448"><Cell ss:Index="1024" ss:StyleID="ce1"/></Row><Row ss:Height="17.3448"><Cell ss:Index="1024" ss:StyleID="ce1"/></Row><Row ss:Height="17.3448"><Cell ss:Index="1024" ss:StyleID="ce1"/></Row><Row ss:Height="17.3448"><Cell ss:Index="1024" ss:StyleID="ce1"/></Row><Row ss:Height="17.3448"><Cell ss:Index="1024" ss:StyleID="ce1"/></Row><Row ss:Height="17.3448"><Cell ss:Index="1024" ss:StyleID="ce1"/></Row><Row ss:Height="17.3448"><Cell ss:Index="1024" ss:StyleID="ce1"/></Row><Row ss:Height="17.3448"><Cell ss:Index="1024" ss:StyleID="ce1"/></Row><Row ss:Height="17.3448"><Cell ss:Index="1024" ss:StyleID="ce1"/></Row><Row ss:Height="17.3448"><Cell ss:Index="1024" ss:StyleID="ce1"/></Row><Row ss:Height="17.3448"><Cell ss:Index="1024" ss:StyleID="ce1"/></Row><Row ss:Height="17.3448"><Cell ss:Index="1024" ss:StyleID="ce1"/></Row><Row ss:Height="17.3448"><Cell ss:Index="1024" ss:StyleID="ce1"/></Row><Row ss:Height="17.3448"><Cell ss:Index="1024" ss:StyleID="ce1"/></Row><Row ss:Height="17.3448"><Cell ss:Index="1024" ss:StyleID="ce1"/></Row><Row ss:Height="17.3448"><Cell ss:Index="1024" ss:StyleID="ce1"/></Row><Row ss:Height="17.3448"><Cell ss:Index="1024" ss:StyleID="ce1"/></Row><Row ss:Height="17.3448"><Cell ss:Index="1024" ss:StyleID="ce1"/></Row><Row ss:Height="17.3448"><Cell ss:Index="1024" ss:StyleID="ce1"/></Row><Row ss:Height="17.3448"><Cell ss:Index="1024" ss:StyleID="ce1"/></Row><Row ss:Height="17.3448"><Cell ss:Index="1024" ss:StyleID="ce1"/></Row><Row ss:Height="17.3448"><Cell ss:Index="1024" ss:StyleID="ce1"/></Row><Row ss:Height="17.3448"><Cell ss:Index="1024" ss:StyleID="ce1"/></Row><Row ss:Height="17.3448"><Cell ss:Index="1024" ss:StyleID="ce1"/></Row><Row ss:Height="17.3448"><Cell ss:Index="1024" ss:StyleID="ce1"/></Row><Row ss:Height="17.3448"><Cell ss:Index="1024" ss:StyleID="ce1"/></Row><Row ss:Height="17.3448"><Cell ss:Index="1024" ss:StyleID="ce1"/></Row><Row ss:Height="17.3448"><Cell ss:Index="1024" ss:StyleID="ce1"/></Row><Row ss:Height="17.3448"><Cell ss:Index="1024" ss:StyleID="ce1"/></Row><Row ss:Height="17.3448"><Cell ss:Index="1024" ss:StyleID="ce1"/></Row><Row ss:Height="17.3448"><Cell ss:Index="1024" ss:StyleID="ce1"/></Row><Row ss:Height="17.3448"><Cell ss:Index="1024" ss:StyleID="ce1"/></Row><Row ss:Height="17.3448"><Cell ss:Index="1024" ss:StyleID="ce1"/></Row><Row ss:Height="17.3448"><Cell ss:Index="1024" ss:StyleID="ce1"/></Row><Row ss:Height="17.3448"><Cell ss:Index="1024" ss:StyleID="ce1"/></Row><Row ss:Height="17.3448"><Cell ss:Index="1024" ss:StyleID="ce1"/></Row><Row ss:Height="17.3448"><Cell ss:Index="1024" ss:StyleID="ce1"/></Row><Row ss:Height="17.3448"><Cell ss:Index="1024" ss:StyleID="ce1"/></Row><Row ss:Height="17.3448"><Cell ss:Index="1024" ss:StyleID="ce1"/></Row><Row ss:Height="17.3448"><Cell ss:Index="1024" ss:StyleID="ce1"/></Row><Row ss:Height="17.3448"><Cell ss:Index="1024" ss:StyleID="ce1"/></Row><Row ss:Height="17.3448"><Cell ss:Index="1024" ss:StyleID="ce1"/></Row><Row ss:Height="17.3448"><Cell ss:Index="1024" ss:StyleID="ce1"/></Row><Row ss:Height="17.3448"><Cell ss:Index="1024" ss:StyleID="ce1"/></Row><Row ss:Height="17.3448"><Cell ss:Index="1024" ss:StyleID="ce1"/></Row><Row ss:Height="17.3448"><Cell ss:Index="1024" ss:StyleID="ce1"/></Row><Row ss:Height="17.3448"><Cell ss:Index="1024" ss:StyleID="ce1"/></Row><Row ss:Height="17.3448"><Cell ss:Index="1024" ss:StyleID="ce1"/></Row><Row ss:Height="17.3448"><Cell ss:Index="1024" ss:StyleID="ce1"/></Row><Row ss:Height="17.3448"><Cell ss:Index="1024" ss:StyleID="ce1"/></Row><Row ss:Height="17.3448"><Cell ss:Index="1024" ss:StyleID="ce1"/></Row><Row ss:Height="17.3448"><Cell ss:Index="1024" ss:StyleID="ce1"/></Row><Row ss:Height="17.3448"><Cell ss:Index="1024" ss:StyleID="ce1"/></Row><Row ss:Height="17.3448"><Cell ss:Index="1024" ss:StyleID="ce1"/></Row><Row ss:Height="17.3448"><Cell ss:Index="1024" ss:StyleID="ce1"/></Row><Row ss:Height="17.3448"><Cell ss:Index="1024" ss:StyleID="ce1"/></Row><Row ss:Height="17.3448"><Cell ss:Index="1024" ss:StyleID="ce1"/></Row><Row ss:Height="17.3448"><Cell ss:Index="1024" ss:StyleID="ce1"/></Row><Row ss:Height="17.3448"><Cell ss:Index="1024" ss:StyleID="ce1"/></Row><Row ss:Height="17.3448"><Cell ss:Index="1024" ss:StyleID="ce1"/></Row><Row ss:Height="17.3448"><Cell ss:Index="1024" ss:StyleID="ce1"/></Row><Row ss:Height="17.3448"><Cell ss:Index="1024" ss:StyleID="ce1"/></Row><Row ss:Height="17.3448"><Cell ss:Index="1024" ss:StyleID="ce1"/></Row><Row ss:Height="17.3448"><Cell ss:Index="1024" ss:StyleID="ce1"/></Row><Row ss:Height="17.3448"><Cell ss:Index="1024" ss:StyleID="ce1"/></Row><Row ss:Height="17.3448"><Cell ss:Index="1024" ss:StyleID="ce1"/></Row><Row ss:Height="17.3448"><Cell ss:Index="1024" ss:StyleID="ce1"/></Row><Row ss:Height="17.3448"><Cell ss:Index="1024" ss:StyleID="ce1"/></Row><Row ss:Height="17.3448"><Cell ss:Index="1024" ss:StyleID="ce1"/></Row><Row ss:Height="17.3448"><Cell ss:Index="1024" ss:StyleID="ce1"/></Row><Row ss:Height="17.3448"><Cell ss:Index="1024" ss:StyleID="ce1"/></Row><Row ss:Height="17.3448"><Cell ss:Index="1024" ss:StyleID="ce1"/></Row><Row ss:Height="17.3448"><Cell ss:Index="1024" ss:StyleID="ce1"/></Row><Row ss:Height="17.3448"><Cell ss:Index="1024" ss:StyleID="ce1"/></Row><Row ss:Height="17.3448"><Cell ss:Index="1024" ss:StyleID="ce1"/></Row><Row ss:Height="17.3448"><Cell ss:Index="1024" ss:StyleID="ce1"/></Row><Row ss:Height="17.3448"><Cell ss:Index="1024" ss:StyleID="ce1"/></Row><Row ss:Height="17.3448"><Cell ss:Index="1024" ss:StyleID="ce1"/></Row><Row ss:Height="17.3448"><Cell ss:Index="1024" ss:StyleID="ce1"/></Row><Row ss:Height="17.3448"><Cell ss:Index="1024" ss:StyleID="ce1"/></Row><Row ss:Height="17.3448"><Cell ss:Index="1024" ss:StyleID="ce1"/></Row><Row ss:Height="17.3448"><Cell ss:Index="1024" ss:StyleID="ce1"/></Row><Row ss:Height="17.3448"><Cell ss:Index="1024" ss:StyleID="ce1"/></Row><Row ss:Height="17.3448"><Cell ss:Index="1024" ss:StyleID="ce1"/></Row><Row ss:Height="17.3448"><Cell ss:Index="1024" ss:StyleID="ce1"/></Row><Row ss:Height="17.3448"><Cell ss:Index="1024" ss:StyleID="ce1"/></Row><Row ss:Height="17.3448"><Cell ss:Index="1024" ss:StyleID="ce1"/></Row><Row ss:Height="17.3448"><Cell ss:Index="1024" ss:StyleID="ce1"/></Row><Row ss:Height="17.3448"><Cell ss:Index="1024" ss:StyleID="ce1"/></Row><Row ss:Height="17.3448"><Cell ss:Index="1024" ss:StyleID="ce1"/></Row><Row ss:Height="17.3448"><Cell ss:Index="1024" ss:StyleID="ce1"/></Row><Row ss:Height="17.3448"><Cell ss:Index="1024" ss:StyleID="ce1"/></Row><Row ss:Height="17.3448"><Cell ss:Index="1024" ss:StyleID="ce1"/></Row><Row ss:Height="17.3448"><Cell ss:Index="1024" ss:StyleID="ce1"/></Row><Row ss:Height="17.3448"><Cell ss:Index="1024" ss:StyleID="ce1"/></Row><Row ss:Height="17.3448"><Cell ss:Index="1024" ss:StyleID="ce1"/></Row><Row ss:Height="17.3448"><Cell ss:Index="1024" ss:StyleID="ce1"/></Row><Row ss:Height="17.3448"><Cell ss:Index="1024" ss:StyleID="ce1"/></Row><Row ss:Height="17.3448"><Cell ss:Index="1024" ss:StyleID="ce1"/></Row><Row ss:Height="17.3448"><Cell ss:Index="1024" ss:StyleID="ce1"/></Row><Row ss:Height="17.3448"><Cell ss:Index="1024" ss:StyleID="ce1"/></Row><Row ss:Height="17.3448"><Cell ss:Index="1024" ss:StyleID="ce1"/></Row><Row ss:Height="17.3448"><Cell ss:Index="1024" ss:StyleID="ce1"/></Row><Row ss:Height="17.3448"><Cell ss:Index="1024" ss:StyleID="ce1"/></Row><Row ss:Height="17.3448"><Cell ss:Index="1024" ss:StyleID="ce1"/></Row><Row ss:Height="17.3448"><Cell ss:Index="1024" ss:StyleID="ce1"/></Row><Row ss:Height="17.3448"><Cell ss:Index="1024" ss:StyleID="ce1"/></Row><Row ss:Height="17.3448"><Cell ss:Index="1024" ss:StyleID="ce1"/></Row><Row ss:Height="17.3448"><Cell ss:Index="1024" ss:StyleID="ce1"/></Row><Row ss:Height="17.3448"><Cell ss:Index="1024" ss:StyleID="ce1"/></Row><Row ss:Height="17.3448"><Cell ss:Index="1024" ss:StyleID="ce1"/></Row><Row ss:Height="17.3448"><Cell ss:Index="1024" ss:StyleID="ce1"/></Row><Row ss:Height="17.3448"><Cell ss:Index="1024" ss:StyleID="ce1"/></Row><Row ss:Height="17.3448"><Cell ss:Index="1024" ss:StyleID="ce1"/></Row><Row ss:Height="17.3448"><Cell ss:Index="1024" ss:StyleID="ce1"/></Row><Row ss:Height="17.3448"><Cell ss:Index="1024" ss:StyleID="ce1"/></Row><Row ss:Height="17.3448"><Cell ss:Index="1024" ss:StyleID="ce1"/></Row><Row ss:Height="17.3448"><Cell ss:Index="1024" ss:StyleID="ce1"/></Row><Row ss:Height="17.3448"><Cell ss:Index="1024" ss:StyleID="ce1"/></Row><Row ss:Height="17.3448"><Cell ss:Index="1024" ss:StyleID="ce1"/></Row><Row ss:Height="17.3448"><Cell ss:Index="1024" ss:StyleID="ce1"/></Row><Row ss:Height="17.3448"><Cell ss:Index="1024" ss:StyleID="ce1"/></Row><Row ss:Height="17.3448"><Cell ss:Index="1024" ss:StyleID="ce1"/></Row><Row ss:Height="17.3448"><Cell ss:Index="1024" ss:StyleID="ce1"/></Row><Row ss:Height="17.3448"><Cell ss:Index="1024" ss:StyleID="ce1"/></Row><Row ss:Height="17.3448"><Cell ss:Index="1024" ss:StyleID="ce1"/></Row><Row ss:Height="17.3448"><Cell ss:Index="1024" ss:StyleID="ce1"/></Row><Row ss:Height="17.3448"><Cell ss:Index="1024" ss:StyleID="ce1"/></Row><Row ss:Height="17.3448"><Cell ss:Index="1024" ss:StyleID="ce1"/></Row><Row ss:Height="17.3448"><Cell ss:Index="1024" ss:StyleID="ce1"/></Row><Row ss:Height="17.3448"><Cell ss:Index="1024" ss:StyleID="ce1"/></Row><Row ss:Height="17.3448"><Cell ss:Index="1024" ss:StyleID="ce1"/></Row><Row ss:Height="17.3448"><Cell ss:Index="1024" ss:StyleID="ce1"/></Row><Row ss:Height="17.3448"><Cell ss:Index="1024" ss:StyleID="ce1"/></Row><Row ss:Height="17.3448"><Cell ss:Index="1024" ss:StyleID="ce1"/></Row><Row ss:Height="17.3448"><Cell ss:Index="1024" ss:StyleID="ce1"/></Row><Row ss:Height="17.3448"><Cell ss:Index="1024" ss:StyleID="ce1"/></Row><Row ss:Height="17.3448"><Cell ss:Index="1024" ss:StyleID="ce1"/></Row><Row ss:Height="17.3448"><Cell ss:Index="1024" ss:StyleID="ce1"/></Row><Row ss:Height="17.3448"><Cell ss:Index="1024" ss:StyleID="ce1"/></Row><Row ss:Height="17.3448"><Cell ss:Index="1024" ss:StyleID="ce1"/></Row><Row ss:Height="17.3448"><Cell ss:Index="1024" ss:StyleID="ce1"/></Row><Row ss:Height="17.3448"><Cell ss:Index="1024" ss:StyleID="ce1"/></Row><Row ss:Height="17.3448"><Cell ss:Index="1024" ss:StyleID="ce1"/></Row><Row ss:Height="17.3448"><Cell ss:Index="1024" ss:StyleID="ce1"/></Row><Row ss:Height="17.3448"><Cell ss:Index="1024" ss:StyleID="ce1"/></Row><Row ss:Height="17.3448"><Cell ss:Index="1024" ss:StyleID="ce1"/></Row><Row ss:Height="17.3448"><Cell ss:Index="1024" ss:StyleID="ce1"/></Row><Row ss:Height="17.3448"><Cell ss:Index="1024" ss:StyleID="ce1"/></Row><Row ss:Height="17.3448"><Cell ss:Index="1024" ss:StyleID="ce1"/></Row><Row ss:Height="17.3448"><Cell ss:Index="1024" ss:StyleID="ce1"/></Row><Row ss:Height="17.3448"><Cell ss:Index="1024" ss:StyleID="ce1"/></Row><Row ss:Height="17.3448"><Cell ss:Index="1024" ss:StyleID="ce1"/></Row><Row ss:Height="17.3448"><Cell ss:Index="1024" ss:StyleID="ce1"/></Row><Row ss:Height="17.3448"><Cell ss:Index="1024" ss:StyleID="ce1"/></Row><Row ss:Height="17.3448"><Cell ss:Index="1024" ss:StyleID="ce1"/></Row><Row ss:Height="17.3448"><Cell ss:Index="1024" ss:StyleID="ce1"/></Row><Row ss:Height="17.3448"><Cell ss:Index="1024" ss:StyleID="ce1"/></Row><Row ss:Height="17.3448"><Cell ss:Index="1024" ss:StyleID="ce1"/></Row><Row ss:Height="17.3448"><Cell ss:Index="1024" ss:StyleID="ce1"/></Row><Row ss:Height="17.3448"><Cell ss:Index="1024" ss:StyleID="ce1"/></Row><Row ss:Height="17.3448"><Cell ss:Index="1024" ss:StyleID="ce1"/></Row><Row ss:Height="17.3448"><Cell ss:Index="1024" ss:StyleID="ce1"/></Row><Row ss:Height="17.3448"><Cell ss:Index="1024" ss:StyleID="ce1"/></Row><Row ss:Height="17.3448"><Cell ss:Index="1024" ss:StyleID="ce1"/></Row><Row ss:Height="17.3448"><Cell ss:Index="1024" ss:StyleID="ce1"/></Row><Row ss:Height="17.3448"><Cell ss:Index="1024" ss:StyleID="ce1"/></Row><Row ss:Height="17.3448"><Cell ss:Index="1024" ss:StyleID="ce1"/></Row><Row ss:Height="17.3448"><Cell ss:Index="1024" ss:StyleID="ce1"/></Row><Row ss:Height="17.3448"><Cell ss:Index="1024" ss:StyleID="ce1"/></Row><Row ss:Height="17.3448"><Cell ss:Index="1024" ss:StyleID="ce1"/></Row><Row ss:Height="17.3448"><Cell ss:Index="1024" ss:StyleID="ce1"/></Row><Row ss:Height="17.3448"><Cell ss:Index="1024" ss:StyleID="ce1"/></Row><Row ss:Height="17.3448"><Cell ss:Index="1024" ss:StyleID="ce1"/></Row><Row ss:Height="17.3448"><Cell ss:Index="1024" ss:StyleID="ce1"/></Row><Row ss:Height="17.3448"><Cell ss:Index="1024" ss:StyleID="ce1"/></Row><Row ss:Height="17.3448"><Cell ss:Index="1024" ss:StyleID="ce1"/></Row><Row ss:Height="17.3448"><Cell ss:Index="1024" ss:StyleID="ce1"/></Row><Row ss:Height="17.3448"><Cell ss:Index="1024" ss:StyleID="ce1"/></Row><Row ss:Height="17.3448"><Cell ss:Index="1024" ss:StyleID="ce1"/></Row><Row ss:Height="17.3448"><Cell ss:Index="1024" ss:StyleID="ce1"/></Row><Row ss:Height="17.3448"><Cell ss:Index="1024" ss:StyleID="ce1"/></Row><Row ss:Height="17.3448"><Cell ss:Index="1024" ss:StyleID="ce1"/></Row><Row ss:Height="17.3448"><Cell ss:Index="1024" ss:StyleID="ce1"/></Row><Row ss:Height="17.3448"><Cell ss:Index="1024" ss:StyleID="ce1"/></Row><Row ss:Height="17.3448"><Cell ss:Index="1024" ss:StyleID="ce1"/></Row><Row ss:Height="17.3448"><Cell ss:Index="1024" ss:StyleID="ce1"/></Row><Row ss:Height="17.3448"><Cell ss:Index="1024" ss:StyleID="ce1"/></Row><Row ss:Height="17.3448"><Cell ss:Index="1024" ss:StyleID="ce1"/></Row><Row ss:Height="17.3448"><Cell ss:Index="1024" ss:StyleID="ce1"/></Row><Row ss:Height="17.3448"><Cell ss:Index="1024" ss:StyleID="ce1"/></Row><Row ss:Height="17.3448"><Cell ss:Index="1024" ss:StyleID="ce1"/></Row><Row ss:Height="17.3448"><Cell ss:Index="1024" ss:StyleID="ce1"/></Row><Row ss:Height="17.3448"><Cell ss:Index="1024" ss:StyleID="ce1"/></Row><Row ss:Height="17.3448"><Cell ss:Index="1024" ss:StyleID="ce1"/></Row><Row ss:Height="17.3448"><Cell ss:Index="1024" ss:StyleID="ce1"/></Row><Row ss:Height="17.3448"><Cell ss:Index="1024" ss:StyleID="ce1"/></Row><Row ss:Height="17.3448"><Cell ss:Index="1024" ss:StyleID="ce1"/></Row><Row ss:Height="17.3448"><Cell ss:Index="1024" ss:StyleID="ce1"/></Row><Row ss:Height="17.3448"><Cell ss:Index="1024" ss:StyleID="ce1"/></Row><Row ss:Height="17.3448"><Cell ss:Index="1024" ss:StyleID="ce1"/></Row><Row ss:Height="17.3448"><Cell ss:Index="1024" ss:StyleID="ce1"/></Row><Row ss:Height="17.3448"><Cell ss:Index="1024" ss:StyleID="ce1"/></Row><Row ss:Height="17.3448"><Cell ss:Index="1024" ss:StyleID="ce1"/></Row><Row ss:Height="17.3448"><Cell ss:Index="1024" ss:StyleID="ce1"/></Row><Row ss:Height="17.3448"><Cell ss:Index="1024" ss:StyleID="ce1"/></Row><Row ss:Height="17.3448"><Cell ss:Index="1024" ss:StyleID="ce1"/></Row><Row ss:Height="17.3448"><Cell ss:Index="1024" ss:StyleID="ce1"/></Row><Row ss:Height="17.3448"><Cell ss:Index="1024" ss:StyleID="ce1"/></Row><Row ss:Height="17.3448"><Cell ss:Index="1024" ss:StyleID="ce1"/></Row><Row ss:Height="17.3448"><Cell ss:Index="1024" ss:StyleID="ce1"/></Row><Row ss:Height="17.3448"><Cell ss:Index="1024" ss:StyleID="ce1"/></Row><Row ss:Height="17.3448"><Cell ss:Index="1024" ss:StyleID="ce1"/></Row><Row ss:Height="17.3448"><Cell ss:Index="1024" ss:StyleID="ce1"/></Row><Row ss:Height="17.3448"><Cell ss:Index="1024" ss:StyleID="ce1"/></Row><Row ss:Height="17.3448"><Cell ss:Index="1024" ss:StyleID="ce1"/></Row><Row ss:Height="17.3448"><Cell ss:Index="1024" ss:StyleID="ce1"/></Row><Row ss:Height="17.3448"><Cell ss:Index="1024" ss:StyleID="ce1"/></Row><Row ss:Height="17.3448"><Cell ss:Index="1024" ss:StyleID="ce1"/></Row><Row ss:Height="17.3448"><Cell ss:Index="1024" ss:StyleID="ce1"/></Row><Row ss:Height="17.3448"><Cell ss:Index="1024" ss:StyleID="ce1"/></Row><Row ss:Height="17.3448"><Cell ss:Index="1024" ss:StyleID="ce1"/></Row><Row ss:Height="17.3448"><Cell ss:Index="1024" ss:StyleID="ce1"/></Row><Row ss:Height="17.3448"><Cell ss:Index="1024" ss:StyleID="ce1"/></Row><Row ss:Height="17.3448"><Cell ss:Index="1024" ss:StyleID="ce1"/></Row><Row ss:Height="17.3448"><Cell ss:Index="1024" ss:StyleID="ce1"/></Row><Row ss:Height="17.3448"><Cell ss:Index="1024" ss:StyleID="ce1"/></Row><Row ss:Height="17.3448"><Cell ss:Index="1024" ss:StyleID="ce1"/></Row><Row ss:Height="17.3448"><Cell ss:Index="1024" ss:StyleID="ce1"/></Row><Row ss:Height="17.3448"><Cell ss:Index="1024" ss:StyleID="ce1"/></Row><Row ss:Height="17.3448"><Cell ss:Index="1024" ss:StyleID="ce1"/></Row><Row ss:Height="17.3448"><Cell ss:Index="1024" ss:StyleID="ce1"/></Row><Row ss:Height="17.3448"><Cell ss:Index="1024" ss:StyleID="ce1"/></Row><Row ss:Height="17.3448"><Cell ss:Index="1024" ss:StyleID="ce1"/></Row><Row ss:Height="17.3448"><Cell ss:Index="1024" ss:StyleID="ce1"/></Row><Row ss:Height="17.3448"><Cell ss:Index="1024" ss:StyleID="ce1"/></Row><Row ss:Height="17.3448"><Cell ss:Index="1024" ss:StyleID="ce1"/></Row><Row ss:Height="17.3448"><Cell ss:Index="1024" ss:StyleID="ce1"/></Row><Row ss:Height="17.3448"><Cell ss:Index="1024" ss:StyleID="ce1"/></Row><Row ss:Height="17.3448"><Cell ss:Index="1024" ss:StyleID="ce1"/></Row><Row ss:Height="17.3448"><Cell ss:Index="1024" ss:StyleID="ce1"/></Row><Row ss:Height="17.3448"><Cell ss:Index="1024" ss:StyleID="ce1"/></Row><Row ss:Height="17.3448"><Cell ss:Index="1024" ss:StyleID="ce1"/></Row><Row ss:Height="17.3448"><Cell ss:Index="1024" ss:StyleID="ce1"/></Row><Row ss:Height="17.3448"><Cell ss:Index="1024" ss:StyleID="ce1"/></Row><Row ss:Height="17.3448"><Cell ss:Index="1024" ss:StyleID="ce1"/></Row><Row ss:Height="17.3448"><Cell ss:Index="1024" ss:StyleID="ce1"/></Row><Row ss:Height="17.3448"><Cell ss:Index="1024" ss:StyleID="ce1"/></Row><Row ss:Height="17.3448"><Cell ss:Index="1024" ss:StyleID="ce1"/></Row><Row ss:Height="17.3448"><Cell ss:Index="1024" ss:StyleID="ce1"/></Row><Row ss:Height="17.3448"><Cell ss:Index="1024" ss:StyleID="ce1"/></Row><Row ss:Height="17.3448"><Cell ss:Index="1024" ss:StyleID="ce1"/></Row><Row ss:Height="17.3448"><Cell ss:Index="1024" ss:StyleID="ce1"/></Row><Row ss:Height="17.3448"><Cell ss:Index="1024" ss:StyleID="ce1"/></Row><Row ss:Height="17.3448"><Cell ss:Index="1024" ss:StyleID="ce1"/></Row><Row ss:Height="17.3448"><Cell ss:Index="1024" ss:StyleID="ce1"/></Row><Row ss:Height="17.3448"><Cell ss:Index="1024" ss:StyleID="ce1"/></Row><Row ss:Height="17.3448"><Cell ss:Index="1024" ss:StyleID="ce1"/></Row><Row ss:Height="17.3448"><Cell ss:Index="1024" ss:StyleID="ce1"/></Row><Row ss:Height="17.3448"><Cell ss:Index="1024" ss:StyleID="ce1"/></Row><Row ss:Height="17.3448"><Cell ss:Index="1024" ss:StyleID="ce1"/></Row><Row ss:Height="17.3448"><Cell ss:Index="1024" ss:StyleID="ce1"/></Row><Row ss:Height="17.3448"><Cell ss:Index="1024" ss:StyleID="ce1"/></Row><Row ss:Height="17.3448"><Cell ss:Index="1024" ss:StyleID="ce1"/></Row><Row ss:Height="17.3448"><Cell ss:Index="1024" ss:StyleID="ce1"/></Row><Row ss:Height="17.3448"><Cell ss:Index="1024" ss:StyleID="ce1"/></Row><Row ss:Height="17.3448"><Cell ss:Index="1024" ss:StyleID="ce1"/></Row><Row ss:Height="17.3448"><Cell ss:Index="1024" ss:StyleID="ce1"/></Row><Row ss:Height="17.3448"><Cell ss:Index="1024" ss:StyleID="ce1"/></Row><Row ss:Height="17.3448"><Cell ss:Index="1024" ss:StyleID="ce1"/></Row><Row ss:Height="17.3448"><Cell ss:Index="1024" ss:StyleID="ce1"/></Row><Row ss:Height="17.3448"><Cell ss:Index="1024" ss:StyleID="ce1"/></Row><Row ss:Height="17.3448"><Cell ss:Index="1024" ss:StyleID="ce1"/></Row><Row ss:Height="17.3448"><Cell ss:Index="1024" ss:StyleID="ce1"/></Row><Row ss:Height="17.3448"><Cell ss:Index="1024" ss:StyleID="ce1"/></Row><Row ss:Height="17.3448"><Cell ss:Index="1024" ss:StyleID="ce1"/></Row><Row ss:Height="17.3448"><Cell ss:Index="1024" ss:StyleID="ce1"/></Row><Row ss:Height="17.3448"><Cell ss:Index="1024" ss:StyleID="ce1"/></Row><Row ss:Height="17.3448"><Cell ss:Index="1024" ss:StyleID="ce1"/></Row><Row ss:Height="17.3448"><Cell ss:Index="1024" ss:StyleID="ce1"/></Row><Row ss:Height="17.3448"><Cell ss:Index="1024" ss:StyleID="ce1"/></Row><Row ss:Height="17.3448"><Cell ss:Index="1024" ss:StyleID="ce1"/></Row><Row ss:Height="17.3448"><Cell ss:Index="1024" ss:StyleID="ce1"/></Row><Row ss:Height="17.3448"><Cell ss:Index="1024" ss:StyleID="ce1"/></Row><Row ss:Height="17.3448"><Cell ss:Index="1024" ss:StyleID="ce1"/></Row><Row ss:Height="17.3448"><Cell ss:Index="1024" ss:StyleID="ce1"/></Row><Row ss:Height="17.3448"><Cell ss:Index="1024" ss:StyleID="ce1"/></Row><Row ss:Height="17.3448"><Cell ss:Index="1024" ss:StyleID="ce1"/></Row><Row ss:Height="17.3448"><Cell ss:Index="1024" ss:StyleID="ce1"/></Row><Row ss:Height="17.3448"><Cell ss:Index="1024" ss:StyleID="ce1"/></Row><Row ss:Height="17.3448"><Cell ss:Index="1024" ss:StyleID="ce1"/></Row><Row ss:Height="17.3448"><Cell ss:Index="1024" ss:StyleID="ce1"/></Row><Row ss:Height="17.3448"><Cell ss:Index="1024" ss:StyleID="ce1"/></Row><Row ss:Height="17.3448"><Cell ss:Index="1024" ss:StyleID="ce1"/></Row><Row ss:Height="17.3448"><Cell ss:Index="1024" ss:StyleID="ce1"/></Row><Row ss:Height="17.3448"><Cell ss:Index="1024" ss:StyleID="ce1"/></Row><Row ss:Height="17.3448"><Cell ss:Index="1024" ss:StyleID="ce1"/></Row><Row ss:Height="17.3448"><Cell ss:Index="1024" ss:StyleID="ce1"/></Row><Row ss:Height="17.3448"><Cell ss:Index="1024" ss:StyleID="ce1"/></Row><Row ss:Height="17.3448"><Cell ss:Index="1024" ss:StyleID="ce1"/></Row><Row ss:Height="17.3448"><Cell ss:Index="1024" ss:StyleID="ce1"/></Row><Row ss:Height="17.3448"><Cell ss:Index="1024" ss:StyleID="ce1"/></Row><Row ss:Height="17.3448"><Cell ss:Index="1024" ss:StyleID="ce1"/></Row><Row ss:Height="17.3448"><Cell ss:Index="1024" ss:StyleID="ce1"/></Row><Row ss:Height="17.3448"><Cell ss:Index="1024" ss:StyleID="ce1"/></Row><Row ss:Height="17.3448"><Cell ss:Index="1024" ss:StyleID="ce1"/></Row><Row ss:Height="17.3448"><Cell ss:Index="1024" ss:StyleID="ce1"/></Row><Row ss:Height="17.3448"><Cell ss:Index="1024" ss:StyleID="ce1"/></Row><Row ss:Height="17.3448"><Cell ss:Index="1024" ss:StyleID="ce1"/></Row><Row ss:Height="17.3448"><Cell ss:Index="1024" ss:StyleID="ce1"/></Row><Row ss:Height="17.3448"><Cell ss:Index="1024" ss:StyleID="ce1"/></Row><Row ss:Height="17.3448"><Cell ss:Index="1024" ss:StyleID="ce1"/></Row><Row ss:Height="17.3448"><Cell ss:Index="1024" ss:StyleID="ce1"/></Row><Row ss:Height="17.3448"><Cell ss:Index="1024" ss:StyleID="ce1"/></Row><Row ss:Height="17.3448"><Cell ss:Index="1024" ss:StyleID="ce1"/></Row><Row ss:Height="17.3448"><Cell ss:Index="1024" ss:StyleID="ce1"/></Row><Row ss:Height="17.3448"><Cell ss:Index="1024" ss:StyleID="ce1"/></Row><Row ss:Height="17.3448"><Cell ss:Index="1024" ss:StyleID="ce1"/></Row><Row ss:Height="17.3448"><Cell ss:Index="1024" ss:StyleID="ce1"/></Row><Row ss:Height="17.3448"><Cell ss:Index="1024" ss:StyleID="ce1"/></Row><Row ss:Height="17.3448"><Cell ss:Index="1024" ss:StyleID="ce1"/></Row><Row ss:Height="17.3448"><Cell ss:Index="1024" ss:StyleID="ce1"/></Row><Row ss:Height="17.3448"><Cell ss:Index="1024" ss:StyleID="ce1"/></Row><Row ss:Height="17.3448"><Cell ss:Index="1024" ss:StyleID="ce1"/></Row><Row ss:Height="17.3448"><Cell ss:Index="1024" ss:StyleID="ce1"/></Row><Row ss:Height="17.3448"><Cell ss:Index="1024" ss:StyleID="ce1"/></Row><Row ss:Height="17.3448"><Cell ss:Index="1024" ss:StyleID="ce1"/></Row><Row ss:Height="17.3448"><Cell ss:Index="1024" ss:StyleID="ce1"/></Row><Row ss:Height="17.3448"><Cell ss:Index="1024" ss:StyleID="ce1"/></Row><Row ss:Height="17.3448"><Cell ss:Index="1024" ss:StyleID="ce1"/></Row><Row ss:Height="17.3448"><Cell ss:Index="1024" ss:StyleID="ce1"/></Row><Row ss:Height="17.3448"><Cell ss:Index="1024" ss:StyleID="ce1"/></Row><Row ss:Height="17.3448"><Cell ss:Index="1024" ss:StyleID="ce1"/></Row><Row ss:Height="17.3448"><Cell ss:Index="1024" ss:StyleID="ce1"/></Row><Row ss:Height="17.3448"><Cell ss:Index="1024" ss:StyleID="ce1"/></Row><Row ss:Height="17.3448"><Cell ss:Index="1024" ss:StyleID="ce1"/></Row><Row ss:Height="17.3448"><Cell ss:Index="1024" ss:StyleID="ce1"/></Row><Row ss:Height="17.3448"><Cell ss:Index="1024" ss:StyleID="ce1"/></Row><Row ss:Height="17.3448"><Cell ss:Index="1024" ss:StyleID="ce1"/></Row><Row ss:Height="17.3448"><Cell ss:Index="1024" ss:StyleID="ce1"/></Row><Row ss:Height="17.3448"><Cell ss:Index="1024" ss:StyleID="ce1"/></Row><Row ss:Height="17.3448"><Cell ss:Index="1024" ss:StyleID="ce1"/></Row><Row ss:Height="17.3448"><Cell ss:Index="1024" ss:StyleID="ce1"/></Row><Row ss:Height="17.3448"><Cell ss:Index="1024" ss:StyleID="ce1"/></Row><Row ss:Height="17.3448"><Cell ss:Index="1024" ss:StyleID="ce1"/></Row><Row ss:Height="17.3448"><Cell ss:Index="1024" ss:StyleID="ce1"/></Row><Row ss:Height="17.3448"><Cell ss:Index="1024" ss:StyleID="ce1"/></Row><Row ss:Height="17.3448"><Cell ss:Index="1024" ss:StyleID="ce1"/></Row><Row ss:Height="17.3448"><Cell ss:Index="1024" ss:StyleID="ce1"/></Row><Row ss:Height="17.3448"><Cell ss:Index="1024" ss:StyleID="ce1"/></Row><Row ss:Height="17.3448"><Cell ss:Index="1024" ss:StyleID="ce1"/></Row><Row ss:Height="17.3448"><Cell ss:Index="1024" ss:StyleID="ce1"/></Row><Row ss:Height="17.3448"><Cell ss:Index="1024" ss:StyleID="ce1"/></Row><Row ss:Height="17.3448"><Cell ss:Index="1024" ss:StyleID="ce1"/></Row><Row ss:Height="17.3448"><Cell ss:Index="1024" ss:StyleID="ce1"/></Row><Row ss:Height="17.3448"><Cell ss:Index="1024" ss:StyleID="ce1"/></Row><Row ss:Height="17.3448"><Cell ss:Index="1024" ss:StyleID="ce1"/></Row><Row ss:Height="17.3448"><Cell ss:Index="1024" ss:StyleID="ce1"/></Row><Row ss:Height="17.3448"><Cell ss:Index="1024" ss:StyleID="ce1"/></Row><Row ss:Height="17.3448"><Cell ss:Index="1024" ss:StyleID="ce1"/></Row><Row ss:Height="17.3448"><Cell ss:Index="1024" ss:StyleID="ce1"/></Row><Row ss:Height="17.3448"><Cell ss:Index="1024" ss:StyleID="ce1"/></Row><Row ss:Height="17.3448"><Cell ss:Index="1024" ss:StyleID="ce1"/></Row><Row ss:Height="17.3448"><Cell ss:Index="1024" ss:StyleID="ce1"/></Row><Row ss:Height="17.3448"><Cell ss:Index="1024" ss:StyleID="ce1"/></Row><Row ss:Height="17.3448"><Cell ss:Index="1024" ss:StyleID="ce1"/></Row><Row ss:Height="17.3448"><Cell ss:Index="1024" ss:StyleID="ce1"/></Row><Row ss:Height="17.3448"><Cell ss:Index="1024" ss:StyleID="ce1"/></Row><Row ss:Height="17.3448"><Cell ss:Index="1024" ss:StyleID="ce1"/></Row><Row ss:Height="17.3448"><Cell ss:Index="1024" ss:StyleID="ce1"/></Row><Row ss:Height="17.3448"><Cell ss:Index="1024" ss:StyleID="ce1"/></Row><Row ss:Height="17.3448"><Cell ss:Index="1024" ss:StyleID="ce1"/></Row><Row ss:Height="17.3448"><Cell ss:Index="1024" ss:StyleID="ce1"/></Row><Row ss:Height="17.3448"><Cell ss:Index="1024" ss:StyleID="ce1"/></Row><Row ss:Height="17.3448"><Cell ss:Index="1024" ss:StyleID="ce1"/></Row><Row ss:Height="17.3448"><Cell ss:Index="1024" ss:StyleID="ce1"/></Row><Row ss:Height="17.3448"><Cell ss:Index="1024" ss:StyleID="ce1"/></Row><Row ss:Height="17.3448"><Cell ss:Index="1024" ss:StyleID="ce1"/></Row><Row ss:Height="17.3448"><Cell ss:Index="1024" ss:StyleID="ce1"/></Row><Row ss:Height="17.3448"><Cell ss:Index="1024" ss:StyleID="ce1"/></Row><Row ss:Height="17.3448"><Cell ss:Index="1024" ss:StyleID="ce1"/></Row><Row ss:Height="17.3448"><Cell ss:Index="1024" ss:StyleID="ce1"/></Row><Row ss:Height="17.3448"><Cell ss:Index="1024" ss:StyleID="ce1"/></Row><Row ss:Height="17.3448"><Cell ss:Index="1024" ss:StyleID="ce1"/></Row><Row ss:Height="17.3448"><Cell ss:Index="1024" ss:StyleID="ce1"/></Row><Row ss:Height="17.3448"><Cell ss:Index="1024" ss:StyleID="ce1"/></Row><Row ss:Height="17.3448"><Cell ss:Index="1024" ss:StyleID="ce1"/></Row><Row ss:Height="17.3448"><Cell ss:Index="1024" ss:StyleID="ce1"/></Row><Row ss:Height="17.3448"><Cell ss:Index="1024" ss:StyleID="ce1"/></Row><Row ss:Height="17.3448"><Cell ss:Index="1024" ss:StyleID="ce1"/></Row><Row ss:Height="17.3448"><Cell ss:Index="1024" ss:StyleID="ce1"/></Row><Row ss:Height="17.3448"><Cell ss:Index="1024" ss:StyleID="ce1"/></Row><Row ss:Height="17.3448"><Cell ss:Index="1024" ss:StyleID="ce1"/></Row><Row ss:Height="17.3448"><Cell ss:Index="1024" ss:StyleID="ce1"/></Row><Row ss:Height="17.3448"><Cell ss:Index="1024" ss:StyleID="ce1"/></Row><Row ss:Height="17.3448"><Cell ss:Index="1024" ss:StyleID="ce1"/></Row><Row ss:Height="17.3448"><Cell ss:Index="1024" ss:StyleID="ce1"/></Row><Row ss:Height="17.3448"><Cell ss:Index="1024" ss:StyleID="ce1"/></Row><Row ss:Height="17.3448"><Cell ss:Index="1024" ss:StyleID="ce1"/></Row><Row ss:Height="17.3448"><Cell ss:Index="1024" ss:StyleID="ce1"/></Row><Row ss:Height="17.3448"><Cell ss:Index="1024" ss:StyleID="ce1"/></Row><Row ss:Height="17.3448"><Cell ss:Index="1024" ss:StyleID="ce1"/></Row><Row ss:Height="17.3448"><Cell ss:Index="1024" ss:StyleID="ce1"/></Row><Row ss:Height="17.3448"><Cell ss:Index="1024" ss:StyleID="ce1"/></Row><Row ss:Height="17.3448"><Cell ss:Index="1024" ss:StyleID="ce1"/></Row><Row ss:Height="17.3448"><Cell ss:Index="1024" ss:StyleID="ce1"/></Row><Row ss:Height="17.3448"><Cell ss:Index="1024" ss:StyleID="ce1"/></Row><Row ss:Height="17.3448"><Cell ss:Index="1024" ss:StyleID="ce1"/></Row><Row ss:Height="17.3448"><Cell ss:Index="1024" ss:StyleID="ce1"/></Row><Row ss:Height="17.3448"><Cell ss:Index="1024" ss:StyleID="ce1"/></Row><Row ss:Height="17.3448"><Cell ss:Index="1024" ss:StyleID="ce1"/></Row><Row ss:Height="17.3448"><Cell ss:Index="1024" ss:StyleID="ce1"/></Row><Row ss:Height="17.3448"><Cell ss:Index="1024" ss:StyleID="ce1"/></Row><Row ss:Height="17.3448"><Cell ss:Index="1024" ss:StyleID="ce1"/></Row><Row ss:Height="17.3448"><Cell ss:Index="1024" ss:StyleID="ce1"/></Row><Row ss:Height="17.3448"><Cell ss:Index="1024" ss:StyleID="ce1"/></Row><Row ss:Height="17.3448"><Cell ss:Index="1024" ss:StyleID="ce1"/></Row><Row ss:Height="17.3448"><Cell ss:Index="1024" ss:StyleID="ce1"/></Row><Row ss:Height="17.3448"><Cell ss:Index="1024" ss:StyleID="ce1"/></Row><Row ss:Height="17.3448"><Cell ss:Index="1024" ss:StyleID="ce1"/></Row><Row ss:Height="17.3448"><Cell ss:Index="1024" ss:StyleID="ce1"/></Row><Row ss:Height="17.3448"><Cell ss:Index="1024" ss:StyleID="ce1"/></Row><Row ss:Height="17.3448"><Cell ss:Index="1024" ss:StyleID="ce1"/></Row><Row ss:Height="17.3448"><Cell ss:Index="1024" ss:StyleID="ce1"/></Row><Row ss:Height="17.3448"><Cell ss:Index="1024" ss:StyleID="ce1"/></Row><Row ss:Height="17.3448"><Cell ss:Index="1024" ss:StyleID="ce1"/></Row><Row ss:Height="17.3448"><Cell ss:Index="1024" ss:StyleID="ce1"/></Row><Row ss:Height="17.3448"><Cell ss:Index="1024" ss:StyleID="ce1"/></Row><Row ss:Height="17.3448"><Cell ss:Index="1024" ss:StyleID="ce1"/></Row><Row ss:Height="17.3448"><Cell ss:Index="1024" ss:StyleID="ce1"/></Row><Row ss:Height="17.3448"><Cell ss:Index="1024" ss:StyleID="ce1"/></Row><Row ss:Height="17.3448"><Cell ss:Index="1024" ss:StyleID="ce1"/></Row><Row ss:Height="17.3448"><Cell ss:Index="1024" ss:StyleID="ce1"/></Row><Row ss:Height="17.3448"><Cell ss:Index="1024" ss:StyleID="ce1"/></Row><Row ss:Height="17.3448"><Cell ss:Index="1024" ss:StyleID="ce1"/></Row><Row ss:Height="17.3448"><Cell ss:Index="1024" ss:StyleID="ce1"/></Row><Row ss:Height="17.3448"><Cell ss:Index="1024" ss:StyleID="ce1"/></Row><Row ss:Height="17.3448"><Cell ss:Index="1024" ss:StyleID="ce1"/></Row><Row ss:Height="17.3448"><Cell ss:Index="1024" ss:StyleID="ce1"/></Row><Row ss:Height="17.3448"><Cell ss:Index="1024" ss:StyleID="ce1"/></Row><Row ss:Height="17.3448"><Cell ss:Index="1024" ss:StyleID="ce1"/></Row><Row ss:Height="17.3448"><Cell ss:Index="1024" ss:StyleID="ce1"/></Row><Row ss:Height="17.3448"><Cell ss:Index="1024" ss:StyleID="ce1"/></Row><Row ss:Height="17.3448"><Cell ss:Index="1024" ss:StyleID="ce1"/></Row><Row ss:Height="17.3448"><Cell ss:Index="1024" ss:StyleID="ce1"/></Row><Row ss:Height="17.3448"><Cell ss:Index="1024" ss:StyleID="ce1"/></Row><Row ss:Height="17.3448"><Cell ss:Index="1024" ss:StyleID="ce1"/></Row><Row ss:Height="17.3448"><Cell ss:Index="1024" ss:StyleID="ce1"/></Row><Row ss:Height="17.3448"><Cell ss:Index="1024" ss:StyleID="ce1"/></Row><Row ss:Height="17.3448"><Cell ss:Index="1024" ss:StyleID="ce1"/></Row><Row ss:Height="17.3448"><Cell ss:Index="1024" ss:StyleID="ce1"/></Row><Row ss:Height="17.3448"><Cell ss:Index="1024" ss:StyleID="ce1"/></Row><Row ss:Height="17.3448"><Cell ss:Index="1024" ss:StyleID="ce1"/></Row><Row ss:Height="17.3448"><Cell ss:Index="1024" ss:StyleID="ce1"/></Row><Row ss:Height="17.3448"><Cell ss:Index="1024" ss:StyleID="ce1"/></Row><Row ss:Height="17.3448"><Cell ss:Index="1024" ss:StyleID="ce1"/></Row><Row ss:Height="17.3448"><Cell ss:Index="1024" ss:StyleID="ce1"/></Row><Row ss:Height="17.3448"><Cell ss:Index="1024" ss:StyleID="ce1"/></Row><Row ss:Height="17.3448"><Cell ss:Index="1024" ss:StyleID="ce1"/></Row><Row ss:Height="17.3448"><Cell ss:Index="1024" ss:StyleID="ce1"/></Row><Row ss:Height="17.3448"><Cell ss:Index="1024" ss:StyleID="ce1"/></Row><Row ss:Height="17.3448"><Cell ss:Index="1024" ss:StyleID="ce1"/></Row><Row ss:Height="17.3448"><Cell ss:Index="1024" ss:StyleID="ce1"/></Row><Row ss:Height="17.3448"><Cell ss:Index="1024" ss:StyleID="ce1"/></Row><Row ss:Height="17.3448"><Cell ss:Index="1024" ss:StyleID="ce1"/></Row><Row ss:Height="17.3448"><Cell ss:Index="1024" ss:StyleID="ce1"/></Row><Row ss:Height="17.3448"><Cell ss:Index="1024" ss:StyleID="ce1"/></Row><Row ss:Height="17.3448"><Cell ss:Index="1024" ss:StyleID="ce1"/></Row><Row ss:Height="17.3448"><Cell ss:Index="1024" ss:StyleID="ce1"/></Row><Row ss:Height="17.3448"><Cell ss:Index="1024" ss:StyleID="ce1"/></Row><Row ss:Height="17.3448"><Cell ss:Index="1024" ss:StyleID="ce1"/></Row><Row ss:Height="17.3448"><Cell ss:Index="1024" ss:StyleID="ce1"/></Row><Row ss:Height="17.3448"><Cell ss:Index="1024" ss:StyleID="ce1"/></Row><Row ss:Height="17.3448"><Cell ss:Index="1024" ss:StyleID="ce1"/></Row><Row ss:Height="17.3448"><Cell ss:Index="1024" ss:StyleID="ce1"/></Row><Row ss:Height="17.3448"><Cell ss:Index="1024" ss:StyleID="ce1"/></Row><Row ss:Height="17.3448"><Cell ss:Index="1024" ss:StyleID="ce1"/></Row><Row ss:Height="17.3448"><Cell ss:Index="1024" ss:StyleID="ce1"/></Row><Row ss:Height="17.3448"><Cell ss:Index="1024" ss:StyleID="ce1"/></Row><Row ss:Height="17.3448"><Cell ss:Index="1024" ss:StyleID="ce1"/></Row><Row ss:Height="17.3448"><Cell ss:Index="1024" ss:StyleID="ce1"/></Row><Row ss:Height="17.3448"><Cell ss:Index="1024" ss:StyleID="ce1"/></Row><Row ss:Height="17.3448"><Cell ss:Index="1024" ss:StyleID="ce1"/></Row><Row ss:Height="17.3448"><Cell ss:Index="1024" ss:StyleID="ce1"/></Row><Row ss:Height="17.3448"><Cell ss:Index="1024" ss:StyleID="ce1"/></Row><Row ss:Height="17.3448"><Cell ss:Index="1024" ss:StyleID="ce1"/></Row><Row ss:Height="17.3448"><Cell ss:Index="1024" ss:StyleID="ce1"/></Row><Row ss:Height="17.3448"><Cell ss:Index="1024" ss:StyleID="ce1"/></Row><Row ss:Height="17.3448"><Cell ss:Index="1024" ss:StyleID="ce1"/></Row><Row ss:Height="17.3448"><Cell ss:Index="1024" ss:StyleID="ce1"/></Row><Row ss:Height="17.3448"><Cell ss:Index="1024" ss:StyleID="ce1"/></Row><Row ss:Height="17.3448"><Cell ss:Index="1024" ss:StyleID="ce1"/></Row><Row ss:Height="17.3448"><Cell ss:Index="1024" ss:StyleID="ce1"/></Row><Row ss:Height="17.3448"><Cell ss:Index="1024" ss:StyleID="ce1"/></Row><Row ss:Height="17.3448"><Cell ss:Index="1024" ss:StyleID="ce1"/></Row><Row ss:Height="17.3448"><Cell ss:Index="1024" ss:StyleID="ce1"/></Row><Row ss:Height="17.3448"><Cell ss:Index="1024" ss:StyleID="ce1"/></Row><Row ss:Height="17.3448"><Cell ss:Index="1024" ss:StyleID="ce1"/></Row><Row ss:Height="17.3448"><Cell ss:Index="1024" ss:StyleID="ce1"/></Row><Row ss:Height="17.3448"><Cell ss:Index="1024" ss:StyleID="ce1"/></Row><Row ss:Height="17.3448"><Cell ss:Index="1024" ss:StyleID="ce1"/></Row><Row ss:Height="17.3448"><Cell ss:Index="1024" ss:StyleID="ce1"/></Row><Row ss:Height="17.3448"><Cell ss:Index="1024" ss:StyleID="ce1"/></Row><Row ss:Height="17.3448"><Cell ss:Index="1024" ss:StyleID="ce1"/></Row><Row ss:Height="17.3448"><Cell ss:Index="1024" ss:StyleID="ce1"/></Row><Row ss:Height="17.3448"><Cell ss:Index="1024" ss:StyleID="ce1"/></Row><Row ss:Height="17.3448"><Cell ss:Index="1024" ss:StyleID="ce1"/></Row><Row ss:Height="17.3448"><Cell ss:Index="1024" ss:StyleID="ce1"/></Row><Row ss:Height="17.3448"><Cell ss:Index="1024" ss:StyleID="ce1"/></Row><Row ss:Height="17.3448"><Cell ss:Index="1024" ss:StyleID="ce1"/></Row><Row ss:Height="17.3448"><Cell ss:Index="1024" ss:StyleID="ce1"/></Row><Row ss:Height="17.3448"><Cell ss:Index="1024" ss:StyleID="ce1"/></Row><Row ss:Height="17.3448"><Cell ss:Index="1024" ss:StyleID="ce1"/></Row><Row ss:Height="17.3448"><Cell ss:Index="1024" ss:StyleID="ce1"/></Row><Row ss:Height="17.3448"><Cell ss:Index="1024" ss:StyleID="ce1"/></Row><Row ss:Height="17.3448"><Cell ss:Index="1024" ss:StyleID="ce1"/></Row><Row ss:Height="17.3448"><Cell ss:Index="1024" ss:StyleID="ce1"/></Row><Row ss:Height="17.3448"><Cell ss:Index="1024" ss:StyleID="ce1"/></Row><Row ss:Height="17.3448"><Cell ss:Index="1024" ss:StyleID="ce1"/></Row><Row ss:Height="17.3448"><Cell ss:Index="1024" ss:StyleID="ce1"/></Row><Row ss:Height="17.3448"><Cell ss:Index="1024" ss:StyleID="ce1"/></Row><Row ss:Height="17.3448"><Cell ss:Index="1024" ss:StyleID="ce1"/></Row><Row ss:Height="17.3448"><Cell ss:Index="1024" ss:StyleID="ce1"/></Row><Row ss:Height="17.3448"><Cell ss:Index="1024" ss:StyleID="ce1"/></Row><Row ss:Height="17.3448"><Cell ss:Index="1024" ss:StyleID="ce1"/></Row><Row ss:Height="17.3448"><Cell ss:Index="1024" ss:StyleID="ce1"/></Row><Row ss:Height="17.3448"><Cell ss:Index="1024" ss:StyleID="ce1"/></Row><Row ss:Height="17.3448"><Cell ss:Index="1024" ss:StyleID="ce1"/></Row><Row ss:Height="17.3448"><Cell ss:Index="1024" ss:StyleID="ce1"/></Row><Row ss:Height="17.3448"><Cell ss:Index="1024" ss:StyleID="ce1"/></Row><Row ss:Height="17.3448"><Cell ss:Index="1024" ss:StyleID="ce1"/></Row><Row ss:Height="17.3448"><Cell ss:Index="1024" ss:StyleID="ce1"/></Row><Row ss:Height="17.3448"><Cell ss:Index="1024" ss:StyleID="ce1"/></Row><Row ss:Height="17.3448"><Cell ss:Index="1024" ss:StyleID="ce1"/></Row><Row ss:Height="17.3448"><Cell ss:Index="1024" ss:StyleID="ce1"/></Row><Row ss:Height="17.3448"><Cell ss:Index="1024" ss:StyleID="ce1"/></Row><Row ss:Height="17.3448"><Cell ss:Index="1024" ss:StyleID="ce1"/></Row><Row ss:Height="17.3448"><Cell ss:Index="1024" ss:StyleID="ce1"/></Row><Row ss:Height="17.3448"><Cell ss:Index="1024" ss:StyleID="ce1"/></Row><Row ss:Height="17.3448"><Cell ss:Index="1024" ss:StyleID="ce1"/></Row><Row ss:Height="17.3448"><Cell ss:Index="1024" ss:StyleID="ce1"/></Row><Row ss:Height="17.3448"><Cell ss:Index="1024" ss:StyleID="ce1"/></Row><Row ss:Height="17.3448"><Cell ss:Index="1024" ss:StyleID="ce1"/></Row><Row ss:Height="17.3448"><Cell ss:Index="1024" ss:StyleID="ce1"/></Row><Row ss:Height="17.3448"><Cell ss:Index="1024" ss:StyleID="ce1"/></Row><Row ss:Height="17.3448"><Cell ss:Index="1024" ss:StyleID="ce1"/></Row><Row ss:Height="17.3448"><Cell ss:Index="1024" ss:StyleID="ce1"/></Row><Row ss:Height="17.3448"><Cell ss:Index="1024" ss:StyleID="ce1"/></Row><Row ss:Height="17.3448"><Cell ss:Index="1024" ss:StyleID="ce1"/></Row><Row ss:Height="17.3448"><Cell ss:Index="1024" ss:StyleID="ce1"/></Row><Row ss:Height="17.3448"><Cell ss:Index="1024" ss:StyleID="ce1"/></Row><Row ss:Height="17.3448"><Cell ss:Index="1024" ss:StyleID="ce1"/></Row><Row ss:Height="17.3448"><Cell ss:Index="1024" ss:StyleID="ce1"/></Row><Row ss:Height="17.3448"><Cell ss:Index="1024" ss:StyleID="ce1"/></Row><Row ss:Height="17.3448"><Cell ss:Index="1024" ss:StyleID="ce1"/></Row><Row ss:Height="17.3448"><Cell ss:Index="1024" ss:StyleID="ce1"/></Row><Row ss:Height="17.3448"><Cell ss:Index="1024" ss:StyleID="ce1"/></Row><Row ss:Height="17.3448"><Cell ss:Index="1024" ss:StyleID="ce1"/></Row><Row ss:Height="17.3448"><Cell ss:Index="1024" ss:StyleID="ce1"/></Row><Row ss:Height="17.3448"><Cell ss:Index="1024" ss:StyleID="ce1"/></Row><Row ss:Height="17.3448"><Cell ss:Index="1024" ss:StyleID="ce1"/></Row><Row ss:Height="17.3448"><Cell ss:Index="1024" ss:StyleID="ce1"/></Row><Row ss:Height="17.3448"><Cell ss:Index="1024" ss:StyleID="ce1"/></Row><Row ss:Height="17.3448"><Cell ss:Index="1024" ss:StyleID="ce1"/></Row><Row ss:Height="17.3448"><Cell ss:Index="1024" ss:StyleID="ce1"/></Row><Row ss:Height="17.3448"><Cell ss:Index="1024" ss:StyleID="ce1"/></Row><Row ss:Height="17.3448"><Cell ss:Index="1024" ss:StyleID="ce1"/></Row><Row ss:Height="17.3448"><Cell ss:Index="1024" ss:StyleID="ce1"/></Row><Row ss:Height="17.3448"><Cell ss:Index="1024" ss:StyleID="ce1"/></Row><Row ss:Height="17.3448"><Cell ss:Index="1024" ss:StyleID="ce1"/></Row><Row ss:Height="17.3448"><Cell ss:Index="1024" ss:StyleID="ce1"/></Row><Row ss:Height="17.3448"><Cell ss:Index="1024" ss:StyleID="ce1"/></Row><Row ss:Height="17.3448"><Cell ss:Index="1024" ss:StyleID="ce1"/></Row><Row ss:Height="17.3448"><Cell ss:Index="1024" ss:StyleID="ce1"/></Row><Row ss:Height="17.3448"><Cell ss:Index="1024" ss:StyleID="ce1"/></Row><Row ss:Height="17.3448"><Cell ss:Index="1024" ss:StyleID="ce1"/></Row><Row ss:Height="17.3448"><Cell ss:Index="1024" ss:StyleID="ce1"/></Row><Row ss:Height="17.3448"><Cell ss:Index="1024" ss:StyleID="ce1"/></Row><Row ss:Height="17.3448"><Cell ss:Index="1024" ss:StyleID="ce1"/></Row><Row ss:Height="17.3448"><Cell ss:Index="1024" ss:StyleID="ce1"/></Row><Row ss:Height="17.3448"><Cell ss:Index="1024" ss:StyleID="ce1"/></Row><Row ss:Height="17.3448"><Cell ss:Index="1024" ss:StyleID="ce1"/></Row><Row ss:Height="17.3448"><Cell ss:Index="1024" ss:StyleID="ce1"/></Row><Row ss:Height="17.3448"><Cell ss:Index="1024" ss:StyleID="ce1"/></Row><Row ss:Height="17.3448"><Cell ss:Index="1024" ss:StyleID="ce1"/></Row><Row ss:Height="17.3448"><Cell ss:Index="1024" ss:StyleID="ce1"/></Row><Row ss:Height="17.3448"><Cell ss:Index="1024" ss:StyleID="ce1"/></Row><Row ss:Height="17.3448"><Cell ss:Index="1024" ss:StyleID="ce1"/></Row><Row ss:Height="17.3448"><Cell ss:Index="1024" ss:StyleID="ce1"/></Row><Row ss:Height="17.3448"><Cell ss:Index="1024" ss:StyleID="ce1"/></Row><Row ss:Height="17.3448"><Cell ss:Index="1024" ss:StyleID="ce1"/></Row><Row ss:Height="17.3448"><Cell ss:Index="1024" ss:StyleID="ce1"/></Row><Row ss:Height="17.3448"><Cell ss:Index="1024" ss:StyleID="ce1"/></Row><Row ss:Height="17.3448"><Cell ss:Index="1024" ss:StyleID="ce1"/></Row><Row ss:Height="17.3448"><Cell ss:Index="1024" ss:StyleID="ce1"/></Row><Row ss:Height="17.3448"><Cell ss:Index="1024" ss:StyleID="ce1"/></Row><Row ss:Height="17.3448"><Cell ss:Index="1024" ss:StyleID="ce1"/></Row><Row ss:Height="17.3448"><Cell ss:Index="1024" ss:StyleID="ce1"/></Row><Row ss:Height="17.3448"><Cell ss:Index="1024" ss:StyleID="ce1"/></Row><Row ss:Height="17.3448"><Cell ss:Index="1024" ss:StyleID="ce1"/></Row><Row ss:Height="17.3448"><Cell ss:Index="1024" ss:StyleID="ce1"/></Row><Row ss:Height="17.3448"><Cell ss:Index="1024" ss:StyleID="ce1"/></Row><Row ss:Height="17.3448"><Cell ss:Index="1024" ss:StyleID="ce1"/></Row><Row ss:Height="17.3448"><Cell ss:Index="1024" ss:StyleID="ce1"/></Row><Row ss:Height="17.3448"><Cell ss:Index="1024" ss:StyleID="ce1"/></Row><Row ss:Height="17.3448"><Cell ss:Index="1024" ss:StyleID="ce1"/></Row><Row ss:Height="17.3448"><Cell ss:Index="1024" ss:StyleID="ce1"/></Row><Row ss:Height="17.3448"><Cell ss:Index="1024" ss:StyleID="ce1"/></Row><Row ss:Height="17.3448"><Cell ss:Index="1024" ss:StyleID="ce1"/></Row><Row ss:Height="17.3448"><Cell ss:Index="1024" ss:StyleID="ce1"/></Row><Row ss:Height="17.3448"><Cell ss:Index="1024" ss:StyleID="ce1"/></Row><Row ss:Height="17.3448"><Cell ss:Index="1024" ss:StyleID="ce1"/></Row><Row ss:Height="17.3448"><Cell ss:Index="1024" ss:StyleID="ce1"/></Row><Row ss:Height="17.3448"><Cell ss:Index="1024" ss:StyleID="ce1"/></Row><Row ss:Height="17.3448"><Cell ss:Index="1024" ss:StyleID="ce1"/></Row><Row ss:Height="17.3448"><Cell ss:Index="1024" ss:StyleID="ce1"/></Row><Row ss:Height="17.3448"><Cell ss:Index="1024" ss:StyleID="ce1"/></Row><Row ss:Height="17.3448"><Cell ss:Index="1024" ss:StyleID="ce1"/></Row><Row ss:Height="17.3448"><Cell ss:Index="1024" ss:StyleID="ce1"/></Row><Row ss:Height="17.3448"><Cell ss:Index="1024" ss:StyleID="ce1"/></Row><Row ss:Height="17.3448"><Cell ss:Index="1024" ss:StyleID="ce1"/></Row><Row ss:Height="17.3448"><Cell ss:Index="1024" ss:StyleID="ce1"/></Row><Row ss:Height="17.3448"><Cell ss:Index="1024" ss:StyleID="ce1"/></Row><Row ss:Height="17.3448"><Cell ss:Index="1024" ss:StyleID="ce1"/></Row><Row ss:Height="17.3448"><Cell ss:Index="1024" ss:StyleID="ce1"/></Row><Row ss:Height="17.3448"><Cell ss:Index="1024" ss:StyleID="ce1"/></Row><Row ss:Height="17.3448"><Cell ss:Index="1024" ss:StyleID="ce1"/></Row><Row ss:Height="17.3448"><Cell ss:Index="1024" ss:StyleID="ce1"/></Row><Row ss:Height="17.3448"><Cell ss:Index="1024" ss:StyleID="ce1"/></Row><Row ss:Height="17.3448"><Cell ss:Index="1024" ss:StyleID="ce1"/></Row><Row ss:Height="17.3448"><Cell ss:Index="1024" ss:StyleID="ce1"/></Row><Row ss:Height="17.3448"><Cell ss:Index="1024" ss:StyleID="ce1"/></Row><Row ss:Height="17.3448"><Cell ss:Index="1024" ss:StyleID="ce1"/></Row><Row ss:Height="17.3448"><Cell ss:Index="1024" ss:StyleID="ce1"/></Row><Row ss:Height="17.3448"><Cell ss:Index="1024" ss:StyleID="ce1"/></Row><Row ss:Height="17.3448"><Cell ss:Index="1024" ss:StyleID="ce1"/></Row><Row ss:Height="17.3448"><Cell ss:Index="1024" ss:StyleID="ce1"/></Row><Row ss:Height="17.3448"><Cell ss:Index="1024" ss:StyleID="ce1"/></Row><Row ss:Height="17.3448"><Cell ss:Index="1024" ss:StyleID="ce1"/></Row><Row ss:Height="17.3448"><Cell ss:Index="1024" ss:StyleID="ce1"/></Row><Row ss:Height="17.3448"><Cell ss:Index="1024" ss:StyleID="ce1"/></Row><Row ss:Height="17.3448"><Cell ss:Index="1024" ss:StyleID="ce1"/></Row><Row ss:Height="17.3448"><Cell ss:Index="1024" ss:StyleID="ce1"/></Row><Row ss:Height="17.3448"><Cell ss:Index="1024" ss:StyleID="ce1"/></Row><Row ss:Height="17.3448"><Cell ss:Index="1024" ss:StyleID="ce1"/></Row><Row ss:Height="17.3448"><Cell ss:Index="1024" ss:StyleID="ce1"/></Row><Row ss:Height="17.3448"><Cell ss:Index="1024" ss:StyleID="ce1"/></Row><Row ss:Index="1048576" ss:Height="17.3448"><Cell ss:Index="1024" ss:StyleID="ce1"/></Row></Table><x:WorksheetOptions/></ss:Worksheet></Workbook>